Starting NMTRAN
  
 WARNINGS AND ERRORS (IF ANY) FOR PROBLEM    1
             
 (WARNING  2) NM-TRAN INFERS THAT THE DATA ARE POPULATION.
Building NONMEM Executable
Starting nonmem execution ...
License Registered to: University of Minnesota
Expiration Date:    14 APR 2022
Current Date:       30 SEP 2021
Days until program expires : 199


 First Order Conditional Estimation with Interaction
 MONITORING OF SEARCH:


0ITERATION NO.:    0    OBJECTIVE VALUE:  -2477.86966602956        NO. OF FUNC. EVALS.:   9
 CUMULATIVE NO. OF FUNC. EVALS.:        9
 NPARAMETR:  1.0000E+00  1.0000E+00  1.0000E+00  1.0000E+00  1.0000E+00  1.0000E+00  1.0000E+00
 PARAMETER:  1.0000E-01  1.0000E-01  1.0000E-01  1.0000E-01  1.0000E-01  1.0000E-01  1.0000E-01
 GRADIENT:   4.8780E+02  2.6970E+02 -1.7487E+03  6.0295E+01  1.2657E+02 -1.7128E+03 -1.3496E+03

0ITERATION NO.:    5    OBJECTIVE VALUE:  -3526.38541089802        NO. OF FUNC. EVALS.:  51
 CUMULATIVE NO. OF FUNC. EVALS.:       60
 NPARAMETR:  9.3004E-01  1.0410E+00  2.1222E+00  9.4076E-01  6.0947E-01  1.8052E+00  1.4398E+00
 PARAMETER:  2.7474E-02  1.4016E-01  8.5248E-01  3.8937E-02 -3.9517E-01  6.9068E-01  4.6450E-01
 GRADIENT:   3.7724E+01  1.5620E+02  2.8718E+01  1.1247E+00  6.8114E+00  2.1719E+01  6.5873E+01

0ITERATION NO.:   10    OBJECTIVE VALUE:  -3540.49560238386        NO. OF FUNC. EVALS.: 120
 CUMULATIVE NO. OF FUNC. EVALS.:      180
 NPARAMETR:  1.0020E+00  1.0586E+00  2.3687E+00  9.6537E-01  6.3843E-01  1.7287E+00  1.4047E+00
 PARAMETER:  1.0198E-01  1.5696E-01  9.6233E-01  6.4752E-02 -3.4874E-01  6.4737E-01  4.3986E-01
 GRADIENT:  -4.3905E+00  5.2785E+00 -9.7495E+00 -4.9214E+00 -1.0795E+00 -8.7608E+00 -1.9617E+00

0ITERATION NO.:   15    OBJECTIVE VALUE:  -3540.70797952488        NO. OF FUNC. EVALS.: 106
 CUMULATIVE NO. OF FUNC. EVALS.:      286
 NPARAMETR:  1.0042E+00  1.0577E+00  2.4046E+00  9.7837E-01  6.4008E-01  1.7744E+00  1.4055E+00
 PARAMETER:  1.0419E-01  1.5611E-01  9.7737E-01  7.8132E-02 -3.4617E-01  6.7344E-01  4.4042E-01
 GRADIENT:   8.5939E-01 -1.2172E-01  7.1964E-02  3.7371E-01 -1.6654E-01 -8.2131E-03  3.9113E-01
 Elapsed estimation  time in seconds:     1.84
 Elapsed postprocess time in seconds:     0.00
 Elapsed finaloutput time in seconds:     0.01
Done with nonmem execution
Starting NMTRAN
  
 WARNINGS AND ERRORS (IF ANY) FOR PROBLEM    1
             
 (WARNING  2) NM-TRAN INFERS THAT THE DATA ARE POPULATION.
Building NONMEM Executable
Starting nonmem execution ...
License Registered to: University of Minnesota
Expiration Date:    14 APR 2022
Current Date:       30 SEP 2021
Days until program expires : 199


 First Order Conditional Estimation with Interaction
 MONITORING OF SEARCH:


0ITERATION NO.:    0    OBJECTIVE VALUE:  -2590.25145078658        NO. OF FUNC. EVALS.:   9
 CUMULATIVE NO. OF FUNC. EVALS.:        9
 NPARAMETR:  1.0000E+00  1.0000E+00  1.0000E+00  1.0000E+00  1.0000E+00  1.0000E+00  1.0000E+00
 PARAMETER:  1.0000E-01  1.0000E-01  1.0000E-01  1.0000E-01  1.0000E-01  1.0000E-01  1.0000E-01
 GRADIENT:   4.9104E+02  2.0919E+02 -1.7706E+03  3.9799E+01  1.3357E+02 -1.6862E+03 -1.1119E+03

0ITERATION NO.:    5    OBJECTIVE VALUE:  -3594.95821326622        NO. OF FUNC. EVALS.:  51
 CUMULATIVE NO. OF FUNC. EVALS.:       60
 NPARAMETR:  9.6680E-01  1.1127E+00  2.2819E+00  1.0105E+00  5.7296E-01  1.7491E+00  1.2266E+00
 PARAMETER:  6.6238E-02  2.0682E-01  9.2501E-01  1.1042E-01 -4.5695E-01  6.5912E-01  3.0423E-01
 GRADIENT:   2.5328E+02  6.9842E+02  1.0779E+02  3.5702E+01  1.7446E+01  2.6702E+01 -2.0340E+02

0ITERATION NO.:   10    OBJECTIVE VALUE:  -3609.24063986314        NO. OF FUNC. EVALS.: 124
 CUMULATIVE NO. OF FUNC. EVALS.:      184
 NPARAMETR:  9.8451E-01  1.0728E+00  2.3926E+00  9.9976E-01  5.8865E-01  1.6474E+00  1.3253E+00
 PARAMETER:  8.4394E-02  1.7025E-01  9.7240E-01  9.9757E-02 -4.2992E-01  5.9920E-01  3.8163E-01
 GRADIENT:   1.0604E+01  9.8413E-01 -1.1815E+01  1.1400E+00  1.7020E+00 -1.0938E+01 -8.9523E+00

0ITERATION NO.:   15    OBJECTIVE VALUE:  -3609.54342116878        NO. OF FUNC. EVALS.: 106
 CUMULATIVE NO. OF FUNC. EVALS.:      290
 NPARAMETR:  9.7977E-01  1.0728E+00  2.4331E+00  9.9680E-01  5.8603E-01  1.7058E+00  1.3291E+00
 PARAMETER:  7.9565E-02  1.7025E-01  9.8917E-01  9.6791E-02 -4.3439E-01  6.3406E-01  3.8449E-01
 GRADIENT:  -1.9614E-01  9.2713E-02 -5.4285E-02 -3.0310E-03 -2.3847E-02  1.5714E-02 -3.1179E-02
 Elapsed estimation  time in seconds:     1.86
 Elapsed postprocess time in seconds:     0.00
 Elapsed finaloutput time in seconds:     0.00
Done with nonmem execution
Starting NMTRAN
  
 WARNINGS AND ERRORS (IF ANY) FOR PROBLEM    1
             
 (WARNING  2) NM-TRAN INFERS THAT THE DATA ARE POPULATION.
Building NONMEM Executable
Starting nonmem execution ...
License Registered to: University of Minnesota
Expiration Date:    14 APR 2022
Current Date:       30 SEP 2021
Days until program expires : 199


 First Order Conditional Estimation with Interaction
 MONITORING OF SEARCH:


0ITERATION NO.:    0    OBJECTIVE VALUE:  -2767.67457716545        NO. OF FUNC. EVALS.:   9
 CUMULATIVE NO. OF FUNC. EVALS.:        9
 NPARAMETR:  1.0000E+00  1.0000E+00  1.0000E+00  1.0000E+00  1.0000E+00  1.0000E+00  1.0000E+00
 PARAMETER:  1.0000E-01  1.0000E-01  1.0000E-01  1.0000E-01  1.0000E-01  1.0000E-01  1.0000E-01
 GRADIENT:   4.5775E+02  2.0872E+02 -1.6730E+03  8.1062E+01  1.1605E+02 -1.5420E+03 -1.0365E+03

0ITERATION NO.:    5    OBJECTIVE VALUE:  -3673.88857455315        NO. OF FUNC. EVALS.:  51
 CUMULATIVE NO. OF FUNC. EVALS.:       60
 NPARAMETR:  1.0403E+00  1.0825E+00  2.1080E+00  9.6807E-01  6.1515E-01  1.8159E+00  1.3063E+00
 PARAMETER:  1.3947E-01  1.7927E-01  8.4572E-01  6.7553E-02 -3.8589E-01  6.9656E-01  3.6720E-01
 GRADIENT:   4.3897E+02  3.3533E+02  7.2838E+01  2.6751E+01  1.0810E+01  3.8043E+01 -4.0658E+00

0ITERATION NO.:   10    OBJECTIVE VALUE:  -3679.61384949664        NO. OF FUNC. EVALS.: 106
 CUMULATIVE NO. OF FUNC. EVALS.:      166
 NPARAMETR:  1.0256E+00  1.0938E+00  2.2937E+00  1.0075E+00  6.6680E-01  1.6701E+00  1.3139E+00
 PARAMETER:  1.2525E-01  1.8969E-01  9.3017E-01  1.0743E-01 -3.0527E-01  6.1289E-01  3.7298E-01
 GRADIENT:   7.1881E+00 -3.1829E-01 -6.2997E+00 -8.9087E-01  9.5263E-01 -4.4433E+00  2.0979E+00

0ITERATION NO.:   15    OBJECTIVE VALUE:  -3679.67357631960        NO. OF FUNC. EVALS.: 114
 CUMULATIVE NO. OF FUNC. EVALS.:      280
 NPARAMETR:  1.0231E+00  1.0936E+00  2.3092E+00  1.0104E+00  6.6567E-01  1.6952E+00  1.3123E+00
 PARAMETER:  1.2279E-01  1.8951E-01  9.3690E-01  1.1037E-01 -3.0695E-01  6.2778E-01  3.7176E-01
 GRADIENT:   1.8087E+00 -1.3831E+00 -1.6497E+00  2.7923E-01  2.5250E-01  2.3922E-01 -3.4744E-02

0ITERATION NO.:   16    OBJECTIVE VALUE:  -3679.67357631960        NO. OF FUNC. EVALS.:  14
 CUMULATIVE NO. OF FUNC. EVALS.:      294
 NPARAMETR:  1.0231E+00  1.0936E+00  2.3092E+00  1.0104E+00  6.6567E-01  1.6952E+00  1.3123E+00
 PARAMETER:  1.2279E-01  1.8951E-01  9.3690E-01  1.1037E-01 -3.0695E-01  6.2778E-01  3.7176E-01
 GRADIENT:   1.8087E+00 -1.3831E+00 -1.6497E+00  2.7923E-01  2.5250E-01  2.3922E-01 -3.4744E-02
 Elapsed estimation  time in seconds:     1.88
 Elapsed postprocess time in seconds:     0.00
 Elapsed finaloutput time in seconds:     0.00
Done with nonmem execution
Starting NMTRAN
  
 WARNINGS AND ERRORS (IF ANY) FOR PROBLEM    1
             
 (WARNING  2) NM-TRAN INFERS THAT THE DATA ARE POPULATION.
Building NONMEM Executable
Starting nonmem execution ...
License Registered to: University of Minnesota
Expiration Date:    14 APR 2022
Current Date:       30 SEP 2021
Days until program expires : 199


 First Order Conditional Estimation with Interaction
 MONITORING OF SEARCH:


0ITERATION NO.:    0    OBJECTIVE VALUE:  -2431.94551620700        NO. OF FUNC. EVALS.:   9
 CUMULATIVE NO. OF FUNC. EVALS.:        9
 NPARAMETR:  1.0000E+00  1.0000E+00  1.0000E+00  1.0000E+00  1.0000E+00  1.0000E+00  1.0000E+00
 PARAMETER:  1.0000E-01  1.0000E-01  1.0000E-01  1.0000E-01  1.0000E-01  1.0000E-01  1.0000E-01
 GRADIENT:   5.3716E+02  2.7152E+02 -1.5081E+03  3.5608E+01  1.1925E+02 -1.4110E+03 -1.7100E+03

0ITERATION NO.:    5    OBJECTIVE VALUE:  -3398.97585537647        NO. OF FUNC. EVALS.:  52
 CUMULATIVE NO. OF FUNC. EVALS.:       61
 NPARAMETR:  9.4248E-01  1.0241E+00  1.8371E+00  1.0232E+00  5.9400E-01  2.0809E+00  1.5747E+00
 PARAMETER:  4.0762E-02  1.2377E-01  7.0816E-01  1.2294E-01 -4.2088E-01  8.3282E-01  5.5408E-01
 GRADIENT:   1.0681E+02 -1.3305E+01  1.3598E+01  1.7657E+01 -3.2675E+01  4.7237E+01  1.0330E+02

0ITERATION NO.:   10    OBJECTIVE VALUE:  -3401.48058889995        NO. OF FUNC. EVALS.:  66
 CUMULATIVE NO. OF FUNC. EVALS.:      127
 NPARAMETR:  9.1456E-01  1.0269E+00  1.9473E+00  1.0263E+00  5.9115E-01  1.8859E+00  1.5667E+00
 PARAMETER:  1.0683E-02  1.2651E-01  7.6644E-01  1.2593E-01 -4.2569E-01  7.3438E-01  5.4897E-01
 GRADIENT:  -1.4527E+02 -1.8042E+02 -5.2224E+01 -2.6331E+01 -6.2853E+01  4.1681E+00  7.9715E+01

0ITERATION NO.:   15    OBJECTIVE VALUE:  -3417.36808695127        NO. OF FUNC. EVALS.: 116
 CUMULATIVE NO. OF FUNC. EVALS.:      243
 NPARAMETR:  9.8040E-01  1.0589E+00  2.1340E+00  1.0693E+00  6.7978E-01  1.8597E+00  1.5131E+00
 PARAMETER:  8.0210E-02  1.5725E-01  8.5801E-01  1.6696E-01 -2.8598E-01  7.2044E-01  5.1418E-01
 GRADIENT:   3.1018E-01  4.2106E-01 -4.2278E-01 -1.4629E-02  7.4800E-02 -4.9538E-01 -1.7361E-01

0ITERATION NO.:   16    OBJECTIVE VALUE:  -3417.36808695127        NO. OF FUNC. EVALS.:  14
 CUMULATIVE NO. OF FUNC. EVALS.:      257
 NPARAMETR:  9.8040E-01  1.0589E+00  2.1340E+00  1.0693E+00  6.7978E-01  1.8597E+00  1.5131E+00
 PARAMETER:  8.0210E-02  1.5725E-01  8.5801E-01  1.6696E-01 -2.8598E-01  7.2044E-01  5.1418E-01
 GRADIENT:   3.1018E-01  4.2106E-01 -4.2278E-01 -1.4629E-02  7.4800E-02 -4.9538E-01 -1.7361E-01
 Elapsed estimation  time in seconds:     1.60
 Elapsed postprocess time in seconds:     0.00
 Elapsed finaloutput time in seconds:     0.00
Done with nonmem execution
Starting NMTRAN
  
 WARNINGS AND ERRORS (IF ANY) FOR PROBLEM    1
             
 (WARNING  2) NM-TRAN INFERS THAT THE DATA ARE POPULATION.
Building NONMEM Executable
Starting nonmem execution ...
License Registered to: University of Minnesota
Expiration Date:    14 APR 2022
Current Date:       30 SEP 2021
Days until program expires : 199


 First Order Conditional Estimation with Interaction
 MONITORING OF SEARCH:


0ITERATION NO.:    0    OBJECTIVE VALUE:  -2689.15419921156        NO. OF FUNC. EVALS.:   9
 CUMULATIVE NO. OF FUNC. EVALS.:        9
 NPARAMETR:  1.0000E+00  1.0000E+00  1.0000E+00  1.0000E+00  1.0000E+00  1.0000E+00  1.0000E+00
 PARAMETER:  1.0000E-01  1.0000E-01  1.0000E-01  1.0000E-01  1.0000E-01  1.0000E-01  1.0000E-01
 GRADIENT:   5.4597E+02  2.0167E+02 -1.6981E+03  3.8239E+01  1.1133E+02 -1.5553E+03 -9.7153E+02

0ITERATION NO.:    5    OBJECTIVE VALUE:  -3581.74764801670        NO. OF FUNC. EVALS.:  50
 CUMULATIVE NO. OF FUNC. EVALS.:       59
 NPARAMETR:  9.3814E-01  1.0421E+00  2.0866E+00  9.2187E-01  5.7402E-01  1.5935E+00  1.3073E+00
 PARAMETER:  3.6147E-02  1.4119E-01  8.3552E-01  1.8645E-02 -4.5509E-01  5.6593E-01  3.6799E-01
 GRADIENT:   2.1688E+02  9.5751E+01  3.9331E+01  6.8702E+00 -4.8263E+01  1.0342E+00  2.6570E+01

0ITERATION NO.:   10    OBJECTIVE VALUE:  -3595.45145594328        NO. OF FUNC. EVALS.: 122
 CUMULATIVE NO. OF FUNC. EVALS.:      181
 NPARAMETR:  9.4758E-01  1.0594E+00  2.2955E+00  9.6859E-01  6.6547E-01  1.6122E+00  1.3144E+00
 PARAMETER:  4.6156E-02  1.5768E-01  9.3094E-01  6.8090E-02 -3.0726E-01  5.7761E-01  3.7336E-01
 GRADIENT:   8.3117E+00 -5.0158E+01 -1.3709E+01  7.3124E+00 -1.3708E+01 -5.3356E+00  3.7325E+01

0ITERATION NO.:   13    OBJECTIVE VALUE:  -3596.47205299495        NO. OF FUNC. EVALS.:  60
 CUMULATIVE NO. OF FUNC. EVALS.:      241
 NPARAMETR:  9.4400E-01  1.0699E+00  2.3384E+00  9.5095E-01  6.8878E-01  1.6447E+00  1.2926E+00
 PARAMETER:  4.2372E-02  1.6755E-01  9.4949E-01  4.9701E-02 -2.7284E-01  5.9754E-01  3.5667E-01
 GRADIENT:  -3.9320E-01 -1.7758E+00 -8.2125E-02  7.1925E-02 -4.5514E-02  4.6620E-02 -7.0815E-01
 Elapsed estimation  time in seconds:     1.52
 Elapsed postprocess time in seconds:     0.00
 Elapsed finaloutput time in seconds:     0.00
Done with nonmem execution
Starting NMTRAN
  
 WARNINGS AND ERRORS (IF ANY) FOR PROBLEM    1
             
 (WARNING  2) NM-TRAN INFERS THAT THE DATA ARE POPULATION.
Building NONMEM Executable
Starting nonmem execution ...
License Registered to: University of Minnesota
Expiration Date:    14 APR 2022
Current Date:       30 SEP 2021
Days until program expires : 199


 First Order Conditional Estimation with Interaction
 MONITORING OF SEARCH:


0ITERATION NO.:    0    OBJECTIVE VALUE:  -2795.03243801370        NO. OF FUNC. EVALS.:   9
 CUMULATIVE NO. OF FUNC. EVALS.:        9
 NPARAMETR:  1.0000E+00  1.0000E+00  1.0000E+00  1.0000E+00  1.0000E+00  1.0000E+00  1.0000E+00
 PARAMETER:  1.0000E-01  1.0000E-01  1.0000E-01  1.0000E-01  1.0000E-01  1.0000E-01  1.0000E-01
 GRADIENT:   4.7361E+02  2.2369E+02 -1.4361E+03  6.0756E+01  1.1252E+02 -1.2484E+03 -1.2349E+03

0ITERATION NO.:    5    OBJECTIVE VALUE:  -3575.44435782584        NO. OF FUNC. EVALS.:  94
 CUMULATIVE NO. OF FUNC. EVALS.:      103
 NPARAMETR:  1.0335E+00  1.0767E+00  2.2777E+00  9.9146E-01  7.1019E-01  1.7375E+00  1.3949E+00
 PARAMETER:  1.3296E-01  1.7395E-01  9.2317E-01  9.1427E-02 -2.4222E-01  6.5243E-01  4.3283E-01
 GRADIENT:   7.0774E+01  5.5155E+00  7.2368E+01  2.0112E+00  1.4974E+01 -4.2035E+00  1.2816E+01

0ITERATION NO.:   10    OBJECTIVE VALUE:  -3580.80317789023        NO. OF FUNC. EVALS.: 122
 CUMULATIVE NO. OF FUNC. EVALS.:      225
 NPARAMETR:  1.0064E+00  1.0758E+00  2.0520E+00  9.8086E-01  6.7823E-01  1.7032E+00  1.3866E+00
 PARAMETER:  1.0640E-01  1.7306E-01  8.1882E-01  8.0675E-02 -2.8828E-01  6.3252E-01  4.2683E-01
 GRADIENT:   1.1323E+01  6.9787E+00  1.4486E-01  3.0007E-02 -1.8195E+00 -1.3636E+00 -2.6153E+00

0ITERATION NO.:   15    OBJECTIVE VALUE:  -3580.84394484347        NO. OF FUNC. EVALS.: 110
 CUMULATIVE NO. OF FUNC. EVALS.:      335
 NPARAMETR:  1.0019E+00  1.0740E+00  2.0480E+00  9.8037E-01  6.8167E-01  1.7111E+00  1.3878E+00
 PARAMETER:  1.0190E-01  1.7139E-01  8.1686E-01  8.0176E-02 -2.8321E-01  6.3715E-01  4.2775E-01
 GRADIENT:   9.7988E-01 -7.5218E-01 -1.2850E+00 -1.2179E-01  9.1836E-02  2.7589E-01 -1.1032E-02
 Elapsed estimation  time in seconds:     2.23
 Elapsed postprocess time in seconds:     0.00
 Elapsed finaloutput time in seconds:     0.00
Done with nonmem execution
Starting NMTRAN
  
 WARNINGS AND ERRORS (IF ANY) FOR PROBLEM    1
             
 (WARNING  2) NM-TRAN INFERS THAT THE DATA ARE POPULATION.
Building NONMEM Executable
Starting nonmem execution ...
License Registered to: University of Minnesota
Expiration Date:    14 APR 2022
Current Date:       30 SEP 2021
Days until program expires : 199


 First Order Conditional Estimation with Interaction
 MONITORING OF SEARCH:


0ITERATION NO.:    0    OBJECTIVE VALUE:  -2622.27987099044        NO. OF FUNC. EVALS.:   9
 CUMULATIVE NO. OF FUNC. EVALS.:        9
 NPARAMETR:  1.0000E+00  1.0000E+00  1.0000E+00  1.0000E+00  1.0000E+00  1.0000E+00  1.0000E+00
 PARAMETER:  1.0000E-01  1.0000E-01  1.0000E-01  1.0000E-01  1.0000E-01  1.0000E-01  1.0000E-01
 GRADIENT:   5.6005E+02  3.2929E+02 -1.5144E+03  3.1286E+01  1.3350E+02 -1.4149E+03 -1.3192E+03

0ITERATION NO.:    5    OBJECTIVE VALUE:  -3507.18112023257        NO. OF FUNC. EVALS.:  51
 CUMULATIVE NO. OF FUNC. EVALS.:       60
 NPARAMETR:  9.4547E-01  1.0352E+00  2.1101E+00  1.0643E+00  6.8921E-01  2.2536E+00  1.3667E+00
 PARAMETER:  4.3930E-02  1.3463E-01  8.4673E-01  1.6229E-01 -2.7221E-01  9.1255E-01  4.1239E-01
 GRADIENT:   1.9183E+02  2.5617E+02  1.2527E+02  5.8794E+01  5.5708E+01  8.6954E+01 -4.2262E+01

0ITERATION NO.:   10    OBJECTIVE VALUE:  -3515.21498319230        NO. OF FUNC. EVALS.:  96
 CUMULATIVE NO. OF FUNC. EVALS.:      156
 NPARAMETR:  9.8752E-01  1.0403E+00  2.2226E+00  1.1132E+00  6.2128E-01  1.9924E+00  1.4071E+00
 PARAMETER:  8.7441E-02  1.3952E-01  8.9867E-01  2.0722E-01 -3.7597E-01  7.8932E-01  4.4150E-01
 GRADIENT:   5.9303E+00 -2.2426E+00  1.7194E+01  1.7225E+00 -3.0283E+00  1.6792E+01  1.5560E+01

0ITERATION NO.:   15    OBJECTIVE VALUE:  -3516.11786079432        NO. OF FUNC. EVALS.: 114
 CUMULATIVE NO. OF FUNC. EVALS.:      270
 NPARAMETR:  9.8473E-01  1.0403E+00  2.1419E+00  1.1101E+00  6.2658E-01  1.8822E+00  1.3993E+00
 PARAMETER:  8.4609E-02  1.3949E-01  8.6171E-01  2.0445E-01 -3.6748E-01  7.3242E-01  4.3596E-01
 GRADIENT:   1.1387E+00 -6.9357E-01 -1.3577E+00  6.7823E-01  2.3520E-01  3.7995E-01 -3.6562E-02

0ITERATION NO.:   16    OBJECTIVE VALUE:  -3516.11786079432        NO. OF FUNC. EVALS.:  14
 CUMULATIVE NO. OF FUNC. EVALS.:      284
 NPARAMETR:  9.8473E-01  1.0403E+00  2.1419E+00  1.1101E+00  6.2658E-01  1.8822E+00  1.3993E+00
 PARAMETER:  8.4609E-02  1.3949E-01  8.6171E-01  2.0445E-01 -3.6748E-01  7.3242E-01  4.3596E-01
 GRADIENT:   1.1387E+00 -6.9357E-01 -1.3577E+00  6.7823E-01  2.3520E-01  3.7995E-01 -3.6562E-02
 Elapsed estimation  time in seconds:     1.88
 Elapsed postprocess time in seconds:     0.00
 Elapsed finaloutput time in seconds:     0.01
Done with nonmem execution
Starting NMTRAN
  
 WARNINGS AND ERRORS (IF ANY) FOR PROBLEM    1
             
 (WARNING  2) NM-TRAN INFERS THAT THE DATA ARE POPULATION.
Building NONMEM Executable
Starting nonmem execution ...
License Registered to: University of Minnesota
Expiration Date:    14 APR 2022
Current Date:       30 SEP 2021
Days until program expires : 199


 First Order Conditional Estimation with Interaction
 MONITORING OF SEARCH:


0ITERATION NO.:    0    OBJECTIVE VALUE:  -2788.33819394865        NO. OF FUNC. EVALS.:   9
 CUMULATIVE NO. OF FUNC. EVALS.:        9
 NPARAMETR:  1.0000E+00  1.0000E+00  1.0000E+00  1.0000E+00  1.0000E+00  1.0000E+00  1.0000E+00
 PARAMETER:  1.0000E-01  1.0000E-01  1.0000E-01  1.0000E-01  1.0000E-01  1.0000E-01  1.0000E-01
 GRADIENT:   5.1613E+02  2.6625E+02 -1.5304E+03  4.4582E+01  1.1970E+02 -1.3056E+03 -1.1111E+03

0ITERATION NO.:    5    OBJECTIVE VALUE:  -3574.43961019883        NO. OF FUNC. EVALS.:  53
 CUMULATIVE NO. OF FUNC. EVALS.:       62
 NPARAMETR:  9.3080E-01  1.0493E+00  1.8394E+00  1.0007E+00  6.7660E-01  1.5503E+00  1.3767E+00
 PARAMETER:  2.8292E-02  1.4817E-01  7.0945E-01  1.0074E-01 -2.9068E-01  5.3846E-01  4.1966E-01
 GRADIENT:   1.1885E+02  2.5276E+02 -1.9873E+01  2.1948E+01  2.7483E+01 -6.6570E+00  4.9974E+01

0ITERATION NO.:   10    OBJECTIVE VALUE:  -3587.93335757039        NO. OF FUNC. EVALS.: 109
 CUMULATIVE NO. OF FUNC. EVALS.:      171
 NPARAMETR:  9.8155E-01  1.0577E+00  2.1386E+00  9.8868E-01  6.8229E-01  1.5862E+00  1.3726E+00
 PARAMETER:  8.1375E-02  1.5608E-01  8.6015E-01  8.8618E-02 -2.8230E-01  5.6136E-01  4.1667E-01
 GRADIENT:  -1.0820E+01  3.0517E+00 -5.7211E-01 -8.0693E+00  4.9251E+00  2.3198E+00  3.7817E+01

0ITERATION NO.:   13    OBJECTIVE VALUE:  -3588.38322879395        NO. OF FUNC. EVALS.:  60
 CUMULATIVE NO. OF FUNC. EVALS.:      231
 NPARAMETR:  9.8571E-01  1.0565E+00  2.1380E+00  1.0087E+00  6.7519E-01  1.5777E+00  1.3502E+00
 PARAMETER:  8.5606E-02  1.5501E-01  8.5986E-01  1.0871E-01 -2.9276E-01  5.5598E-01  4.0023E-01
 GRADIENT:  -6.9759E-01 -1.2953E+00 -9.2183E-01 -1.9863E-03  8.4273E-01  1.4341E-02 -1.1624E+00
 Elapsed estimation  time in seconds:     1.44
 Elapsed postprocess time in seconds:     0.00
 Elapsed finaloutput time in seconds:     0.01
Done with nonmem execution
Starting NMTRAN
  
 WARNINGS AND ERRORS (IF ANY) FOR PROBLEM    1
             
 (WARNING  2) NM-TRAN INFERS THAT THE DATA ARE POPULATION.
Building NONMEM Executable
Starting nonmem execution ...
License Registered to: University of Minnesota
Expiration Date:    14 APR 2022
Current Date:       30 SEP 2021
Days until program expires : 199


 First Order Conditional Estimation with Interaction
 MONITORING OF SEARCH:


0ITERATION NO.:    0    OBJECTIVE VALUE:  -2614.35092433976        NO. OF FUNC. EVALS.:   9
 CUMULATIVE NO. OF FUNC. EVALS.:        9
 NPARAMETR:  1.0000E+00  1.0000E+00  1.0000E+00  1.0000E+00  1.0000E+00  1.0000E+00  1.0000E+00
 PARAMETER:  1.0000E-01  1.0000E-01  1.0000E-01  1.0000E-01  1.0000E-01  1.0000E-01  1.0000E-01
 GRADIENT:   5.4870E+02  1.8730E+02 -1.6285E+03  1.9205E+01  1.1331E+02 -1.5119E+03 -1.1454E+03

0ITERATION NO.:    5    OBJECTIVE VALUE:  -3516.24704862635        NO. OF FUNC. EVALS.:  93
 CUMULATIVE NO. OF FUNC. EVALS.:      102
 NPARAMETR:  9.4019E-01  1.0995E+00  2.4086E+00  1.0130E+00  7.2272E-01  1.7207E+00  1.2582E+00
 PARAMETER:  3.8326E-02  1.9487E-01  9.7905E-01  1.1287E-01 -2.2473E-01  6.4271E-01  3.2965E-01
 GRADIENT:   9.2770E+00  9.9100E+01  4.3528E+01  5.9261E+00  2.1952E+01 -7.4195E+00 -1.8452E+02

0ITERATION NO.:   10    OBJECTIVE VALUE:  -3526.30768637083        NO. OF FUNC. EVALS.: 119
 CUMULATIVE NO. OF FUNC. EVALS.:      221
 NPARAMETR:  9.3691E-01  1.0753E+00  2.2579E+00  9.9439E-01  6.7683E-01  1.7289E+00  1.3521E+00
 PARAMETER:  3.4832E-02  1.7256E-01  9.1445E-01  9.4379E-02 -2.9033E-01  6.4748E-01  4.0168E-01
 GRADIENT:   1.8002E-01  6.0682E+00 -1.0419E+00 -3.2892E-01  1.8277E+00  5.7171E-01  4.4890E-01

0ITERATION NO.:   12    OBJECTIVE VALUE:  -3526.31481359282        NO. OF FUNC. EVALS.:  37
 CUMULATIVE NO. OF FUNC. EVALS.:      258
 NPARAMETR:  9.3673E-01  1.0737E+00  2.2609E+00  9.9517E-01  6.7298E-01  1.7259E+00  1.3521E+00
 PARAMETER:  3.4645E-02  1.7106E-01  9.1576E-01  9.5159E-02 -2.9604E-01  6.4576E-01  4.0168E-01
 GRADIENT:  -2.2302E-01 -1.0334E+00 -1.8555E-02 -1.4792E-02 -3.0465E-01 -2.0201E-02  4.3072E-01
 Elapsed estimation  time in seconds:     1.65
 Elapsed postprocess time in seconds:     0.00
 Elapsed finaloutput time in seconds:     0.00
Done with nonmem execution
Starting NMTRAN
  
 WARNINGS AND ERRORS (IF ANY) FOR PROBLEM    1
             
 (WARNING  2) NM-TRAN INFERS THAT THE DATA ARE POPULATION.
Building NONMEM Executable
Starting nonmem execution ...
License Registered to: University of Minnesota
Expiration Date:    14 APR 2022
Current Date:       30 SEP 2021
Days until program expires : 199


 First Order Conditional Estimation with Interaction
 MONITORING OF SEARCH:


0ITERATION NO.:    0    OBJECTIVE VALUE:  -2550.58553405035        NO. OF FUNC. EVALS.:   9
 CUMULATIVE NO. OF FUNC. EVALS.:        9
 NPARAMETR:  1.0000E+00  1.0000E+00  1.0000E+00  1.0000E+00  1.0000E+00  1.0000E+00  1.0000E+00
 PARAMETER:  1.0000E-01  1.0000E-01  1.0000E-01  1.0000E-01  1.0000E-01  1.0000E-01  1.0000E-01
 GRADIENT:   5.1034E+02  2.5735E+02 -1.6568E+03  2.7468E+01  1.1841E+02 -1.5326E+03 -1.2967E+03

0ITERATION NO.:    5    OBJECTIVE VALUE:  -3506.06722084387        NO. OF FUNC. EVALS.:  54
 CUMULATIVE NO. OF FUNC. EVALS.:       63
 NPARAMETR:  9.9511E-01  1.0700E+00  2.1707E+00  1.0569E+00  6.5240E-01  1.9207E+00  1.3748E+00
 PARAMETER:  9.5103E-02  1.6762E-01  8.7503E-01  1.5531E-01 -3.2710E-01  7.5271E-01  4.1829E-01
 GRADIENT:   2.6325E+02  3.6920E+02  9.1512E+01  4.1901E+01  1.2971E+01  5.5519E+01 -2.2514E+01

0ITERATION NO.:   10    OBJECTIVE VALUE:  -3509.71957430372        NO. OF FUNC. EVALS.:  92
 CUMULATIVE NO. OF FUNC. EVALS.:      155
 NPARAMETR:  9.7967E-01  1.0566E+00  2.3228E+00  1.0649E+00  6.6825E-01  1.7267E+00  1.3970E+00
 PARAMETER:  7.9465E-02  1.5507E-01  9.4276E-01  1.6288E-01 -3.0309E-01  6.4621E-01  4.3431E-01
 GRADIENT:  -5.8997E+00 -3.4501E+00  8.8541E+00 -6.3990E+00  1.1927E+00  2.1275E+00  6.4503E+00

0ITERATION NO.:   15    OBJECTIVE VALUE:  -3509.88131400303        NO. OF FUNC. EVALS.: 108
 CUMULATIVE NO. OF FUNC. EVALS.:      263
 NPARAMETR:  9.8302E-01  1.0571E+00  2.2893E+00  1.0829E+00  6.6637E-01  1.7145E+00  1.3933E+00
 PARAMETER:  8.2877E-02  1.5557E-01  9.2823E-01  1.7968E-01 -3.0590E-01  6.3910E-01  4.3166E-01
 GRADIENT:   8.8997E-01 -4.9180E-01 -1.2506E+00  3.8380E-01  1.1782E-01  3.0969E-01 -4.2387E-01
 Elapsed estimation  time in seconds:     1.72
 Elapsed postprocess time in seconds:     0.00
 Elapsed finaloutput time in seconds:     0.00
Done with nonmem execution
