Starting NMTRAN
  
 WARNINGS AND ERRORS (IF ANY) FOR PROBLEM    1
             
 (WARNING  2) NM-TRAN INFERS THAT THE DATA ARE POPULATION.
Building NONMEM Executable
Starting nonmem execution ...
License Registered to: University of Minnesota
Expiration Date:    14 APR 2022
Current Date:       30 SEP 2021
Days until program expires : 199


 First Order Conditional Estimation with Interaction
 MONITORING OF SEARCH:


0ITERATION NO.:    0    OBJECTIVE VALUE:  -2189.49043776422        NO. OF FUNC. EVALS.:  13
 CUMULATIVE NO. OF FUNC. EVALS.:       13
 NPARAMETR:  1.0000E+00  1.0000E+00  1.0000E+00  1.0000E+00  1.0000E+00  1.0000E+00  1.0000E+00  1.0000E+00  1.0000E+00  1.0000E+00
             1.0000E+00
 PARAMETER:  1.0000E-01  1.0000E-01  1.0000E-01  1.0000E-01  1.0000E-01  1.0000E-01  1.0000E-01  1.0000E-01  1.0000E-01  1.0000E-01
             1.0000E-01
 GRADIENT:   4.3504E+02  1.3360E+02  1.4460E+02  9.9526E+01  6.7148E+01  5.3414E+01 -7.5162E+01 -1.6939E+02 -5.9846E+01 -1.3401E+01
            -3.0053E+03

0ITERATION NO.:    5    OBJECTIVE VALUE:  -3051.39770075123        NO. OF FUNC. EVALS.:  72
 CUMULATIVE NO. OF FUNC. EVALS.:       85
 NPARAMETR:  1.0356E+00  1.0771E+00  9.0909E-01  9.9229E-01  1.0236E+00  9.5123E-01  1.0662E+00  1.0227E+00  9.7307E-01  1.0105E+00
             1.9893E+00
 PARAMETER:  1.3500E-01  1.7423E-01  4.6898E-03  9.2255E-02  1.2330E-01  5.0006E-02  1.6412E-01  1.2241E-01  7.2702E-02  1.1043E-01
             7.8776E-01
 GRADIENT:   2.0397E+02  5.0138E+01 -1.2575E+01  4.8020E+01  2.7033E+00 -1.3513E+00  5.1410E+00  1.7700E+00 -3.2448E+00 -3.3011E+00
            -3.7445E+01

0ITERATION NO.:   10    OBJECTIVE VALUE:  -3054.86150195612        NO. OF FUNC. EVALS.: 178
 CUMULATIVE NO. OF FUNC. EVALS.:      263
 NPARAMETR:  1.0423E+00  1.3722E+00  1.2357E+00  8.6736E-01  1.3318E+00  1.0035E+00  8.2419E-01  9.6758E-01  1.1195E+00  1.2802E+00
             2.0376E+00
 PARAMETER:  1.4140E-01  4.1640E-01  3.1160E-01 -4.2306E-02  3.8650E-01  1.0346E-01 -9.3359E-02  6.7043E-02  2.1286E-01  3.4705E-01
             8.1176E-01
 GRADIENT:   5.6877E+01  6.1615E+01  2.1709E+01  7.4843E+01 -2.6159E+01  7.6357E+00 -2.5379E+00 -4.1541E+00  1.6804E+00  4.6813E+00
            -2.5421E+01

0ITERATION NO.:   15    OBJECTIVE VALUE:  -3061.28274248418        NO. OF FUNC. EVALS.: 178
 CUMULATIVE NO. OF FUNC. EVALS.:      441
 NPARAMETR:  1.0112E+00  1.4954E+00  1.2646E+00  7.6067E-01  1.4945E+00  9.8338E-01  7.5743E-01  1.5515E+00  1.1884E+00  1.3302E+00
             2.0446E+00
 PARAMETER:  1.1118E-01  5.0238E-01  3.3472E-01 -1.7355E-01  5.0178E-01  8.3241E-02 -1.7783E-01  5.3923E-01  2.7262E-01  3.8534E-01
             8.1522E-01
 GRADIENT:  -9.4813E+00  1.7811E+01  6.4648E+00  3.6971E+01  6.5244E+00  1.3766E+00 -1.9063E+00 -2.6656E+00  1.0486E+00  2.3635E+00
             4.2411E+00

0ITERATION NO.:   20    OBJECTIVE VALUE:  -3065.34864417065        NO. OF FUNC. EVALS.: 175
 CUMULATIVE NO. OF FUNC. EVALS.:      616
 NPARAMETR:  1.0216E+00  1.8759E+00  9.9911E-01  5.0093E-01  1.7615E+00  9.8117E-01  6.7674E-01  2.1956E+00  1.5300E+00  1.4843E+00
             2.0340E+00
 PARAMETER:  1.2133E-01  7.2910E-01  9.9107E-02 -5.9129E-01  6.6614E-01  8.0992E-02 -2.9046E-01  8.8644E-01  5.2529E-01  4.9495E-01
             8.1001E-01
 GRADIENT:   1.3583E+01  2.1295E+01  4.7756E-01  1.1175E+01 -2.6426E+00  2.6597E-01 -1.0863E+00  3.7192E-01  7.9949E-01  2.7917E+00
             1.8110E+00

0ITERATION NO.:   25    OBJECTIVE VALUE:  -3065.79913154715        NO. OF FUNC. EVALS.: 177
 CUMULATIVE NO. OF FUNC. EVALS.:      793
 NPARAMETR:  1.0108E+00  2.0922E+00  6.6056E-01  3.5303E-01  1.8799E+00  9.8437E-01  6.5584E-01  1.8845E+00  1.8816E+00  1.5521E+00
             2.0367E+00
 PARAMETER:  1.1079E-01  8.3820E-01 -3.1467E-01 -9.4120E-01  7.3120E-01  8.4245E-02 -3.2183E-01  7.3368E-01  7.3210E-01  5.3958E-01
             8.1133E-01
 GRADIENT:  -1.0347E+01  2.4597E+01  7.6661E-01  5.7455E+00 -6.9491E+00  1.3199E+00 -4.2670E-01  1.6516E+00  5.0234E-03  9.9492E-01
            -5.0192E+00

0ITERATION NO.:   30    OBJECTIVE VALUE:  -3065.85577824533        NO. OF FUNC. EVALS.: 175
 CUMULATIVE NO. OF FUNC. EVALS.:      968
 NPARAMETR:  1.0130E+00  2.1864E+00  5.4971E-01  3.0298E-01  1.9468E+00  9.8213E-01  6.4925E-01  1.6711E+00  2.0761E+00  1.5948E+00
             2.0442E+00
 PARAMETER:  1.1292E-01  8.8224E-01 -4.9837E-01 -1.0941E+00  7.6620E-01  8.1971E-02 -3.3193E-01  6.1351E-01  8.3051E-01  5.6678E-01
             8.1499E-01
 GRADIENT:  -5.9835E+00  5.1578E+01 -3.0700E+00  1.4442E+01 -3.7562E+00  3.6084E-01  7.7257E-01  3.4791E+00 -1.6251E+00  3.0347E+00
            -2.8511E+00

0ITERATION NO.:   35    OBJECTIVE VALUE:  -3066.44461702709        NO. OF FUNC. EVALS.: 179
 CUMULATIVE NO. OF FUNC. EVALS.:     1147
 NPARAMETR:  1.0185E+00  2.2657E+00  3.7398E-01  2.3760E-01  2.0265E+00  9.7650E-01  6.4018E-01  1.1715E+00  2.3777E+00  1.6255E+00
             2.0484E+00
 PARAMETER:  1.1835E-01  9.1789E-01 -8.8355E-01 -1.3372E+00  8.0631E-01  7.6224E-02 -3.4601E-01  2.5827E-01  9.6612E-01  5.8579E-01
             8.1706E-01
 GRADIENT:   6.3018E+00  1.9051E+01 -6.9847E+00  1.1491E+01  7.8368E+00 -1.9137E+00 -7.3898E-01  1.4827E+00 -1.8847E+00  2.2240E+00
             3.8574E+00

0ITERATION NO.:   40    OBJECTIVE VALUE:  -3067.56678348974        NO. OF FUNC. EVALS.: 176
 CUMULATIVE NO. OF FUNC. EVALS.:     1323
 NPARAMETR:  1.0159E+00  2.3312E+00  3.4691E-01  1.7533E-01  2.0862E+00  9.8128E-01  6.2978E-01  8.6267E-01  2.9291E+00  1.6366E+00
             2.0445E+00
 PARAMETER:  1.1575E-01  9.4640E-01 -9.5869E-01 -1.6411E+00  8.3536E-01  8.1101E-02 -3.6238E-01 -4.7728E-02  1.1747E+00  5.9262E-01
             8.1514E-01
 GRADIENT:   1.1638E+00 -5.4830E+00 -5.3112E-01  4.4787E-02  9.1533E-01  7.8800E-02  6.2972E-01  6.1414E-01  9.1182E-01  3.6128E-01
             6.5596E-01

0ITERATION NO.:   45    OBJECTIVE VALUE:  -3067.85390002513        NO. OF FUNC. EVALS.: 182
 CUMULATIVE NO. OF FUNC. EVALS.:     1505
 NPARAMETR:  1.0155E+00  2.3262E+00  3.6276E-01  1.7786E-01  2.0830E+00  9.8106E-01  6.2704E-01  2.0914E-01  2.9123E+00  1.6318E+00
             2.0475E+00
 PARAMETER:  1.1535E-01  9.4424E-01 -9.1402E-01 -1.6268E+00  8.3379E-01  8.0879E-02 -3.6674E-01 -1.4648E+00  1.1689E+00  5.8970E-01
             8.1662E-01
 GRADIENT:   3.0126E-01 -3.4830E+00 -1.3226E-01 -6.1193E-01  5.9027E-01  4.4553E-02  3.0257E-02  2.9941E-02  1.9046E-01  4.8461E-02
             1.1365E+00

0ITERATION NO.:   50    OBJECTIVE VALUE:  -3067.93360954712        NO. OF FUNC. EVALS.: 176
 CUMULATIVE NO. OF FUNC. EVALS.:     1681
 NPARAMETR:  1.0153E+00  2.3137E+00  3.7714E-01  1.8780E-01  2.0694E+00  9.8090E-01  6.2749E-01  3.3479E-02  2.8277E+00  1.6249E+00
             2.0466E+00
 PARAMETER:  1.1516E-01  9.3885E-01 -8.7515E-01 -1.5724E+00  8.2725E-01  8.0717E-02 -3.6603E-01 -3.2968E+00  1.1395E+00  5.8543E-01
             8.1618E-01
 GRADIENT:  -1.6582E-01  5.1443E-01 -3.2899E-02  9.5331E-03  7.9553E-02 -1.9925E-02 -3.0481E-01  8.8734E-04 -1.5618E-01 -1.6447E-01
            -3.8428E-01

0ITERATION NO.:   55    OBJECTIVE VALUE:  -3067.95553738117        NO. OF FUNC. EVALS.: 185
 CUMULATIVE NO. OF FUNC. EVALS.:     1866
 NPARAMETR:  1.0155E+00  2.3072E+00  3.8234E-01  1.9089E-01  2.0629E+00  9.8095E-01  6.2918E-01  1.0000E-02  2.8214E+00  1.6249E+00
             2.0464E+00
 PARAMETER:  1.1542E-01  9.3603E-01 -8.6146E-01 -1.5560E+00  8.2412E-01  8.0771E-02 -3.6334E-01 -5.2391E+00  1.1372E+00  5.8547E-01
             8.1610E-01
 GRADIENT:  -3.8087E-01 -2.3094E+00 -1.0064E-02  1.8681E-01 -1.1873E+00 -8.9714E-02  1.4038E-01  0.0000E+00  7.6765E-01  1.9160E-01
            -3.6417E-01

0ITERATION NO.:   56    OBJECTIVE VALUE:  -3067.95553738117        NO. OF FUNC. EVALS.:  22
 CUMULATIVE NO. OF FUNC. EVALS.:     1888
 NPARAMETR:  1.0155E+00  2.3072E+00  3.8234E-01  1.9089E-01  2.0629E+00  9.8095E-01  6.2918E-01  1.0000E-02  2.8214E+00  1.6249E+00
             2.0464E+00
 PARAMETER:  1.1542E-01  9.3603E-01 -8.6146E-01 -1.5560E+00  8.2412E-01  8.0771E-02 -3.6334E-01 -5.2391E+00  1.1372E+00  5.8547E-01
             8.1610E-01
 GRADIENT:  -3.8087E-01 -2.3094E+00 -1.0064E-02  1.8681E-01 -1.1873E+00 -8.9714E-02  1.4038E-01  0.0000E+00  7.6765E-01  1.9160E-01
            -3.6417E-01
 Elapsed estimation  time in seconds:    31.74
 Elapsed postprocess time in seconds:     0.00
 Elapsed finaloutput time in seconds:     0.01
Done with nonmem execution
Starting NMTRAN
  
 WARNINGS AND ERRORS (IF ANY) FOR PROBLEM    1
             
 (WARNING  2) NM-TRAN INFERS THAT THE DATA ARE POPULATION.
Building NONMEM Executable
Starting nonmem execution ...
License Registered to: University of Minnesota
Expiration Date:    14 APR 2022
Current Date:       30 SEP 2021
Days until program expires : 199


 First Order Conditional Estimation with Interaction
 MONITORING OF SEARCH:


0ITERATION NO.:    0    OBJECTIVE VALUE:  -1983.75258169788        NO. OF FUNC. EVALS.:  13
 CUMULATIVE NO. OF FUNC. EVALS.:       13
 NPARAMETR:  1.0000E+00  1.0000E+00  1.0000E+00  1.0000E+00  1.0000E+00  1.0000E+00  1.0000E+00  1.0000E+00  1.0000E+00  1.0000E+00
             1.0000E+00
 PARAMETER:  1.0000E-01  1.0000E-01  1.0000E-01  1.0000E-01  1.0000E-01  1.0000E-01  1.0000E-01  1.0000E-01  1.0000E-01  1.0000E-01
             1.0000E-01
 GRADIENT:   4.6820E+02  9.5298E+01  6.2048E+01  8.1458E+01  4.4342E+01  3.7395E+01 -3.1360E+01 -1.3757E+02 -5.5167E+01 -1.9264E+01
            -3.4438E+03

0ITERATION NO.:    5    OBJECTIVE VALUE:  -3014.89921703762        NO. OF FUNC. EVALS.:  71
 CUMULATIVE NO. OF FUNC. EVALS.:       84
 NPARAMETR:  9.9161E-01  1.2886E+00  1.2794E+00  8.7572E-01  1.3202E+00  9.1050E-01  7.7120E-01  7.9227E-01  7.6671E-01  1.0498E+00
             2.0467E+00
 PARAMETER:  9.1575E-02  3.5353E-01  3.4636E-01 -3.2703E-02  3.7776E-01  6.2339E-03 -1.5981E-01 -1.3285E-01 -1.6564E-01  1.4856E-01
             8.1621E-01
 GRADIENT:   1.1141E+02  7.6663E+01  5.8438E+00  1.4853E+01  4.2978E+01 -2.1924E+01 -3.9022E+00 -3.2439E+00 -4.4352E+01 -4.5173E+01
            -8.0394E+01

0ITERATION NO.:   10    OBJECTIVE VALUE:  -3024.36406997432        NO. OF FUNC. EVALS.:  73
 CUMULATIVE NO. OF FUNC. EVALS.:      157
 NPARAMETR:  9.8443E-01  1.2844E+00  1.1295E+00  8.8659E-01  1.2896E+00  9.5144E-01  4.6480E-01  2.3638E-01  1.1799E+00  1.1762E+00
             2.0743E+00
 PARAMETER:  8.4304E-02  3.5032E-01  2.2182E-01 -2.0368E-02  3.5436E-01  5.0221E-02 -6.6615E-01 -1.3423E+00  2.6546E-01  2.6229E-01
             8.2963E-01
 GRADIENT:   9.1638E+01  5.0600E+01 -1.0255E+00  5.5089E+01  6.1062E+01 -3.5221E+00 -1.5740E+00 -2.7056E-01  2.1974E+01 -3.2019E+01
            -3.3262E+01

0ITERATION NO.:   15    OBJECTIVE VALUE:  -3035.49621968875        NO. OF FUNC. EVALS.: 179
 CUMULATIVE NO. OF FUNC. EVALS.:      336
 NPARAMETR:  9.8470E-01  1.6356E+00  1.2205E+00  6.5871E-01  1.5912E+00  9.8110E-01  5.3350E-01  7.8649E-01  1.2326E+00  1.4748E+00
             2.1129E+00
 PARAMETER:  8.4583E-02  5.9200E-01  2.9923E-01 -3.1747E-01  5.6449E-01  8.0923E-02 -5.2830E-01 -1.4018E-01  3.0913E-01  4.8853E-01
             8.4807E-01
 GRADIENT:  -8.2255E+00  1.9190E+01  3.7518E+00  1.1014E+01 -1.6575E+00 -6.7347E-01 -1.4099E+00 -2.4793E+00 -1.0382E+01  7.5709E+00
             1.6614E+01

0ITERATION NO.:   20    OBJECTIVE VALUE:  -3038.48109197505        NO. OF FUNC. EVALS.: 175
 CUMULATIVE NO. OF FUNC. EVALS.:      511
 NPARAMETR:  9.8754E-01  1.7531E+00  1.4305E+00  5.7007E-01  1.7517E+00  9.8259E-01  5.2664E-01  2.0230E+00  1.4245E+00  1.4785E+00
             2.0764E+00
 PARAMETER:  8.7462E-02  6.6138E-01  4.5801E-01 -4.6199E-01  6.6059E-01  8.2436E-02 -5.4124E-01  8.0460E-01  4.5383E-01  4.9102E-01
             8.3063E-01
 GRADIENT:  -6.1986E-02 -1.7495E+01 -2.4014E+00 -5.1159E+00  2.8895E+00 -5.0250E-01  1.7123E-01  7.3679E-01  4.1563E-01 -1.1734E+00
            -2.3720E-01

0ITERATION NO.:   25    OBJECTIVE VALUE:  -3039.10423039837        NO. OF FUNC. EVALS.: 177
 CUMULATIVE NO. OF FUNC. EVALS.:      688
 NPARAMETR:  9.8830E-01  1.8032E+00  1.8952E+00  5.4640E-01  1.8632E+00  9.8165E-01  5.9056E-01  2.9305E+00  1.3440E+00  1.5125E+00
             2.0742E+00
 PARAMETER:  8.8236E-02  6.8955E-01  7.3935E-01 -5.0440E-01  7.2228E-01  8.1481E-02 -4.2668E-01  1.1752E+00  3.9563E-01  5.1377E-01
             8.2960E-01
 GRADIENT:   1.5392E+00 -8.2794E+00 -8.7843E-01 -9.8301E+00 -4.1151E-01 -1.0833E+00  1.4941E+00  9.8068E-02  3.5831E-01 -1.2501E-01
             4.9851E+00

0ITERATION NO.:   30    OBJECTIVE VALUE:  -3041.01919243003        NO. OF FUNC. EVALS.: 176
 CUMULATIVE NO. OF FUNC. EVALS.:      864
 NPARAMETR:  9.8800E-01  1.4445E+00  2.9892E+00  8.1123E-01  1.7085E+00  9.8521E-01  6.0245E-01  3.0765E+00  1.0589E+00  1.3833E+00
             2.0628E+00
 PARAMETER:  8.7928E-02  4.6775E-01  1.1950E+00 -1.0921E-01  6.3559E-01  8.5103E-02 -4.0674E-01  1.2238E+00  1.5721E-01  4.2447E-01
             8.2406E-01
 GRADIENT:   1.2785E+00  2.7281E+01  2.0202E+00  1.9529E+01 -6.2918E+00  3.1694E-01 -6.3985E-01 -2.1436E+00  2.0385E+00  2.3939E-01
             6.6665E+00

0ITERATION NO.:   35    OBJECTIVE VALUE:  -3041.36407979021        NO. OF FUNC. EVALS.: 175
 CUMULATIVE NO. OF FUNC. EVALS.:     1039
 NPARAMETR:  9.8720E-01  1.3646E+00  3.1655E+00  8.5498E-01  1.6879E+00  9.8348E-01  7.0163E-01  3.1997E+00  9.3494E-01  1.3466E+00
             2.0514E+00
 PARAMETER:  8.7118E-02  4.1084E-01  1.2523E+00 -5.6682E-02  6.2350E-01  8.3346E-02 -2.5434E-01  1.2631E+00  3.2723E-02  3.9760E-01
             8.1854E-01
 GRADIENT:   2.0224E-01 -9.2576E-01 -4.9779E-02 -6.7528E-01  4.1609E-01 -2.6119E-01 -9.0433E-02  6.5143E-02 -2.6293E-01 -9.0775E-03
            -8.4257E-01

0ITERATION NO.:   37    OBJECTIVE VALUE:  -3041.36490501365        NO. OF FUNC. EVALS.:  59
 CUMULATIVE NO. OF FUNC. EVALS.:     1098
 NPARAMETR:  9.8714E-01  1.3713E+00  3.1444E+00  8.5050E-01  1.6897E+00  9.8407E-01  6.9349E-01  3.1915E+00  9.4490E-01  1.3497E+00
             2.0524E+00
 PARAMETER:  8.7057E-02  4.1577E-01  1.2456E+00 -6.1929E-02  6.2457E-01  8.3944E-02 -2.6602E-01  1.2605E+00  4.3326E-02  3.9987E-01
             8.1900E-01
 GRADIENT:  -3.4162E-01 -2.3933E-01 -1.4599E-02 -1.6966E-01  4.5519E-01 -5.8512E-02 -6.9479E-02 -6.6887E-02 -3.8546E-02 -1.3638E-02
            -7.6970E-02
 Elapsed estimation  time in seconds:    16.38
 Elapsed postprocess time in seconds:     0.00
 Elapsed finaloutput time in seconds:     0.00
Done with nonmem execution
Starting NMTRAN
  
 WARNINGS AND ERRORS (IF ANY) FOR PROBLEM    1
             
 (WARNING  2) NM-TRAN INFERS THAT THE DATA ARE POPULATION.
Building NONMEM Executable
Starting nonmem execution ...
License Registered to: University of Minnesota
Expiration Date:    14 APR 2022
Current Date:       30 SEP 2021
Days until program expires : 199


 First Order Conditional Estimation with Interaction
 MONITORING OF SEARCH:


0ITERATION NO.:    0    OBJECTIVE VALUE:  -1348.08593887119        NO. OF FUNC. EVALS.:  13
 CUMULATIVE NO. OF FUNC. EVALS.:       13
 NPARAMETR:  1.0000E+00  1.0000E+00  1.0000E+00  1.0000E+00  1.0000E+00  1.0000E+00  1.0000E+00  1.0000E+00  1.0000E+00  1.0000E+00
             1.0000E+00
 PARAMETER:  1.0000E-01  1.0000E-01  1.0000E-01  1.0000E-01  1.0000E-01  1.0000E-01  1.0000E-01  1.0000E-01  1.0000E-01  1.0000E-01
             1.0000E-01
 GRADIENT:   4.2730E+02  4.5366E+01  6.6983E+01  1.0071E+02  1.2124E+02  7.2597E+01 -8.4267E+01 -1.2016E+02 -7.6659E+01 -4.9030E+00
            -4.8292E+03

0ITERATION NO.:    5    OBJECTIVE VALUE:  -2878.19941113530        NO. OF FUNC. EVALS.: 117
 CUMULATIVE NO. OF FUNC. EVALS.:      130
 NPARAMETR:  1.1336E+00  1.1089E+00  9.8336E-01  1.0392E+00  9.9402E-01  1.0035E+00  1.0388E+00  9.9092E-01  1.0214E+00  9.9087E-01
             2.0411E+00
 PARAMETER:  2.2538E-01  2.0339E-01  8.3225E-02  1.3848E-01  9.3998E-02  1.0354E-01  1.3807E-01  9.0878E-02  1.2120E-01  9.0828E-02
             8.1348E-01
 GRADIENT:   2.1120E+02  3.1855E+01 -9.3638E-01  7.2855E+01 -1.4180E+01 -1.8916E+01 -8.4343E+00  1.1125E+00 -1.2106E+01 -2.5123E+00
            -4.1810E+02

0ITERATION NO.:   10    OBJECTIVE VALUE:  -2885.33520831024        NO. OF FUNC. EVALS.: 177
 CUMULATIVE NO. OF FUNC. EVALS.:      307
 NPARAMETR:  1.1202E+00  1.5013E+00  1.0324E+00  8.5221E-01  1.2420E+00  1.1124E+00  8.3125E-01  6.5163E-01  1.1247E+00  1.2734E+00
             2.0863E+00
 PARAMETER:  2.1353E-01  5.0630E-01  1.3188E-01 -5.9921E-02  3.1676E-01  2.0649E-01 -8.4819E-02 -3.2828E-01  2.1755E-01  3.4168E-01
             8.3537E-01
 GRADIENT:   1.4981E+02  1.3876E+02  1.6995E+01  9.6361E+01 -4.0011E+01  2.4253E+01 -1.4605E+01 -4.8900E+00 -1.4788E+01  7.1524E-01
            -3.7746E+02

0ITERATION NO.:   15    OBJECTIVE VALUE:  -2923.39614971844        NO. OF FUNC. EVALS.: 178
 CUMULATIVE NO. OF FUNC. EVALS.:      485
 NPARAMETR:  1.0390E+00  1.3564E+00  9.6665E-01  8.6387E-01  1.1774E+00  9.9347E-01  8.7255E-01  2.3621E-01  1.1382E+00  1.2037E+00
             2.4056E+00
 PARAMETER:  1.3822E-01  4.0486E-01  6.6077E-02 -4.6337E-02  2.6328E-01  9.3445E-02 -3.6337E-02 -1.3430E+00  2.2946E-01  2.8542E-01
             9.7781E-01
 GRADIENT:   1.1761E+01  1.1082E+01  3.0640E+00  1.3460E+01 -9.9692E+00 -2.4557E+00 -2.5406E+00 -3.5296E-01  1.7342E+00  2.6439E+00
             3.2904E+00

0ITERATION NO.:   20    OBJECTIVE VALUE:  -2925.24391373652        NO. OF FUNC. EVALS.: 175
 CUMULATIVE NO. OF FUNC. EVALS.:      660
 NPARAMETR:  1.0284E+00  1.6264E+00  9.9993E-01  6.9127E-01  1.4349E+00  1.0091E+00  8.0964E-01  1.1560E+00  1.2748E+00  1.3210E+00
             2.3705E+00
 PARAMETER:  1.2800E-01  5.8639E-01  9.9933E-02 -2.6923E-01  4.6109E-01  1.0905E-01 -1.1116E-01  2.4497E-01  3.4281E-01  3.7837E-01
             9.6311E-01
 GRADIENT:  -9.7825E+00 -2.1654E+00 -2.6958E+00  5.8030E+00  1.1440E+01  3.3074E+00 -3.4111E-01 -1.3659E-01  5.7233E-01 -1.0476E+00
            -1.1251E+01

0ITERATION NO.:   25    OBJECTIVE VALUE:  -2925.39424183322        NO. OF FUNC. EVALS.: 175
 CUMULATIVE NO. OF FUNC. EVALS.:      835
 NPARAMETR:  1.0329E+00  1.6205E+00  1.0114E+00  6.9225E-01  1.4166E+00  1.0001E+00  8.1213E-01  1.1741E+00  1.2694E+00  1.3189E+00
             2.3816E+00
 PARAMETER:  1.3241E-01  5.8273E-01  1.1133E-01 -2.6781E-01  4.4827E-01  1.0005E-01 -1.0810E-01  2.6047E-01  3.3855E-01  3.7684E-01
             9.6779E-01
 GRADIENT:  -5.5586E-01 -1.0467E-01  1.8647E-01 -4.6613E-01 -4.0297E-01  9.0468E-02  5.1418E-03 -1.0573E-02  2.6732E-01 -1.0219E-01
            -3.5127E-01

0ITERATION NO.:   30    OBJECTIVE VALUE:  -2925.39534792327        NO. OF FUNC. EVALS.: 178
 CUMULATIVE NO. OF FUNC. EVALS.:     1013
 NPARAMETR:  1.0334E+00  1.6200E+00  1.0101E+00  6.9284E-01  1.4165E+00  9.9991E-01  8.1256E-01  1.1736E+00  1.2664E+00  1.3198E+00
             2.3820E+00
 PARAMETER:  1.3285E-01  5.8243E-01  1.1007E-01 -2.6695E-01  4.4820E-01  9.9907E-02 -1.0756E-01  2.6008E-01  3.3619E-01  3.7750E-01
             9.6795E-01
 GRADIENT:   3.6850E-01 -4.4635E-02 -4.9393E-02 -1.0311E-01  4.8993E-02  3.7794E-02 -1.3922E-02  1.4766E-02  4.9615E-02  2.3558E-02
            -1.8152E-02

0ITERATION NO.:   31    OBJECTIVE VALUE:  -2925.39534792327        NO. OF FUNC. EVALS.:  22
 CUMULATIVE NO. OF FUNC. EVALS.:     1035
 NPARAMETR:  1.0334E+00  1.6200E+00  1.0101E+00  6.9284E-01  1.4165E+00  9.9991E-01  8.1256E-01  1.1736E+00  1.2664E+00  1.3198E+00
             2.3820E+00
 PARAMETER:  1.3285E-01  5.8243E-01  1.1007E-01 -2.6695E-01  4.4820E-01  9.9907E-02 -1.0756E-01  2.6008E-01  3.3619E-01  3.7750E-01
             9.6795E-01
 GRADIENT:   3.6850E-01 -4.4635E-02 -4.9393E-02 -1.0311E-01  4.8993E-02  3.7794E-02 -1.3922E-02  1.4766E-02  4.9615E-02  2.3558E-02
            -1.8152E-02
 Elapsed estimation  time in seconds:    15.70
 Elapsed postprocess time in seconds:     0.00
 Elapsed finaloutput time in seconds:     0.00
Done with nonmem execution
Starting NMTRAN
  
 WARNINGS AND ERRORS (IF ANY) FOR PROBLEM    1
             
 (WARNING  2) NM-TRAN INFERS THAT THE DATA ARE POPULATION.
Building NONMEM Executable
Starting nonmem execution ...
License Registered to: University of Minnesota
Expiration Date:    14 APR 2022
Current Date:       30 SEP 2021
Days until program expires : 199


 First Order Conditional Estimation with Interaction
 MONITORING OF SEARCH:


0ITERATION NO.:    0    OBJECTIVE VALUE:  -1860.72733775569        NO. OF FUNC. EVALS.:  13
 CUMULATIVE NO. OF FUNC. EVALS.:       13
 NPARAMETR:  1.0000E+00  1.0000E+00  1.0000E+00  1.0000E+00  1.0000E+00  1.0000E+00  1.0000E+00  1.0000E+00  1.0000E+00  1.0000E+00
             1.0000E+00
 PARAMETER:  1.0000E-01  1.0000E-01  1.0000E-01  1.0000E-01  1.0000E-01  1.0000E-01  1.0000E-01  1.0000E-01  1.0000E-01  1.0000E-01
             1.0000E-01
 GRADIENT:   5.0121E+02  1.1507E+02  9.5096E+01  1.7681E+02  2.5788E+02  3.2476E+01 -7.7447E+01 -1.6918E+02 -8.5808E+01 -4.7304E+01
            -3.6076E+03

0ITERATION NO.:    5    OBJECTIVE VALUE:  -2926.61991954703        NO. OF FUNC. EVALS.:  70
 CUMULATIVE NO. OF FUNC. EVALS.:       83
 NPARAMETR:  1.0174E+00  1.0574E+00  8.4460E-01  9.6710E-01  8.2302E-01  1.0773E+00  1.0782E+00  1.0807E+00  1.1144E+00  1.0450E+00
             2.5995E+00
 PARAMETER:  1.1730E-01  1.5577E-01 -6.8891E-02  6.6548E-02 -9.4777E-02  1.7443E-01  1.7534E-01  1.7759E-01  2.0835E-01  1.4406E-01
             1.0553E+00
 GRADIENT:   1.2203E+02  7.1155E+01  8.0207E+00 -7.7188E+00 -9.4410E+01  2.5867E+01  1.0985E+01  9.8344E+00  1.9444E+01  1.0445E+01
             3.6218E+02

0ITERATION NO.:   10    OBJECTIVE VALUE:  -2938.54696659333        NO. OF FUNC. EVALS.: 180
 CUMULATIVE NO. OF FUNC. EVALS.:      263
 NPARAMETR:  1.0136E+00  1.4651E+00  1.2903E+00  7.8499E-01  1.2305E+00  1.0861E+00  8.7316E-01  1.4288E+00  1.4328E+00  1.2757E+00
             2.5172E+00
 PARAMETER:  1.1349E-01  4.8195E-01  3.5485E-01 -1.4208E-01  3.0739E-01  1.8258E-01 -3.5631E-02  4.5685E-01  4.5960E-01  3.4352E-01
             1.0232E+00
 GRADIENT:   3.4488E+01  7.0133E+01  1.9204E+01  3.4621E+01 -3.8309E+01  1.2963E+01  1.3004E+01 -3.5453E+00  2.6191E+01  8.7382E+00
             2.8481E+02

0ITERATION NO.:   15    OBJECTIVE VALUE:  -2967.88530756415        NO. OF FUNC. EVALS.: 177
 CUMULATIVE NO. OF FUNC. EVALS.:      440
 NPARAMETR:  9.9096E-01  1.3279E+00  1.2119E+00  8.2073E-01  1.1796E+00  1.0439E+00  7.9701E-01  1.6743E+00  1.2256E+00  1.2169E+00
             2.1708E+00
 PARAMETER:  9.0919E-02  3.8357E-01  2.9223E-01 -9.7559E-02  2.6514E-01  1.4294E-01 -1.2688E-01  6.1540E-01  3.0342E-01  2.9630E-01
             8.7510E-01
 GRADIENT:   1.1762E+00  1.2550E+01  3.7584E+00  5.3238E+00 -1.8938E+00 -2.1107E+00 -7.4918E-01  1.1917E+00  1.3638E+00 -4.9615E-02
             4.1659E+00

0ITERATION NO.:   20    OBJECTIVE VALUE:  -2968.81293808592        NO. OF FUNC. EVALS.: 175
 CUMULATIVE NO. OF FUNC. EVALS.:      615
 NPARAMETR:  9.9013E-01  1.1923E+00  1.0463E+00  8.9155E-01  1.0490E+00  1.0494E+00  8.9365E-01  1.2602E+00  1.1409E+00  1.1387E+00
             2.1663E+00
 PARAMETER:  9.0078E-02  2.7591E-01  1.4525E-01 -1.4789E-02  1.4782E-01  1.4818E-01 -1.2439E-02  3.3128E-01  2.3182E-01  2.2989E-01
             8.7300E-01
 GRADIENT:  -1.4570E-01  5.7363E-01  2.5342E-01  8.7734E-01  1.5777E-01 -1.8679E-02  1.2462E-02 -5.9861E-02 -7.3412E-02  1.1866E-01
             2.9392E-01

0ITERATION NO.:   23    OBJECTIVE VALUE:  -2968.81400180959        NO. OF FUNC. EVALS.:  92
 CUMULATIVE NO. OF FUNC. EVALS.:      707
 NPARAMETR:  9.9020E-01  1.1897E+00  1.0424E+00  8.9229E-01  1.0462E+00  1.0494E+00  8.9567E-01  1.2558E+00  1.1402E+00  1.1360E+00
             2.1658E+00
 PARAMETER:  9.0152E-02  2.7370E-01  1.4152E-01 -1.3967E-02  1.4512E-01  1.4820E-01 -1.0187E-02  3.2776E-01  2.3119E-01  2.2753E-01
             8.7279E-01
 GRADIENT:   3.2435E-02  3.5065E-02  5.4378E-03  2.0085E-02  6.8470E-03 -8.3602E-03  6.8800E-03 -8.7369E-03 -3.2182E-02 -1.6842E-02
            -3.7310E-02
 Elapsed estimation  time in seconds:    11.46
 Elapsed postprocess time in seconds:     0.00
 Elapsed finaloutput time in seconds:     0.00
Done with nonmem execution
Starting NMTRAN
  
 WARNINGS AND ERRORS (IF ANY) FOR PROBLEM    1
             
 (WARNING  2) NM-TRAN INFERS THAT THE DATA ARE POPULATION.
Building NONMEM Executable
Starting nonmem execution ...
License Registered to: University of Minnesota
Expiration Date:    14 APR 2022
Current Date:       30 SEP 2021
Days until program expires : 199


 First Order Conditional Estimation with Interaction
 MONITORING OF SEARCH:


0ITERATION NO.:    0    OBJECTIVE VALUE:  -2216.84643760255        NO. OF FUNC. EVALS.:  13
 CUMULATIVE NO. OF FUNC. EVALS.:       13
 NPARAMETR:  1.0000E+00  1.0000E+00  1.0000E+00  1.0000E+00  1.0000E+00  1.0000E+00  1.0000E+00  1.0000E+00  1.0000E+00  1.0000E+00
             1.0000E+00
 PARAMETER:  1.0000E-01  1.0000E-01  1.0000E-01  1.0000E-01  1.0000E-01  1.0000E-01  1.0000E-01  1.0000E-01  1.0000E-01  1.0000E-01
             1.0000E-01
 GRADIENT:   5.3308E+02  1.1366E+02  1.5505E+02  9.6707E+01  1.1647E+02  4.1585E+01 -4.3603E+01 -1.7234E+02 -4.6470E+01  1.5964E+01
            -2.8962E+03

0ITERATION NO.:    5    OBJECTIVE VALUE:  -3036.53692938055        NO. OF FUNC. EVALS.:  71
 CUMULATIVE NO. OF FUNC. EVALS.:       84
 NPARAMETR:  9.5081E-01  1.0326E+00  8.9146E-01  9.7616E-01  9.5146E-01  8.9063E-01  9.7453E-01  1.0309E+00  9.7204E-01  8.2238E-01
             1.9068E+00
 PARAMETER:  4.9555E-02  1.3211E-01 -1.4897E-02  7.5867E-02  5.0243E-02 -1.5829E-02  7.4198E-02  1.3039E-01  7.1643E-02 -9.5559E-02
             7.4542E-01
 GRADIENT:   1.2032E+02  3.2161E+01  8.7037E+00 -1.1262E+01 -1.9361E+01 -7.3856E+00 -5.4979E+00 -1.7714E+00 -6.2977E+00  4.0686E+00
            -9.2750E+01

0ITERATION NO.:   10    OBJECTIVE VALUE:  -3037.28144850651        NO. OF FUNC. EVALS.:  96
 CUMULATIVE NO. OF FUNC. EVALS.:      180
 NPARAMETR:  9.5328E-01  9.4996E-01  8.3512E-01  1.0212E+00  8.9436E-01  9.0870E-01  1.1196E+00  9.9773E-01  9.6341E-01  7.0425E-01
             1.8987E+00
 PARAMETER:  5.2158E-02  4.8667E-02 -8.0180E-02  1.2095E-01 -1.1645E-02  4.2566E-03  2.1301E-01  9.7724E-02  6.2719E-02 -2.5063E-01
             7.4115E-01
 GRADIENT:   1.7763E+01 -1.0002E+01 -8.9842E+00 -1.4788E+01  9.1942E+00 -7.6291E+00 -2.1718E+00 -1.8955E+00 -4.3706E+00  2.0414E+00
            -1.0798E+02

0ITERATION NO.:   15    OBJECTIVE VALUE:  -3040.54314609570        NO. OF FUNC. EVALS.: 177
 CUMULATIVE NO. OF FUNC. EVALS.:      357
 NPARAMETR:  9.4806E-01  1.0438E+00  9.2079E-01  9.8458E-01  9.8328E-01  9.2587E-01  1.0693E+00  9.2299E-01  9.8348E-01  7.4307E-01
             2.0119E+00
 PARAMETER:  4.6661E-02  1.4283E-01  1.7472E-02  8.4464E-02  8.3143E-02  2.2974E-02  1.6696E-01  1.9863E-02  8.3342E-02 -1.9696E-01
             7.9906E-01
 GRADIENT:  -8.8540E-02 -2.2465E+00  1.7119E+00  1.9910E-01  3.7307E-01  1.1760E-02 -3.5369E-01 -6.7303E-01  2.4849E-01 -6.5058E-01
             2.6678E+00

0ITERATION NO.:   20    OBJECTIVE VALUE:  -3040.65671422754        NO. OF FUNC. EVALS.: 175
 CUMULATIVE NO. OF FUNC. EVALS.:      532
 NPARAMETR:  9.4811E-01  1.1450E+00  9.7964E-01  9.3099E-01  1.0768E+00  9.2646E-01  9.7843E-01  1.0258E+00  1.0162E+00  8.4031E-01
             2.0112E+00
 PARAMETER:  4.6711E-02  2.3536E-01  7.9425E-02  2.8489E-02  1.7402E-01  2.3616E-02  7.8194E-02  1.2548E-01  1.1605E-01 -7.3981E-02
             7.9875E-01
 GRADIENT:  -1.4602E-01  6.8988E-02  8.1669E-02  2.9525E-01  5.6149E-02  9.9556E-02  2.7766E-01 -4.9779E-02  1.0578E-01  1.4750E-01
            -4.0713E-01

0ITERATION NO.:   22    OBJECTIVE VALUE:  -3040.65745755443        NO. OF FUNC. EVALS.:  57
 CUMULATIVE NO. OF FUNC. EVALS.:      589
 NPARAMETR:  9.4818E-01  1.1501E+00  9.8228E-01  9.2815E-01  1.0815E+00  9.2625E-01  9.7296E-01  1.0325E+00  1.0176E+00  8.4412E-01
             2.0117E+00
 PARAMETER:  4.6787E-02  2.3981E-01  8.2118E-02  2.5443E-02  1.7834E-01  2.3387E-02  7.2587E-02  1.3197E-01  1.1745E-01 -6.9459E-02
             7.9898E-01
 GRADIENT:   1.6992E-02  1.2807E-01  3.9298E-02  2.1933E-01  8.3952E-03  8.9098E-03  7.1086E-02  3.8552E-03 -1.4002E-02  4.7665E-02
            -1.4766E-02
 Elapsed estimation  time in seconds:     8.33
 Elapsed postprocess time in seconds:     0.00
 Elapsed finaloutput time in seconds:     0.00
Done with nonmem execution
Starting NMTRAN
  
 WARNINGS AND ERRORS (IF ANY) FOR PROBLEM    1
             
 (WARNING  2) NM-TRAN INFERS THAT THE DATA ARE POPULATION.
Building NONMEM Executable
Starting nonmem execution ...
License Registered to: University of Minnesota
Expiration Date:    14 APR 2022
Current Date:       30 SEP 2021
Days until program expires : 199


 First Order Conditional Estimation with Interaction
 MONITORING OF SEARCH:


0ITERATION NO.:    0    OBJECTIVE VALUE:  -2041.20247246957        NO. OF FUNC. EVALS.:  13
 CUMULATIVE NO. OF FUNC. EVALS.:       13
 NPARAMETR:  1.0000E+00  1.0000E+00  1.0000E+00  1.0000E+00  1.0000E+00  1.0000E+00  1.0000E+00  1.0000E+00  1.0000E+00  1.0000E+00
             1.0000E+00
 PARAMETER:  1.0000E-01  1.0000E-01  1.0000E-01  1.0000E-01  1.0000E-01  1.0000E-01  1.0000E-01  1.0000E-01  1.0000E-01  1.0000E-01
             1.0000E-01
 GRADIENT:   4.4967E+02  1.4319E+02 -1.0351E+02  1.2333E+02  2.4992E+02  6.2205E+01 -9.3944E+01 -1.3639E+02 -1.1668E+02 -4.0241E+01
            -3.3232E+03

0ITERATION NO.:    5    OBJECTIVE VALUE:  -3011.03156903880        NO. OF FUNC. EVALS.:  73
 CUMULATIVE NO. OF FUNC. EVALS.:       86
 NPARAMETR:  1.0245E+00  9.7701E-01  1.3255E+00  1.0463E+00  8.9609E-01  9.1176E-01  1.0991E+00  1.0153E+00  1.1032E+00  1.0759E+00
             2.4623E+00
 PARAMETER:  1.2423E-01  7.6739E-02  3.8183E-01  1.4523E-01 -9.7167E-03  7.6228E-03  1.9450E-01  1.1517E-01  1.9822E-01  1.7316E-01
             1.0011E+00
 GRADIENT:   1.2095E+02  2.8451E+01  3.5438E+01  1.1462E+01 -1.0287E+02 -9.9895E+00  3.7706E+00  4.4472E+00  2.5313E+01  2.1623E+00
             3.1841E+02

0ITERATION NO.:   10    OBJECTIVE VALUE:  -3033.99260294976        NO. OF FUNC. EVALS.:  71
 CUMULATIVE NO. OF FUNC. EVALS.:      157
 NPARAMETR:  1.0060E+00  1.2703E+00  2.8112E+00  9.3915E-01  1.3638E+00  1.0497E+00  7.5142E-01  2.3123E+00  1.0300E+00  1.3326E+00
             2.3534E+00
 PARAMETER:  1.0594E-01  3.3925E-01  1.1336E+00  3.7221E-02  4.1029E-01  1.4855E-01 -1.8579E-01  9.3826E-01  1.2958E-01  3.8712E-01
             9.5588E-01
 GRADIENT:   7.1541E+01  1.1849E+02  1.6366E+01  4.7197E+01  9.4320E+00  4.5470E+01 -4.7264E+00 -2.4163E+00 -4.5583E+00 -1.9255E+00
             2.5121E+02

0ITERATION NO.:   15    OBJECTIVE VALUE:  -3051.03678584990        NO. OF FUNC. EVALS.:  74
 CUMULATIVE NO. OF FUNC. EVALS.:      231
 NPARAMETR:  9.8020E-01  1.0966E+00  2.4038E+00  9.9217E-01  1.2323E+00  9.6206E-01  9.4067E-01  2.3436E+00  9.4186E-01  1.2149E+00
             2.1031E+00
 PARAMETER:  8.0004E-02  1.9220E-01  9.7703E-01  9.2136E-02  3.0885E-01  6.1325E-02  3.8841E-02  9.5169E-01  4.0098E-02  2.9466E-01
             8.4340E-01
 GRADIENT:   3.3018E+01  2.5990E+01 -1.4667E+00 -1.6964E+01  8.8618E+00  1.1013E+01 -6.3094E-01  9.6382E-01 -5.5567E+00 -5.2501E+00
             4.7434E+01

0ITERATION NO.:   20    OBJECTIVE VALUE:  -3057.79601994198        NO. OF FUNC. EVALS.: 160
 CUMULATIVE NO. OF FUNC. EVALS.:      391
 NPARAMETR:  1.0058E+00  9.8080E-01  3.5668E+00  1.1082E+00  1.3241E+00  9.6427E-01  1.0616E+00  3.0496E+00  8.4149E-01  1.2898E+00
             2.0361E+00
 PARAMETER:  1.0582E-01  8.0612E-02  1.3717E+00  2.0274E-01  3.8073E-01  6.3617E-02  1.5980E-01  1.2150E+00 -7.2584E-02  3.5448E-01
             8.1102E-01
 GRADIENT:  -9.1172E+00  1.4543E+01 -4.5403E+00  1.3717E+00  1.1180E+01  1.1010E+00 -7.9475E-01  2.7208E+00 -6.5319E+00  6.4792E-01
            -1.8501E+01

0ITERATION NO.:   25    OBJECTIVE VALUE:  -3060.08654330848        NO. OF FUNC. EVALS.: 175
 CUMULATIVE NO. OF FUNC. EVALS.:      566
 NPARAMETR:  1.0087E+00  7.8125E-01  4.0644E+00  1.2358E+00  1.2416E+00  9.5939E-01  1.1535E+00  3.1434E+00  8.2077E-01  1.1858E+00
             2.0402E+00
 PARAMETER:  1.0868E-01 -1.4686E-01  1.5023E+00  3.1174E-01  3.1643E-01  5.8547E-02  2.4278E-01  1.2453E+00 -9.7513E-02  2.7041E-01
             8.1305E-01
 GRADIENT:  -1.5127E+00  1.6583E+00  1.1269E+00 -1.1196E+00 -1.6727E+00 -6.2147E-01  2.9359E-01  1.4488E-01  4.8618E-01 -4.7459E-01
             2.0115E+00

0ITERATION NO.:   30    OBJECTIVE VALUE:  -3060.10538169392        NO. OF FUNC. EVALS.: 164
 CUMULATIVE NO. OF FUNC. EVALS.:      730
 NPARAMETR:  1.0095E+00  7.6625E-01  4.0575E+00  1.2452E+00  1.2378E+00  9.6104E-01  1.1614E+00  3.1470E+00  8.1590E-01  1.1836E+00
             2.0377E+00
 PARAMETER:  1.0949E-01 -1.6624E-01  1.5006E+00  3.1927E-01  3.1330E-01  6.0256E-02  2.4965E-01  1.2465E+00 -1.0347E-01  2.6855E-01
             8.1184E-01
 GRADIENT:   5.4162E-01 -3.7673E-01 -1.2090E-01 -8.8613E-01  9.2579E-02  4.7009E-02  2.8146E-02  2.6313E-01  2.0710E-01  4.7367E-02
             2.3019E-01
 Elapsed estimation  time in seconds:    11.40
 Elapsed postprocess time in seconds:     0.00
 Elapsed finaloutput time in seconds:     0.00
Done with nonmem execution
Starting NMTRAN
  
 WARNINGS AND ERRORS (IF ANY) FOR PROBLEM    1
             
 (WARNING  2) NM-TRAN INFERS THAT THE DATA ARE POPULATION.
Building NONMEM Executable
Starting nonmem execution ...
License Registered to: University of Minnesota
Expiration Date:    14 APR 2022
Current Date:       30 SEP 2021
Days until program expires : 199


 First Order Conditional Estimation with Interaction
 MONITORING OF SEARCH:


0ITERATION NO.:    0    OBJECTIVE VALUE:  -1255.83985579695        NO. OF FUNC. EVALS.:  13
 CUMULATIVE NO. OF FUNC. EVALS.:       13
 NPARAMETR:  1.0000E+00  1.0000E+00  1.0000E+00  1.0000E+00  1.0000E+00  1.0000E+00  1.0000E+00  1.0000E+00  1.0000E+00  1.0000E+00
             1.0000E+00
 PARAMETER:  1.0000E-01  1.0000E-01  1.0000E-01  1.0000E-01  1.0000E-01  1.0000E-01  1.0000E-01  1.0000E-01  1.0000E-01  1.0000E-01
             1.0000E-01
 GRADIENT:   5.0555E+02  1.1593E+02  1.9883E+02  1.8476E+02  1.9421E+02  1.4909E+01 -1.2811E+02 -5.8874E+02 -1.5211E+02 -3.5173E+01
            -4.2150E+03

0ITERATION NO.:    5    OBJECTIVE VALUE:  -2911.09751929054        NO. OF FUNC. EVALS.:  71
 CUMULATIVE NO. OF FUNC. EVALS.:       84
 NPARAMETR:  9.9364E-01  1.1458E+00  9.3557E-01  8.7342E-01  1.0617E+00  1.0997E+00  1.0162E+00  9.4002E-01  8.3886E-01  1.0208E+00
             2.0007E+00
 PARAMETER:  9.3621E-02  2.3608E-01  3.3397E-02 -3.5335E-02  1.5984E-01  1.9501E-01  1.1605E-01  3.8150E-02 -7.5715E-02  1.2057E-01
             7.9348E-01
 GRADIENT:   1.2718E+02  3.1216E+01 -1.6223E+01  7.8221E+00  4.6539E+01  3.6801E+01  5.3930E+00  1.4596E+00 -2.5379E+01 -1.9776E+01
            -2.8438E+02

0ITERATION NO.:   10    OBJECTIVE VALUE:  -2923.76786941552        NO. OF FUNC. EVALS.:  72
 CUMULATIVE NO. OF FUNC. EVALS.:      156
 NPARAMETR:  9.7807E-01  1.1768E+00  8.7431E-01  8.7393E-01  1.0563E+00  1.1354E+00  8.7739E-01  1.4908E-01  1.1374E+00  1.0399E+00
             2.1134E+00
 PARAMETER:  7.7821E-02  2.6284E-01 -3.4316E-02 -3.4749E-02  1.5473E-01  2.2700E-01 -3.0803E-02 -1.8033E+00  2.2872E-01  1.3908E-01
             8.4831E-01
 GRADIENT:   8.6056E+01  4.1085E+01 -2.3374E+01  4.7007E+01  4.7415E+01  5.2233E+01 -3.9061E+00 -7.6796E-03  2.9089E+01 -1.7134E+01
            -1.4633E+02

0ITERATION NO.:   15    OBJECTIVE VALUE:  -2934.94308744050        NO. OF FUNC. EVALS.: 179
 CUMULATIVE NO. OF FUNC. EVALS.:      335
 NPARAMETR:  9.9549E-01  1.3327E+00  9.5930E-01  7.8710E-01  1.1817E+00  1.1010E+00  7.5976E-01  1.5979E-01  1.0519E+00  1.2738E+00
             2.2566E+00
 PARAMETER:  9.5485E-02  3.8720E-01  5.8452E-02 -1.3940E-01  2.6692E-01  1.9624E-01 -1.7475E-01 -1.7339E+00  1.5060E-01  3.4204E-01
             9.1386E-01
 GRADIENT:   2.5879E-01 -9.3842E-02  2.0910E+00  1.1223E+01  8.9593E-01  6.2548E-01 -1.4148E+00 -2.4741E-02 -6.1682E-01  4.1546E-01
             2.4468E-01

0ITERATION NO.:   20    OBJECTIVE VALUE:  -2935.48250030578        NO. OF FUNC. EVALS.: 175
 CUMULATIVE NO. OF FUNC. EVALS.:      510
 NPARAMETR:  9.9537E-01  1.4665E+00  9.2042E-01  6.9820E-01  1.2747E+00  1.0997E+00  7.0203E-01  1.4360E-01  1.1540E+00  1.3380E+00
             2.2541E+00
 PARAMETER:  9.5355E-02  4.8285E-01  1.7071E-02 -2.5925E-01  3.4271E-01  1.9508E-01 -2.5377E-01 -1.8407E+00  2.4325E-01  3.9120E-01
             9.1277E-01
 GRADIENT:   1.6990E-01 -2.0702E-02  9.9370E-02  7.0913E-02  9.2360E-04  9.7722E-02  6.3263E-02 -1.8916E-02 -1.5711E-01 -5.7775E-02
            -4.0766E-01

0ITERATION NO.:   25    OBJECTIVE VALUE:  -2935.51156151618        NO. OF FUNC. EVALS.: 186
 CUMULATIVE NO. OF FUNC. EVALS.:      696
 NPARAMETR:  9.9323E-01  1.4721E+00  9.2347E-01  6.9721E-01  1.2761E+00  1.0937E+00  6.9775E-01  4.3688E-01  1.1531E+00  1.3363E+00
             2.2518E+00
 PARAMETER:  9.3207E-02  4.8671E-01  2.0379E-02 -2.6067E-01  3.4381E-01  1.8961E-01 -2.5990E-01 -7.2810E-01  2.4246E-01  3.8987E-01
             9.1173E-01
 GRADIENT:  -3.8622E+00  5.3965E+00 -1.5991E-01  2.7528E+00 -1.9068E+00 -2.0870E+00 -4.0697E-01 -5.6426E-02 -5.9099E-01 -3.5920E-01
            -1.0622E+00

0ITERATION NO.:   30    OBJECTIVE VALUE:  -2935.54071647984        NO. OF FUNC. EVALS.: 176
 CUMULATIVE NO. OF FUNC. EVALS.:      872
 NPARAMETR:  9.9530E-01  1.4705E+00  9.3174E-01  6.9618E-01  1.2804E+00  1.0996E+00  7.0001E-01  5.3489E-01  1.1553E+00  1.3370E+00
             2.2516E+00
 PARAMETER:  9.5290E-02  4.8559E-01  2.9294E-02 -2.6215E-01  3.4720E-01  1.9494E-01 -2.5666E-01 -5.2570E-01  2.4435E-01  3.9040E-01
             9.1164E-01
 GRADIENT:   2.8584E-02 -2.0267E-01 -1.4446E-02  1.0174E-01 -7.5679E-02  1.5740E-02  9.7919E-03  3.0120E-04  8.2086E-04  8.0068E-04
             2.6378E-02

0ITERATION NO.:   31    OBJECTIVE VALUE:  -2935.54071647984        NO. OF FUNC. EVALS.:  22
 CUMULATIVE NO. OF FUNC. EVALS.:      894
 NPARAMETR:  9.9530E-01  1.4705E+00  9.3174E-01  6.9618E-01  1.2804E+00  1.0996E+00  7.0001E-01  5.3489E-01  1.1553E+00  1.3370E+00
             2.2516E+00
 PARAMETER:  9.5290E-02  4.8559E-01  2.9294E-02 -2.6215E-01  3.4720E-01  1.9494E-01 -2.5666E-01 -5.2570E-01  2.4435E-01  3.9040E-01
             9.1164E-01
 GRADIENT:   2.8584E-02 -2.0267E-01 -1.4446E-02  1.0174E-01 -7.5679E-02  1.5740E-02  9.7919E-03  3.0120E-04  8.2086E-04  8.0068E-04
             2.6378E-02
 Elapsed estimation  time in seconds:    13.36
 Elapsed postprocess time in seconds:     0.00
 Elapsed finaloutput time in seconds:     0.00
Done with nonmem execution
Starting NMTRAN
  
 WARNINGS AND ERRORS (IF ANY) FOR PROBLEM    1
             
 (WARNING  2) NM-TRAN INFERS THAT THE DATA ARE POPULATION.
Building NONMEM Executable
Starting nonmem execution ...
License Registered to: University of Minnesota
Expiration Date:    14 APR 2022
Current Date:       30 SEP 2021
Days until program expires : 199


 First Order Conditional Estimation with Interaction
 MONITORING OF SEARCH:


0ITERATION NO.:    0    OBJECTIVE VALUE:  -2038.38045216412        NO. OF FUNC. EVALS.:  13
 CUMULATIVE NO. OF FUNC. EVALS.:       13
 NPARAMETR:  1.0000E+00  1.0000E+00  1.0000E+00  1.0000E+00  1.0000E+00  1.0000E+00  1.0000E+00  1.0000E+00  1.0000E+00  1.0000E+00
             1.0000E+00
 PARAMETER:  1.0000E-01  1.0000E-01  1.0000E-01  1.0000E-01  1.0000E-01  1.0000E-01  1.0000E-01  1.0000E-01  1.0000E-01  1.0000E-01
             1.0000E-01
 GRADIENT:   4.9789E+02  7.9328E+01  6.7316E+01  1.7302E+02  1.5181E+02  3.5606E+01 -2.7273E+01 -1.5115E+02 -7.6937E+01  1.7406E+01
            -3.3594E+03

0ITERATION NO.:    5    OBJECTIVE VALUE:  -3023.91687626461        NO. OF FUNC. EVALS.:  71
 CUMULATIVE NO. OF FUNC. EVALS.:       84
 NPARAMETR:  1.0016E+00  1.1340E+00  9.3088E-01  9.2904E-01  9.8165E-01  1.0024E+00  9.3852E-01  1.0622E+00  1.0381E+00  8.1920E-01
             2.1982E+00
 PARAMETER:  1.0159E-01  2.2576E-01  2.8377E-02  2.6392E-02  8.1482E-02  1.0235E-01  3.6544E-02  1.6032E-01  1.3741E-01 -9.9429E-02
             8.8763E-01
 GRADIENT:   1.2067E+02  7.4074E+01 -1.4921E+00  2.1936E+01 -3.6466E+01  6.4153E+00  1.5139E+00  9.8248E-01 -2.5844E+00 -2.4798E+00
             1.1989E+02

0ITERATION NO.:   10    OBJECTIVE VALUE:  -3027.91268497429        NO. OF FUNC. EVALS.: 182
 CUMULATIVE NO. OF FUNC. EVALS.:      266
 NPARAMETR:  1.0056E+00  1.3541E+00  1.1741E+00  8.1636E-01  1.2125E+00  1.0343E+00  8.6961E-01  1.4733E+00  1.1429E+00  1.0636E+00
             2.1823E+00
 PARAMETER:  1.0556E-01  4.0312E-01  2.6047E-01 -1.0290E-01  2.9266E-01  1.3369E-01 -3.9711E-02  4.8748E-01  2.3361E-01  1.6163E-01
             8.8037E-01
 GRADIENT:   3.1569E+01  3.1185E+01  6.1065E+00  1.8049E+01 -2.3397E+01  7.7859E+00  9.0094E+00 -4.8016E+00  1.6934E+00  1.4103E+01
             1.0299E+02

0ITERATION NO.:   15    OBJECTIVE VALUE:  -3033.92931116759        NO. OF FUNC. EVALS.: 177
 CUMULATIVE NO. OF FUNC. EVALS.:      443
 NPARAMETR:  9.8468E-01  1.3574E+00  1.6751E+00  8.0726E-01  1.3622E+00  1.0072E+00  8.6908E-01  2.8499E+00  1.0801E+00  9.7468E-01
             2.0354E+00
 PARAMETER:  8.4557E-02  4.0559E-01  6.1586E-01 -1.1411E-01  4.0913E-01  1.0720E-01 -4.0316E-02  1.1473E+00  1.7706E-01  7.4358E-02
             8.1070E-01
 GRADIENT:  -7.9538E+00 -4.4510E+00 -9.0516E+00 -2.4296E-01  1.8207E+01 -2.4370E+00  2.1011E-01  4.0090E+00  2.9420E+00 -3.5603E+00
            -1.7724E+01

0ITERATION NO.:   20    OBJECTIVE VALUE:  -3035.27024857494        NO. OF FUNC. EVALS.: 175
 CUMULATIVE NO. OF FUNC. EVALS.:      618
 NPARAMETR:  9.8858E-01  1.2021E+00  2.0167E+00  9.1153E-01  1.2891E+00  1.0138E+00  1.0071E+00  2.9395E+00  9.2332E-01  8.8585E-01
             2.0427E+00
 PARAMETER:  8.8512E-02  2.8404E-01  8.0144E-01  7.3649E-03  3.5393E-01  1.1368E-01  1.0703E-01  1.1783E+00  2.0218E-02 -2.1203E-02
             8.1430E-01
 GRADIENT:   6.2316E-01 -1.5788E-02  7.5915E-01 -1.9933E+00  3.2672E-01  3.6327E-01  9.9370E-01 -7.0026E-01  6.2463E-01 -9.5270E-02
             1.0090E-01

0ITERATION NO.:   24    OBJECTIVE VALUE:  -3035.28485156172        NO. OF FUNC. EVALS.: 127
 CUMULATIVE NO. OF FUNC. EVALS.:      745
 NPARAMETR:  9.8829E-01  1.1906E+00  2.0180E+00  9.1971E-01  1.2821E+00  1.0128E+00  1.0092E+00  2.9567E+00  9.1378E-01  8.7836E-01
             2.0419E+00
 PARAMETER:  8.8221E-02  2.7449E-01  8.0211E-01  1.6305E-02  3.4850E-01  1.1267E-01  1.0912E-01  1.1841E+00  9.8304E-03 -2.9693E-02
             8.1389E-01
 GRADIENT:  -4.9743E-04  5.1417E-02  9.9645E-03  9.9975E-02 -3.6421E-02 -2.5401E-02 -2.4262E-02  1.0324E-02 -1.0148E-02  4.7724E-02
             2.0053E-02
 Elapsed estimation  time in seconds:    12.16
 Elapsed postprocess time in seconds:     0.00
 Elapsed finaloutput time in seconds:     0.00
Done with nonmem execution
Starting NMTRAN
  
 WARNINGS AND ERRORS (IF ANY) FOR PROBLEM    1
             
 (WARNING  2) NM-TRAN INFERS THAT THE DATA ARE POPULATION.
Building NONMEM Executable
Starting nonmem execution ...
License Registered to: University of Minnesota
Expiration Date:    14 APR 2022
Current Date:       30 SEP 2021
Days until program expires : 199


 First Order Conditional Estimation with Interaction
 MONITORING OF SEARCH:


0ITERATION NO.:    0    OBJECTIVE VALUE:  -1404.92743858891        NO. OF FUNC. EVALS.:  13
 CUMULATIVE NO. OF FUNC. EVALS.:       13
 NPARAMETR:  1.0000E+00  1.0000E+00  1.0000E+00  1.0000E+00  1.0000E+00  1.0000E+00  1.0000E+00  1.0000E+00  1.0000E+00  1.0000E+00
             1.0000E+00
 PARAMETER:  1.0000E-01  1.0000E-01  1.0000E-01  1.0000E-01  1.0000E-01  1.0000E-01  1.0000E-01  1.0000E-01  1.0000E-01  1.0000E-01
             1.0000E-01
 GRADIENT:   5.3448E+02  1.0813E+01  1.4229E+02  1.5009E+02  1.9453E+02  1.9619E+01 -7.3476E+01 -2.1257E+02 -8.8583E+01 -1.1753E+01
            -4.4196E+03

0ITERATION NO.:    5    OBJECTIVE VALUE:  -2843.32159032366        NO. OF FUNC. EVALS.:  70
 CUMULATIVE NO. OF FUNC. EVALS.:       83
 NPARAMETR:  9.3873E-01  1.2448E+00  8.0047E-01  8.5643E-01  1.0038E+00  9.0449E-01  1.0555E+00  1.0420E+00  1.0837E+00  1.0020E+00
             2.4169E+00
 PARAMETER:  3.6772E-02  3.1896E-01 -1.2256E-01 -5.4985E-02  1.0378E-01 -3.8922E-04  1.5405E-01  1.4113E-01  1.8041E-01  1.0197E-01
             9.8249E-01
 GRADIENT:   4.7087E+01  4.2530E+01 -2.1917E+01 -2.4079E+01 -1.8728E+01 -2.0093E+01  1.7802E+01  5.5478E+00 -3.9733E+00 -8.9168E+00
             1.0004E+02

0ITERATION NO.:   10    OBJECTIVE VALUE:  -2850.46157348371        NO. OF FUNC. EVALS.:  96
 CUMULATIVE NO. OF FUNC. EVALS.:      179
 NPARAMETR:  9.4695E-01  1.4537E+00  8.5724E-01  7.6929E-01  1.1640E+00  9.1701E-01  6.5809E-01  9.2658E-01  1.1445E+00  1.2525E+00
             2.4321E+00
 PARAMETER:  4.5494E-02  4.7410E-01 -5.4038E-02 -1.6229E-01  2.5183E-01  1.3363E-02 -3.1842E-01  2.3742E-02  2.3493E-01  3.2517E-01
             9.8875E-01
 GRADIENT:   1.6410E+00  2.0147E+01 -3.0661E+00  1.4713E+01 -2.1659E+01 -1.9433E+01 -1.2369E+01 -2.8050E+00 -2.2605E+01 -4.9229E+00
             9.1745E+01

0ITERATION NO.:   15    OBJECTIVE VALUE:  -2860.44204006659        NO. OF FUNC. EVALS.: 175
 CUMULATIVE NO. OF FUNC. EVALS.:      354
 NPARAMETR:  9.4342E-01  1.6706E+00  1.0786E+00  6.3449E-01  1.4238E+00  9.7470E-01  6.8460E-01  1.7307E+00  1.4148E+00  1.3758E+00
             2.2913E+00
 PARAMETER:  4.1760E-02  6.1318E-01  1.7571E-01 -3.5493E-01  4.5333E-01  7.4376E-02 -2.7892E-01  6.4854E-01  4.4699E-01  4.1904E-01
             9.2912E-01
 GRADIENT:  -1.5904E+00  6.0874E+00  3.4291E+00  1.6533E+01  4.7497E+00  2.2661E+00 -1.3952E+00 -5.9280E-01 -2.9292E+00 -1.3312E+00
            -1.5884E+01

0ITERATION NO.:   20    OBJECTIVE VALUE:  -2863.23874651116        NO. OF FUNC. EVALS.: 175
 CUMULATIVE NO. OF FUNC. EVALS.:      529
 NPARAMETR:  9.4435E-01  1.9735E+00  7.8006E-01  4.1728E-01  1.5906E+00  9.6664E-01  6.1487E-01  1.7782E+00  1.9530E+00  1.5046E+00
             2.3153E+00
 PARAMETER:  4.2742E-02  7.7982E-01 -1.4839E-01 -7.7399E-01  5.6413E-01  6.6066E-02 -3.8634E-01  6.7560E-01  7.6935E-01  5.0853E-01
             9.3955E-01
 GRADIENT:   2.1671E-01 -1.9904E+00  9.3164E-01  5.3454E-01 -3.5311E+00 -9.4308E-01  2.9181E-01  1.0763E+00  2.3181E+00  5.3842E-01
             1.1500E+01

0ITERATION NO.:   25    OBJECTIVE VALUE:  -2864.16531179831        NO. OF FUNC. EVALS.: 176
 CUMULATIVE NO. OF FUNC. EVALS.:      705
 NPARAMETR:  9.4456E-01  2.2663E+00  3.5362E-01  2.4166E-01  1.7519E+00  9.7132E-01  6.7263E-01  8.0872E-01  2.3913E+00  1.5860E+00
             2.3001E+00
 PARAMETER:  4.2961E-02  9.1813E-01 -9.3953E-01 -1.3202E+00  6.6072E-01  7.0897E-02 -2.9656E-01 -1.1230E-01  9.7185E-01  5.6120E-01
             9.3294E-01
 GRADIENT:   2.9522E-01  2.9158E+01 -3.3966E+00  7.4728E+00  1.5092E+00 -4.6099E-02 -5.7545E-01  9.5981E-01 -3.7206E+00 -1.6722E+00
            -5.6255E+00

0ITERATION NO.:   30    OBJECTIVE VALUE:  -2865.08428097170        NO. OF FUNC. EVALS.: 178
 CUMULATIVE NO. OF FUNC. EVALS.:      883
 NPARAMETR:  9.4408E-01  2.3299E+00  3.0679E-01  1.8467E-01  1.8056E+00  9.7217E-01  6.6178E-01  4.2106E-01  2.8844E+00  1.6215E+00
             2.3015E+00
 PARAMETER:  4.2451E-02  9.4584E-01 -1.0816E+00 -1.5892E+00  6.9087E-01  7.1777E-02 -3.1282E-01 -7.6498E-01  1.1593E+00  5.8338E-01
             9.3356E-01
 GRADIENT:  -1.9687E-01  6.0238E+00 -4.2250E-01  7.7025E-01 -1.4483E+00  2.9336E-01  5.5936E-01  3.8045E-01  4.8775E-01 -1.0026E-01
            -7.6969E-01

0ITERATION NO.:   35    OBJECTIVE VALUE:  -2865.26436339505        NO. OF FUNC. EVALS.: 179
 CUMULATIVE NO. OF FUNC. EVALS.:     1062
 NPARAMETR:  9.4413E-01  2.3260E+00  3.0737E-01  1.8353E-01  1.8102E+00  9.7097E-01  6.5971E-01  1.1971E-01  2.8817E+00  1.6210E+00
             2.3021E+00
 PARAMETER:  4.2509E-02  9.4413E-01 -1.0797E+00 -1.5954E+00  6.9343E-01  7.0535E-02 -3.1595E-01 -2.0227E+00  1.1584E+00  5.8304E-01
             9.3383E-01
 GRADIENT:  -2.6559E-02 -1.8978E+00  3.3437E-01 -4.7114E-01  6.9753E-01 -1.1312E-01 -3.3814E-01  2.9084E-02 -3.4874E-01 -3.2069E-02
             3.5130E-01

0ITERATION NO.:   40    OBJECTIVE VALUE:  -2865.28637698697        NO. OF FUNC. EVALS.: 182
 CUMULATIVE NO. OF FUNC. EVALS.:     1244
 NPARAMETR:  9.4420E-01  2.3224E+00  3.0698E-01  1.8598E-01  1.8049E+00  9.7136E-01  6.6063E-01  2.4211E-02  2.8739E+00  1.6202E+00
             2.3016E+00
 PARAMETER:  4.2584E-02  9.4260E-01 -1.0810E+00 -1.5821E+00  6.9052E-01  7.0939E-02 -3.1457E-01 -3.6209E+00  1.1557E+00  5.8255E-01
             9.3360E-01
 GRADIENT:   3.2645E-01 -2.5536E+00 -2.7708E-02  1.9485E-02 -4.2720E-02 -1.8302E-03  6.7493E-02  1.1394E-03  1.6781E-01  5.1395E-02
             4.2456E-02

0ITERATION NO.:   43    OBJECTIVE VALUE:  -2865.28738759768        NO. OF FUNC. EVALS.:  96
 CUMULATIVE NO. OF FUNC. EVALS.:     1340
 NPARAMETR:  9.4425E-01  2.3216E+00  3.0732E-01  1.8634E-01  1.8034E+00  9.7136E-01  6.6037E-01  1.0000E-02  2.8733E+00  1.6205E+00
             2.3014E+00
 PARAMETER:  4.2640E-02  9.4226E-01 -1.0799E+00 -1.5802E+00  6.8967E-01  7.0942E-02 -3.1496E-01 -5.7140E+00  1.1555E+00  5.8274E-01
             9.3352E-01
 GRADIENT:   3.1310E-01 -2.8144E+00 -2.2089E-02  8.5754E-03 -4.5022E-01  1.8480E-02  1.0707E-02  0.0000E+00  2.3529E-01  1.6183E-01
            -7.5026E-02
 Elapsed estimation  time in seconds:    21.62
 Elapsed postprocess time in seconds:     0.00
 Elapsed finaloutput time in seconds:     0.00
Done with nonmem execution
Starting NMTRAN
  
 WARNINGS AND ERRORS (IF ANY) FOR PROBLEM    1
             
 (WARNING  2) NM-TRAN INFERS THAT THE DATA ARE POPULATION.
Building NONMEM Executable
Starting nonmem execution ...
License Registered to: University of Minnesota
Expiration Date:    14 APR 2022
Current Date:       30 SEP 2021
Days until program expires : 199


 First Order Conditional Estimation with Interaction
 MONITORING OF SEARCH:


0ITERATION NO.:    0    OBJECTIVE VALUE:  -1835.54628377148        NO. OF FUNC. EVALS.:  13
 CUMULATIVE NO. OF FUNC. EVALS.:       13
 NPARAMETR:  1.0000E+00  1.0000E+00  1.0000E+00  1.0000E+00  1.0000E+00  1.0000E+00  1.0000E+00  1.0000E+00  1.0000E+00  1.0000E+00
             1.0000E+00
 PARAMETER:  1.0000E-01  1.0000E-01  1.0000E-01  1.0000E-01  1.0000E-01  1.0000E-01  1.0000E-01  1.0000E-01  1.0000E-01  1.0000E-01
             1.0000E-01
 GRADIENT:   4.7650E+02  1.2880E+02  4.0155E+01  1.1814E+02  7.9734E+01  3.1615E+01 -6.5123E+01 -8.7322E+01 -2.9693E+01  1.2680E+00
            -3.7815E+03

0ITERATION NO.:    5    OBJECTIVE VALUE:  -2964.17243395072        NO. OF FUNC. EVALS.:  72
 CUMULATIVE NO. OF FUNC. EVALS.:       85
 NPARAMETR:  9.9899E-01  1.0728E+00  1.1258E+00  9.8466E-01  1.0625E+00  1.0773E+00  1.0067E+00  9.1479E-01  8.6326E-01  9.5797E-01
             2.0491E+00
 PARAMETER:  9.8985E-02  1.7025E-01  2.1847E-01  8.4543E-02  1.6066E-01  1.7447E-01  1.0671E-01  1.0937E-02 -4.7034E-02  5.7057E-02
             8.1740E-01
 GRADIENT:   1.1957E+02  4.9699E+01  8.4645E+00  3.5801E+01 -7.3807E+00  3.3316E+01 -3.3683E+00  1.1307E+00 -1.3963E+01 -1.2701E+01
            -1.2030E+02

0ITERATION NO.:   10    OBJECTIVE VALUE:  -2966.49726532491        NO. OF FUNC. EVALS.: 138
 CUMULATIVE NO. OF FUNC. EVALS.:      223
 NPARAMETR:  1.0040E+00  1.2040E+00  1.2053E+00  9.1826E-01  1.1910E+00  1.0487E+00  1.0224E+00  8.0557E-01  9.7267E-01  1.1270E+00
             2.0575E+00
 PARAMETER:  1.0396E-01  2.8567E-01  2.8672E-01  1.4724E-02  2.7483E-01  1.4754E-01  1.2216E-01 -1.1620E-01  7.2291E-02  2.1960E-01
             8.2149E-01
 GRADIENT:   2.4260E+01  2.6277E+01  4.7302E+00  2.4794E+01 -9.1055E+00 -2.1001E+00  1.1481E+01 -1.9806E+00  4.8547E+00  3.3412E+00
            -1.2535E+02

0ITERATION NO.:   15    OBJECTIVE VALUE:  -2971.07886844638        NO. OF FUNC. EVALS.: 179
 CUMULATIVE NO. OF FUNC. EVALS.:      402
 NPARAMETR:  9.9257E-01  1.2412E+00  1.2608E+00  8.8571E-01  1.2510E+00  1.0490E+00  8.8759E-01  1.0577E+00  9.6807E-01  1.1509E+00
             2.1686E+00
 PARAMETER:  9.2539E-02  3.1606E-01  3.3172E-01 -2.1367E-02  3.2391E-01  1.4786E-01 -1.9248E-02  1.5608E-01  6.7554E-02  2.4051E-01
             8.7410E-01
 GRADIENT:  -1.1293E+00  3.5338E+00 -3.5413E-02  7.2079E+00  3.9851E-01 -1.0491E+00  8.2769E-01  1.9541E-01  6.6613E-02  1.3738E-01
             4.3229E+00

0ITERATION NO.:   20    OBJECTIVE VALUE:  -2971.12932196469        NO. OF FUNC. EVALS.: 174
 CUMULATIVE NO. OF FUNC. EVALS.:      576
 NPARAMETR:  9.9321E-01  1.2599E+00  1.2535E+00  8.6991E-01  1.2646E+00  1.0521E+00  8.6541E-01  1.0548E+00  9.8260E-01  1.1631E+00
             2.1646E+00
 PARAMETER:  9.3188E-02  3.3104E-01  3.2592E-01 -3.9362E-02  3.3474E-01  1.5077E-01 -4.4555E-02  1.5331E-01  8.2444E-02  2.5106E-01
             8.7224E-01
 GRADIENT:   3.5192E-01 -1.4894E-01 -7.7635E-02  8.9081E-02  1.8803E-01  9.4709E-02  2.5623E-02  3.2389E-02  3.8318E-02  4.4050E-02
             2.1730E-02

0ITERATION NO.:   22    OBJECTIVE VALUE:  -2971.12935112032        NO. OF FUNC. EVALS.:  57
 CUMULATIVE NO. OF FUNC. EVALS.:      633
 NPARAMETR:  9.9315E-01  1.2601E+00  1.2539E+00  8.6989E-01  1.2645E+00  1.0520E+00  8.6523E-01  1.0531E+00  9.8242E-01  1.1629E+00
             2.1646E+00
 PARAMETER:  9.3126E-02  3.3119E-01  3.2622E-01 -3.9393E-02  3.3466E-01  1.5067E-01 -4.4766E-02  1.5178E-01  8.2267E-02  2.5092E-01
             8.7224E-01
 GRADIENT:   2.2780E-01  1.7221E-01  9.0662E-02  1.1194E-01 -1.0123E-01  5.3385E-02 -1.1562E-02 -6.4496E-03 -1.3138E-02 -1.0047E-02
            -3.1580E-02
 Elapsed estimation  time in seconds:     9.69
 Elapsed postprocess time in seconds:     0.00
 Elapsed finaloutput time in seconds:     0.01
Done with nonmem execution
