WARNING: $PATH does not agree with $PATH_modshare counter. The following directories' usage counters were adjusted to match. Note that this may mean that module unloading may not work correctly.
 /home/malkofah/jaber038/.conda/envs/ruv/bin
------------------------------------------------------
Investigating the contribution of residual unexplained
variability components in NLME approach
------------------------------------------------------
Creating datasets...
Data has been generated
Back to main dir
Creating control streams....
Model int-B-1 has been created
Model int-B-2 has been created
Model int-B-3 has been created
Model int-B-4 has been created
Model int-B-5 has been created
Model int-B-6 has been created
Model int-B-7 has been created
Model int-B-8 has been created
Model int-B-9 has been created
Model int-B-10 has been created
Model int-B-11 has been created
Model int-B-12 has been created
Model int-B-13 has been created
Model int-B-14 has been created
Model int-B-15 has been created
Model int-B-16 has been created
Model int-B-17 has been created
Model int-B-18 has been created
Model int-B-19 has been created
Model int-B-20 has been created
Model int-B-21 has been created
Model int-B-22 has been created
Model int-B-23 has been created
Model int-B-24 has been created
Model int-B-25 has been created
Model int-B-26 has been created
Model int-B-27 has been created
Model int-B-28 has been created
Model int-B-29 has been created
Model int-B-30 has been created
Model int-B-31 has been created
Model int-B-32 has been created
Model int-B-33 has been created
Model int-B-34 has been created
Model int-B-35 has been created
Model int-B-36 has been created
Model int-B-37 has been created
Model int-B-38 has been created
Model int-B-39 has been created
Model int-B-40 has been created
Model int-B-41 has been created
Model int-B-42 has been created
Model int-B-43 has been created
Model int-B-44 has been created
Model int-B-45 has been created
Model int-B-46 has been created
Model int-B-47 has been created
Model int-B-48 has been created
Model int-B-49 has been created
Model int-B-50 has been created
Model int-B-51 has been created
Model int-B-52 has been created
Model int-B-53 has been created
Model int-B-54 has been created
Model int-B-55 has been created
Model int-B-56 has been created
Model int-B-57 has been created
Model int-B-58 has been created
Model int-B-59 has been created
Model int-B-60 has been created
Model int-B-61 has been created
Model int-B-62 has been created
Model int-B-63 has been created
Model int-B-64 has been created
Model int-B-65 has been created
Model int-B-66 has been created
Model int-B-67 has been created
Model int-B-68 has been created
Model int-B-69 has been created
Model int-B-70 has been created
Model int-B-71 has been created
Model int-B-72 has been created
Model int-B-73 has been created
Model int-B-74 has been created
Model int-B-75 has been created
Model int-B-76 has been created
Model int-B-77 has been created
Model int-B-78 has been created
Model int-B-79 has been created
Model int-B-80 has been created
Model int-B-81 has been created
Model int-B-82 has been created
Model int-B-83 has been created
Model int-B-84 has been created
Model int-B-85 has been created
Model int-B-86 has been created
Model int-B-87 has been created
Model int-B-88 has been created
Model int-B-89 has been created
Model int-B-90 has been created
Model int-B-91 has been created
Model int-B-92 has been created
Model int-B-93 has been created
Model int-B-94 has been created
Model int-B-95 has been created
Model int-B-96 has been created
Model int-B-97 has been created
Model int-B-98 has been created
Model int-B-99 has been created
Model int-B-100 has been created
Model int-M-1 has been created
Model int-M-2 has been created
Model int-M-3 has been created
Model int-M-4 has been created
Model int-M-5 has been created
Model int-M-6 has been created
Model int-M-7 has been created
Model int-M-8 has been created
Model int-M-9 has been created
Model int-M-10 has been created
Model int-M-11 has been created
Model int-M-12 has been created
Model int-M-13 has been created
Model int-M-14 has been created
Model int-M-15 has been created
Model int-M-16 has been created
Model int-M-17 has been created
Model int-M-18 has been created
Model int-M-19 has been created
Model int-M-20 has been created
Model int-M-21 has been created
Model int-M-22 has been created
Model int-M-23 has been created
Model int-M-24 has been created
Model int-M-25 has been created
Model int-M-26 has been created
Model int-M-27 has been created
Model int-M-28 has been created
Model int-M-29 has been created
Model int-M-30 has been created
Model int-M-31 has been created
Model int-M-32 has been created
Model int-M-33 has been created
Model int-M-34 has been created
Model int-M-35 has been created
Model int-M-36 has been created
Model int-M-37 has been created
Model int-M-38 has been created
Model int-M-39 has been created
Model int-M-40 has been created
Model int-M-41 has been created
Model int-M-42 has been created
Model int-M-43 has been created
Model int-M-44 has been created
Model int-M-45 has been created
Model int-M-46 has been created
Model int-M-47 has been created
Model int-M-48 has been created
Model int-M-49 has been created
Model int-M-50 has been created
Model int-M-51 has been created
Model int-M-52 has been created
Model int-M-53 has been created
Model int-M-54 has been created
Model int-M-55 has been created
Model int-M-56 has been created
Model int-M-57 has been created
Model int-M-58 has been created
Model int-M-59 has been created
Model int-M-60 has been created
Model int-M-61 has been created
Model int-M-62 has been created
Model int-M-63 has been created
Model int-M-64 has been created
Model int-M-65 has been created
Model int-M-66 has been created
Model int-M-67 has been created
Model int-M-68 has been created
Model int-M-69 has been created
Model int-M-70 has been created
Model int-M-71 has been created
Model int-M-72 has been created
Model int-M-73 has been created
Model int-M-74 has been created
Model int-M-75 has been created
Model int-M-76 has been created
Model int-M-77 has been created
Model int-M-78 has been created
Model int-M-79 has been created
Model int-M-80 has been created
Model int-M-81 has been created
Model int-M-82 has been created
Model int-M-83 has been created
Model int-M-84 has been created
Model int-M-85 has been created
Model int-M-86 has been created
Model int-M-87 has been created
Model int-M-88 has been created
Model int-M-89 has been created
Model int-M-90 has been created
Model int-M-91 has been created
Model int-M-92 has been created
Model int-M-93 has been created
Model int-M-94 has been created
Model int-M-95 has been created
Model int-M-96 has been created
Model int-M-97 has been created
Model int-M-98 has been created
Model int-M-99 has been created
Model int-M-100 has been created
Model int-A1-1 has been created
Model int-A1-2 has been created
Model int-A1-3 has been created
Model int-A1-4 has been created
Model int-A1-5 has been created
Model int-A1-6 has been created
Model int-A1-7 has been created
Model int-A1-8 has been created
Model int-A1-9 has been created
Model int-A1-10 has been created
Model int-A1-11 has been created
Model int-A1-12 has been created
Model int-A1-13 has been created
Model int-A1-14 has been created
Model int-A1-15 has been created
Model int-A1-16 has been created
Model int-A1-17 has been created
Model int-A1-18 has been created
Model int-A1-19 has been created
Model int-A1-20 has been created
Model int-A1-21 has been created
Model int-A1-22 has been created
Model int-A1-23 has been created
Model int-A1-24 has been created
Model int-A1-25 has been created
Model int-A1-26 has been created
Model int-A1-27 has been created
Model int-A1-28 has been created
Model int-A1-29 has been created
Model int-A1-30 has been created
Model int-A1-31 has been created
Model int-A1-32 has been created
Model int-A1-33 has been created
Model int-A1-34 has been created
Model int-A1-35 has been created
Model int-A1-36 has been created
Model int-A1-37 has been created
Model int-A1-38 has been created
Model int-A1-39 has been created
Model int-A1-40 has been created
Model int-A1-41 has been created
Model int-A1-42 has been created
Model int-A1-43 has been created
Model int-A1-44 has been created
Model int-A1-45 has been created
Model int-A1-46 has been created
Model int-A1-47 has been created
Model int-A1-48 has been created
Model int-A1-49 has been created
Model int-A1-50 has been created
Model int-A1-51 has been created
Model int-A1-52 has been created
Model int-A1-53 has been created
Model int-A1-54 has been created
Model int-A1-55 has been created
Model int-A1-56 has been created
Model int-A1-57 has been created
Model int-A1-58 has been created
Model int-A1-59 has been created
Model int-A1-60 has been created
Model int-A1-61 has been created
Model int-A1-62 has been created
Model int-A1-63 has been created
Model int-A1-64 has been created
Model int-A1-65 has been created
Model int-A1-66 has been created
Model int-A1-67 has been created
Model int-A1-68 has been created
Model int-A1-69 has been created
Model int-A1-70 has been created
Model int-A1-71 has been created
Model int-A1-72 has been created
Model int-A1-73 has been created
Model int-A1-74 has been created
Model int-A1-75 has been created
Model int-A1-76 has been created
Model int-A1-77 has been created
Model int-A1-78 has been created
Model int-A1-79 has been created
Model int-A1-80 has been created
Model int-A1-81 has been created
Model int-A1-82 has been created
Model int-A1-83 has been created
Model int-A1-84 has been created
Model int-A1-85 has been created
Model int-A1-86 has been created
Model int-A1-87 has been created
Model int-A1-88 has been created
Model int-A1-89 has been created
Model int-A1-90 has been created
Model int-A1-91 has been created
Model int-A1-92 has been created
Model int-A1-93 has been created
Model int-A1-94 has been created
Model int-A1-95 has been created
Model int-A1-96 has been created
Model int-A1-97 has been created
Model int-A1-98 has been created
Model int-A1-99 has been created
Model int-A1-100 has been created
Model int-A2-1 has been created
Model int-A2-2 has been created
Model int-A2-3 has been created
Model int-A2-4 has been created
Model int-A2-5 has been created
Model int-A2-6 has been created
Model int-A2-7 has been created
Model int-A2-8 has been created
Model int-A2-9 has been created
Model int-A2-10 has been created
Model int-A2-11 has been created
Model int-A2-12 has been created
Model int-A2-13 has been created
Model int-A2-14 has been created
Model int-A2-15 has been created
Model int-A2-16 has been created
Model int-A2-17 has been created
Model int-A2-18 has been created
Model int-A2-19 has been created
Model int-A2-20 has been created
Model int-A2-21 has been created
Model int-A2-22 has been created
Model int-A2-23 has been created
Model int-A2-24 has been created
Model int-A2-25 has been created
Model int-A2-26 has been created
Model int-A2-27 has been created
Model int-A2-28 has been created
Model int-A2-29 has been created
Model int-A2-30 has been created
Model int-A2-31 has been created
Model int-A2-32 has been created
Model int-A2-33 has been created
Model int-A2-34 has been created
Model int-A2-35 has been created
Model int-A2-36 has been created
Model int-A2-37 has been created
Model int-A2-38 has been created
Model int-A2-39 has been created
Model int-A2-40 has been created
Model int-A2-41 has been created
Model int-A2-42 has been created
Model int-A2-43 has been created
Model int-A2-44 has been created
Model int-A2-45 has been created
Model int-A2-46 has been created
Model int-A2-47 has been created
Model int-A2-48 has been created
Model int-A2-49 has been created
Model int-A2-50 has been created
Model int-A2-51 has been created
Model int-A2-52 has been created
Model int-A2-53 has been created
Model int-A2-54 has been created
Model int-A2-55 has been created
Model int-A2-56 has been created
Model int-A2-57 has been created
Model int-A2-58 has been created
Model int-A2-59 has been created
Model int-A2-60 has been created
Model int-A2-61 has been created
Model int-A2-62 has been created
Model int-A2-63 has been created
Model int-A2-64 has been created
Model int-A2-65 has been created
Model int-A2-66 has been created
Model int-A2-67 has been created
Model int-A2-68 has been created
Model int-A2-69 has been created
Model int-A2-70 has been created
Model int-A2-71 has been created
Model int-A2-72 has been created
Model int-A2-73 has been created
Model int-A2-74 has been created
Model int-A2-75 has been created
Model int-A2-76 has been created
Model int-A2-77 has been created
Model int-A2-78 has been created
Model int-A2-79 has been created
Model int-A2-80 has been created
Model int-A2-81 has been created
Model int-A2-82 has been created
Model int-A2-83 has been created
Model int-A2-84 has been created
Model int-A2-85 has been created
Model int-A2-86 has been created
Model int-A2-87 has been created
Model int-A2-88 has been created
Model int-A2-89 has been created
Model int-A2-90 has been created
Model int-A2-91 has been created
Model int-A2-92 has been created
Model int-A2-93 has been created
Model int-A2-94 has been created
Model int-A2-95 has been created
Model int-A2-96 has been created
Model int-A2-97 has been created
Model int-A2-98 has been created
Model int-A2-99 has been created
Model int-A2-100 has been created
Model int-A3-1 has been created
Model int-A3-2 has been created
Model int-A3-3 has been created
Model int-A3-4 has been created
Model int-A3-5 has been created
Model int-A3-6 has been created
Model int-A3-7 has been created
Model int-A3-8 has been created
Model int-A3-9 has been created
Model int-A3-10 has been created
Model int-A3-11 has been created
Model int-A3-12 has been created
Model int-A3-13 has been created
Model int-A3-14 has been created
Model int-A3-15 has been created
Model int-A3-16 has been created
Model int-A3-17 has been created
Model int-A3-18 has been created
Model int-A3-19 has been created
Model int-A3-20 has been created
Model int-A3-21 has been created
Model int-A3-22 has been created
Model int-A3-23 has been created
Model int-A3-24 has been created
Model int-A3-25 has been created
Model int-A3-26 has been created
Model int-A3-27 has been created
Model int-A3-28 has been created
Model int-A3-29 has been created
Model int-A3-30 has been created
Model int-A3-31 has been created
Model int-A3-32 has been created
Model int-A3-33 has been created
Model int-A3-34 has been created
Model int-A3-35 has been created
Model int-A3-36 has been created
Model int-A3-37 has been created
Model int-A3-38 has been created
Model int-A3-39 has been created
Model int-A3-40 has been created
Model int-A3-41 has been created
Model int-A3-42 has been created
Model int-A3-43 has been created
Model int-A3-44 has been created
Model int-A3-45 has been created
Model int-A3-46 has been created
Model int-A3-47 has been created
Model int-A3-48 has been created
Model int-A3-49 has been created
Model int-A3-50 has been created
Model int-A3-51 has been created
Model int-A3-52 has been created
Model int-A3-53 has been created
Model int-A3-54 has been created
Model int-A3-55 has been created
Model int-A3-56 has been created
Model int-A3-57 has been created
Model int-A3-58 has been created
Model int-A3-59 has been created
Model int-A3-60 has been created
Model int-A3-61 has been created
Model int-A3-62 has been created
Model int-A3-63 has been created
Model int-A3-64 has been created
Model int-A3-65 has been created
Model int-A3-66 has been created
Model int-A3-67 has been created
Model int-A3-68 has been created
Model int-A3-69 has been created
Model int-A3-70 has been created
Model int-A3-71 has been created
Model int-A3-72 has been created
Model int-A3-73 has been created
Model int-A3-74 has been created
Model int-A3-75 has been created
Model int-A3-76 has been created
Model int-A3-77 has been created
Model int-A3-78 has been created
Model int-A3-79 has been created
Model int-A3-80 has been created
Model int-A3-81 has been created
Model int-A3-82 has been created
Model int-A3-83 has been created
Model int-A3-84 has been created
Model int-A3-85 has been created
Model int-A3-86 has been created
Model int-A3-87 has been created
Model int-A3-88 has been created
Model int-A3-89 has been created
Model int-A3-90 has been created
Model int-A3-91 has been created
Model int-A3-92 has been created
Model int-A3-93 has been created
Model int-A3-94 has been created
Model int-A3-95 has been created
Model int-A3-96 has been created
Model int-A3-97 has been created
Model int-A3-98 has been created
Model int-A3-99 has been created
Model int-A3-100 has been created
Model int-S1-1 has been created
Model int-S1-2 has been created
Model int-S1-3 has been created
Model int-S1-4 has been created
Model int-S1-5 has been created
Model int-S1-6 has been created
Model int-S1-7 has been created
Model int-S1-8 has been created
Model int-S1-9 has been created
Model int-S1-10 has been created
Model int-S1-11 has been created
Model int-S1-12 has been created
Model int-S1-13 has been created
Model int-S1-14 has been created
Model int-S1-15 has been created
Model int-S1-16 has been created
Model int-S1-17 has been created
Model int-S1-18 has been created
Model int-S1-19 has been created
Model int-S1-20 has been created
Model int-S1-21 has been created
Model int-S1-22 has been created
Model int-S1-23 has been created
Model int-S1-24 has been created
Model int-S1-25 has been created
Model int-S1-26 has been created
Model int-S1-27 has been created
Model int-S1-28 has been created
Model int-S1-29 has been created
Model int-S1-30 has been created
Model int-S1-31 has been created
Model int-S1-32 has been created
Model int-S1-33 has been created
Model int-S1-34 has been created
Model int-S1-35 has been created
Model int-S1-36 has been created
Model int-S1-37 has been created
Model int-S1-38 has been created
Model int-S1-39 has been created
Model int-S1-40 has been created
Model int-S1-41 has been created
Model int-S1-42 has been created
Model int-S1-43 has been created
Model int-S1-44 has been created
Model int-S1-45 has been created
Model int-S1-46 has been created
Model int-S1-47 has been created
Model int-S1-48 has been created
Model int-S1-49 has been created
Model int-S1-50 has been created
Model int-S1-51 has been created
Model int-S1-52 has been created
Model int-S1-53 has been created
Model int-S1-54 has been created
Model int-S1-55 has been created
Model int-S1-56 has been created
Model int-S1-57 has been created
Model int-S1-58 has been created
Model int-S1-59 has been created
Model int-S1-60 has been created
Model int-S1-61 has been created
Model int-S1-62 has been created
Model int-S1-63 has been created
Model int-S1-64 has been created
Model int-S1-65 has been created
Model int-S1-66 has been created
Model int-S1-67 has been created
Model int-S1-68 has been created
Model int-S1-69 has been created
Model int-S1-70 has been created
Model int-S1-71 has been created
Model int-S1-72 has been created
Model int-S1-73 has been created
Model int-S1-74 has been created
Model int-S1-75 has been created
Model int-S1-76 has been created
Model int-S1-77 has been created
Model int-S1-78 has been created
Model int-S1-79 has been created
Model int-S1-80 has been created
Model int-S1-81 has been created
Model int-S1-82 has been created
Model int-S1-83 has been created
Model int-S1-84 has been created
Model int-S1-85 has been created
Model int-S1-86 has been created
Model int-S1-87 has been created
Model int-S1-88 has been created
Model int-S1-89 has been created
Model int-S1-90 has been created
Model int-S1-91 has been created
Model int-S1-92 has been created
Model int-S1-93 has been created
Model int-S1-94 has been created
Model int-S1-95 has been created
Model int-S1-96 has been created
Model int-S1-97 has been created
Model int-S1-98 has been created
Model int-S1-99 has been created
Model int-S1-100 has been created
Model int-SL1-1 has been created
Model int-SL1-2 has been created
Model int-SL1-3 has been created
Model int-SL1-4 has been created
Model int-SL1-5 has been created
Model int-SL1-6 has been created
Model int-SL1-7 has been created
Model int-SL1-8 has been created
Model int-SL1-9 has been created
Model int-SL1-10 has been created
Model int-SL1-11 has been created
Model int-SL1-12 has been created
Model int-SL1-13 has been created
Model int-SL1-14 has been created
Model int-SL1-15 has been created
Model int-SL1-16 has been created
Model int-SL1-17 has been created
Model int-SL1-18 has been created
Model int-SL1-19 has been created
Model int-SL1-20 has been created
Model int-SL1-21 has been created
Model int-SL1-22 has been created
Model int-SL1-23 has been created
Model int-SL1-24 has been created
Model int-SL1-25 has been created
Model int-SL1-26 has been created
Model int-SL1-27 has been created
Model int-SL1-28 has been created
Model int-SL1-29 has been created
Model int-SL1-30 has been created
Model int-SL1-31 has been created
Model int-SL1-32 has been created
Model int-SL1-33 has been created
Model int-SL1-34 has been created
Model int-SL1-35 has been created
Model int-SL1-36 has been created
Model int-SL1-37 has been created
Model int-SL1-38 has been created
Model int-SL1-39 has been created
Model int-SL1-40 has been created
Model int-SL1-41 has been created
Model int-SL1-42 has been created
Model int-SL1-43 has been created
Model int-SL1-44 has been created
Model int-SL1-45 has been created
Model int-SL1-46 has been created
Model int-SL1-47 has been created
Model int-SL1-48 has been created
Model int-SL1-49 has been created
Model int-SL1-50 has been created
Model int-SL1-51 has been created
Model int-SL1-52 has been created
Model int-SL1-53 has been created
Model int-SL1-54 has been created
Model int-SL1-55 has been created
Model int-SL1-56 has been created
Model int-SL1-57 has been created
Model int-SL1-58 has been created
Model int-SL1-59 has been created
Model int-SL1-60 has been created
Model int-SL1-61 has been created
Model int-SL1-62 has been created
Model int-SL1-63 has been created
Model int-SL1-64 has been created
Model int-SL1-65 has been created
Model int-SL1-66 has been created
Model int-SL1-67 has been created
Model int-SL1-68 has been created
Model int-SL1-69 has been created
Model int-SL1-70 has been created
Model int-SL1-71 has been created
Model int-SL1-72 has been created
Model int-SL1-73 has been created
Model int-SL1-74 has been created
Model int-SL1-75 has been created
Model int-SL1-76 has been created
Model int-SL1-77 has been created
Model int-SL1-78 has been created
Model int-SL1-79 has been created
Model int-SL1-80 has been created
Model int-SL1-81 has been created
Model int-SL1-82 has been created
Model int-SL1-83 has been created
Model int-SL1-84 has been created
Model int-SL1-85 has been created
Model int-SL1-86 has been created
Model int-SL1-87 has been created
Model int-SL1-88 has been created
Model int-SL1-89 has been created
Model int-SL1-90 has been created
Model int-SL1-91 has been created
Model int-SL1-92 has been created
Model int-SL1-93 has been created
Model int-SL1-94 has been created
Model int-SL1-95 has been created
Model int-SL1-96 has been created
Model int-SL1-97 has been created
Model int-SL1-98 has been created
Model int-SL1-99 has been created
Model int-SL1-100 has been created
Model int-SL2-1 has been created
Model int-SL2-2 has been created
Model int-SL2-3 has been created
Model int-SL2-4 has been created
Model int-SL2-5 has been created
Model int-SL2-6 has been created
Model int-SL2-7 has been created
Model int-SL2-8 has been created
Model int-SL2-9 has been created
Model int-SL2-10 has been created
Model int-SL2-11 has been created
Model int-SL2-12 has been created
Model int-SL2-13 has been created
Model int-SL2-14 has been created
Model int-SL2-15 has been created
Model int-SL2-16 has been created
Model int-SL2-17 has been created
Model int-SL2-18 has been created
Model int-SL2-19 has been created
Model int-SL2-20 has been created
Model int-SL2-21 has been created
Model int-SL2-22 has been created
Model int-SL2-23 has been created
Model int-SL2-24 has been created
Model int-SL2-25 has been created
Model int-SL2-26 has been created
Model int-SL2-27 has been created
Model int-SL2-28 has been created
Model int-SL2-29 has been created
Model int-SL2-30 has been created
Model int-SL2-31 has been created
Model int-SL2-32 has been created
Model int-SL2-33 has been created
Model int-SL2-34 has been created
Model int-SL2-35 has been created
Model int-SL2-36 has been created
Model int-SL2-37 has been created
Model int-SL2-38 has been created
Model int-SL2-39 has been created
Model int-SL2-40 has been created
Model int-SL2-41 has been created
Model int-SL2-42 has been created
Model int-SL2-43 has been created
Model int-SL2-44 has been created
Model int-SL2-45 has been created
Model int-SL2-46 has been created
Model int-SL2-47 has been created
Model int-SL2-48 has been created
Model int-SL2-49 has been created
Model int-SL2-50 has been created
Model int-SL2-51 has been created
Model int-SL2-52 has been created
Model int-SL2-53 has been created
Model int-SL2-54 has been created
Model int-SL2-55 has been created
Model int-SL2-56 has been created
Model int-SL2-57 has been created
Model int-SL2-58 has been created
Model int-SL2-59 has been created
Model int-SL2-60 has been created
Model int-SL2-61 has been created
Model int-SL2-62 has been created
Model int-SL2-63 has been created
Model int-SL2-64 has been created
Model int-SL2-65 has been created
Model int-SL2-66 has been created
Model int-SL2-67 has been created
Model int-SL2-68 has been created
Model int-SL2-69 has been created
Model int-SL2-70 has been created
Model int-SL2-71 has been created
Model int-SL2-72 has been created
Model int-SL2-73 has been created
Model int-SL2-74 has been created
Model int-SL2-75 has been created
Model int-SL2-76 has been created
Model int-SL2-77 has been created
Model int-SL2-78 has been created
Model int-SL2-79 has been created
Model int-SL2-80 has been created
Model int-SL2-81 has been created
Model int-SL2-82 has been created
Model int-SL2-83 has been created
Model int-SL2-84 has been created
Model int-SL2-85 has been created
Model int-SL2-86 has been created
Model int-SL2-87 has been created
Model int-SL2-88 has been created
Model int-SL2-89 has been created
Model int-SL2-90 has been created
Model int-SL2-91 has been created
Model int-SL2-92 has been created
Model int-SL2-93 has been created
Model int-SL2-94 has been created
Model int-SL2-95 has been created
Model int-SL2-96 has been created
Model int-SL2-97 has been created
Model int-SL2-98 has been created
Model int-SL2-99 has been created
Model int-SL2-100 has been created
Model int-SL3-1 has been created
Model int-SL3-2 has been created
Model int-SL3-3 has been created
Model int-SL3-4 has been created
Model int-SL3-5 has been created
Model int-SL3-6 has been created
Model int-SL3-7 has been created
Model int-SL3-8 has been created
Model int-SL3-9 has been created
Model int-SL3-10 has been created
Model int-SL3-11 has been created
Model int-SL3-12 has been created
Model int-SL3-13 has been created
Model int-SL3-14 has been created
Model int-SL3-15 has been created
Model int-SL3-16 has been created
Model int-SL3-17 has been created
Model int-SL3-18 has been created
Model int-SL3-19 has been created
Model int-SL3-20 has been created
Model int-SL3-21 has been created
Model int-SL3-22 has been created
Model int-SL3-23 has been created
Model int-SL3-24 has been created
Model int-SL3-25 has been created
Model int-SL3-26 has been created
Model int-SL3-27 has been created
Model int-SL3-28 has been created
Model int-SL3-29 has been created
Model int-SL3-30 has been created
Model int-SL3-31 has been created
Model int-SL3-32 has been created
Model int-SL3-33 has been created
Model int-SL3-34 has been created
Model int-SL3-35 has been created
Model int-SL3-36 has been created
Model int-SL3-37 has been created
Model int-SL3-38 has been created
Model int-SL3-39 has been created
Model int-SL3-40 has been created
Model int-SL3-41 has been created
Model int-SL3-42 has been created
Model int-SL3-43 has been created
Model int-SL3-44 has been created
Model int-SL3-45 has been created
Model int-SL3-46 has been created
Model int-SL3-47 has been created
Model int-SL3-48 has been created
Model int-SL3-49 has been created
Model int-SL3-50 has been created
Model int-SL3-51 has been created
Model int-SL3-52 has been created
Model int-SL3-53 has been created
Model int-SL3-54 has been created
Model int-SL3-55 has been created
Model int-SL3-56 has been created
Model int-SL3-57 has been created
Model int-SL3-58 has been created
Model int-SL3-59 has been created
Model int-SL3-60 has been created
Model int-SL3-61 has been created
Model int-SL3-62 has been created
Model int-SL3-63 has been created
Model int-SL3-64 has been created
Model int-SL3-65 has been created
Model int-SL3-66 has been created
Model int-SL3-67 has been created
Model int-SL3-68 has been created
Model int-SL3-69 has been created
Model int-SL3-70 has been created
Model int-SL3-71 has been created
Model int-SL3-72 has been created
Model int-SL3-73 has been created
Model int-SL3-74 has been created
Model int-SL3-75 has been created
Model int-SL3-76 has been created
Model int-SL3-77 has been created
Model int-SL3-78 has been created
Model int-SL3-79 has been created
Model int-SL3-80 has been created
Model int-SL3-81 has been created
Model int-SL3-82 has been created
Model int-SL3-83 has been created
Model int-SL3-84 has been created
Model int-SL3-85 has been created
Model int-SL3-86 has been created
Model int-SL3-87 has been created
Model int-SL3-88 has been created
Model int-SL3-89 has been created
Model int-SL3-90 has been created
Model int-SL3-91 has been created
Model int-SL3-92 has been created
Model int-SL3-93 has been created
Model int-SL3-94 has been created
Model int-SL3-95 has been created
Model int-SL3-96 has been created
Model int-SL3-97 has been created
Model int-SL3-98 has been created
Model int-SL3-99 has been created
Model int-SL3-100 has been created
Model int-S2-1 has been created
Model int-S2-2 has been created
Model int-S2-3 has been created
Model int-S2-4 has been created
Model int-S2-5 has been created
Model int-S2-6 has been created
Model int-S2-7 has been created
Model int-S2-8 has been created
Model int-S2-9 has been created
Model int-S2-10 has been created
Model int-S2-11 has been created
Model int-S2-12 has been created
Model int-S2-13 has been created
Model int-S2-14 has been created
Model int-S2-15 has been created
Model int-S2-16 has been created
Model int-S2-17 has been created
Model int-S2-18 has been created
Model int-S2-19 has been created
Model int-S2-20 has been created
Model int-S2-21 has been created
Model int-S2-22 has been created
Model int-S2-23 has been created
Model int-S2-24 has been created
Model int-S2-25 has been created
Model int-S2-26 has been created
Model int-S2-27 has been created
Model int-S2-28 has been created
Model int-S2-29 has been created
Model int-S2-30 has been created
Model int-S2-31 has been created
Model int-S2-32 has been created
Model int-S2-33 has been created
Model int-S2-34 has been created
Model int-S2-35 has been created
Model int-S2-36 has been created
Model int-S2-37 has been created
Model int-S2-38 has been created
Model int-S2-39 has been created
Model int-S2-40 has been created
Model int-S2-41 has been created
Model int-S2-42 has been created
Model int-S2-43 has been created
Model int-S2-44 has been created
Model int-S2-45 has been created
Model int-S2-46 has been created
Model int-S2-47 has been created
Model int-S2-48 has been created
Model int-S2-49 has been created
Model int-S2-50 has been created
Model int-S2-51 has been created
Model int-S2-52 has been created
Model int-S2-53 has been created
Model int-S2-54 has been created
Model int-S2-55 has been created
Model int-S2-56 has been created
Model int-S2-57 has been created
Model int-S2-58 has been created
Model int-S2-59 has been created
Model int-S2-60 has been created
Model int-S2-61 has been created
Model int-S2-62 has been created
Model int-S2-63 has been created
Model int-S2-64 has been created
Model int-S2-65 has been created
Model int-S2-66 has been created
Model int-S2-67 has been created
Model int-S2-68 has been created
Model int-S2-69 has been created
Model int-S2-70 has been created
Model int-S2-71 has been created
Model int-S2-72 has been created
Model int-S2-73 has been created
Model int-S2-74 has been created
Model int-S2-75 has been created
Model int-S2-76 has been created
Model int-S2-77 has been created
Model int-S2-78 has been created
Model int-S2-79 has been created
Model int-S2-80 has been created
Model int-S2-81 has been created
Model int-S2-82 has been created
Model int-S2-83 has been created
Model int-S2-84 has been created
Model int-S2-85 has been created
Model int-S2-86 has been created
Model int-S2-87 has been created
Model int-S2-88 has been created
Model int-S2-89 has been created
Model int-S2-90 has been created
Model int-S2-91 has been created
Model int-S2-92 has been created
Model int-S2-93 has been created
Model int-S2-94 has been created
Model int-S2-95 has been created
Model int-S2-96 has been created
Model int-S2-97 has been created
Model int-S2-98 has been created
Model int-S2-99 has been created
Model int-S2-100 has been created
Model int-TD1-1 has been created
Model int-TD1-2 has been created
Model int-TD1-3 has been created
Model int-TD1-4 has been created
Model int-TD1-5 has been created
Model int-TD1-6 has been created
Model int-TD1-7 has been created
Model int-TD1-8 has been created
Model int-TD1-9 has been created
Model int-TD1-10 has been created
Model int-TD1-11 has been created
Model int-TD1-12 has been created
Model int-TD1-13 has been created
Model int-TD1-14 has been created
Model int-TD1-15 has been created
Model int-TD1-16 has been created
Model int-TD1-17 has been created
Model int-TD1-18 has been created
Model int-TD1-19 has been created
Model int-TD1-20 has been created
Model int-TD1-21 has been created
Model int-TD1-22 has been created
Model int-TD1-23 has been created
Model int-TD1-24 has been created
Model int-TD1-25 has been created
Model int-TD1-26 has been created
Model int-TD1-27 has been created
Model int-TD1-28 has been created
Model int-TD1-29 has been created
Model int-TD1-30 has been created
Model int-TD1-31 has been created
Model int-TD1-32 has been created
Model int-TD1-33 has been created
Model int-TD1-34 has been created
Model int-TD1-35 has been created
Model int-TD1-36 has been created
Model int-TD1-37 has been created
Model int-TD1-38 has been created
Model int-TD1-39 has been created
Model int-TD1-40 has been created
Model int-TD1-41 has been created
Model int-TD1-42 has been created
Model int-TD1-43 has been created
Model int-TD1-44 has been created
Model int-TD1-45 has been created
Model int-TD1-46 has been created
Model int-TD1-47 has been created
Model int-TD1-48 has been created
Model int-TD1-49 has been created
Model int-TD1-50 has been created
Model int-TD1-51 has been created
Model int-TD1-52 has been created
Model int-TD1-53 has been created
Model int-TD1-54 has been created
Model int-TD1-55 has been created
Model int-TD1-56 has been created
Model int-TD1-57 has been created
Model int-TD1-58 has been created
Model int-TD1-59 has been created
Model int-TD1-60 has been created
Model int-TD1-61 has been created
Model int-TD1-62 has been created
Model int-TD1-63 has been created
Model int-TD1-64 has been created
Model int-TD1-65 has been created
Model int-TD1-66 has been created
Model int-TD1-67 has been created
Model int-TD1-68 has been created
Model int-TD1-69 has been created
Model int-TD1-70 has been created
Model int-TD1-71 has been created
Model int-TD1-72 has been created
Model int-TD1-73 has been created
Model int-TD1-74 has been created
Model int-TD1-75 has been created
Model int-TD1-76 has been created
Model int-TD1-77 has been created
Model int-TD1-78 has been created
Model int-TD1-79 has been created
Model int-TD1-80 has been created
Model int-TD1-81 has been created
Model int-TD1-82 has been created
Model int-TD1-83 has been created
Model int-TD1-84 has been created
Model int-TD1-85 has been created
Model int-TD1-86 has been created
Model int-TD1-87 has been created
Model int-TD1-88 has been created
Model int-TD1-89 has been created
Model int-TD1-90 has been created
Model int-TD1-91 has been created
Model int-TD1-92 has been created
Model int-TD1-93 has been created
Model int-TD1-94 has been created
Model int-TD1-95 has been created
Model int-TD1-96 has been created
Model int-TD1-97 has been created
Model int-TD1-98 has been created
Model int-TD1-99 has been created
Model int-TD1-100 has been created
Model int-TD2-1 has been created
Model int-TD2-2 has been created
Model int-TD2-3 has been created
Model int-TD2-4 has been created
Model int-TD2-5 has been created
Model int-TD2-6 has been created
Model int-TD2-7 has been created
Model int-TD2-8 has been created
Model int-TD2-9 has been created
Model int-TD2-10 has been created
Model int-TD2-11 has been created
Model int-TD2-12 has been created
Model int-TD2-13 has been created
Model int-TD2-14 has been created
Model int-TD2-15 has been created
Model int-TD2-16 has been created
Model int-TD2-17 has been created
Model int-TD2-18 has been created
Model int-TD2-19 has been created
Model int-TD2-20 has been created
Model int-TD2-21 has been created
Model int-TD2-22 has been created
Model int-TD2-23 has been created
Model int-TD2-24 has been created
Model int-TD2-25 has been created
Model int-TD2-26 has been created
Model int-TD2-27 has been created
Model int-TD2-28 has been created
Model int-TD2-29 has been created
Model int-TD2-30 has been created
Model int-TD2-31 has been created
Model int-TD2-32 has been created
Model int-TD2-33 has been created
Model int-TD2-34 has been created
Model int-TD2-35 has been created
Model int-TD2-36 has been created
Model int-TD2-37 has been created
Model int-TD2-38 has been created
Model int-TD2-39 has been created
Model int-TD2-40 has been created
Model int-TD2-41 has been created
Model int-TD2-42 has been created
Model int-TD2-43 has been created
Model int-TD2-44 has been created
Model int-TD2-45 has been created
Model int-TD2-46 has been created
Model int-TD2-47 has been created
Model int-TD2-48 has been created
Model int-TD2-49 has been created
Model int-TD2-50 has been created
Model int-TD2-51 has been created
Model int-TD2-52 has been created
Model int-TD2-53 has been created
Model int-TD2-54 has been created
Model int-TD2-55 has been created
Model int-TD2-56 has been created
Model int-TD2-57 has been created
Model int-TD2-58 has been created
Model int-TD2-59 has been created
Model int-TD2-60 has been created
Model int-TD2-61 has been created
Model int-TD2-62 has been created
Model int-TD2-63 has been created
Model int-TD2-64 has been created
Model int-TD2-65 has been created
Model int-TD2-66 has been created
Model int-TD2-67 has been created
Model int-TD2-68 has been created
Model int-TD2-69 has been created
Model int-TD2-70 has been created
Model int-TD2-71 has been created
Model int-TD2-72 has been created
Model int-TD2-73 has been created
Model int-TD2-74 has been created
Model int-TD2-75 has been created
Model int-TD2-76 has been created
Model int-TD2-77 has been created
Model int-TD2-78 has been created
Model int-TD2-79 has been created
Model int-TD2-80 has been created
Model int-TD2-81 has been created
Model int-TD2-82 has been created
Model int-TD2-83 has been created
Model int-TD2-84 has been created
Model int-TD2-85 has been created
Model int-TD2-86 has been created
Model int-TD2-87 has been created
Model int-TD2-88 has been created
Model int-TD2-89 has been created
Model int-TD2-90 has been created
Model int-TD2-91 has been created
Model int-TD2-92 has been created
Model int-TD2-93 has been created
Model int-TD2-94 has been created
Model int-TD2-95 has been created
Model int-TD2-96 has been created
Model int-TD2-97 has been created
Model int-TD2-98 has been created
Model int-TD2-99 has been created
Model int-TD2-100 has been created
Model int-D-1 has been created
Model int-D-2 has been created
Model int-D-3 has been created
Model int-D-4 has been created
Model int-D-5 has been created
Model int-D-6 has been created
Model int-D-7 has been created
Model int-D-8 has been created
Model int-D-9 has been created
Model int-D-10 has been created
Model int-D-11 has been created
Model int-D-12 has been created
Model int-D-13 has been created
Model int-D-14 has been created
Model int-D-15 has been created
Model int-D-16 has been created
Model int-D-17 has been created
Model int-D-18 has been created
Model int-D-19 has been created
Model int-D-20 has been created
Model int-D-21 has been created
Model int-D-22 has been created
Model int-D-23 has been created
Model int-D-24 has been created
Model int-D-25 has been created
Model int-D-26 has been created
Model int-D-27 has been created
Model int-D-28 has been created
Model int-D-29 has been created
Model int-D-30 has been created
Model int-D-31 has been created
Model int-D-32 has been created
Model int-D-33 has been created
Model int-D-34 has been created
Model int-D-35 has been created
Model int-D-36 has been created
Model int-D-37 has been created
Model int-D-38 has been created
Model int-D-39 has been created
Model int-D-40 has been created
Model int-D-41 has been created
Model int-D-42 has been created
Model int-D-43 has been created
Model int-D-44 has been created
Model int-D-45 has been created
Model int-D-46 has been created
Model int-D-47 has been created
Model int-D-48 has been created
Model int-D-49 has been created
Model int-D-50 has been created
Model int-D-51 has been created
Model int-D-52 has been created
Model int-D-53 has been created
Model int-D-54 has been created
Model int-D-55 has been created
Model int-D-56 has been created
Model int-D-57 has been created
Model int-D-58 has been created
Model int-D-59 has been created
Model int-D-60 has been created
Model int-D-61 has been created
Model int-D-62 has been created
Model int-D-63 has been created
Model int-D-64 has been created
Model int-D-65 has been created
Model int-D-66 has been created
Model int-D-67 has been created
Model int-D-68 has been created
Model int-D-69 has been created
Model int-D-70 has been created
Model int-D-71 has been created
Model int-D-72 has been created
Model int-D-73 has been created
Model int-D-74 has been created
Model int-D-75 has been created
Model int-D-76 has been created
Model int-D-77 has been created
Model int-D-78 has been created
Model int-D-79 has been created
Model int-D-80 has been created
Model int-D-81 has been created
Model int-D-82 has been created
Model int-D-83 has been created
Model int-D-84 has been created
Model int-D-85 has been created
Model int-D-86 has been created
Model int-D-87 has been created
Model int-D-88 has been created
Model int-D-89 has been created
Model int-D-90 has been created
Model int-D-91 has been created
Model int-D-92 has been created
Model int-D-93 has been created
Model int-D-94 has been created
Model int-D-95 has been created
Model int-D-96 has been created
Model int-D-97 has been created
Model int-D-98 has been created
Model int-D-99 has been created
Model int-D-100 has been created
Model int-All-1 has been created
Model int-All-2 has been created
Model int-All-3 has been created
Model int-All-4 has been created
Model int-All-5 has been created
Model int-All-6 has been created
Model int-All-7 has been created
Model int-All-8 has been created
Model int-All-9 has been created
Model int-All-10 has been created
Model int-All-11 has been created
Model int-All-12 has been created
Model int-All-13 has been created
Model int-All-14 has been created
Model int-All-15 has been created
Model int-All-16 has been created
Model int-All-17 has been created
Model int-All-18 has been created
Model int-All-19 has been created
Model int-All-20 has been created
Model int-All-21 has been created
Model int-All-22 has been created
Model int-All-23 has been created
Model int-All-24 has been created
Model int-All-25 has been created
Model int-All-26 has been created
Model int-All-27 has been created
Model int-All-28 has been created
Model int-All-29 has been created
Model int-All-30 has been created
Model int-All-31 has been created
Model int-All-32 has been created
Model int-All-33 has been created
Model int-All-34 has been created
Model int-All-35 has been created
Model int-All-36 has been created
Model int-All-37 has been created
Model int-All-38 has been created
Model int-All-39 has been created
Model int-All-40 has been created
Model int-All-41 has been created
Model int-All-42 has been created
Model int-All-43 has been created
Model int-All-44 has been created
Model int-All-45 has been created
Model int-All-46 has been created
Model int-All-47 has been created
Model int-All-48 has been created
Model int-All-49 has been created
Model int-All-50 has been created
Model int-All-51 has been created
Model int-All-52 has been created
Model int-All-53 has been created
Model int-All-54 has been created
Model int-All-55 has been created
Model int-All-56 has been created
Model int-All-57 has been created
Model int-All-58 has been created
Model int-All-59 has been created
Model int-All-60 has been created
Model int-All-61 has been created
Model int-All-62 has been created
Model int-All-63 has been created
Model int-All-64 has been created
Model int-All-65 has been created
Model int-All-66 has been created
Model int-All-67 has been created
Model int-All-68 has been created
Model int-All-69 has been created
Model int-All-70 has been created
Model int-All-71 has been created
Model int-All-72 has been created
Model int-All-73 has been created
Model int-All-74 has been created
Model int-All-75 has been created
Model int-All-76 has been created
Model int-All-77 has been created
Model int-All-78 has been created
Model int-All-79 has been created
Model int-All-80 has been created
Model int-All-81 has been created
Model int-All-82 has been created
Model int-All-83 has been created
Model int-All-84 has been created
Model int-All-85 has been created
Model int-All-86 has been created
Model int-All-87 has been created
Model int-All-88 has been created
Model int-All-89 has been created
Model int-All-90 has been created
Model int-All-91 has been created
Model int-All-92 has been created
Model int-All-93 has been created
Model int-All-94 has been created
Model int-All-95 has been created
Model int-All-96 has been created
Model int-All-97 has been created
Model int-All-98 has been created
Model int-All-99 has been created
Model int-All-100 has been created
Model spa-B-1 has been created
Model spa-B-2 has been created
Model spa-B-3 has been created
Model spa-B-4 has been created
Model spa-B-5 has been created
Model spa-B-6 has been created
Model spa-B-7 has been created
Model spa-B-8 has been created
Model spa-B-9 has been created
Model spa-B-10 has been created
Model spa-B-11 has been created
Model spa-B-12 has been created
Model spa-B-13 has been created
Model spa-B-14 has been created
Model spa-B-15 has been created
Model spa-B-16 has been created
Model spa-B-17 has been created
Model spa-B-18 has been created
Model spa-B-19 has been created
Model spa-B-20 has been created
Model spa-B-21 has been created
Model spa-B-22 has been created
Model spa-B-23 has been created
Model spa-B-24 has been created
Model spa-B-25 has been created
Model spa-B-26 has been created
Model spa-B-27 has been created
Model spa-B-28 has been created
Model spa-B-29 has been created
Model spa-B-30 has been created
Model spa-B-31 has been created
Model spa-B-32 has been created
Model spa-B-33 has been created
Model spa-B-34 has been created
Model spa-B-35 has been created
Model spa-B-36 has been created
Model spa-B-37 has been created
Model spa-B-38 has been created
Model spa-B-39 has been created
Model spa-B-40 has been created
Model spa-B-41 has been created
Model spa-B-42 has been created
Model spa-B-43 has been created
Model spa-B-44 has been created
Model spa-B-45 has been created
Model spa-B-46 has been created
Model spa-B-47 has been created
Model spa-B-48 has been created
Model spa-B-49 has been created
Model spa-B-50 has been created
Model spa-B-51 has been created
Model spa-B-52 has been created
Model spa-B-53 has been created
Model spa-B-54 has been created
Model spa-B-55 has been created
Model spa-B-56 has been created
Model spa-B-57 has been created
Model spa-B-58 has been created
Model spa-B-59 has been created
Model spa-B-60 has been created
Model spa-B-61 has been created
Model spa-B-62 has been created
Model spa-B-63 has been created
Model spa-B-64 has been created
Model spa-B-65 has been created
Model spa-B-66 has been created
Model spa-B-67 has been created
Model spa-B-68 has been created
Model spa-B-69 has been created
Model spa-B-70 has been created
Model spa-B-71 has been created
Model spa-B-72 has been created
Model spa-B-73 has been created
Model spa-B-74 has been created
Model spa-B-75 has been created
Model spa-B-76 has been created
Model spa-B-77 has been created
Model spa-B-78 has been created
Model spa-B-79 has been created
Model spa-B-80 has been created
Model spa-B-81 has been created
Model spa-B-82 has been created
Model spa-B-83 has been created
Model spa-B-84 has been created
Model spa-B-85 has been created
Model spa-B-86 has been created
Model spa-B-87 has been created
Model spa-B-88 has been created
Model spa-B-89 has been created
Model spa-B-90 has been created
Model spa-B-91 has been created
Model spa-B-92 has been created
Model spa-B-93 has been created
Model spa-B-94 has been created
Model spa-B-95 has been created
Model spa-B-96 has been created
Model spa-B-97 has been created
Model spa-B-98 has been created
Model spa-B-99 has been created
Model spa-B-100 has been created
Model spa-M-1 has been created
Model spa-M-2 has been created
Model spa-M-3 has been created
Model spa-M-4 has been created
Model spa-M-5 has been created
Model spa-M-6 has been created
Model spa-M-7 has been created
Model spa-M-8 has been created
Model spa-M-9 has been created
Model spa-M-10 has been created
Model spa-M-11 has been created
Model spa-M-12 has been created
Model spa-M-13 has been created
Model spa-M-14 has been created
Model spa-M-15 has been created
Model spa-M-16 has been created
Model spa-M-17 has been created
Model spa-M-18 has been created
Model spa-M-19 has been created
Model spa-M-20 has been created
Model spa-M-21 has been created
Model spa-M-22 has been created
Model spa-M-23 has been created
Model spa-M-24 has been created
Model spa-M-25 has been created
Model spa-M-26 has been created
Model spa-M-27 has been created
Model spa-M-28 has been created
Model spa-M-29 has been created
Model spa-M-30 has been created
Model spa-M-31 has been created
Model spa-M-32 has been created
Model spa-M-33 has been created
Model spa-M-34 has been created
Model spa-M-35 has been created
Model spa-M-36 has been created
Model spa-M-37 has been created
Model spa-M-38 has been created
Model spa-M-39 has been created
Model spa-M-40 has been created
Model spa-M-41 has been created
Model spa-M-42 has been created
Model spa-M-43 has been created
Model spa-M-44 has been created
Model spa-M-45 has been created
Model spa-M-46 has been created
Model spa-M-47 has been created
Model spa-M-48 has been created
Model spa-M-49 has been created
Model spa-M-50 has been created
Model spa-M-51 has been created
Model spa-M-52 has been created
Model spa-M-53 has been created
Model spa-M-54 has been created
Model spa-M-55 has been created
Model spa-M-56 has been created
Model spa-M-57 has been created
Model spa-M-58 has been created
Model spa-M-59 has been created
Model spa-M-60 has been created
Model spa-M-61 has been created
Model spa-M-62 has been created
Model spa-M-63 has been created
Model spa-M-64 has been created
Model spa-M-65 has been created
Model spa-M-66 has been created
Model spa-M-67 has been created
Model spa-M-68 has been created
Model spa-M-69 has been created
Model spa-M-70 has been created
Model spa-M-71 has been created
Model spa-M-72 has been created
Model spa-M-73 has been created
Model spa-M-74 has been created
Model spa-M-75 has been created
Model spa-M-76 has been created
Model spa-M-77 has been created
Model spa-M-78 has been created
Model spa-M-79 has been created
Model spa-M-80 has been created
Model spa-M-81 has been created
Model spa-M-82 has been created
Model spa-M-83 has been created
Model spa-M-84 has been created
Model spa-M-85 has been created
Model spa-M-86 has been created
Model spa-M-87 has been created
Model spa-M-88 has been created
Model spa-M-89 has been created
Model spa-M-90 has been created
Model spa-M-91 has been created
Model spa-M-92 has been created
Model spa-M-93 has been created
Model spa-M-94 has been created
Model spa-M-95 has been created
Model spa-M-96 has been created
Model spa-M-97 has been created
Model spa-M-98 has been created
Model spa-M-99 has been created
Model spa-M-100 has been created
Model spa-A1-1 has been created
Model spa-A1-2 has been created
Model spa-A1-3 has been created
Model spa-A1-4 has been created
Model spa-A1-5 has been created
Model spa-A1-6 has been created
Model spa-A1-7 has been created
Model spa-A1-8 has been created
Model spa-A1-9 has been created
Model spa-A1-10 has been created
Model spa-A1-11 has been created
Model spa-A1-12 has been created
Model spa-A1-13 has been created
Model spa-A1-14 has been created
Model spa-A1-15 has been created
Model spa-A1-16 has been created
Model spa-A1-17 has been created
Model spa-A1-18 has been created
Model spa-A1-19 has been created
Model spa-A1-20 has been created
Model spa-A1-21 has been created
Model spa-A1-22 has been created
Model spa-A1-23 has been created
Model spa-A1-24 has been created
Model spa-A1-25 has been created
Model spa-A1-26 has been created
Model spa-A1-27 has been created
Model spa-A1-28 has been created
Model spa-A1-29 has been created
Model spa-A1-30 has been created
Model spa-A1-31 has been created
Model spa-A1-32 has been created
Model spa-A1-33 has been created
Model spa-A1-34 has been created
Model spa-A1-35 has been created
Model spa-A1-36 has been created
Model spa-A1-37 has been created
Model spa-A1-38 has been created
Model spa-A1-39 has been created
Model spa-A1-40 has been created
Model spa-A1-41 has been created
Model spa-A1-42 has been created
Model spa-A1-43 has been created
Model spa-A1-44 has been created
Model spa-A1-45 has been created
Model spa-A1-46 has been created
Model spa-A1-47 has been created
Model spa-A1-48 has been created
Model spa-A1-49 has been created
Model spa-A1-50 has been created
Model spa-A1-51 has been created
Model spa-A1-52 has been created
Model spa-A1-53 has been created
Model spa-A1-54 has been created
Model spa-A1-55 has been created
Model spa-A1-56 has been created
Model spa-A1-57 has been created
Model spa-A1-58 has been created
Model spa-A1-59 has been created
Model spa-A1-60 has been created
Model spa-A1-61 has been created
Model spa-A1-62 has been created
Model spa-A1-63 has been created
Model spa-A1-64 has been created
Model spa-A1-65 has been created
Model spa-A1-66 has been created
Model spa-A1-67 has been created
Model spa-A1-68 has been created
Model spa-A1-69 has been created
Model spa-A1-70 has been created
Model spa-A1-71 has been created
Model spa-A1-72 has been created
Model spa-A1-73 has been created
Model spa-A1-74 has been created
Model spa-A1-75 has been created
Model spa-A1-76 has been created
Model spa-A1-77 has been created
Model spa-A1-78 has been created
Model spa-A1-79 has been created
Model spa-A1-80 has been created
Model spa-A1-81 has been created
Model spa-A1-82 has been created
Model spa-A1-83 has been created
Model spa-A1-84 has been created
Model spa-A1-85 has been created
Model spa-A1-86 has been created
Model spa-A1-87 has been created
Model spa-A1-88 has been created
Model spa-A1-89 has been created
Model spa-A1-90 has been created
Model spa-A1-91 has been created
Model spa-A1-92 has been created
Model spa-A1-93 has been created
Model spa-A1-94 has been created
Model spa-A1-95 has been created
Model spa-A1-96 has been created
Model spa-A1-97 has been created
Model spa-A1-98 has been created
Model spa-A1-99 has been created
Model spa-A1-100 has been created
Model spa-A2-1 has been created
Model spa-A2-2 has been created
Model spa-A2-3 has been created
Model spa-A2-4 has been created
Model spa-A2-5 has been created
Model spa-A2-6 has been created
Model spa-A2-7 has been created
Model spa-A2-8 has been created
Model spa-A2-9 has been created
Model spa-A2-10 has been created
Model spa-A2-11 has been created
Model spa-A2-12 has been created
Model spa-A2-13 has been created
Model spa-A2-14 has been created
Model spa-A2-15 has been created
Model spa-A2-16 has been created
Model spa-A2-17 has been created
Model spa-A2-18 has been created
Model spa-A2-19 has been created
Model spa-A2-20 has been created
Model spa-A2-21 has been created
Model spa-A2-22 has been created
Model spa-A2-23 has been created
Model spa-A2-24 has been created
Model spa-A2-25 has been created
Model spa-A2-26 has been created
Model spa-A2-27 has been created
Model spa-A2-28 has been created
Model spa-A2-29 has been created
Model spa-A2-30 has been created
Model spa-A2-31 has been created
Model spa-A2-32 has been created
Model spa-A2-33 has been created
Model spa-A2-34 has been created
Model spa-A2-35 has been created
Model spa-A2-36 has been created
Model spa-A2-37 has been created
Model spa-A2-38 has been created
Model spa-A2-39 has been created
Model spa-A2-40 has been created
Model spa-A2-41 has been created
Model spa-A2-42 has been created
Model spa-A2-43 has been created
Model spa-A2-44 has been created
Model spa-A2-45 has been created
Model spa-A2-46 has been created
Model spa-A2-47 has been created
Model spa-A2-48 has been created
Model spa-A2-49 has been created
Model spa-A2-50 has been created
Model spa-A2-51 has been created
Model spa-A2-52 has been created
Model spa-A2-53 has been created
Model spa-A2-54 has been created
Model spa-A2-55 has been created
Model spa-A2-56 has been created
Model spa-A2-57 has been created
Model spa-A2-58 has been created
Model spa-A2-59 has been created
Model spa-A2-60 has been created
Model spa-A2-61 has been created
Model spa-A2-62 has been created
Model spa-A2-63 has been created
Model spa-A2-64 has been created
Model spa-A2-65 has been created
Model spa-A2-66 has been created
Model spa-A2-67 has been created
Model spa-A2-68 has been created
Model spa-A2-69 has been created
Model spa-A2-70 has been created
Model spa-A2-71 has been created
Model spa-A2-72 has been created
Model spa-A2-73 has been created
Model spa-A2-74 has been created
Model spa-A2-75 has been created
Model spa-A2-76 has been created
Model spa-A2-77 has been created
Model spa-A2-78 has been created
Model spa-A2-79 has been created
Model spa-A2-80 has been created
Model spa-A2-81 has been created
Model spa-A2-82 has been created
Model spa-A2-83 has been created
Model spa-A2-84 has been created
Model spa-A2-85 has been created
Model spa-A2-86 has been created
Model spa-A2-87 has been created
Model spa-A2-88 has been created
Model spa-A2-89 has been created
Model spa-A2-90 has been created
Model spa-A2-91 has been created
Model spa-A2-92 has been created
Model spa-A2-93 has been created
Model spa-A2-94 has been created
Model spa-A2-95 has been created
Model spa-A2-96 has been created
Model spa-A2-97 has been created
Model spa-A2-98 has been created
Model spa-A2-99 has been created
Model spa-A2-100 has been created
Model spa-A3-1 has been created
Model spa-A3-2 has been created
Model spa-A3-3 has been created
Model spa-A3-4 has been created
Model spa-A3-5 has been created
Model spa-A3-6 has been created
Model spa-A3-7 has been created
Model spa-A3-8 has been created
Model spa-A3-9 has been created
Model spa-A3-10 has been created
Model spa-A3-11 has been created
Model spa-A3-12 has been created
Model spa-A3-13 has been created
Model spa-A3-14 has been created
Model spa-A3-15 has been created
Model spa-A3-16 has been created
Model spa-A3-17 has been created
Model spa-A3-18 has been created
Model spa-A3-19 has been created
Model spa-A3-20 has been created
Model spa-A3-21 has been created
Model spa-A3-22 has been created
Model spa-A3-23 has been created
Model spa-A3-24 has been created
Model spa-A3-25 has been created
Model spa-A3-26 has been created
Model spa-A3-27 has been created
Model spa-A3-28 has been created
Model spa-A3-29 has been created
Model spa-A3-30 has been created
Model spa-A3-31 has been created
Model spa-A3-32 has been created
Model spa-A3-33 has been created
Model spa-A3-34 has been created
Model spa-A3-35 has been created
Model spa-A3-36 has been created
Model spa-A3-37 has been created
Model spa-A3-38 has been created
Model spa-A3-39 has been created
Model spa-A3-40 has been created
Model spa-A3-41 has been created
Model spa-A3-42 has been created
Model spa-A3-43 has been created
Model spa-A3-44 has been created
Model spa-A3-45 has been created
Model spa-A3-46 has been created
Model spa-A3-47 has been created
Model spa-A3-48 has been created
Model spa-A3-49 has been created
Model spa-A3-50 has been created
Model spa-A3-51 has been created
Model spa-A3-52 has been created
Model spa-A3-53 has been created
Model spa-A3-54 has been created
Model spa-A3-55 has been created
Model spa-A3-56 has been created
Model spa-A3-57 has been created
Model spa-A3-58 has been created
Model spa-A3-59 has been created
Model spa-A3-60 has been created
Model spa-A3-61 has been created
Model spa-A3-62 has been created
Model spa-A3-63 has been created
Model spa-A3-64 has been created
Model spa-A3-65 has been created
Model spa-A3-66 has been created
Model spa-A3-67 has been created
Model spa-A3-68 has been created
Model spa-A3-69 has been created
Model spa-A3-70 has been created
Model spa-A3-71 has been created
Model spa-A3-72 has been created
Model spa-A3-73 has been created
Model spa-A3-74 has been created
Model spa-A3-75 has been created
Model spa-A3-76 has been created
Model spa-A3-77 has been created
Model spa-A3-78 has been created
Model spa-A3-79 has been created
Model spa-A3-80 has been created
Model spa-A3-81 has been created
Model spa-A3-82 has been created
Model spa-A3-83 has been created
Model spa-A3-84 has been created
Model spa-A3-85 has been created
Model spa-A3-86 has been created
Model spa-A3-87 has been created
Model spa-A3-88 has been created
Model spa-A3-89 has been created
Model spa-A3-90 has been created
Model spa-A3-91 has been created
Model spa-A3-92 has been created
Model spa-A3-93 has been created
Model spa-A3-94 has been created
Model spa-A3-95 has been created
Model spa-A3-96 has been created
Model spa-A3-97 has been created
Model spa-A3-98 has been created
Model spa-A3-99 has been created
Model spa-A3-100 has been created
Model spa-S1-1 has been created
Model spa-S1-2 has been created
Model spa-S1-3 has been created
Model spa-S1-4 has been created
Model spa-S1-5 has been created
Model spa-S1-6 has been created
Model spa-S1-7 has been created
Model spa-S1-8 has been created
Model spa-S1-9 has been created
Model spa-S1-10 has been created
Model spa-S1-11 has been created
Model spa-S1-12 has been created
Model spa-S1-13 has been created
Model spa-S1-14 has been created
Model spa-S1-15 has been created
Model spa-S1-16 has been created
Model spa-S1-17 has been created
Model spa-S1-18 has been created
Model spa-S1-19 has been created
Model spa-S1-20 has been created
Model spa-S1-21 has been created
Model spa-S1-22 has been created
Model spa-S1-23 has been created
Model spa-S1-24 has been created
Model spa-S1-25 has been created
Model spa-S1-26 has been created
Model spa-S1-27 has been created
Model spa-S1-28 has been created
Model spa-S1-29 has been created
Model spa-S1-30 has been created
Model spa-S1-31 has been created
Model spa-S1-32 has been created
Model spa-S1-33 has been created
Model spa-S1-34 has been created
Model spa-S1-35 has been created
Model spa-S1-36 has been created
Model spa-S1-37 has been created
Model spa-S1-38 has been created
Model spa-S1-39 has been created
Model spa-S1-40 has been created
Model spa-S1-41 has been created
Model spa-S1-42 has been created
Model spa-S1-43 has been created
Model spa-S1-44 has been created
Model spa-S1-45 has been created
Model spa-S1-46 has been created
Model spa-S1-47 has been created
Model spa-S1-48 has been created
Model spa-S1-49 has been created
Model spa-S1-50 has been created
Model spa-S1-51 has been created
Model spa-S1-52 has been created
Model spa-S1-53 has been created
Model spa-S1-54 has been created
Model spa-S1-55 has been created
Model spa-S1-56 has been created
Model spa-S1-57 has been created
Model spa-S1-58 has been created
Model spa-S1-59 has been created
Model spa-S1-60 has been created
Model spa-S1-61 has been created
Model spa-S1-62 has been created
Model spa-S1-63 has been created
Model spa-S1-64 has been created
Model spa-S1-65 has been created
Model spa-S1-66 has been created
Model spa-S1-67 has been created
Model spa-S1-68 has been created
Model spa-S1-69 has been created
Model spa-S1-70 has been created
Model spa-S1-71 has been created
Model spa-S1-72 has been created
Model spa-S1-73 has been created
Model spa-S1-74 has been created
Model spa-S1-75 has been created
Model spa-S1-76 has been created
Model spa-S1-77 has been created
Model spa-S1-78 has been created
Model spa-S1-79 has been created
Model spa-S1-80 has been created
Model spa-S1-81 has been created
Model spa-S1-82 has been created
Model spa-S1-83 has been created
Model spa-S1-84 has been created
Model spa-S1-85 has been created
Model spa-S1-86 has been created
Model spa-S1-87 has been created
Model spa-S1-88 has been created
Model spa-S1-89 has been created
Model spa-S1-90 has been created
Model spa-S1-91 has been created
Model spa-S1-92 has been created
Model spa-S1-93 has been created
Model spa-S1-94 has been created
Model spa-S1-95 has been created
Model spa-S1-96 has been created
Model spa-S1-97 has been created
Model spa-S1-98 has been created
Model spa-S1-99 has been created
Model spa-S1-100 has been created
Model spa-SL1-1 has been created
Model spa-SL1-2 has been created
Model spa-SL1-3 has been created
Model spa-SL1-4 has been created
Model spa-SL1-5 has been created
Model spa-SL1-6 has been created
Model spa-SL1-7 has been created
Model spa-SL1-8 has been created
Model spa-SL1-9 has been created
Model spa-SL1-10 has been created
Model spa-SL1-11 has been created
Model spa-SL1-12 has been created
Model spa-SL1-13 has been created
Model spa-SL1-14 has been created
Model spa-SL1-15 has been created
Model spa-SL1-16 has been created
Model spa-SL1-17 has been created
Model spa-SL1-18 has been created
Model spa-SL1-19 has been created
Model spa-SL1-20 has been created
Model spa-SL1-21 has been created
Model spa-SL1-22 has been created
Model spa-SL1-23 has been created
Model spa-SL1-24 has been created
Model spa-SL1-25 has been created
Model spa-SL1-26 has been created
Model spa-SL1-27 has been created
Model spa-SL1-28 has been created
Model spa-SL1-29 has been created
Model spa-SL1-30 has been created
Model spa-SL1-31 has been created
Model spa-SL1-32 has been created
Model spa-SL1-33 has been created
Model spa-SL1-34 has been created
Model spa-SL1-35 has been created
Model spa-SL1-36 has been created
Model spa-SL1-37 has been created
Model spa-SL1-38 has been created
Model spa-SL1-39 has been created
Model spa-SL1-40 has been created
Model spa-SL1-41 has been created
Model spa-SL1-42 has been created
Model spa-SL1-43 has been created
Model spa-SL1-44 has been created
Model spa-SL1-45 has been created
Model spa-SL1-46 has been created
Model spa-SL1-47 has been created
Model spa-SL1-48 has been created
Model spa-SL1-49 has been created
Model spa-SL1-50 has been created
Model spa-SL1-51 has been created
Model spa-SL1-52 has been created
Model spa-SL1-53 has been created
Model spa-SL1-54 has been created
Model spa-SL1-55 has been created
Model spa-SL1-56 has been created
Model spa-SL1-57 has been created
Model spa-SL1-58 has been created
Model spa-SL1-59 has been created
Model spa-SL1-60 has been created
Model spa-SL1-61 has been created
Model spa-SL1-62 has been created
Model spa-SL1-63 has been created
Model spa-SL1-64 has been created
Model spa-SL1-65 has been created
Model spa-SL1-66 has been created
Model spa-SL1-67 has been created
Model spa-SL1-68 has been created
Model spa-SL1-69 has been created
Model spa-SL1-70 has been created
Model spa-SL1-71 has been created
Model spa-SL1-72 has been created
Model spa-SL1-73 has been created
Model spa-SL1-74 has been created
Model spa-SL1-75 has been created
Model spa-SL1-76 has been created
Model spa-SL1-77 has been created
Model spa-SL1-78 has been created
Model spa-SL1-79 has been created
Model spa-SL1-80 has been created
Model spa-SL1-81 has been created
Model spa-SL1-82 has been created
Model spa-SL1-83 has been created
Model spa-SL1-84 has been created
Model spa-SL1-85 has been created
Model spa-SL1-86 has been created
Model spa-SL1-87 has been created
Model spa-SL1-88 has been created
Model spa-SL1-89 has been created
Model spa-SL1-90 has been created
Model spa-SL1-91 has been created
Model spa-SL1-92 has been created
Model spa-SL1-93 has been created
Model spa-SL1-94 has been created
Model spa-SL1-95 has been created
Model spa-SL1-96 has been created
Model spa-SL1-97 has been created
Model spa-SL1-98 has been created
Model spa-SL1-99 has been created
Model spa-SL1-100 has been created
Model spa-SL2-1 has been created
Model spa-SL2-2 has been created
Model spa-SL2-3 has been created
Model spa-SL2-4 has been created
Model spa-SL2-5 has been created
Model spa-SL2-6 has been created
Model spa-SL2-7 has been created
Model spa-SL2-8 has been created
Model spa-SL2-9 has been created
Model spa-SL2-10 has been created
Model spa-SL2-11 has been created
Model spa-SL2-12 has been created
Model spa-SL2-13 has been created
Model spa-SL2-14 has been created
Model spa-SL2-15 has been created
Model spa-SL2-16 has been created
Model spa-SL2-17 has been created
Model spa-SL2-18 has been created
Model spa-SL2-19 has been created
Model spa-SL2-20 has been created
Model spa-SL2-21 has been created
Model spa-SL2-22 has been created
Model spa-SL2-23 has been created
Model spa-SL2-24 has been created
Model spa-SL2-25 has been created
Model spa-SL2-26 has been created
Model spa-SL2-27 has been created
Model spa-SL2-28 has been created
Model spa-SL2-29 has been created
Model spa-SL2-30 has been created
Model spa-SL2-31 has been created
Model spa-SL2-32 has been created
Model spa-SL2-33 has been created
Model spa-SL2-34 has been created
Model spa-SL2-35 has been created
Model spa-SL2-36 has been created
Model spa-SL2-37 has been created
Model spa-SL2-38 has been created
Model spa-SL2-39 has been created
Model spa-SL2-40 has been created
Model spa-SL2-41 has been created
Model spa-SL2-42 has been created
Model spa-SL2-43 has been created
Model spa-SL2-44 has been created
Model spa-SL2-45 has been created
Model spa-SL2-46 has been created
Model spa-SL2-47 has been created
Model spa-SL2-48 has been created
Model spa-SL2-49 has been created
Model spa-SL2-50 has been created
Model spa-SL2-51 has been created
Model spa-SL2-52 has been created
Model spa-SL2-53 has been created
Model spa-SL2-54 has been created
Model spa-SL2-55 has been created
Model spa-SL2-56 has been created
Model spa-SL2-57 has been created
Model spa-SL2-58 has been created
Model spa-SL2-59 has been created
Model spa-SL2-60 has been created
Model spa-SL2-61 has been created
Model spa-SL2-62 has been created
Model spa-SL2-63 has been created
Model spa-SL2-64 has been created
Model spa-SL2-65 has been created
Model spa-SL2-66 has been created
Model spa-SL2-67 has been created
Model spa-SL2-68 has been created
Model spa-SL2-69 has been created
Model spa-SL2-70 has been created
Model spa-SL2-71 has been created
Model spa-SL2-72 has been created
Model spa-SL2-73 has been created
Model spa-SL2-74 has been created
Model spa-SL2-75 has been created
Model spa-SL2-76 has been created
Model spa-SL2-77 has been created
Model spa-SL2-78 has been created
Model spa-SL2-79 has been created
Model spa-SL2-80 has been created
Model spa-SL2-81 has been created
Model spa-SL2-82 has been created
Model spa-SL2-83 has been created
Model spa-SL2-84 has been created
Model spa-SL2-85 has been created
Model spa-SL2-86 has been created
Model spa-SL2-87 has been created
Model spa-SL2-88 has been created
Model spa-SL2-89 has been created
Model spa-SL2-90 has been created
Model spa-SL2-91 has been created
Model spa-SL2-92 has been created
Model spa-SL2-93 has been created
Model spa-SL2-94 has been created
Model spa-SL2-95 has been created
Model spa-SL2-96 has been created
Model spa-SL2-97 has been created
Model spa-SL2-98 has been created
Model spa-SL2-99 has been created
Model spa-SL2-100 has been created
Model spa-SL3-1 has been created
Model spa-SL3-2 has been created
Model spa-SL3-3 has been created
Model spa-SL3-4 has been created
Model spa-SL3-5 has been created
Model spa-SL3-6 has been created
Model spa-SL3-7 has been created
Model spa-SL3-8 has been created
Model spa-SL3-9 has been created
Model spa-SL3-10 has been created
Model spa-SL3-11 has been created
Model spa-SL3-12 has been created
Model spa-SL3-13 has been created
Model spa-SL3-14 has been created
Model spa-SL3-15 has been created
Model spa-SL3-16 has been created
Model spa-SL3-17 has been created
Model spa-SL3-18 has been created
Model spa-SL3-19 has been created
Model spa-SL3-20 has been created
Model spa-SL3-21 has been created
Model spa-SL3-22 has been created
Model spa-SL3-23 has been created
Model spa-SL3-24 has been created
Model spa-SL3-25 has been created
Model spa-SL3-26 has been created
Model spa-SL3-27 has been created
Model spa-SL3-28 has been created
Model spa-SL3-29 has been created
Model spa-SL3-30 has been created
Model spa-SL3-31 has been created
Model spa-SL3-32 has been created
Model spa-SL3-33 has been created
Model spa-SL3-34 has been created
Model spa-SL3-35 has been created
Model spa-SL3-36 has been created
Model spa-SL3-37 has been created
Model spa-SL3-38 has been created
Model spa-SL3-39 has been created
Model spa-SL3-40 has been created
Model spa-SL3-41 has been created
Model spa-SL3-42 has been created
Model spa-SL3-43 has been created
Model spa-SL3-44 has been created
Model spa-SL3-45 has been created
Model spa-SL3-46 has been created
Model spa-SL3-47 has been created
Model spa-SL3-48 has been created
Model spa-SL3-49 has been created
Model spa-SL3-50 has been created
Model spa-SL3-51 has been created
Model spa-SL3-52 has been created
Model spa-SL3-53 has been created
Model spa-SL3-54 has been created
Model spa-SL3-55 has been created
Model spa-SL3-56 has been created
Model spa-SL3-57 has been created
Model spa-SL3-58 has been created
Model spa-SL3-59 has been created
Model spa-SL3-60 has been created
Model spa-SL3-61 has been created
Model spa-SL3-62 has been created
Model spa-SL3-63 has been created
Model spa-SL3-64 has been created
Model spa-SL3-65 has been created
Model spa-SL3-66 has been created
Model spa-SL3-67 has been created
Model spa-SL3-68 has been created
Model spa-SL3-69 has been created
Model spa-SL3-70 has been created
Model spa-SL3-71 has been created
Model spa-SL3-72 has been created
Model spa-SL3-73 has been created
Model spa-SL3-74 has been created
Model spa-SL3-75 has been created
Model spa-SL3-76 has been created
Model spa-SL3-77 has been created
Model spa-SL3-78 has been created
Model spa-SL3-79 has been created
Model spa-SL3-80 has been created
Model spa-SL3-81 has been created
Model spa-SL3-82 has been created
Model spa-SL3-83 has been created
Model spa-SL3-84 has been created
Model spa-SL3-85 has been created
Model spa-SL3-86 has been created
Model spa-SL3-87 has been created
Model spa-SL3-88 has been created
Model spa-SL3-89 has been created
Model spa-SL3-90 has been created
Model spa-SL3-91 has been created
Model spa-SL3-92 has been created
Model spa-SL3-93 has been created
Model spa-SL3-94 has been created
Model spa-SL3-95 has been created
Model spa-SL3-96 has been created
Model spa-SL3-97 has been created
Model spa-SL3-98 has been created
Model spa-SL3-99 has been created
Model spa-SL3-100 has been created
Model spa-S2-1 has been created
Model spa-S2-2 has been created
Model spa-S2-3 has been created
Model spa-S2-4 has been created
Model spa-S2-5 has been created
Model spa-S2-6 has been created
Model spa-S2-7 has been created
Model spa-S2-8 has been created
Model spa-S2-9 has been created
Model spa-S2-10 has been created
Model spa-S2-11 has been created
Model spa-S2-12 has been created
Model spa-S2-13 has been created
Model spa-S2-14 has been created
Model spa-S2-15 has been created
Model spa-S2-16 has been created
Model spa-S2-17 has been created
Model spa-S2-18 has been created
Model spa-S2-19 has been created
Model spa-S2-20 has been created
Model spa-S2-21 has been created
Model spa-S2-22 has been created
Model spa-S2-23 has been created
Model spa-S2-24 has been created
Model spa-S2-25 has been created
Model spa-S2-26 has been created
Model spa-S2-27 has been created
Model spa-S2-28 has been created
Model spa-S2-29 has been created
Model spa-S2-30 has been created
Model spa-S2-31 has been created
Model spa-S2-32 has been created
Model spa-S2-33 has been created
Model spa-S2-34 has been created
Model spa-S2-35 has been created
Model spa-S2-36 has been created
Model spa-S2-37 has been created
Model spa-S2-38 has been created
Model spa-S2-39 has been created
Model spa-S2-40 has been created
Model spa-S2-41 has been created
Model spa-S2-42 has been created
Model spa-S2-43 has been created
Model spa-S2-44 has been created
Model spa-S2-45 has been created
Model spa-S2-46 has been created
Model spa-S2-47 has been created
Model spa-S2-48 has been created
Model spa-S2-49 has been created
Model spa-S2-50 has been created
Model spa-S2-51 has been created
Model spa-S2-52 has been created
Model spa-S2-53 has been created
Model spa-S2-54 has been created
Model spa-S2-55 has been created
Model spa-S2-56 has been created
Model spa-S2-57 has been created
Model spa-S2-58 has been created
Model spa-S2-59 has been created
Model spa-S2-60 has been created
Model spa-S2-61 has been created
Model spa-S2-62 has been created
Model spa-S2-63 has been created
Model spa-S2-64 has been created
Model spa-S2-65 has been created
Model spa-S2-66 has been created
Model spa-S2-67 has been created
Model spa-S2-68 has been created
Model spa-S2-69 has been created
Model spa-S2-70 has been created
Model spa-S2-71 has been created
Model spa-S2-72 has been created
Model spa-S2-73 has been created
Model spa-S2-74 has been created
Model spa-S2-75 has been created
Model spa-S2-76 has been created
Model spa-S2-77 has been created
Model spa-S2-78 has been created
Model spa-S2-79 has been created
Model spa-S2-80 has been created
Model spa-S2-81 has been created
Model spa-S2-82 has been created
Model spa-S2-83 has been created
Model spa-S2-84 has been created
Model spa-S2-85 has been created
Model spa-S2-86 has been created
Model spa-S2-87 has been created
Model spa-S2-88 has been created
Model spa-S2-89 has been created
Model spa-S2-90 has been created
Model spa-S2-91 has been created
Model spa-S2-92 has been created
Model spa-S2-93 has been created
Model spa-S2-94 has been created
Model spa-S2-95 has been created
Model spa-S2-96 has been created
Model spa-S2-97 has been created
Model spa-S2-98 has been created
Model spa-S2-99 has been created
Model spa-S2-100 has been created
Model spa-TD1-1 has been created
Model spa-TD1-2 has been created
Model spa-TD1-3 has been created
Model spa-TD1-4 has been created
Model spa-TD1-5 has been created
Model spa-TD1-6 has been created
Model spa-TD1-7 has been created
Model spa-TD1-8 has been created
Model spa-TD1-9 has been created
Model spa-TD1-10 has been created
Model spa-TD1-11 has been created
Model spa-TD1-12 has been created
Model spa-TD1-13 has been created
Model spa-TD1-14 has been created
Model spa-TD1-15 has been created
Model spa-TD1-16 has been created
Model spa-TD1-17 has been created
Model spa-TD1-18 has been created
Model spa-TD1-19 has been created
Model spa-TD1-20 has been created
Model spa-TD1-21 has been created
Model spa-TD1-22 has been created
Model spa-TD1-23 has been created
Model spa-TD1-24 has been created
Model spa-TD1-25 has been created
Model spa-TD1-26 has been created
Model spa-TD1-27 has been created
Model spa-TD1-28 has been created
Model spa-TD1-29 has been created
Model spa-TD1-30 has been created
Model spa-TD1-31 has been created
Model spa-TD1-32 has been created
Model spa-TD1-33 has been created
Model spa-TD1-34 has been created
Model spa-TD1-35 has been created
Model spa-TD1-36 has been created
Model spa-TD1-37 has been created
Model spa-TD1-38 has been created
Model spa-TD1-39 has been created
Model spa-TD1-40 has been created
Model spa-TD1-41 has been created
Model spa-TD1-42 has been created
Model spa-TD1-43 has been created
Model spa-TD1-44 has been created
Model spa-TD1-45 has been created
Model spa-TD1-46 has been created
Model spa-TD1-47 has been created
Model spa-TD1-48 has been created
Model spa-TD1-49 has been created
Model spa-TD1-50 has been created
Model spa-TD1-51 has been created
Model spa-TD1-52 has been created
Model spa-TD1-53 has been created
Model spa-TD1-54 has been created
Model spa-TD1-55 has been created
Model spa-TD1-56 has been created
Model spa-TD1-57 has been created
Model spa-TD1-58 has been created
Model spa-TD1-59 has been created
Model spa-TD1-60 has been created
Model spa-TD1-61 has been created
Model spa-TD1-62 has been created
Model spa-TD1-63 has been created
Model spa-TD1-64 has been created
Model spa-TD1-65 has been created
Model spa-TD1-66 has been created
Model spa-TD1-67 has been created
Model spa-TD1-68 has been created
Model spa-TD1-69 has been created
Model spa-TD1-70 has been created
Model spa-TD1-71 has been created
Model spa-TD1-72 has been created
Model spa-TD1-73 has been created
Model spa-TD1-74 has been created
Model spa-TD1-75 has been created
Model spa-TD1-76 has been created
Model spa-TD1-77 has been created
Model spa-TD1-78 has been created
Model spa-TD1-79 has been created
Model spa-TD1-80 has been created
Model spa-TD1-81 has been created
Model spa-TD1-82 has been created
Model spa-TD1-83 has been created
Model spa-TD1-84 has been created
Model spa-TD1-85 has been created
Model spa-TD1-86 has been created
Model spa-TD1-87 has been created
Model spa-TD1-88 has been created
Model spa-TD1-89 has been created
Model spa-TD1-90 has been created
Model spa-TD1-91 has been created
Model spa-TD1-92 has been created
Model spa-TD1-93 has been created
Model spa-TD1-94 has been created
Model spa-TD1-95 has been created
Model spa-TD1-96 has been created
Model spa-TD1-97 has been created
Model spa-TD1-98 has been created
Model spa-TD1-99 has been created
Model spa-TD1-100 has been created
Model spa-TD2-1 has been created
Model spa-TD2-2 has been created
Model spa-TD2-3 has been created
Model spa-TD2-4 has been created
Model spa-TD2-5 has been created
Model spa-TD2-6 has been created
Model spa-TD2-7 has been created
Model spa-TD2-8 has been created
Model spa-TD2-9 has been created
Model spa-TD2-10 has been created
Model spa-TD2-11 has been created
Model spa-TD2-12 has been created
Model spa-TD2-13 has been created
Model spa-TD2-14 has been created
Model spa-TD2-15 has been created
Model spa-TD2-16 has been created
Model spa-TD2-17 has been created
Model spa-TD2-18 has been created
Model spa-TD2-19 has been created
Model spa-TD2-20 has been created
Model spa-TD2-21 has been created
Model spa-TD2-22 has been created
Model spa-TD2-23 has been created
Model spa-TD2-24 has been created
Model spa-TD2-25 has been created
Model spa-TD2-26 has been created
Model spa-TD2-27 has been created
Model spa-TD2-28 has been created
Model spa-TD2-29 has been created
Model spa-TD2-30 has been created
Model spa-TD2-31 has been created
Model spa-TD2-32 has been created
Model spa-TD2-33 has been created
Model spa-TD2-34 has been created
Model spa-TD2-35 has been created
Model spa-TD2-36 has been created
Model spa-TD2-37 has been created
Model spa-TD2-38 has been created
Model spa-TD2-39 has been created
Model spa-TD2-40 has been created
Model spa-TD2-41 has been created
Model spa-TD2-42 has been created
Model spa-TD2-43 has been created
Model spa-TD2-44 has been created
Model spa-TD2-45 has been created
Model spa-TD2-46 has been created
Model spa-TD2-47 has been created
Model spa-TD2-48 has been created
Model spa-TD2-49 has been created
Model spa-TD2-50 has been created
Model spa-TD2-51 has been created
Model spa-TD2-52 has been created
Model spa-TD2-53 has been created
Model spa-TD2-54 has been created
Model spa-TD2-55 has been created
Model spa-TD2-56 has been created
Model spa-TD2-57 has been created
Model spa-TD2-58 has been created
Model spa-TD2-59 has been created
Model spa-TD2-60 has been created
Model spa-TD2-61 has been created
Model spa-TD2-62 has been created
Model spa-TD2-63 has been created
Model spa-TD2-64 has been created
Model spa-TD2-65 has been created
Model spa-TD2-66 has been created
Model spa-TD2-67 has been created
Model spa-TD2-68 has been created
Model spa-TD2-69 has been created
Model spa-TD2-70 has been created
Model spa-TD2-71 has been created
Model spa-TD2-72 has been created
Model spa-TD2-73 has been created
Model spa-TD2-74 has been created
Model spa-TD2-75 has been created
Model spa-TD2-76 has been created
Model spa-TD2-77 has been created
Model spa-TD2-78 has been created
Model spa-TD2-79 has been created
Model spa-TD2-80 has been created
Model spa-TD2-81 has been created
Model spa-TD2-82 has been created
Model spa-TD2-83 has been created
Model spa-TD2-84 has been created
Model spa-TD2-85 has been created
Model spa-TD2-86 has been created
Model spa-TD2-87 has been created
Model spa-TD2-88 has been created
Model spa-TD2-89 has been created
Model spa-TD2-90 has been created
Model spa-TD2-91 has been created
Model spa-TD2-92 has been created
Model spa-TD2-93 has been created
Model spa-TD2-94 has been created
Model spa-TD2-95 has been created
Model spa-TD2-96 has been created
Model spa-TD2-97 has been created
Model spa-TD2-98 has been created
Model spa-TD2-99 has been created
Model spa-TD2-100 has been created
Model spa-D-1 has been created
Model spa-D-2 has been created
Model spa-D-3 has been created
Model spa-D-4 has been created
Model spa-D-5 has been created
Model spa-D-6 has been created
Model spa-D-7 has been created
Model spa-D-8 has been created
Model spa-D-9 has been created
Model spa-D-10 has been created
Model spa-D-11 has been created
Model spa-D-12 has been created
Model spa-D-13 has been created
Model spa-D-14 has been created
Model spa-D-15 has been created
Model spa-D-16 has been created
Model spa-D-17 has been created
Model spa-D-18 has been created
Model spa-D-19 has been created
Model spa-D-20 has been created
Model spa-D-21 has been created
Model spa-D-22 has been created
Model spa-D-23 has been created
Model spa-D-24 has been created
Model spa-D-25 has been created
Model spa-D-26 has been created
Model spa-D-27 has been created
Model spa-D-28 has been created
Model spa-D-29 has been created
Model spa-D-30 has been created
Model spa-D-31 has been created
Model spa-D-32 has been created
Model spa-D-33 has been created
Model spa-D-34 has been created
Model spa-D-35 has been created
Model spa-D-36 has been created
Model spa-D-37 has been created
Model spa-D-38 has been created
Model spa-D-39 has been created
Model spa-D-40 has been created
Model spa-D-41 has been created
Model spa-D-42 has been created
Model spa-D-43 has been created
Model spa-D-44 has been created
Model spa-D-45 has been created
Model spa-D-46 has been created
Model spa-D-47 has been created
Model spa-D-48 has been created
Model spa-D-49 has been created
Model spa-D-50 has been created
Model spa-D-51 has been created
Model spa-D-52 has been created
Model spa-D-53 has been created
Model spa-D-54 has been created
Model spa-D-55 has been created
Model spa-D-56 has been created
Model spa-D-57 has been created
Model spa-D-58 has been created
Model spa-D-59 has been created
Model spa-D-60 has been created
Model spa-D-61 has been created
Model spa-D-62 has been created
Model spa-D-63 has been created
Model spa-D-64 has been created
Model spa-D-65 has been created
Model spa-D-66 has been created
Model spa-D-67 has been created
Model spa-D-68 has been created
Model spa-D-69 has been created
Model spa-D-70 has been created
Model spa-D-71 has been created
Model spa-D-72 has been created
Model spa-D-73 has been created
Model spa-D-74 has been created
Model spa-D-75 has been created
Model spa-D-76 has been created
Model spa-D-77 has been created
Model spa-D-78 has been created
Model spa-D-79 has been created
Model spa-D-80 has been created
Model spa-D-81 has been created
Model spa-D-82 has been created
Model spa-D-83 has been created
Model spa-D-84 has been created
Model spa-D-85 has been created
Model spa-D-86 has been created
Model spa-D-87 has been created
Model spa-D-88 has been created
Model spa-D-89 has been created
Model spa-D-90 has been created
Model spa-D-91 has been created
Model spa-D-92 has been created
Model spa-D-93 has been created
Model spa-D-94 has been created
Model spa-D-95 has been created
Model spa-D-96 has been created
Model spa-D-97 has been created
Model spa-D-98 has been created
Model spa-D-99 has been created
Model spa-D-100 has been created
Model spa-All-1 has been created
Model spa-All-2 has been created
Model spa-All-3 has been created
Model spa-All-4 has been created
Model spa-All-5 has been created
Model spa-All-6 has been created
Model spa-All-7 has been created
Model spa-All-8 has been created
Model spa-All-9 has been created
Model spa-All-10 has been created
Model spa-All-11 has been created
Model spa-All-12 has been created
Model spa-All-13 has been created
Model spa-All-14 has been created
Model spa-All-15 has been created
Model spa-All-16 has been created
Model spa-All-17 has been created
Model spa-All-18 has been created
Model spa-All-19 has been created
Model spa-All-20 has been created
Model spa-All-21 has been created
Model spa-All-22 has been created
Model spa-All-23 has been created
Model spa-All-24 has been created
Model spa-All-25 has been created
Model spa-All-26 has been created
Model spa-All-27 has been created
Model spa-All-28 has been created
Model spa-All-29 has been created
Model spa-All-30 has been created
Model spa-All-31 has been created
Model spa-All-32 has been created
Model spa-All-33 has been created
Model spa-All-34 has been created
Model spa-All-35 has been created
Model spa-All-36 has been created
Model spa-All-37 has been created
Model spa-All-38 has been created
Model spa-All-39 has been created
Model spa-All-40 has been created
Model spa-All-41 has been created
Model spa-All-42 has been created
Model spa-All-43 has been created
Model spa-All-44 has been created
Model spa-All-45 has been created
Model spa-All-46 has been created
Model spa-All-47 has been created
Model spa-All-48 has been created
Model spa-All-49 has been created
Model spa-All-50 has been created
Model spa-All-51 has been created
Model spa-All-52 has been created
Model spa-All-53 has been created
Model spa-All-54 has been created
Model spa-All-55 has been created
Model spa-All-56 has been created
Model spa-All-57 has been created
Model spa-All-58 has been created
Model spa-All-59 has been created
Model spa-All-60 has been created
Model spa-All-61 has been created
Model spa-All-62 has been created
Model spa-All-63 has been created
Model spa-All-64 has been created
Model spa-All-65 has been created
Model spa-All-66 has been created
Model spa-All-67 has been created
Model spa-All-68 has been created
Model spa-All-69 has been created
Model spa-All-70 has been created
Model spa-All-71 has been created
Model spa-All-72 has been created
Model spa-All-73 has been created
Model spa-All-74 has been created
Model spa-All-75 has been created
Model spa-All-76 has been created
Model spa-All-77 has been created
Model spa-All-78 has been created
Model spa-All-79 has been created
Model spa-All-80 has been created
Model spa-All-81 has been created
Model spa-All-82 has been created
Model spa-All-83 has been created
Model spa-All-84 has been created
Model spa-All-85 has been created
Model spa-All-86 has been created
Model spa-All-87 has been created
Model spa-All-88 has been created
Model spa-All-89 has been created
Model spa-All-90 has been created
Model spa-All-91 has been created
Model spa-All-92 has been created
Model spa-All-93 has been created
Model spa-All-94 has been created
Model spa-All-95 has been created
Model spa-All-96 has been created
Model spa-All-97 has been created
Model spa-All-98 has been created
Model spa-All-99 has been created
Model spa-All-100 has been created
Moving to the estimation step. This step going to take a lot of time. Relax!
Traceback (most recent call last):
  File "/panfs/roc/groups/5/malkofah/jaber038/projects/residual/main.py", line 66, in <module>
    run.run(n=NSIMS)
  File "/panfs/roc/groups/5/malkofah/jaber038/projects/residual/src/help/run.py", line 21, in run
    for i in range(1, NSIMS+1):
TypeError: can only concatenate str (not "int") to str
