Starting NMTRAN
  
 WARNINGS AND ERRORS (IF ANY) FOR PROBLEM    1
             
 (WARNING  2) NM-TRAN INFERS THAT THE DATA ARE POPULATION.
Building NONMEM Executable
Starting nonmem execution ...
License Registered to: University of Minnesota
Expiration Date:    14 APR 2022
Current Date:       30 SEP 2021
Days until program expires : 199


 First Order Conditional Estimation with Interaction
 MONITORING OF SEARCH:


0ITERATION NO.:    0    OBJECTIVE VALUE:  -1703.79494178553        NO. OF FUNC. EVALS.:   9
 CUMULATIVE NO. OF FUNC. EVALS.:        9
 NPARAMETR:  1.0000E+00  1.0000E+00  1.0000E+00  1.0000E+00  1.0000E+00  1.0000E+00  1.0000E+00
 PARAMETER:  1.0000E-01  1.0000E-01  1.0000E-01  1.0000E-01  1.0000E-01  1.0000E-01  1.0000E-01
 GRADIENT:   4.6539E+02  1.6916E+02 -8.4909E+02  5.9169E+01  1.1938E+02 -4.2216E+02 -5.2061E+02

0ITERATION NO.:    5    OBJECTIVE VALUE:  -2021.92285378168        NO. OF FUNC. EVALS.:  51
 CUMULATIVE NO. OF FUNC. EVALS.:       60
 NPARAMETR:  1.0388E+00  1.0308E+00  1.5833E+00  1.0024E+00  6.2915E-01  1.2162E+00  1.2313E+00
 PARAMETER:  1.3802E-01  1.3030E-01  5.5951E-01  1.0241E-01 -3.6339E-01  2.9573E-01  3.0805E-01
 GRADIENT:   4.9467E+02  1.0285E+02 -8.5604E+01  3.7736E+01  1.0501E+01 -7.3918E+01 -8.2281E+01

0ITERATION NO.:   10    OBJECTIVE VALUE:  -2048.43071310001        NO. OF FUNC. EVALS.: 122
 CUMULATIVE NO. OF FUNC. EVALS.:      182
 NPARAMETR:  1.0129E+00  1.0594E+00  1.8170E+00  9.8113E-01  6.6779E-01  1.8325E+00  1.2322E+00
 PARAMETER:  1.1279E-01  1.5773E-01  6.9721E-01  8.0951E-02 -3.0378E-01  7.0568E-01  3.0877E-01
 GRADIENT:   1.4580E+01  2.4459E+01 -2.7903E+01  1.5631E-01  7.8359E+00 -7.1419E+00 -2.9157E+01

0ITERATION NO.:   15    OBJECTIVE VALUE:  -2050.25387081891        NO. OF FUNC. EVALS.: 116
 CUMULATIVE NO. OF FUNC. EVALS.:      298            RESET HESSIAN, TYPE II
 NPARAMETR:  1.0069E+00  1.0547E+00  1.9680E+00  9.8003E-01  6.5331E-01  1.9788E+00  1.2622E+00
 PARAMETER:  1.0689E-01  1.5325E-01  7.7701E-01  7.9826E-02 -3.2570E-01  7.8251E-01  3.3289E-01
 GRADIENT:   3.1288E+02  2.3376E+02  1.6964E+01  3.1294E+01  2.1914E+01  8.7831E+00  3.3128E+00

0ITERATION NO.:   17    OBJECTIVE VALUE:  -2050.25387081891        NO. OF FUNC. EVALS.:  35
 CUMULATIVE NO. OF FUNC. EVALS.:      333
 NPARAMETR:  1.0069E+00  1.0547E+00  1.9680E+00  9.8003E-01  6.5331E-01  1.9788E+00  1.2622E+00
 PARAMETER:  1.0689E-01  1.5325E-01  7.7701E-01  7.9826E-02 -3.2570E-01  7.8251E-01  3.3289E-01
 GRADIENT:   1.3427E+00 -9.7725E-01 -2.0499E-01  1.0100E-01  1.3711E-01  2.1438E-01 -1.6164E-02
 Elapsed estimation  time in seconds:     1.81
 Elapsed postprocess time in seconds:     0.00
 Elapsed finaloutput time in seconds:     0.00
Done with nonmem execution
Starting NMTRAN
  
 WARNINGS AND ERRORS (IF ANY) FOR PROBLEM    1
             
 (WARNING  2) NM-TRAN INFERS THAT THE DATA ARE POPULATION.
Building NONMEM Executable
Starting nonmem execution ...
License Registered to: University of Minnesota
Expiration Date:    14 APR 2022
Current Date:       30 SEP 2021
Days until program expires : 199


 First Order Conditional Estimation with Interaction
 MONITORING OF SEARCH:


0ITERATION NO.:    0    OBJECTIVE VALUE:  -1812.43288358171        NO. OF FUNC. EVALS.:   9
 CUMULATIVE NO. OF FUNC. EVALS.:        9
 NPARAMETR:  1.0000E+00  1.0000E+00  1.0000E+00  1.0000E+00  1.0000E+00  1.0000E+00  1.0000E+00
 PARAMETER:  1.0000E-01  1.0000E-01  1.0000E-01  1.0000E-01  1.0000E-01  1.0000E-01  1.0000E-01
 GRADIENT:   4.6913E+02  1.0753E+02 -8.0769E+02  3.9796E+01  1.2541E+02 -3.4694E+02 -3.3315E+02

0ITERATION NO.:    5    OBJECTIVE VALUE:  -2071.93957143583        NO. OF FUNC. EVALS.:  52
 CUMULATIVE NO. OF FUNC. EVALS.:       61
 NPARAMETR:  1.1026E+00  1.0740E+00  1.7571E+00  1.0448E+00  5.9204E-01  1.1591E+00  1.1002E+00
 PARAMETER:  1.9767E-01  1.7137E-01  6.6364E-01  1.4378E-01 -4.2418E-01  2.4763E-01  1.9549E-01
 GRADIENT:   9.1887E+02  3.2890E+02  4.3900E+01  2.9134E+01  2.0019E+01 -7.5124E+01 -7.2481E+01

0ITERATION NO.:   10    OBJECTIVE VALUE:  -2099.42736166069        NO. OF FUNC. EVALS.: 125
 CUMULATIVE NO. OF FUNC. EVALS.:      186
 NPARAMETR:  9.8897E-01  1.0751E+00  1.7750E+00  9.9906E-01  6.0980E-01  1.5893E+00  1.1518E+00
 PARAMETER:  8.8906E-02  1.7237E-01  6.7380E-01  9.9059E-02 -3.9462E-01  5.6331E-01  2.4133E-01
 GRADIENT:   1.1280E+01  2.7365E+01 -1.2648E+01 -2.8612E-03  3.1638E+00 -6.0965E+00  1.8666E+00

0ITERATION NO.:   15    OBJECTIVE VALUE:  -2099.88452278908        NO. OF FUNC. EVALS.: 106
 CUMULATIVE NO. OF FUNC. EVALS.:      292
 NPARAMETR:  9.8357E-01  1.0701E+00  1.8301E+00  9.9880E-01  6.0411E-01  1.6759E+00  1.1440E+00
 PARAMETER:  8.3432E-02  1.6773E-01  7.0436E-01  9.8802E-02 -4.0400E-01  6.1637E-01  2.3451E-01
 GRADIENT:  -1.3600E-01 -1.4495E-01 -7.9148E-02 -4.8686E-03 -2.4477E-01  1.7997E-02 -9.1848E-02
 Elapsed estimation  time in seconds:     1.48
 Elapsed postprocess time in seconds:     0.00
 Elapsed finaloutput time in seconds:     0.00
Done with nonmem execution
Starting NMTRAN
  
 WARNINGS AND ERRORS (IF ANY) FOR PROBLEM    1
             
 (WARNING  2) NM-TRAN INFERS THAT THE DATA ARE POPULATION.
Building NONMEM Executable
Starting nonmem execution ...
License Registered to: University of Minnesota
Expiration Date:    14 APR 2022
Current Date:       30 SEP 2021
Days until program expires : 199


 First Order Conditional Estimation with Interaction
 MONITORING OF SEARCH:


0ITERATION NO.:    0    OBJECTIVE VALUE:  -1833.34288145041        NO. OF FUNC. EVALS.:   9
 CUMULATIVE NO. OF FUNC. EVALS.:        9
 NPARAMETR:  1.0000E+00  1.0000E+00  1.0000E+00  1.0000E+00  1.0000E+00  1.0000E+00  1.0000E+00
 PARAMETER:  1.0000E-01  1.0000E-01  1.0000E-01  1.0000E-01  1.0000E-01  1.0000E-01  1.0000E-01
 GRADIENT:   4.3925E+02  1.1694E+02 -8.1590E+02  7.9269E+01  1.1440E+02 -3.2847E+02 -3.8249E+02

0ITERATION NO.:    5    OBJECTIVE VALUE:  -2084.07645861975        NO. OF FUNC. EVALS.:  94
 CUMULATIVE NO. OF FUNC. EVALS.:      103
 NPARAMETR:  1.0811E+00  1.1767E+00  2.1223E+00  1.0308E+00  7.1483E-01  1.4265E+00  1.3415E+00
 PARAMETER:  1.7795E-01  2.6270E-01  8.5251E-01  1.3036E-01 -2.3571E-01  4.5526E-01  3.9379E-01
 GRADIENT:   1.0775E+02  3.0329E+02  1.0985E+02 -5.1507E-01  7.4203E+00 -2.5446E+01  5.8368E+01

0ITERATION NO.:   10    OBJECTIVE VALUE:  -2111.86861014113        NO. OF FUNC. EVALS.: 123
 CUMULATIVE NO. OF FUNC. EVALS.:      226
 NPARAMETR:  1.0258E+00  1.1014E+00  1.7318E+00  1.0048E+00  6.8772E-01  1.2550E+00  1.2595E+00
 PARAMETER:  1.2552E-01  1.9659E-01  6.4913E-01  1.0482E-01 -2.7438E-01  3.2715E-01  3.3070E-01
 GRADIENT:  -2.8319E-01  5.5410E+01 -2.9795E+00 -5.0384E+00  1.5777E+01 -1.5063E+01  1.4932E+01

0ITERATION NO.:   15    OBJECTIVE VALUE:  -2113.75621741497        NO. OF FUNC. EVALS.: 114
 CUMULATIVE NO. OF FUNC. EVALS.:      340
 NPARAMETR:  1.0263E+00  1.0873E+00  1.7651E+00  1.0181E+00  6.5872E-01  1.4088E+00  1.2239E+00
 PARAMETER:  1.2596E-01  1.8371E-01  6.6822E-01  1.1798E-01 -3.1746E-01  4.4273E-01  3.0206E-01
 GRADIENT:   2.1948E+00 -1.8505E+00 -2.1838E-01  3.9802E-01  2.7295E-01  8.6902E-02  1.2308E-01

0ITERATION NO.:   16    OBJECTIVE VALUE:  -2113.75621741497        NO. OF FUNC. EVALS.:  14
 CUMULATIVE NO. OF FUNC. EVALS.:      354
 NPARAMETR:  1.0263E+00  1.0873E+00  1.7651E+00  1.0181E+00  6.5872E-01  1.4088E+00  1.2239E+00
 PARAMETER:  1.2596E-01  1.8371E-01  6.6822E-01  1.1798E-01 -3.1746E-01  4.4273E-01  3.0206E-01
 GRADIENT:   2.1948E+00 -1.8505E+00 -2.1838E-01  3.9802E-01  2.7295E-01  8.6902E-02  1.2308E-01
 Elapsed estimation  time in seconds:     1.91
 Elapsed postprocess time in seconds:     0.00
 Elapsed finaloutput time in seconds:     0.00
Done with nonmem execution
Starting NMTRAN
  
 WARNINGS AND ERRORS (IF ANY) FOR PROBLEM    1
             
 (WARNING  2) NM-TRAN INFERS THAT THE DATA ARE POPULATION.
Building NONMEM Executable
Starting nonmem execution ...
License Registered to: University of Minnesota
Expiration Date:    14 APR 2022
Current Date:       30 SEP 2021
Days until program expires : 199


 First Order Conditional Estimation with Interaction
 MONITORING OF SEARCH:


0ITERATION NO.:    0    OBJECTIVE VALUE:  -1787.59207784275        NO. OF FUNC. EVALS.:   9
 CUMULATIVE NO. OF FUNC. EVALS.:        9
 NPARAMETR:  1.0000E+00  1.0000E+00  1.0000E+00  1.0000E+00  1.0000E+00  1.0000E+00  1.0000E+00
 PARAMETER:  1.0000E-01  1.0000E-01  1.0000E-01  1.0000E-01  1.0000E-01  1.0000E-01  1.0000E-01
 GRADIENT:   5.0724E+02  1.6243E+02 -6.4102E+02  3.2747E+01  1.1039E+02 -2.7825E+02 -4.0659E+02

0ITERATION NO.:    5    OBJECTIVE VALUE:  -1991.21196080715        NO. OF FUNC. EVALS.:  66
 CUMULATIVE NO. OF FUNC. EVALS.:       75
 NPARAMETR:  9.4817E-01  1.0690E+00  1.4504E+00  1.0711E+00  5.7148E-01  1.5703E+00  1.3011E+00
 PARAMETER:  4.6782E-02  1.6674E-01  4.7186E-01  1.6868E-01 -4.5952E-01  5.5124E-01  3.6319E-01
 GRADIENT:  -7.7312E+01  7.8445E+01 -4.6778E+01 -6.5185E+00 -8.0407E+01  4.7740E+00  1.0954E+01

0ITERATION NO.:   10    OBJECTIVE VALUE:  -2002.19677837943        NO. OF FUNC. EVALS.: 120
 CUMULATIVE NO. OF FUNC. EVALS.:      195
 NPARAMETR:  9.8737E-01  1.0576E+00  1.5464E+00  1.0798E+00  6.8922E-01  1.5759E+00  1.2694E+00
 PARAMETER:  8.7292E-02  1.5599E-01  5.3595E-01  1.7674E-01 -2.7220E-01  5.5484E-01  3.3853E-01
 GRADIENT:   2.3203E+00  2.2275E+00 -3.3148E+00 -4.1223E-01 -7.7493E-01 -1.0118E+00 -1.7149E+00

0ITERATION NO.:   13    OBJECTIVE VALUE:  -2002.21397143703        NO. OF FUNC. EVALS.:  68
 CUMULATIVE NO. OF FUNC. EVALS.:      263
 NPARAMETR:  9.8678E-01  1.0568E+00  1.5538E+00  1.0823E+00  6.9095E-01  1.5848E+00  1.2719E+00
 PARAMETER:  8.6695E-02  1.5524E-01  5.4070E-01  1.7910E-01 -2.6969E-01  5.6048E-01  3.4052E-01
 GRADIENT:   1.5491E-02 -4.4073E-01 -4.7205E-01  1.1653E-02  5.8818E-03 -2.9624E-01  6.3749E-01
 Elapsed estimation  time in seconds:     1.36
 Elapsed postprocess time in seconds:     0.00
 Elapsed finaloutput time in seconds:     0.01
Done with nonmem execution
Starting NMTRAN
  
 WARNINGS AND ERRORS (IF ANY) FOR PROBLEM    1
             
 (WARNING  2) NM-TRAN INFERS THAT THE DATA ARE POPULATION.
Building NONMEM Executable
Starting nonmem execution ...
License Registered to: University of Minnesota
Expiration Date:    14 APR 2022
Current Date:       30 SEP 2021
Days until program expires : 199


 First Order Conditional Estimation with Interaction
 MONITORING OF SEARCH:


0ITERATION NO.:    0    OBJECTIVE VALUE:  -1829.88875802681        NO. OF FUNC. EVALS.:   9
 CUMULATIVE NO. OF FUNC. EVALS.:        9
 NPARAMETR:  1.0000E+00  1.0000E+00  1.0000E+00  1.0000E+00  1.0000E+00  1.0000E+00  1.0000E+00
 PARAMETER:  1.0000E-01  1.0000E-01  1.0000E-01  1.0000E-01  1.0000E-01  1.0000E-01  1.0000E-01
 GRADIENT:   5.2792E+02  1.0335E+02 -7.9936E+02  4.1085E+01  1.0742E+02 -3.5020E+02 -2.3226E+02

0ITERATION NO.:    5    OBJECTIVE VALUE:  -2045.44815184519        NO. OF FUNC. EVALS.:  68
 CUMULATIVE NO. OF FUNC. EVALS.:       77
 NPARAMETR:  8.6827E-01  1.0831E+00  2.4620E+00  9.6140E-01  5.0807E-01  2.9834E+00  9.6215E-01
 PARAMETER: -4.1249E-02  1.7986E-01  1.0010E+00  6.0637E-02 -5.7713E-01  1.1931E+00  6.1412E-02
 GRADIENT:  -1.9974E+02  1.4509E+02  2.9016E+01 -1.2017E+01 -1.6000E+02  5.2518E+01 -5.2157E+01

0ITERATION NO.:   10    OBJECTIVE VALUE:  -2089.51390368807        NO. OF FUNC. EVALS.: 120
 CUMULATIVE NO. OF FUNC. EVALS.:      197
 NPARAMETR:  9.5413E-01  1.0856E+00  2.2601E+00  9.4221E-01  6.5542E-01  2.3056E+00  1.0074E+00
 PARAMETER:  5.3044E-02  1.8215E-01  9.1540E-01  4.0470E-02 -3.2247E-01  9.3533E-01  1.0734E-01
 GRADIENT:   2.3875E+01  9.2120E+01  4.4319E+01 -3.5504E+00 -2.3869E+01  1.8681E+01 -7.2492E+00

0ITERATION NO.:   15    OBJECTIVE VALUE:  -2098.64471730244        NO. OF FUNC. EVALS.: 106
 CUMULATIVE NO. OF FUNC. EVALS.:      303
 NPARAMETR:  9.4590E-01  1.0650E+00  1.8597E+00  9.4958E-01  6.9242E-01  1.8220E+00  1.0244E+00
 PARAMETER:  4.4385E-02  1.6301E-01  7.2043E-01  4.8265E-02 -2.6756E-01  6.9991E-01  1.2411E-01
 GRADIENT:   4.7148E-02 -5.1292E-01  4.7388E-01 -1.2919E-01  3.3995E-01 -2.4009E-01 -7.7739E-02
 Elapsed estimation  time in seconds:     1.64
 Elapsed postprocess time in seconds:     0.00
 Elapsed finaloutput time in seconds:     0.00
Done with nonmem execution
Starting NMTRAN
  
 WARNINGS AND ERRORS (IF ANY) FOR PROBLEM    1
             
 (WARNING  2) NM-TRAN INFERS THAT THE DATA ARE POPULATION.
Building NONMEM Executable
Starting nonmem execution ...
License Registered to: University of Minnesota
Expiration Date:    14 APR 2022
Current Date:       30 SEP 2021
Days until program expires : 199


 First Order Conditional Estimation with Interaction
 MONITORING OF SEARCH:


0ITERATION NO.:    0    OBJECTIVE VALUE:  -1957.84808504632        NO. OF FUNC. EVALS.:   9
 CUMULATIVE NO. OF FUNC. EVALS.:        9
 NPARAMETR:  1.0000E+00  1.0000E+00  1.0000E+00  1.0000E+00  1.0000E+00  1.0000E+00  1.0000E+00
 PARAMETER:  1.0000E-01  1.0000E-01  1.0000E-01  1.0000E-01  1.0000E-01  1.0000E-01  1.0000E-01
 GRADIENT:   4.6390E+02  1.4769E+02 -5.2226E+02  6.1122E+01  1.0223E+02 -2.0062E+02 -1.8161E+02

0ITERATION NO.:    5    OBJECTIVE VALUE:  -2083.33921748236        NO. OF FUNC. EVALS.:  52
 CUMULATIVE NO. OF FUNC. EVALS.:       61
 NPARAMETR:  1.0358E+00  1.0637E+00  1.4862E+00  1.0218E+00  6.4304E-01  1.5912E+00  1.1508E+00
 PARAMETER:  1.3514E-01  1.6172E-01  4.9621E-01  1.2152E-01 -3.4155E-01  5.6449E-01  2.4043E-01
 GRADIENT:   5.3636E+02  3.1959E+02  4.4041E+01  5.7499E+01 -1.3156E+01  1.6082E+01  4.8771E+01

0ITERATION NO.:   10    OBJECTIVE VALUE:  -2086.63482944068        NO. OF FUNC. EVALS.:  81
 CUMULATIVE NO. OF FUNC. EVALS.:      142
 NPARAMETR:  1.0207E+00  1.0566E+00  1.4828E+00  9.7121E-01  6.9483E-01  1.7293E+00  1.0602E+00
 PARAMETER:  1.2050E-01  1.5508E-01  4.9392E-01  7.0784E-02 -2.6409E-01  6.4773E-01  1.5847E-01
 GRADIENT:   4.4607E+01 -6.6037E+00  1.0539E+01 -6.5938E+00 -1.2249E+01  2.1840E+01 -1.3515E+01

0ITERATION NO.:   15    OBJECTIVE VALUE:  -2088.96925608681        NO. OF FUNC. EVALS.: 106
 CUMULATIVE NO. OF FUNC. EVALS.:      248
 NPARAMETR:  1.0025E+00  1.0580E+00  1.4324E+00  9.8549E-01  7.1549E-01  1.5242E+00  1.0861E+00
 PARAMETER:  1.0250E-01  1.5636E-01  4.5937E-01  8.5379E-02 -2.3478E-01  5.2147E-01  1.8261E-01
 GRADIENT:   8.3308E-01  1.4533E-01 -2.9554E-01 -8.6047E-03  9.4035E-02 -1.0681E-01 -6.9214E-02
 Elapsed estimation  time in seconds:     1.19
 Elapsed postprocess time in seconds:     0.00
 Elapsed finaloutput time in seconds:     0.01
Done with nonmem execution
Starting NMTRAN
  
 WARNINGS AND ERRORS (IF ANY) FOR PROBLEM    1
             
 (WARNING  2) NM-TRAN INFERS THAT THE DATA ARE POPULATION.
Building NONMEM Executable
Starting nonmem execution ...
License Registered to: University of Minnesota
Expiration Date:    14 APR 2022
Current Date:       30 SEP 2021
Days until program expires : 199


 First Order Conditional Estimation with Interaction
 MONITORING OF SEARCH:


0ITERATION NO.:    0    OBJECTIVE VALUE:  -1821.49934356774        NO. OF FUNC. EVALS.:   9
 CUMULATIVE NO. OF FUNC. EVALS.:        9
 NPARAMETR:  1.0000E+00  1.0000E+00  1.0000E+00  1.0000E+00  1.0000E+00  1.0000E+00  1.0000E+00
 PARAMETER:  1.0000E-01  1.0000E-01  1.0000E-01  1.0000E-01  1.0000E-01  1.0000E-01  1.0000E-01
 GRADIENT:   5.2723E+02  2.1862E+02 -6.8025E+02  2.8661E+01  1.2843E+02 -2.8981E+02 -3.4474E+02

0ITERATION NO.:    5    OBJECTIVE VALUE:  -2041.83046758307        NO. OF FUNC. EVALS.:  69
 CUMULATIVE NO. OF FUNC. EVALS.:       78
 NPARAMETR:  9.4825E-01  1.0681E+00  1.5284E+00  1.1169E+00  5.7053E-01  1.4394E+00  1.2290E+00
 PARAMETER:  4.6859E-02  1.6592E-01  5.2425E-01  2.1052E-01 -4.6119E-01  4.6420E-01  3.0617E-01
 GRADIENT:  -8.0077E+01  1.7398E+02 -2.8899E+01 -6.1533E+00 -3.8777E+01 -1.5223E+01  5.0042E+00

0ITERATION NO.:   10    OBJECTIVE VALUE:  -2049.16812806369        NO. OF FUNC. EVALS.: 121
 CUMULATIVE NO. OF FUNC. EVALS.:      199
 NPARAMETR:  9.9414E-01  1.0393E+00  1.5898E+00  1.1225E+00  6.2110E-01  1.5923E+00  1.1966E+00
 PARAMETER:  9.4121E-02  1.3852E-01  5.6359E-01  2.1554E-01 -3.7626E-01  5.6520E-01  2.7945E-01
 GRADIENT:   5.5571E+00 -3.7641E+00 -6.1579E+00 -1.5036E-01 -2.2552E+00 -2.3467E+00 -3.5229E+00

0ITERATION NO.:   13    OBJECTIVE VALUE:  -2049.24265846021        NO. OF FUNC. EVALS.:  62
 CUMULATIVE NO. OF FUNC. EVALS.:      261
 NPARAMETR:  9.9206E-01  1.0398E+00  1.6062E+00  1.1243E+00  6.2650E-01  1.6181E+00  1.1986E+00
 PARAMETER:  9.2033E-02  1.3898E-01  5.7386E-01  2.1717E-01 -3.6760E-01  5.8128E-01  2.8114E-01
 GRADIENT:   4.2700E-01 -7.3121E-01 -7.8990E-01 -3.4739E-01  5.6830E-01 -2.5679E-01 -4.1266E-01
 Elapsed estimation  time in seconds:     1.30
 Elapsed postprocess time in seconds:     0.00
 Elapsed finaloutput time in seconds:     0.00
Done with nonmem execution
Starting NMTRAN
  
 WARNINGS AND ERRORS (IF ANY) FOR PROBLEM    1
             
 (WARNING  2) NM-TRAN INFERS THAT THE DATA ARE POPULATION.
Building NONMEM Executable
Starting nonmem execution ...
License Registered to: University of Minnesota
Expiration Date:    14 APR 2022
Current Date:       30 SEP 2021
Days until program expires : 199


 First Order Conditional Estimation with Interaction
 MONITORING OF SEARCH:


0ITERATION NO.:    0    OBJECTIVE VALUE:  -1756.35778209705        NO. OF FUNC. EVALS.:   9
 CUMULATIVE NO. OF FUNC. EVALS.:        9
 NPARAMETR:  1.0000E+00  1.0000E+00  1.0000E+00  1.0000E+00  1.0000E+00  1.0000E+00  1.0000E+00
 PARAMETER:  1.0000E-01  1.0000E-01  1.0000E-01  1.0000E-01  1.0000E-01  1.0000E-01  1.0000E-01
 GRADIENT:   4.9780E+02  1.7322E+02 -7.4941E+02  4.3926E+01  1.1794E+02 -3.2212E+02 -4.6490E+02

0ITERATION NO.:    5    OBJECTIVE VALUE:  -2008.72064419044        NO. OF FUNC. EVALS.:  67
 CUMULATIVE NO. OF FUNC. EVALS.:       76
 NPARAMETR:  1.0831E+00  1.0623E+00  1.6925E+00  1.1353E+00  6.0293E-01  1.2491E+00  1.3675E+00
 PARAMETER:  1.7983E-01  1.6045E-01  6.2622E-01  2.2687E-01 -4.0596E-01  3.2245E-01  4.1301E-01
 GRADIENT:   1.5397E+02  4.7241E+01  3.1721E+01  2.7931E+01 -3.3464E+01 -3.1521E+01  1.4873E+01

0ITERATION NO.:   10    OBJECTIVE VALUE:  -2022.52895354101        NO. OF FUNC. EVALS.: 122
 CUMULATIVE NO. OF FUNC. EVALS.:      198
 NPARAMETR:  9.8962E-01  1.0501E+00  1.6225E+00  9.7684E-01  6.7419E-01  1.4427E+00  1.2987E+00
 PARAMETER:  8.9571E-02  1.4892E-01  5.8399E-01  7.6569E-02 -2.9424E-01  4.6651E-01  3.6135E-01
 GRADIENT:  -9.0131E-01 -2.0676E+00 -1.8540E+01 -1.3553E+01  7.1663E+00 -6.2813E+00 -9.1782E+00

0ITERATION NO.:   15    OBJECTIVE VALUE:  -2023.29339924687        NO. OF FUNC. EVALS.: 106
 CUMULATIVE NO. OF FUNC. EVALS.:      304
 NPARAMETR:  9.8990E-01  1.0514E+00  1.6760E+00  1.0101E+00  6.6102E-01  1.5139E+00  1.3063E+00
 PARAMETER:  8.9850E-02  1.5010E-01  6.1640E-01  1.1003E-01 -3.1397E-01  5.1466E-01  3.6723E-01
 GRADIENT:  -1.8415E-01  2.4118E-01 -1.3144E-01 -1.7493E-02 -3.3143E-02 -1.0633E-01 -1.5603E-01
 Elapsed estimation  time in seconds:     1.52
 Elapsed postprocess time in seconds:     0.00
 Elapsed finaloutput time in seconds:     0.01
Done with nonmem execution
Starting NMTRAN
  
 WARNINGS AND ERRORS (IF ANY) FOR PROBLEM    1
             
 (WARNING  2) NM-TRAN INFERS THAT THE DATA ARE POPULATION.
Building NONMEM Executable
Starting nonmem execution ...
License Registered to: University of Minnesota
Expiration Date:    14 APR 2022
Current Date:       30 SEP 2021
Days until program expires : 199


 First Order Conditional Estimation with Interaction
 MONITORING OF SEARCH:


0ITERATION NO.:    0    OBJECTIVE VALUE:  -1726.84522074467        NO. OF FUNC. EVALS.:   9
 CUMULATIVE NO. OF FUNC. EVALS.:        9
 NPARAMETR:  1.0000E+00  1.0000E+00  1.0000E+00  1.0000E+00  1.0000E+00  1.0000E+00  1.0000E+00
 PARAMETER:  1.0000E-01  1.0000E-01  1.0000E-01  1.0000E-01  1.0000E-01  1.0000E-01  1.0000E-01
 GRADIENT:   5.2765E+02  7.8600E+01 -7.8493E+02  2.1242E+01  1.0680E+02 -3.5061E+02 -4.0179E+02

0ITERATION NO.:    5    OBJECTIVE VALUE:  -1965.00137869372        NO. OF FUNC. EVALS.:  53
 CUMULATIVE NO. OF FUNC. EVALS.:       62
 NPARAMETR:  1.0963E+00  1.1297E+00  1.7555E+00  1.0808E+00  5.8761E-01  1.2299E+00  1.2071E+00
 PARAMETER:  1.9191E-01  2.2194E-01  6.6277E-01  1.7768E-01 -4.3168E-01  3.0691E-01  2.8821E-01
 GRADIENT:   7.8466E+02  5.9684E+02  4.4792E+01  1.7178E+01 -4.3064E+01 -5.9052E+01 -4.6162E+01

0ITERATION NO.:   10    OBJECTIVE VALUE:  -2001.52022442692        NO. OF FUNC. EVALS.: 122
 CUMULATIVE NO. OF FUNC. EVALS.:      184
 NPARAMETR:  9.8581E-01  1.0640E+00  1.7411E+00  1.0051E+00  7.1396E-01  1.4243E+00  1.1538E+00
 PARAMETER:  8.5704E-02  1.6204E-01  6.5449E-01  1.0505E-01 -2.3693E-01  4.5366E-01  2.4302E-01
 GRADIENT:   1.0352E+02 -3.7227E+01  3.9338E+00 -1.9881E+00  1.7986E+01 -3.5686E+01 -5.9896E+01

0ITERATION NO.:   15    OBJECTIVE VALUE:  -2008.92060084193        NO. OF FUNC. EVALS.: 115
 CUMULATIVE NO. OF FUNC. EVALS.:      299
 NPARAMETR:  9.4032E-01  1.0733E+00  1.7842E+00  9.9642E-01  6.8058E-01  1.6902E+00  1.2119E+00
 PARAMETER:  3.8467E-02  1.7071E-01  6.7898E-01  9.6417E-02 -2.8481E-01  6.2486E-01  2.9219E-01
 GRADIENT:  -4.0086E-01 -3.3211E+00 -8.9058E-01 -3.1018E-01  1.0948E+00 -1.6393E-01  2.3533E-01

0ITERATION NO.:   17    OBJECTIVE VALUE:  -2008.92393281071        NO. OF FUNC. EVALS.:  37
 CUMULATIVE NO. OF FUNC. EVALS.:      336
 NPARAMETR:  9.4049E-01  1.0741E+00  1.7874E+00  9.9718E-01  6.7864E-01  1.6928E+00  1.2115E+00
 PARAMETER:  3.8645E-02  1.7145E-01  6.8075E-01  9.7177E-02 -2.8766E-01  6.2638E-01  2.9185E-01
 GRADIENT:  -9.9997E-03 -2.4665E-02 -1.2309E-01 -2.2519E-02  3.1962E-02 -7.7590E-02 -5.7716E-02
 Elapsed estimation  time in seconds:     1.67
 Elapsed postprocess time in seconds:     0.00
 Elapsed finaloutput time in seconds:     0.00
Done with nonmem execution
Starting NMTRAN
  
 WARNINGS AND ERRORS (IF ANY) FOR PROBLEM    1
             
 (WARNING  2) NM-TRAN INFERS THAT THE DATA ARE POPULATION.
Building NONMEM Executable
Starting nonmem execution ...
License Registered to: University of Minnesota
Expiration Date:    14 APR 2022
Current Date:       30 SEP 2021
Days until program expires : 199


 First Order Conditional Estimation with Interaction
 MONITORING OF SEARCH:


0ITERATION NO.:    0    OBJECTIVE VALUE:  -1815.52854094315        NO. OF FUNC. EVALS.:   9
 CUMULATIVE NO. OF FUNC. EVALS.:        9
 NPARAMETR:  1.0000E+00  1.0000E+00  1.0000E+00  1.0000E+00  1.0000E+00  1.0000E+00  1.0000E+00
 PARAMETER:  1.0000E-01  1.0000E-01  1.0000E-01  1.0000E-01  1.0000E-01  1.0000E-01  1.0000E-01
 GRADIENT:   4.9174E+02  1.6302E+02 -7.4906E+02  2.8626E+01  1.1222E+02 -3.1101E+02 -3.0904E+02

0ITERATION NO.:    5    OBJECTIVE VALUE:  -2042.22782247602        NO. OF FUNC. EVALS.:  51
 CUMULATIVE NO. OF FUNC. EVALS.:       60
 NPARAMETR:  9.6260E-01  1.0243E+00  1.5388E+00  1.0274E+00  6.1240E-01  1.2283E+00  1.1479E+00
 PARAMETER:  6.1879E-02  1.2399E-01  5.3099E-01  1.2705E-01 -3.9036E-01  3.0561E-01  2.3790E-01
 GRADIENT:   2.9056E+02  9.0250E+01 -4.3527E+01  4.4018E+01 -1.6304E+01 -3.7569E+01 -3.2605E+01

0ITERATION NO.:   10    OBJECTIVE VALUE:  -2053.35208550772        NO. OF FUNC. EVALS.: 123
 CUMULATIVE NO. OF FUNC. EVALS.:      183
 NPARAMETR:  9.8392E-01  1.0593E+00  1.6648E+00  1.1109E+00  6.9589E-01  1.6003E+00  1.1328E+00
 PARAMETER:  8.3794E-02  1.5758E-01  6.0970E-01  2.0517E-01 -2.6256E-01  5.7018E-01  2.2471E-01
 GRADIENT:  -1.8372E+00  3.8259E+01 -1.6228E+01  1.0283E+01  1.0104E+01  3.9041E+00 -1.6576E+01

0ITERATION NO.:   15    OBJECTIVE VALUE:  -2054.17263298639        NO. OF FUNC. EVALS.: 106
 CUMULATIVE NO. OF FUNC. EVALS.:      289
 NPARAMETR:  9.8527E-01  1.0504E+00  1.7003E+00  1.0817E+00  6.7483E-01  1.5689E+00  1.1557E+00
 PARAMETER:  8.5160E-02  1.4918E-01  6.3083E-01  1.7856E-01 -2.9330E-01  5.5039E-01  2.4467E-01
 GRADIENT:   2.0900E-01 -9.8071E-01  2.8238E-01  7.6755E-02 -1.0344E-01 -1.2774E-01 -4.0503E-01
 Elapsed estimation  time in seconds:     1.39
 Elapsed postprocess time in seconds:     0.00
 Elapsed finaloutput time in seconds:     0.00
Done with nonmem execution
