Starting NMTRAN
  
 WARNINGS AND ERRORS (IF ANY) FOR PROBLEM    1
             
 (WARNING  2) NM-TRAN INFERS THAT THE DATA ARE POPULATION.
Building NONMEM Executable
Starting nonmem execution ...
License Registered to: University of Minnesota
Expiration Date:    14 APR 2022
Current Date:       30 SEP 2021
Days until program expires : 199


 First Order Conditional Estimation with Interaction
 MONITORING OF SEARCH:


0ITERATION NO.:    0    OBJECTIVE VALUE:  -2929.27003753089        NO. OF FUNC. EVALS.:  13
 CUMULATIVE NO. OF FUNC. EVALS.:       13
 NPARAMETR:  1.0000E+00  1.0000E+00  1.0000E+00  1.0000E+00  1.0000E+00  1.0000E+00  1.0000E+00  1.0000E+00  1.0000E+00  1.0000E+00
             1.0000E+00
 PARAMETER:  1.0000E-01  1.0000E-01  1.0000E-01  1.0000E-01  1.0000E-01  1.0000E-01  1.0000E-01  1.0000E-01  1.0000E-01  1.0000E-01
             1.0000E-01
 GRADIENT:   4.3778E+02  1.1408E+02  1.0503E+02  9.3474E+01  4.1187E+01  5.3886E+01 -3.6593E+01 -9.6530E+01 -4.4042E+01 -1.3455E+01
            -1.6688E+03

0ITERATION NO.:    5    OBJECTIVE VALUE:  -3293.40382640347        NO. OF FUNC. EVALS.: 138
 CUMULATIVE NO. OF FUNC. EVALS.:      151
 NPARAMETR:  1.0268E+00  1.0703E+00  9.4290E-01  9.9532E-01  1.0402E+00  1.0071E+00  1.0402E+00  1.0270E+00  1.0206E+00  1.0241E+00
             1.6118E+00
 PARAMETER:  1.2646E-01  1.6794E-01  4.1205E-02  9.5313E-02  1.3941E-01  1.0704E-01  1.3946E-01  1.2665E-01  1.2041E-01  1.2384E-01
             5.7735E-01
 GRADIENT:   3.5305E+01  1.9125E+01 -1.1636E+01  3.1481E+01 -6.9629E+00  8.4360E+00  3.2167E+00 -1.4379E+00 -4.5331E+00 -6.4172E+00
            -5.4698E+01

0ITERATION NO.:   10    OBJECTIVE VALUE:  -3295.12397471212        NO. OF FUNC. EVALS.: 178
 CUMULATIVE NO. OF FUNC. EVALS.:      329
 NPARAMETR:  1.0271E+00  1.3002E+00  1.1118E+00  8.8701E-01  1.2930E+00  1.0097E+00  8.4101E-01  1.1222E+00  1.1505E+00  1.2431E+00
             1.6225E+00
 PARAMETER:  1.2675E-01  3.6255E-01  2.0596E-01 -1.9904E-02  3.5694E-01  1.0965E-01 -7.3150E-02  2.1525E-01  2.4017E-01  3.1760E-01
             5.8399E-01
 GRADIENT:   3.4968E+01  3.4995E+01  6.4716E+00  5.9450E+01  1.2980E+01  9.3993E+00 -1.8765E-01 -7.5187E+00  4.9115E+00  5.8334E+00
            -6.1355E+01

0ITERATION NO.:   15    OBJECTIVE VALUE:  -3298.64694316680        NO. OF FUNC. EVALS.: 178
 CUMULATIVE NO. OF FUNC. EVALS.:      507
 NPARAMETR:  1.0106E+00  1.3117E+00  1.1174E+00  8.4395E-01  1.3038E+00  9.8323E-01  8.1992E-01  1.4084E+00  1.1200E+00  1.2275E+00
             1.6594E+00
 PARAMETER:  1.1053E-01  3.7134E-01  2.1102E-01 -6.9659E-02  3.6529E-01  8.3083E-02 -9.8550E-02  4.4245E-01  2.1331E-01  3.0501E-01
             6.0644E-01
 GRADIENT:  -7.6519E-01 -1.2462E+00  1.1659E+00  6.9366E+00  2.7078E-01  1.5049E-02 -9.1786E-01 -2.1741E-01 -1.1758E+00  9.9895E-01
             2.0081E+00

0ITERATION NO.:   19    OBJECTIVE VALUE:  -3298.87708261144        NO. OF FUNC. EVALS.: 127
 CUMULATIVE NO. OF FUNC. EVALS.:      634
 NPARAMETR:  1.0109E+00  1.4007E+00  1.1500E+00  7.8671E-01  1.3890E+00  9.8339E-01  7.8541E-01  1.5986E+00  1.1754E+00  1.2632E+00
             1.6574E+00
 PARAMETER:  1.1087E-01  4.3699E-01  2.3980E-01 -1.3989E-01  4.2860E-01  8.3247E-02 -1.4155E-01  5.6910E-01  2.6162E-01  3.3368E-01
             6.0526E-01
 GRADIENT:   3.7318E-02 -2.9985E-02 -9.6169E-03  7.8109E-02 -4.0082E-02  7.1773E-03 -2.4040E-02  1.1136E-02 -1.6883E-02 -7.0011E-03
            -6.4203E-02
 Elapsed estimation  time in seconds:    10.38
 Elapsed postprocess time in seconds:     0.00
 Elapsed finaloutput time in seconds:     0.00
Done with nonmem execution
Starting NMTRAN
  
 WARNINGS AND ERRORS (IF ANY) FOR PROBLEM    1
             
 (WARNING  2) NM-TRAN INFERS THAT THE DATA ARE POPULATION.
Building NONMEM Executable
Starting nonmem execution ...
License Registered to: University of Minnesota
Expiration Date:    14 APR 2022
Current Date:       30 SEP 2021
Days until program expires : 199


 First Order Conditional Estimation with Interaction
 MONITORING OF SEARCH:


0ITERATION NO.:    0    OBJECTIVE VALUE:  -3081.36411454761        NO. OF FUNC. EVALS.:  13
 CUMULATIVE NO. OF FUNC. EVALS.:       13
 NPARAMETR:  1.0000E+00  1.0000E+00  1.0000E+00  1.0000E+00  1.0000E+00  1.0000E+00  1.0000E+00  1.0000E+00  1.0000E+00  1.0000E+00
             1.0000E+00
 PARAMETER:  1.0000E-01  1.0000E-01  1.0000E-01  1.0000E-01  1.0000E-01  1.0000E-01  1.0000E-01  1.0000E-01  1.0000E-01  1.0000E-01
             1.0000E-01
 GRADIENT:   4.6845E+02  9.0753E+01  7.0295E+01  6.1533E+01  3.2348E+01  3.8036E+01 -9.6934E+00 -1.1182E+02 -1.8080E+01 -1.3177E+01
            -1.3537E+03

0ITERATION NO.:    5    OBJECTIVE VALUE:  -3349.98528692286        NO. OF FUNC. EVALS.:  71
 CUMULATIVE NO. OF FUNC. EVALS.:       84
 NPARAMETR:  9.6532E-01  1.1960E+00  1.0534E+00  9.1506E-01  1.1823E+00  9.0372E-01  7.4644E-01  1.0371E+00  8.0514E-01  1.0190E+00
             1.6751E+00
 PARAMETER:  6.4704E-02  2.7898E-01  1.5204E-01  1.1232E-02  2.6749E-01 -1.2325E-03 -1.9244E-01  1.3644E-01 -1.1674E-01  1.1885E-01
             6.1585E-01
 GRADIENT:   1.0140E+02  7.3555E+01 -1.7763E+01  1.0239E+01  4.1141E+01 -2.2697E+01 -3.3728E+00  1.9408E+00 -4.4455E+01 -3.4788E+01
             1.2334E+02

0ITERATION NO.:   10    OBJECTIVE VALUE:  -3364.07778387037        NO. OF FUNC. EVALS.: 119
 CUMULATIVE NO. OF FUNC. EVALS.:      203
 NPARAMETR:  9.6613E-01  1.3412E+00  9.9808E-01  8.4076E-01  1.2773E+00  9.6454E-01  3.8136E-01  1.2346E+00  1.1482E+00  1.2503E+00
             1.6584E+00
 PARAMETER:  6.5548E-02  3.9354E-01  9.8076E-02 -7.3453E-02  3.4478E-01  6.3894E-02 -8.6402E-01  3.1078E-01  2.3817E-01  3.2340E-01
             6.0585E-01
 GRADIENT:  -3.9527E+01  1.7941E+01 -2.7094E+01  3.5092E+01 -8.4340E+00 -9.5977E+00 -3.9266E+00 -1.4229E-01 -7.5436E+00 -2.3511E+01
             1.2625E+02

0ITERATION NO.:   15    OBJECTIVE VALUE:  -3377.11628340234        NO. OF FUNC. EVALS.: 178
 CUMULATIVE NO. OF FUNC. EVALS.:      381
 NPARAMETR:  9.8141E-01  1.4601E+00  1.2777E+00  7.5961E-01  1.4763E+00  1.0004E+00  4.4252E-01  2.0177E+00  1.2610E+00  1.4071E+00
             1.5092E+00
 PARAMETER:  8.1230E-02  4.7853E-01  3.4505E-01 -1.7495E-01  4.8955E-01  1.0038E-01 -7.1528E-01  8.0197E-01  3.3194E-01  4.4152E-01
             5.1157E-01
 GRADIENT:   1.1776E+00  5.4897E+00  9.1435E-01  1.2756E+01  5.7981E+00  4.6463E+00  3.4590E-01 -2.1802E+00  2.7081E+00 -4.6162E+00
            -2.9861E+01

0ITERATION NO.:   20    OBJECTIVE VALUE:  -3377.56813952876        NO. OF FUNC. EVALS.: 175
 CUMULATIVE NO. OF FUNC. EVALS.:      556
 NPARAMETR:  9.8108E-01  1.4875E+00  1.2500E+00  7.3157E-01  1.4853E+00  9.8859E-01  4.0114E-01  2.0456E+00  1.2987E+00  1.4437E+00
             1.5294E+00
 PARAMETER:  8.0899E-02  4.9708E-01  3.2312E-01 -2.1257E-01  4.9562E-01  8.8527E-02 -8.1344E-01  8.1567E-01  3.6136E-01  4.6719E-01
             5.2488E-01
 GRADIENT:  -1.7715E-02  1.6976E-01  6.7557E-01 -1.1492E-01 -4.2002E-01  2.2161E-01 -2.1478E-01 -1.3214E-01 -1.6038E-01 -1.8771E-01
            -1.0660E+00

0ITERATION NO.:   22    OBJECTIVE VALUE:  -3377.57004433255        NO. OF FUNC. EVALS.:  57
 CUMULATIVE NO. OF FUNC. EVALS.:      613
 NPARAMETR:  9.8108E-01  1.4893E+00  1.2459E+00  7.3032E-01  1.4871E+00  9.8827E-01  4.0361E-01  2.0442E+00  1.2996E+00  1.4436E+00
             1.5299E+00
 PARAMETER:  8.0900E-02  4.9831E-01  3.1988E-01 -2.1427E-01  4.9681E-01  8.8204E-02 -8.0731E-01  8.1498E-01  3.6202E-01  4.6712E-01
             5.2518E-01
 GRADIENT:  -2.5645E-02 -4.9150E-01  1.4176E-01 -2.8390E-01  1.4016E-01  9.2545E-02 -1.0359E-01 -3.5341E-02 -5.6998E-02 -1.5184E-01
            -6.1187E-01
 Elapsed estimation  time in seconds:     9.52
 Elapsed postprocess time in seconds:     0.00
 Elapsed finaloutput time in seconds:     0.00
Done with nonmem execution
Starting NMTRAN
  
 WARNINGS AND ERRORS (IF ANY) FOR PROBLEM    1
             
 (WARNING  2) NM-TRAN INFERS THAT THE DATA ARE POPULATION.
Building NONMEM Executable
Starting nonmem execution ...
License Registered to: University of Minnesota
Expiration Date:    14 APR 2022
Current Date:       30 SEP 2021
Days until program expires : 199


 First Order Conditional Estimation with Interaction
 MONITORING OF SEARCH:


0ITERATION NO.:    0    OBJECTIVE VALUE:  -3152.82272707645        NO. OF FUNC. EVALS.:  13
 CUMULATIVE NO. OF FUNC. EVALS.:       13
 NPARAMETR:  1.0000E+00  1.0000E+00  1.0000E+00  1.0000E+00  1.0000E+00  1.0000E+00  1.0000E+00  1.0000E+00  1.0000E+00  1.0000E+00
             1.0000E+00
 PARAMETER:  1.0000E-01  1.0000E-01  1.0000E-01  1.0000E-01  1.0000E-01  1.0000E-01  1.0000E-01  1.0000E-01  1.0000E-01  1.0000E-01
             1.0000E-01
 GRADIENT:   4.2695E+02  3.4638E+01  6.9181E+01  7.7957E+01  1.0648E+02  7.2448E+01 -4.2755E+01 -1.0449E+02 -4.8808E+01 -7.2855E+00
            -1.3079E+03

0ITERATION NO.:    5    OBJECTIVE VALUE:  -3401.51071962877        NO. OF FUNC. EVALS.: 120
 CUMULATIVE NO. OF FUNC. EVALS.:      133
 NPARAMETR:  1.0137E+00  1.0134E+00  9.4037E-01  1.0113E+00  9.7467E-01  9.8490E-01  1.0573E+00  1.0495E+00  1.0557E+00  9.8407E-01
             1.4161E+00
 PARAMETER:  1.1363E-01  1.1331E-01  3.8522E-02  1.1123E-01  7.4345E-02  8.4780E-02  1.5569E-01  1.4830E-01  1.5421E-01  8.3939E-02
             4.4791E-01
 GRADIENT:  -1.7206E+01 -3.9726E+01 -2.1308E+00 -1.1419E+01  2.7248E+01 -8.1130E+00 -1.7558E+01 -1.9093E+01 -1.4490E+01  8.4950E-01
            -1.7413E+02

0ITERATION NO.:   10    OBJECTIVE VALUE:  -3407.28327013697        NO. OF FUNC. EVALS.: 178
 CUMULATIVE NO. OF FUNC. EVALS.:      311
 NPARAMETR:  1.0094E+00  1.1898E+00  1.2127E+00  9.2508E-01  1.1689E+00  9.9624E-01  1.0744E+00  1.8245E+00  1.1535E+00  9.8866E-01
             1.3907E+00
 PARAMETER:  1.0937E-01  2.7379E-01  2.9282E-01  2.2124E-02  2.5607E-01  9.6233E-02  1.7181E-01  7.0131E-01  2.4279E-01  8.8599E-02
             4.2982E-01
 GRADIENT:  -2.5898E+01 -1.2318E+01 -9.2020E+00 -1.2460E+01  1.5178E+01 -3.7062E+00 -2.3198E+00 -9.2700E+00 -1.1129E+00 -1.7900E+01
            -1.7735E+02

0ITERATION NO.:   15    OBJECTIVE VALUE:  -3407.78979898881        NO. OF FUNC. EVALS.: 173
 CUMULATIVE NO. OF FUNC. EVALS.:      484
 NPARAMETR:  1.0081E+00  1.2341E+00  1.2591E+00  9.0693E-01  1.2102E+00  9.9088E-01  9.9679E-01  1.9547E+00  1.2152E+00  1.0172E+00
             1.3911E+00
 PARAMETER:  1.0807E-01  3.1033E-01  3.3042E-01  2.3078E-03  2.9078E-01  9.0840E-02  9.6790E-02  7.7025E-01  2.9492E-01  1.1710E-01
             4.3013E-01
 GRADIENT:  -2.9198E+01 -8.7502E+00 -7.2347E+00 -5.6995E+00  1.4243E+01 -6.0252E+00 -7.7652E+00 -7.8512E+00  1.0885E+01 -2.1496E+01
            -1.7703E+02

0ITERATION NO.:   20    OBJECTIVE VALUE:  -3407.87190396112        NO. OF FUNC. EVALS.: 204
 CUMULATIVE NO. OF FUNC. EVALS.:      688             RESET HESSIAN, TYPE I
 NPARAMETR:  1.0089E+00  1.2340E+00  1.2591E+00  9.0767E-01  1.2102E+00  9.9509E-01  9.9672E-01  1.9654E+00  1.2152E+00  1.0172E+00
             1.3911E+00
 PARAMETER:  1.0888E-01  3.1029E-01  3.3040E-01  3.1260E-03  2.9082E-01  9.5081E-02  9.6712E-02  7.7569E-01  2.9492E-01  1.1701E-01
             4.3009E-01
 GRADIENT:   2.3990E+02  1.5815E+02  1.3495E+00  4.1002E+01  8.1000E+01  3.5483E+01 -2.4947E+00 -7.8115E-01  2.7787E+01 -1.8742E+01
            -1.6828E+02

0ITERATION NO.:   25    OBJECTIVE VALUE:  -3407.89814584604        NO. OF FUNC. EVALS.: 185
 CUMULATIVE NO. OF FUNC. EVALS.:      873
 NPARAMETR:  1.0089E+00  1.2340E+00  1.2590E+00  9.0762E-01  1.2103E+00  1.0088E+00  9.9666E-01  1.9653E+00  1.2153E+00  1.0171E+00
             1.3912E+00
 PARAMETER:  1.0882E-01  3.1023E-01  3.3034E-01  3.0705E-03  2.9087E-01  1.0881E-01  9.6657E-02  7.7567E-01  2.9498E-01  1.1695E-01
             4.3014E-01
 GRADIENT:  -2.6443E+01 -8.5981E+00 -7.8073E+00 -5.0446E+00  1.4200E+01  1.1893E+00 -7.7524E+00 -7.3041E+00  1.1091E+01 -2.1532E+01
            -1.7662E+02

0ITERATION NO.:   26    OBJECTIVE VALUE:  -3407.89814584604        NO. OF FUNC. EVALS.:  50
 CUMULATIVE NO. OF FUNC. EVALS.:      923
 NPARAMETR:  1.0087E+00  1.2340E+00  1.2592E+00  9.0751E-01  1.2104E+00  1.0077E+00  9.9654E-01  1.9653E+00  1.2153E+00  1.0169E+00
             1.3912E+00
 PARAMETER:  1.0882E-01  3.1023E-01  3.3034E-01  3.0705E-03  2.9087E-01  1.0881E-01  9.6657E-02  7.7567E-01  2.9498E-01  1.1695E-01
             4.3014E-01
 GRADIENT:   9.1454E+04 -3.6513E+01 -1.5985E+04  4.6599E+04 -1.6021E+04  8.6743E-01  4.6611E+04  6.4385E+02  3.0712E+00  8.5102E+04
            -1.9485E+02
 NUMSIGDIG:         2.3         5.5         2.7         2.3         2.8         1.4         2.3         3.6         6.3         2.3
                    4.3
 Elapsed estimation  time in seconds:    17.87
 Elapsed postprocess time in seconds:     0.00
 Elapsed finaloutput time in seconds:     0.00
Done with nonmem execution
Starting NMTRAN
  
 WARNINGS AND ERRORS (IF ANY) FOR PROBLEM    1
             
 (WARNING  2) NM-TRAN INFERS THAT THE DATA ARE POPULATION.
Building NONMEM Executable
Starting nonmem execution ...
License Registered to: University of Minnesota
Expiration Date:    14 APR 2022
Current Date:       30 SEP 2021
Days until program expires : 199


 First Order Conditional Estimation with Interaction
 MONITORING OF SEARCH:


0ITERATION NO.:    0    OBJECTIVE VALUE:  -3270.80437378665        NO. OF FUNC. EVALS.:  13
 CUMULATIVE NO. OF FUNC. EVALS.:       13
 NPARAMETR:  1.0000E+00  1.0000E+00  1.0000E+00  1.0000E+00  1.0000E+00  1.0000E+00  1.0000E+00  1.0000E+00  1.0000E+00  1.0000E+00
             1.0000E+00
 PARAMETER:  1.0000E-01  1.0000E-01  1.0000E-01  1.0000E-01  1.0000E-01  1.0000E-01  1.0000E-01  1.0000E-01  1.0000E-01  1.0000E-01
             1.0000E-01
 GRADIENT:   5.0203E+02  1.0506E+02  4.5112E+01  1.4763E+02  2.2150E+02  3.2383E+01 -2.6192E+01 -9.4198E+01 -4.7213E+01 -3.6981E+01
            -9.5785E+02

0ITERATION NO.:    5    OBJECTIVE VALUE:  -3437.60565572679        NO. OF FUNC. EVALS.: 115
 CUMULATIVE NO. OF FUNC. EVALS.:      128
 NPARAMETR:  1.0038E+00  8.7054E-01  8.3171E-01  9.9208E-01  7.8845E-01  1.0407E+00  1.0474E+00  1.1901E+00  1.0914E+00  1.0105E+00
             1.3945E+00
 PARAMETER:  1.0380E-01 -3.8636E-02 -8.4274E-02  9.2052E-02 -1.3768E-01  1.3985E-01  1.4631E-01  2.7403E-01  1.8745E-01  1.1044E-01
             4.3253E-01
 GRADIENT:   4.6042E+01 -2.7895E+01  1.3536E+00 -8.1829E+01 -2.9286E+01 -7.3303E+00 -1.0932E+01 -1.1442E+01 -3.0858E+00  9.8062E+00
             2.3059E+01

0ITERATION NO.:   10    OBJECTIVE VALUE:  -3441.89598467639        NO. OF FUNC. EVALS.: 175
 CUMULATIVE NO. OF FUNC. EVALS.:      303
 NPARAMETR:  1.0153E+00  8.9593E-01  9.6213E-01  1.0212E+00  8.3095E-01  1.0555E+00  1.2416E+00  1.7111E+00  1.0705E+00  8.4513E-01
             1.3696E+00
 PARAMETER:  1.1517E-01 -9.8884E-03  6.1399E-02  1.2093E-01 -8.5181E-02  1.5404E-01  3.1637E-01  6.3714E-01  1.6810E-01 -6.8259E-02
             4.1449E-01
 GRADIENT:   6.7390E+01  9.8868E+00  1.6973E+01 -3.1023E+01 -3.0248E+01 -3.1425E+00  4.6296E+00  3.6728E+00 -5.9404E+00 -2.0565E+00
             1.8493E+01

0ITERATION NO.:   15    OBJECTIVE VALUE:  -3444.23635999704        NO. OF FUNC. EVALS.: 178
 CUMULATIVE NO. OF FUNC. EVALS.:      481
 NPARAMETR:  9.8063E-01  8.8677E-01  9.0267E-01  1.0377E+00  8.2690E-01  1.0592E+00  1.1929E+00  1.5865E+00  1.0901E+00  8.8892E-01
             1.3579E+00
 PARAMETER:  8.0441E-02 -2.0171E-02 -2.3934E-03  1.3702E-01 -9.0068E-02  1.5749E-01  2.7635E-01  5.6151E-01  1.8628E-01 -1.7746E-02
             4.0592E-01
 GRADIENT:  -1.4247E+00 -1.5724E-02  1.8401E-01 -4.4608E-01 -9.4363E-02  2.5116E-01  2.4569E-01 -3.1448E-02 -5.0096E-01 -2.4058E-01
             6.5563E-01

0ITERATION NO.:   17    OBJECTIVE VALUE:  -3444.23894666320        NO. OF FUNC. EVALS.:  57
 CUMULATIVE NO. OF FUNC. EVALS.:      538
 NPARAMETR:  9.8116E-01  8.8839E-01  9.0354E-01  1.0372E+00  8.2811E-01  1.0589E+00  1.1882E+00  1.5872E+00  1.0920E+00  8.9399E-01
             1.3574E+00
 PARAMETER:  8.0981E-02 -1.8347E-02 -1.4346E-03  1.3654E-01 -8.8613E-02  1.5721E-01  2.7246E-01  5.6196E-01  1.8798E-01 -1.2065E-02
             4.0559E-01
 GRADIENT:  -3.6222E-01  1.4597E-01  1.8932E-01 -2.4569E-01 -2.5063E-01  1.4142E-01  6.6480E-02 -2.2318E-02 -1.4046E-02 -2.6343E-03
            -2.0068E-01
 Elapsed estimation  time in seconds:     8.48
 Elapsed postprocess time in seconds:     0.00
 Elapsed finaloutput time in seconds:     0.00
Done with nonmem execution
Starting NMTRAN
  
 WARNINGS AND ERRORS (IF ANY) FOR PROBLEM    1
             
 (WARNING  2) NM-TRAN INFERS THAT THE DATA ARE POPULATION.
Building NONMEM Executable
Starting nonmem execution ...
License Registered to: University of Minnesota
Expiration Date:    14 APR 2022
Current Date:       30 SEP 2021
Days until program expires : 199


 First Order Conditional Estimation with Interaction
 MONITORING OF SEARCH:


0ITERATION NO.:    0    OBJECTIVE VALUE:  -2825.88090204455        NO. OF FUNC. EVALS.:  13
 CUMULATIVE NO. OF FUNC. EVALS.:       13
 NPARAMETR:  1.0000E+00  1.0000E+00  1.0000E+00  1.0000E+00  1.0000E+00  1.0000E+00  1.0000E+00  1.0000E+00  1.0000E+00  1.0000E+00
             1.0000E+00
 PARAMETER:  1.0000E-01  1.0000E-01  1.0000E-01  1.0000E-01  1.0000E-01  1.0000E-01  1.0000E-01  1.0000E-01  1.0000E-01  1.0000E-01
             1.0000E-01
 GRADIENT:   5.3355E+02  9.0030E+01  1.2851E+02  9.4044E+01  1.0171E+02  4.1166E+01 -3.0828E+01 -1.1232E+02 -2.2169E+01  2.6677E+01
            -1.8111E+03

0ITERATION NO.:    5    OBJECTIVE VALUE:  -3239.55266290542        NO. OF FUNC. EVALS.: 136
 CUMULATIVE NO. OF FUNC. EVALS.:      149
 NPARAMETR:  9.8606E-01  1.0789E+00  8.7522E-01  9.9646E-01  9.8913E-01  9.3862E-01  9.9428E-01  1.0685E+00  9.7970E-01  8.6026E-01
             1.6900E+00
 PARAMETER:  8.5960E-02  1.7595E-01 -3.3285E-02  9.6458E-02  8.9067E-02  3.6657E-02  9.4263E-02  1.6625E-01  7.9490E-02 -5.0525E-02
             6.2472E-01
 GRADIENT:   1.0490E+02  4.0068E+01 -2.2934E+01  4.6232E+01  8.3701E+00 -1.4330E+00  6.4567E-02 -3.5233E+00 -2.8403E+00  7.2563E+00
            -1.3795E-01

0ITERATION NO.:   10    OBJECTIVE VALUE:  -3241.49447581863        NO. OF FUNC. EVALS.: 178
 CUMULATIVE NO. OF FUNC. EVALS.:      327
 NPARAMETR:  9.8524E-01  1.0041E+00  8.9590E-01  1.0285E+00  9.4246E-01  9.4800E-01  1.1330E+00  1.2550E+00  9.8775E-01  6.8480E-01
             1.6733E+00
 PARAMETER:  8.5135E-02  1.0407E-01 -9.9261E-03  1.2808E-01  4.0742E-02  4.6595E-02  2.2484E-01  3.2711E-01  8.7676E-02 -2.7863E-01
             6.1481E-01
 GRADIENT:   1.0171E+02  2.3451E+01 -6.1759E+00  3.8277E+01  7.0405E+00  2.4040E+00  3.4269E+00  3.0226E+00  2.7611E+00 -2.5594E+00
             2.3842E-01

0ITERATION NO.:   15    OBJECTIVE VALUE:  -3244.45906368447        NO. OF FUNC. EVALS.: 176
 CUMULATIVE NO. OF FUNC. EVALS.:      503
 NPARAMETR:  9.4379E-01  9.5637E-01  8.7121E-01  1.0288E+00  9.0669E-01  9.2815E-01  1.1280E+00  1.1436E+00  9.6678E-01  6.8944E-01
             1.6718E+00
 PARAMETER:  4.2146E-02  5.5390E-02 -3.7872E-02  1.2835E-01  2.0440E-03  2.5436E-02  2.2041E-01  2.3419E-01  6.6218E-02 -2.7187E-01
             6.1393E-01
 GRADIENT:  -2.7752E+00  6.0844E-01  3.0299E-01  1.6496E+00 -4.0180E-01 -1.4715E+00  4.0472E-02 -4.2629E-02 -3.3287E-01 -5.6612E-02
            -9.0911E-01

0ITERATION NO.:   17    OBJECTIVE VALUE:  -3244.46641990813        NO. OF FUNC. EVALS.:  57
 CUMULATIVE NO. OF FUNC. EVALS.:      560
 NPARAMETR:  9.4490E-01  9.5961E-01  8.7299E-01  1.0261E+00  9.0993E-01  9.3207E-01  1.1240E+00  1.1456E+00  9.6868E-01  6.9275E-01
             1.6728E+00
 PARAMETER:  4.3325E-02  5.8769E-02 -3.5834E-02  1.2574E-01  5.6084E-03  2.9648E-02  2.1690E-01  2.3590E-01  6.8178E-02 -2.6709E-01
             6.1450E-01
 GRADIENT:   2.3811E-01 -9.0737E-02 -3.3916E-02 -2.5536E-01 -3.1036E-02  1.6637E-01 -4.4849E-02 -3.2048E-02 -6.8031E-02 -6.5790E-02
             2.3289E-02
 Elapsed estimation  time in seconds:     8.15
 Elapsed postprocess time in seconds:     0.00
 Elapsed finaloutput time in seconds:     0.00
Done with nonmem execution
Starting NMTRAN
  
 WARNINGS AND ERRORS (IF ANY) FOR PROBLEM    1
             
 (WARNING  2) NM-TRAN INFERS THAT THE DATA ARE POPULATION.
Building NONMEM Executable
Starting nonmem execution ...
License Registered to: University of Minnesota
Expiration Date:    14 APR 2022
Current Date:       30 SEP 2021
Days until program expires : 199


 First Order Conditional Estimation with Interaction
 MONITORING OF SEARCH:


0ITERATION NO.:    0    OBJECTIVE VALUE:  -3145.74812777881        NO. OF FUNC. EVALS.:  13
 CUMULATIVE NO. OF FUNC. EVALS.:       13
 NPARAMETR:  1.0000E+00  1.0000E+00  1.0000E+00  1.0000E+00  1.0000E+00  1.0000E+00  1.0000E+00  1.0000E+00  1.0000E+00  1.0000E+00
             1.0000E+00
 PARAMETER:  1.0000E-01  1.0000E-01  1.0000E-01  1.0000E-01  1.0000E-01  1.0000E-01  1.0000E-01  1.0000E-01  1.0000E-01  1.0000E-01
             1.0000E-01
 GRADIENT:   4.5050E+02  1.2137E+02 -8.4404E+01  1.0777E+02  2.3789E+02  6.2419E+01 -5.9776E+01 -1.0024E+02 -7.0399E+01 -2.8876E+01
            -1.2457E+03

0ITERATION NO.:    5    OBJECTIVE VALUE:  -3393.38057467055        NO. OF FUNC. EVALS.:  72
 CUMULATIVE NO. OF FUNC. EVALS.:       85
 NPARAMETR:  9.8905E-01  8.9509E-01  1.1155E+00  9.9135E-01  8.5735E-01  9.2142E-01  1.1940E+00  1.1203E+00  1.1141E+00  9.6645E-01
             1.5901E+00
 PARAMETER:  8.8994E-02 -1.0831E-02  2.0930E-01  9.1308E-02 -5.3907E-02  1.8160E-02  2.7728E-01  2.1360E-01  2.0809E-01  6.5876E-02
             5.6380E-01
 GRADIENT:   1.4255E+02 -6.6538E+00  2.3527E+01 -5.5175E+01 -3.9551E+01  2.2533E+00 -3.5057E-01 -1.3042E+00  5.4916E+00  1.1093E+01
             1.1929E+02

0ITERATION NO.:   10    OBJECTIVE VALUE:  -3397.52883177834        NO. OF FUNC. EVALS.:  72
 CUMULATIVE NO. OF FUNC. EVALS.:      157
 NPARAMETR:  9.7600E-01  8.8753E-01  1.1022E+00  1.0132E+00  8.5877E-01  9.1936E-01  1.4119E+00  1.3627E+00  1.1760E+00  7.6439E-01
             1.5578E+00
 PARAMETER:  7.5707E-02 -1.9314E-02  1.9728E-01  1.1311E-01 -5.2258E-02  1.5925E-02  4.4491E-01  4.0945E-01  2.6215E-01 -1.6868E-01
             5.4328E-01
 GRADIENT:   1.1408E+02  2.6002E+01  1.1843E+01 -5.7573E+00  2.3009E+00  7.3131E-01  2.6966E+01  1.6909E+00  1.7765E+01 -6.9436E+00
             1.1557E+02

0ITERATION NO.:   15    OBJECTIVE VALUE:  -3409.54379008362        NO. OF FUNC. EVALS.: 157
 CUMULATIVE NO. OF FUNC. EVALS.:      314
 NPARAMETR:  1.0005E+00  1.0214E+00  1.4874E+00  1.0155E+00  1.0449E+00  9.7475E-01  1.2274E+00  2.2793E+00  1.0366E+00  1.1151E+00
             1.4890E+00
 PARAMETER:  1.0046E-01  1.2120E-01  4.9703E-01  1.1538E-01  1.4394E-01  7.4426E-02  3.0489E-01  9.2385E-01  1.3590E-01  2.0897E-01
             4.9811E-01
 GRADIENT:  -6.3304E+00  1.6004E+01 -7.9051E+00 -2.1276E+01  8.5726E+00  3.7727E+00  1.2813E+01 -3.5651E+00  6.0416E+00  2.4903E+00
             4.0652E+01

0ITERATION NO.:   20    OBJECTIVE VALUE:  -3416.78909864296        NO. OF FUNC. EVALS.: 177
 CUMULATIVE NO. OF FUNC. EVALS.:      491
 NPARAMETR:  1.0008E+00  8.5606E-01  1.7431E+00  1.1322E+00  9.8116E-01  9.6495E-01  1.2439E+00  2.8225E+00  9.1883E-01  9.5690E-01
             1.4380E+00
 PARAMETER:  1.0078E-01 -5.5411E-02  6.5565E-01  2.2415E-01  8.0982E-02  6.4319E-02  3.1828E-01  1.1376E+00  1.5341E-02  5.5949E-02
             4.6328E-01
 GRADIENT:  -4.7027E+00 -4.2737E-01 -1.4488E+00  3.5464E+00 -2.3736E-01 -1.6618E-01  8.1326E-01  2.5560E-01 -2.2365E-01 -6.8934E-01
             6.4501E-01

0ITERATION NO.:   25    OBJECTIVE VALUE:  -3416.82293042687        NO. OF FUNC. EVALS.: 181
 CUMULATIVE NO. OF FUNC. EVALS.:      672
 NPARAMETR:  1.0030E+00  8.6179E-01  1.7485E+00  1.1296E+00  9.8558E-01  9.6546E-01  1.2245E+00  2.8269E+00  9.2056E-01  9.7157E-01
             1.4382E+00
 PARAMETER:  1.0303E-01 -4.8742E-02  6.5873E-01  2.2182E-01  8.5470E-02  6.4846E-02  3.0250E-01  1.1392E+00  1.7229E-02  7.1156E-02
             4.6339E-01
 GRADIENT:   6.0969E-01 -2.0837E-01 -1.3343E+00  3.6589E+00 -1.7059E-01  5.3923E-02 -4.5906E-02  5.0810E-01 -3.1381E-02  1.5118E-03
            -3.3443E-02

0ITERATION NO.:   26    OBJECTIVE VALUE:  -3416.82293042687        NO. OF FUNC. EVALS.:  22
 CUMULATIVE NO. OF FUNC. EVALS.:      694
 NPARAMETR:  1.0030E+00  8.6179E-01  1.7485E+00  1.1296E+00  9.8558E-01  9.6546E-01  1.2245E+00  2.8269E+00  9.2056E-01  9.7157E-01
             1.4382E+00
 PARAMETER:  1.0303E-01 -4.8742E-02  6.5873E-01  2.2182E-01  8.5470E-02  6.4846E-02  3.0250E-01  1.1392E+00  1.7229E-02  7.1156E-02
             4.6339E-01
 GRADIENT:   6.0969E-01 -2.0837E-01 -1.3343E+00  3.6589E+00 -1.7059E-01  5.3923E-02 -4.5906E-02  5.0810E-01 -3.1381E-02  1.5118E-03
            -3.3443E-02
 Elapsed estimation  time in seconds:    10.83
 Elapsed postprocess time in seconds:     0.00
 Elapsed finaloutput time in seconds:     0.00
Done with nonmem execution
Starting NMTRAN
  
 WARNINGS AND ERRORS (IF ANY) FOR PROBLEM    1
             
 (WARNING  2) NM-TRAN INFERS THAT THE DATA ARE POPULATION.
Building NONMEM Executable
Starting nonmem execution ...
License Registered to: University of Minnesota
Expiration Date:    14 APR 2022
Current Date:       30 SEP 2021
Days until program expires : 199


 First Order Conditional Estimation with Interaction
 MONITORING OF SEARCH:


0ITERATION NO.:    0    OBJECTIVE VALUE:  -2490.14923734535        NO. OF FUNC. EVALS.:  13
 CUMULATIVE NO. OF FUNC. EVALS.:       13
 NPARAMETR:  1.0000E+00  1.0000E+00  1.0000E+00  1.0000E+00  1.0000E+00  1.0000E+00  1.0000E+00  1.0000E+00  1.0000E+00  1.0000E+00
             1.0000E+00
 PARAMETER:  1.0000E-01  1.0000E-01  1.0000E-01  1.0000E-01  1.0000E-01  1.0000E-01  1.0000E-01  1.0000E-01  1.0000E-01  1.0000E-01
             1.0000E-01
 GRADIENT:   5.0608E+02  7.1674E+01  1.5923E+02  2.1100E+02  1.7744E+02  1.5369E+01 -9.4858E+01 -5.4875E+02 -1.7791E+02 -2.8764E+01
            -1.8330E+03

0ITERATION NO.:    5    OBJECTIVE VALUE:  -3259.41279376105        NO. OF FUNC. EVALS.: 136
 CUMULATIVE NO. OF FUNC. EVALS.:      149
 NPARAMETR:  1.0513E+00  1.2665E+00  9.3193E-01  8.5681E-01  1.1129E+00  1.3562E+00  1.0456E+00  1.1484E+00  1.0445E+00  1.0197E+00
             1.6251E+00
 PARAMETER:  1.5001E-01  3.3625E-01  2.9500E-02 -5.4544E-02  2.0694E-01  4.0471E-01  1.4455E-01  2.3839E-01  1.4351E-01  1.1953E-01
             5.8556E-01
 GRADIENT:   7.5205E+01  5.3138E+01 -2.9260E+01  7.2778E+01  2.8704E+01  6.2941E+01  1.9989E+01 -4.2649E-01 -1.4087E+01 -2.6060E+01
            -5.8570E+01

0ITERATION NO.:   10    OBJECTIVE VALUE:  -3267.85147668971        NO. OF FUNC. EVALS.: 176
 CUMULATIVE NO. OF FUNC. EVALS.:      325
 NPARAMETR:  1.0591E+00  1.5842E+00  9.2522E-01  6.5758E-01  1.3612E+00  1.3103E+00  7.7403E-01  1.1312E+00  1.1935E+00  1.3301E+00
             1.6314E+00
 PARAMETER:  1.5741E-01  5.6010E-01  2.2273E-02 -3.1919E-01  4.0839E-01  3.7028E-01 -1.5614E-01  2.2329E-01  2.7692E-01  3.8528E-01
             5.8944E-01
 GRADIENT:   8.9735E+01  8.7282E+01 -2.4111E+00  4.0970E+01  1.5707E+01  5.1754E+01  8.7237E+00 -7.0579E+00 -1.0568E+01 -9.7810E+00
            -6.6664E+01

0ITERATION NO.:   15    OBJECTIVE VALUE:  -3275.87494502399        NO. OF FUNC. EVALS.: 174
 CUMULATIVE NO. OF FUNC. EVALS.:      499
 NPARAMETR:  1.0322E+00  1.5011E+00  1.0143E+00  6.8935E-01  1.3189E+00  1.2633E+00  6.8800E-01  1.4038E+00  1.2263E+00  1.2725E+00
             1.6439E+00
 PARAMETER:  1.3172E-01  5.0621E-01  1.1418E-01 -2.7201E-01  3.7680E-01  3.3373E-01 -2.7396E-01  4.3918E-01  3.0397E-01  3.4102E-01
             5.9709E-01
 GRADIENT:   3.0608E+02  3.4826E+02  2.8657E+00  7.9088E+01  6.6298E+01  1.3154E+02  5.5192E+00 -5.1016E+00  2.0471E+00 -8.8335E+00
            -2.0990E+01

0ITERATION NO.:   20    OBJECTIVE VALUE:  -3278.77515693531        NO. OF FUNC. EVALS.: 188
 CUMULATIVE NO. OF FUNC. EVALS.:      687
 NPARAMETR:  1.0357E+00  1.4972E+00  1.0149E+00  6.8839E-01  1.3190E+00  1.1108E+00  6.9061E-01  1.4007E+00  1.2585E+00  1.2725E+00
             1.6490E+00
 PARAMETER:  1.3509E-01  5.0361E-01  1.1476E-01 -2.7340E-01  3.7685E-01  2.0509E-01 -2.7018E-01  4.3694E-01  3.2993E-01  3.4098E-01
             6.0015E-01
 GRADIENT:   8.2904E+01  3.8611E+01  1.4319E+00  2.3107E+01  7.9942E+00 -1.1193E+00 -3.7589E-02 -5.4237E+00 -7.4534E-01 -1.6466E+01
            -2.4427E+01

0ITERATION NO.:   25    OBJECTIVE VALUE:  -3279.03896605330        NO. OF FUNC. EVALS.: 197
 CUMULATIVE NO. OF FUNC. EVALS.:      884
 NPARAMETR:  1.0342E+00  1.4963E+00  1.0146E+00  6.8786E-01  1.3187E+00  1.1167E+00  6.9131E-01  1.4178E+00  1.2587E+00  1.2750E+00
             1.6496E+00
 PARAMETER:  1.3366E-01  5.0302E-01  1.1454E-01 -2.7417E-01  3.7661E-01  2.1041E-01 -2.6917E-01  4.4912E-01  3.3008E-01  3.4296E-01
             6.0054E-01
 GRADIENT:   7.9524E+01  3.6172E+01  8.9880E-01  2.1825E+01  7.7218E+00  1.2019E+00  2.5964E-01 -5.1045E+00 -5.2228E-01 -1.5929E+01
            -2.2600E+01

0ITERATION NO.:   30    OBJECTIVE VALUE:  -3279.04172527266        NO. OF FUNC. EVALS.: 153
 CUMULATIVE NO. OF FUNC. EVALS.:     1037
 NPARAMETR:  1.0342E+00  1.4963E+00  1.0109E+00  6.8786E-01  1.3187E+00  1.1136E+00  6.8928E-01  1.4174E+00  1.2614E+00  1.2750E+00
             1.6496E+00
 PARAMETER:  1.3366E-01  5.0302E-01  1.1088E-01 -2.7417E-01  3.7661E-01  2.0759E-01 -2.7211E-01  4.4880E-01  3.3224E-01  3.4296E-01
             6.0054E-01
 GRADIENT:  -6.4316E+04  1.6735E+01 -7.7598E+04 -3.1386E+04 -2.2847E+04 -2.9268E-01  9.0847E-02 -2.6757E+02 -2.5931E+04 -1.2565E+04
            -5.3395E+01
 Elapsed estimation  time in seconds:    19.05
 Elapsed postprocess time in seconds:     0.00
 Elapsed finaloutput time in seconds:     0.00
Done with nonmem execution
Starting NMTRAN
  
 WARNINGS AND ERRORS (IF ANY) FOR PROBLEM    1
             
 (WARNING  2) NM-TRAN INFERS THAT THE DATA ARE POPULATION.
Building NONMEM Executable
Starting nonmem execution ...
License Registered to: University of Minnesota
Expiration Date:    14 APR 2022
Current Date:       30 SEP 2021
Days until program expires : 199


 First Order Conditional Estimation with Interaction
 MONITORING OF SEARCH:


0ITERATION NO.:    0    OBJECTIVE VALUE:  -3040.37169678180        NO. OF FUNC. EVALS.:  13
 CUMULATIVE NO. OF FUNC. EVALS.:       13
 NPARAMETR:  1.0000E+00  1.0000E+00  1.0000E+00  1.0000E+00  1.0000E+00  1.0000E+00  1.0000E+00  1.0000E+00  1.0000E+00  1.0000E+00
             1.0000E+00
 PARAMETER:  1.0000E-01  1.0000E-01  1.0000E-01  1.0000E-01  1.0000E-01  1.0000E-01  1.0000E-01  1.0000E-01  1.0000E-01  1.0000E-01
             1.0000E-01
 GRADIENT:   4.9834E+02  6.1499E+01  3.5278E+01  1.6199E+02  1.3031E+02  3.6040E+01 -6.9238E+00 -9.4593E+01 -4.5299E+01  2.2051E+01
            -1.4865E+03

0ITERATION NO.:    5    OBJECTIVE VALUE:  -3343.34135227637        NO. OF FUNC. EVALS.:  96
 CUMULATIVE NO. OF FUNC. EVALS.:      109
 NPARAMETR:  9.6288E-01  1.0465E+00  8.9910E-01  9.5259E-01  9.5250E-01  1.0123E+00  9.4132E-01  1.1052E+00  1.0542E+00  8.3658E-01
             1.4935E+00
 PARAMETER:  6.2169E-02  1.4549E-01 -6.3618E-03  5.1428E-02  5.1334E-02  1.1226E-01  3.9529E-02  1.9999E-01  1.5276E-01 -7.8429E-02
             5.0115E-01
 GRADIENT:  -4.3453E+01 -2.7021E+00 -2.5151E+01 -8.3889E+00 -2.1285E+00 -3.2536E+00 -2.3355E+00 -1.0568E+01 -9.1559E+00  5.9725E-01
            -1.2460E+02

0ITERATION NO.:   10    OBJECTIVE VALUE:  -3348.89711147741        NO. OF FUNC. EVALS.: 176
 CUMULATIVE NO. OF FUNC. EVALS.:      285
 NPARAMETR:  9.6865E-01  1.1906E+00  1.1560E+00  8.7907E-01  1.1735E+00  1.0026E+00  9.1553E-01  1.6946E+00  1.1058E+00  9.2615E-01
             1.4944E+00
 PARAMETER:  6.8149E-02  2.7442E-01  2.4498E-01 -2.8889E-02  2.6002E-01  1.0257E-01  1.1743E-02  6.2744E-01  2.0058E-01  2.3279E-02
             5.0174E-01
 GRADIENT:  -3.1737E+01 -2.9728E+01 -1.5785E+01 -2.3147E-01  6.2118E+01 -6.8424E+00  3.2564E+00 -7.4781E+00  3.2350E-01 -4.7294E+00
            -1.0440E+02

0ITERATION NO.:   15    OBJECTIVE VALUE:  -3353.10046190196        NO. OF FUNC. EVALS.: 176
 CUMULATIVE NO. OF FUNC. EVALS.:      461
 NPARAMETR:  9.8478E-01  1.1949E+00  1.2032E+00  8.8934E-01  1.1417E+00  1.0172E+00  8.8252E-01  1.8177E+00  1.0906E+00  9.2631E-01
             1.5638E+00
 PARAMETER:  8.4661E-02  2.7806E-01  2.8496E-01 -1.7278E-02  2.3250E-01  1.1708E-01 -2.4979E-02  6.9759E-01  1.8669E-01  2.3453E-02
             5.4712E-01
 GRADIENT:   2.9183E+00  2.4744E+00 -1.8788E+00  2.2422E+00  7.2880E-01 -1.8966E-01 -1.8166E-01  4.7276E-01  4.5096E-01 -7.6906E-01
            -5.7505E-01

0ITERATION NO.:   19    OBJECTIVE VALUE:  -3353.11744907962        NO. OF FUNC. EVALS.: 127
 CUMULATIVE NO. OF FUNC. EVALS.:      588
 NPARAMETR:  9.8333E-01  1.1904E+00  1.2186E+00  8.9068E-01  1.1420E+00  1.0176E+00  8.8852E-01  1.8279E+00  1.0835E+00  9.2720E-01
             1.5639E+00
 PARAMETER:  8.3193E-02  2.7427E-01  2.9767E-01 -1.5770E-02  2.3280E-01  1.1746E-01 -1.8199E-02  7.0318E-01  1.8019E-01  2.4410E-02
             5.4718E-01
 GRADIENT:  -1.6969E-01 -8.1992E-02  1.7832E-02 -2.4318E-01 -7.3241E-02 -2.5430E-02 -1.9359E-02 -6.7235E-03 -1.8218E-02 -4.3254E-03
             5.6552E-02
 Elapsed estimation  time in seconds:    10.39
 Elapsed postprocess time in seconds:     0.00
 Elapsed finaloutput time in seconds:     0.00
Done with nonmem execution
Starting NMTRAN
  
 WARNINGS AND ERRORS (IF ANY) FOR PROBLEM    1
             
 (WARNING  2) NM-TRAN INFERS THAT THE DATA ARE POPULATION.
Building NONMEM Executable
Starting nonmem execution ...
License Registered to: University of Minnesota
Expiration Date:    14 APR 2022
Current Date:       30 SEP 2021
Days until program expires : 199


 First Order Conditional Estimation with Interaction
 MONITORING OF SEARCH:


0ITERATION NO.:    0    OBJECTIVE VALUE:  -3208.61570393801        NO. OF FUNC. EVALS.:  13
 CUMULATIVE NO. OF FUNC. EVALS.:       13
 NPARAMETR:  1.0000E+00  1.0000E+00  1.0000E+00  1.0000E+00  1.0000E+00  1.0000E+00  1.0000E+00  1.0000E+00  1.0000E+00  1.0000E+00
             1.0000E+00
 PARAMETER:  1.0000E-01  1.0000E-01  1.0000E-01  1.0000E-01  1.0000E-01  1.0000E-01  1.0000E-01  1.0000E-01  1.0000E-01  1.0000E-01
             1.0000E-01
 GRADIENT:   5.3609E+02  1.8082E+01  6.1059E+01  1.1903E+02  1.4088E+02  2.0014E+01 -4.2246E+01 -9.7074E+01 -5.9548E+01  9.0073E-01
            -9.9132E+02

0ITERATION NO.:    5    OBJECTIVE VALUE:  -3382.46031521559        NO. OF FUNC. EVALS.: 115
 CUMULATIVE NO. OF FUNC. EVALS.:      128
 NPARAMETR:  9.7936E-01  1.0383E+00  8.7517E-01  9.8895E-01  9.3424E-01  9.7503E-01  1.0959E+00  1.1820E+00  1.1539E+00  9.6701E-01
             1.4471E+00
 PARAMETER:  7.9144E-02  1.3759E-01 -3.3333E-02  8.8891E-02  3.1981E-02  7.4711E-02  1.9160E-01  2.6723E-01  2.4311E-01  6.6457E-02
             4.6954E-01
 GRADIENT:   1.0895E+02 -7.7833E+00 -2.4196E+01  1.5952E+01  5.2179E+00 -8.0565E+00 -2.5269E+00 -9.7310E+00  2.7912E+00  2.4991E+00
             5.8596E+01

0ITERATION NO.:   10    OBJECTIVE VALUE:  -3389.24703973785        NO. OF FUNC. EVALS.: 175
 CUMULATIVE NO. OF FUNC. EVALS.:      303
 NPARAMETR:  9.5401E-01  1.3366E+00  1.2143E+00  8.4353E-01  1.2548E+00  9.6093E-01  1.0311E+00  2.4432E+00  1.2018E+00  1.1978E+00
             1.3989E+00
 PARAMETER:  5.2918E-02  3.9016E-01  2.9415E-01 -7.0162E-02  3.2697E-01  6.0147E-02  1.3063E-01  9.9332E-01  2.8385E-01  2.8049E-01
             4.3572E-01
 GRADIENT:   4.9693E+01  2.2272E+01 -6.9862E+00  1.4207E+01  2.0777E+01 -1.0964E+01  1.4850E+01  1.2103E+01  1.4269E+01 -8.7914E+00
             1.4444E+01

0ITERATION NO.:   15    OBJECTIVE VALUE:  -3393.01406621721        NO. OF FUNC. EVALS.: 177
 CUMULATIVE NO. OF FUNC. EVALS.:      480
 NPARAMETR:  9.3303E-01  1.2568E+00  1.1488E+00  8.7117E-01  1.1648E+00  9.8589E-01  9.4044E-01  1.9653E+00  1.1571E+00  1.1958E+00
             1.3946E+00
 PARAMETER:  3.0684E-02  3.2854E-01  2.3875E-01 -3.7914E-02  2.5254E-01  8.5787E-02  3.8592E-02  7.7564E-01  2.4594E-01  2.7881E-01
             4.3263E-01
 GRADIENT:  -2.4967E+00 -3.9805E-01 -1.8876E-01 -8.8810E-01 -8.2577E-01  3.3589E-01  4.5657E-01 -4.8205E-01  1.7437E+00  6.2012E-01
            -8.5186E-01

0ITERATION NO.:   19    OBJECTIVE VALUE:  -3393.03892237546        NO. OF FUNC. EVALS.: 127
 CUMULATIVE NO. OF FUNC. EVALS.:      607
 NPARAMETR:  9.3418E-01  1.2553E+00  1.1692E+00  8.7390E-01  1.1695E+00  9.8497E-01  9.4439E-01  2.0164E+00  1.1397E+00  1.1930E+00
             1.3941E+00
 PARAMETER:  3.1910E-02  3.2734E-01  2.5630E-01 -3.4788E-02  2.5655E-01  8.4860E-02  4.2784E-02  8.0130E-01  2.3072E-01  2.7648E-01
             4.3228E-01
 GRADIENT:   2.3063E-01  5.0437E-03  8.5282E-02  8.2270E-02  1.7707E-01 -1.0289E-02  3.7397E-02 -9.5664E-02 -1.3003E-02 -4.4148E-02
             1.2179E-02
 Elapsed estimation  time in seconds:    10.52
 Elapsed postprocess time in seconds:     0.00
 Elapsed finaloutput time in seconds:     0.01
Done with nonmem execution
Starting NMTRAN
  
 WARNINGS AND ERRORS (IF ANY) FOR PROBLEM    1
             
 (WARNING  2) NM-TRAN INFERS THAT THE DATA ARE POPULATION.
Building NONMEM Executable
Starting nonmem execution ...
License Registered to: University of Minnesota
Expiration Date:    14 APR 2022
Current Date:       30 SEP 2021
Days until program expires : 199


 First Order Conditional Estimation with Interaction
 MONITORING OF SEARCH:


0ITERATION NO.:    0    OBJECTIVE VALUE:  -3064.15251926950        NO. OF FUNC. EVALS.:  13
 CUMULATIVE NO. OF FUNC. EVALS.:       13
 NPARAMETR:  1.0000E+00  1.0000E+00  1.0000E+00  1.0000E+00  1.0000E+00  1.0000E+00  1.0000E+00  1.0000E+00  1.0000E+00  1.0000E+00
             1.0000E+00
 PARAMETER:  1.0000E-01  1.0000E-01  1.0000E-01  1.0000E-01  1.0000E-01  1.0000E-01  1.0000E-01  1.0000E-01  1.0000E-01  1.0000E-01
             1.0000E-01
 GRADIENT:   4.7732E+02  1.1711E+02  4.9087E+01  1.0847E+02  7.6339E+01  3.1549E+01 -3.6554E+01 -7.5731E+01 -7.9670E+00  2.9461E+00
            -1.3971E+03

0ITERATION NO.:    5    OBJECTIVE VALUE:  -3336.69820760714        NO. OF FUNC. EVALS.:  95
 CUMULATIVE NO. OF FUNC. EVALS.:      108
 NPARAMETR:  9.8356E-01  9.8831E-01  9.6294E-01  1.0137E+00  9.5634E-01  1.0512E+00  1.0373E+00  1.0347E+00  9.5126E-01  9.5056E-01
             1.5521E+00
 PARAMETER:  8.3418E-02  8.8243E-02  6.2237E-02  1.1365E-01  5.5362E-02  1.4992E-01  1.3662E-01  1.3406E-01  5.0034E-02  4.9297E-02
             5.3958E-01
 GRADIENT:  -4.5032E+00  1.4336E+01 -4.2059E+00  1.0836E+01 -2.8138E+01 -2.4581E+00 -7.0300E+00 -1.3385E+00 -5.1406E-01  2.2464E+00
            -2.6809E+00

0ITERATION NO.:   10    OBJECTIVE VALUE:  -3337.76546185387        NO. OF FUNC. EVALS.: 178
 CUMULATIVE NO. OF FUNC. EVALS.:      286
 NPARAMETR:  9.8613E-01  1.0993E+00  1.1256E+00  9.5554E-01  1.1031E+00  1.0719E+00  1.0374E+00  1.3204E+00  9.6736E-01  1.0720E+00
             1.5594E+00
 PARAMETER:  8.6036E-02  1.9464E-01  2.1830E-01  5.4523E-02  1.9816E-01  1.6945E-01  1.3673E-01  3.7796E-01  6.6819E-02  1.6954E-01
             5.4428E-01
 GRADIENT:   2.2700E-01  6.0847E+00  4.3359E+00  7.8016E+00 -4.3721E+00  5.2053E+00  5.5120E+00  1.4451E+00  3.1540E+00  7.2598E+00
             8.4548E+00

0ITERATION NO.:   15    OBJECTIVE VALUE:  -3338.20959261005        NO. OF FUNC. EVALS.: 178
 CUMULATIVE NO. OF FUNC. EVALS.:      464
 NPARAMETR:  9.8578E-01  1.0699E+00  1.0742E+00  9.6460E-01  1.0699E+00  1.0577E+00  1.0217E+00  1.2082E+00  9.6110E-01  1.0084E+00
             1.5552E+00
 PARAMETER:  8.5681E-02  1.6758E-01  1.7155E-01  6.3953E-02  1.6754E-01  1.5608E-01  1.2151E-01  2.8910E-01  6.0326E-02  1.0838E-01
             5.4163E-01
 GRADIENT:  -3.4681E-01 -6.2708E-02 -4.0512E-01 -3.5484E-01  2.6748E-02  1.0875E-02 -2.4483E-01 -1.6102E-01  1.2894E-01 -1.8632E-01
             4.9740E-02

0ITERATION NO.:   17    OBJECTIVE VALUE:  -3338.21135706472        NO. OF FUNC. EVALS.:  57
 CUMULATIVE NO. OF FUNC. EVALS.:      521
 NPARAMETR:  9.8595E-01  1.0710E+00  1.0780E+00  9.6433E-01  1.0718E+00  1.0577E+00  1.0230E+00  1.2169E+00  9.5997E-01  1.0104E+00
             1.5551E+00
 PARAMETER:  8.5847E-02  1.6856E-01  1.7513E-01  6.3678E-02  1.6934E-01  1.5606E-01  1.2270E-01  2.9630E-01  5.9147E-02  1.1039E-01
             5.4154E-01
 GRADIENT:  -2.8189E-02 -1.0353E-02  5.7269E-02 -4.7660E-02 -4.6939E-02  4.6137E-03  1.1188E-03 -2.0056E-02 -2.2250E-02 -9.0857E-03
             1.0226E-01
 Elapsed estimation  time in seconds:     8.54
 Elapsed postprocess time in seconds:     0.00
 Elapsed finaloutput time in seconds:     0.00
Done with nonmem execution
