Starting NMTRAN
  
 WARNINGS AND ERRORS (IF ANY) FOR PROBLEM    1
             
 (WARNING  2) NM-TRAN INFERS THAT THE DATA ARE POPULATION.
Building NONMEM Executable
Starting nonmem execution ...
License Registered to: University of Minnesota
Expiration Date:    14 APR 2022
Current Date:       30 SEP 2021
Days until program expires : 199


 First Order Conditional Estimation with Interaction
 MONITORING OF SEARCH:


0ITERATION NO.:    0    OBJECTIVE VALUE:  -2125.38079324915        NO. OF FUNC. EVALS.:  13
 CUMULATIVE NO. OF FUNC. EVALS.:       13
 NPARAMETR:  1.0000E+00  1.0000E+00  1.0000E+00  1.0000E+00  1.0000E+00  1.0000E+00  1.0000E+00  1.0000E+00  1.0000E+00  1.0000E+00
             1.0000E+00
 PARAMETER:  1.0000E-01  1.0000E-01  1.0000E-01  1.0000E-01  1.0000E-01  1.0000E-01  1.0000E-01  1.0000E-01  1.0000E-01  1.0000E-01
             1.0000E-01
 GRADIENT:   4.4030E+02  4.2692E+01  3.8062E+01  4.7651E+01 -4.8594E+01  5.2888E+01  4.5702E+00  8.9695E-01  1.7866E+01 -7.4788E+00
             5.7508E+00

0ITERATION NO.:    5    OBJECTIVE VALUE:  -2127.83074384784        NO. OF FUNC. EVALS.: 163
 CUMULATIVE NO. OF FUNC. EVALS.:      176
 NPARAMETR:  1.0016E+00  1.0155E+00  9.6728E-01  1.0090E+00  1.0358E+00  9.7195E-01  9.9842E-01  9.8013E-01  9.3685E-01  1.0605E+00
             9.8560E-01
 PARAMETER:  1.0158E-01  1.1535E-01  6.6734E-02  1.0899E-01  1.3517E-01  7.1544E-02  9.8422E-02  7.9931E-02  3.4768E-02  1.5878E-01
             8.5491E-02
 GRADIENT:   1.4068E+00  1.7901E+00 -1.1013E-01  3.6150E+00 -4.4592E+00 -4.4015E+00 -1.7355E+00  3.9694E+00 -1.9895E+00 -2.9855E+00
            -5.6304E+00

0ITERATION NO.:   10    OBJECTIVE VALUE:  -2128.31187250538        NO. OF FUNC. EVALS.: 178
 CUMULATIVE NO. OF FUNC. EVALS.:      354
 NPARAMETR:  1.0035E+00  1.0439E+00  9.7078E-01  9.8960E-01  1.0645E+00  9.7622E-01  9.9137E-01  8.6230E-01  9.6126E-01  1.1373E+00
             9.9032E-01
 PARAMETER:  1.0348E-01  1.4292E-01  7.0347E-02  8.9541E-02  1.6252E-01  7.5935E-02  9.1330E-02 -4.8152E-02  6.0495E-02  2.2867E-01
             9.0269E-02
 GRADIENT:   6.0274E+00  1.0565E-01  2.4913E+00  3.3670E-01 -2.9308E+00 -2.5304E+00 -1.6046E-01  3.5959E-01  7.9267E-01  1.3682E+00
            -2.3746E+00

0ITERATION NO.:   15    OBJECTIVE VALUE:  -2128.84669577085        NO. OF FUNC. EVALS.: 176
 CUMULATIVE NO. OF FUNC. EVALS.:      530
 NPARAMETR:  1.0019E+00  1.2193E+00  7.4658E-01  8.7121E-01  1.0223E+00  9.9058E-01  9.2643E-01  5.7922E-01  1.0354E+00  1.0573E+00
             9.9257E-01
 PARAMETER:  1.0185E-01  2.9832E-01 -1.9226E-01 -3.7875E-02  1.2202E-01  9.0538E-02  2.3588E-02 -4.4608E-01  1.3476E-01  1.5574E-01
             9.2542E-02
 GRADIENT:  -3.8368E+00  4.4777E+00  6.9993E-01  3.8326E+00 -5.4727E+00  1.8482E+00  7.2384E-01  4.5763E-01  3.8390E-01  1.4347E+00
             8.2643E-01

0ITERATION NO.:   20    OBJECTIVE VALUE:  -2128.98601260214        NO. OF FUNC. EVALS.: 177
 CUMULATIVE NO. OF FUNC. EVALS.:      707
 NPARAMETR:  1.0047E+00  1.3536E+00  6.7082E-01  7.8224E-01  1.0640E+00  9.8628E-01  8.5723E-01  4.4379E-01  1.1153E+00  1.0727E+00
             9.9220E-01
 PARAMETER:  1.0472E-01  4.0280E-01 -2.9925E-01 -1.4559E-01  1.6206E-01  8.6182E-02 -5.4048E-02 -7.1240E-01  2.0916E-01  1.7018E-01
             9.2173E-02
 GRADIENT:   7.3959E-01  7.9800E-01  2.0039E-01  1.0627E+00 -9.3775E-01 -3.2909E-01 -1.6415E-01  2.7028E-02  7.3260E-02 -7.2246E-02
            -1.6035E-01

0ITERATION NO.:   25    OBJECTIVE VALUE:  -2128.98829671471        NO. OF FUNC. EVALS.: 168
 CUMULATIVE NO. OF FUNC. EVALS.:      875
 NPARAMETR:  1.0050E+00  1.3570E+00  6.6858E-01  7.7909E-01  1.0662E+00  9.8741E-01  8.5733E-01  4.3007E-01  1.1175E+00  1.0743E+00
             9.9240E-01
 PARAMETER:  1.0494E-01  4.0527E-01 -3.0260E-01 -1.4963E-01  1.6413E-01  8.7331E-02 -5.3927E-02 -7.4381E-01  2.1109E-01  1.7170E-01
             9.2368E-02
 GRADIENT:   1.2298E+00 -8.3953E-01  5.8396E-02 -7.1472E-03 -2.9127E-02  1.1988E-01 -1.6431E-02 -1.2412E-03  4.4253E-02 -1.1217E-01
            -4.0885E-02
 Elapsed estimation  time in seconds:     8.62
 Elapsed postprocess time in seconds:     0.00
 Elapsed finaloutput time in seconds:     0.00
Done with nonmem execution
Starting NMTRAN
  
 WARNINGS AND ERRORS (IF ANY) FOR PROBLEM    1
             
 (WARNING  2) NM-TRAN INFERS THAT THE DATA ARE POPULATION.
Building NONMEM Executable
Starting nonmem execution ...
License Registered to: University of Minnesota
Expiration Date:    14 APR 2022
Current Date:       30 SEP 2021
Days until program expires : 199


 First Order Conditional Estimation with Interaction
 MONITORING OF SEARCH:


0ITERATION NO.:    0    OBJECTIVE VALUE:  -2110.95241162811        NO. OF FUNC. EVALS.:  13
 CUMULATIVE NO. OF FUNC. EVALS.:       13
 NPARAMETR:  1.0000E+00  1.0000E+00  1.0000E+00  1.0000E+00  1.0000E+00  1.0000E+00  1.0000E+00  1.0000E+00  1.0000E+00  1.0000E+00
             1.0000E+00
 PARAMETER:  1.0000E-01  1.0000E-01  1.0000E-01  1.0000E-01  1.0000E-01  1.0000E-01  1.0000E-01  1.0000E-01  1.0000E-01  1.0000E-01
             1.0000E-01
 GRADIENT:   4.5205E+02 -1.3653E+01 -1.4106E+01  1.8553E+01 -2.4062E+01  3.5394E+01  1.2741E+01  1.8647E+01  4.2849E+01  5.3448E+00
            -4.0314E+01

0ITERATION NO.:    5    OBJECTIVE VALUE:  -2121.29852972992        NO. OF FUNC. EVALS.:  75
 CUMULATIVE NO. OF FUNC. EVALS.:       88
 NPARAMETR:  9.7021E-01  1.0157E+00  1.1449E+00  1.0365E+00  1.1130E+00  8.9683E-01  9.1697E-01  8.3723E-01  8.0793E-01  1.0717E+00
             1.0566E+00
 PARAMETER:  6.9754E-02  1.1557E-01  2.3528E-01  1.3585E-01  2.0703E-01 -8.8898E-03  1.3318E-02 -7.7653E-02 -1.1328E-01  1.6927E-01
             1.5501E-01
 GRADIENT:   3.3993E+02  2.4917E+01 -1.8379E+01  9.0753E+01  2.1467E+01 -1.1272E+01 -1.1674E+00  7.9162E+00 -2.4809E+00 -5.7700E+00
             5.8063E+00

0ITERATION NO.:   10    OBJECTIVE VALUE:  -2124.61832505397        NO. OF FUNC. EVALS.: 117
 CUMULATIVE NO. OF FUNC. EVALS.:      205
 NPARAMETR:  9.6588E-01  1.0607E+00  1.2613E+00  1.0013E+00  1.1897E+00  9.2471E-01  8.5960E-01  6.1978E-01  8.7952E-01  1.2649E+00
             1.0792E+00
 PARAMETER:  6.5280E-02  1.5889E-01  3.3216E-01  1.0130E-01  2.7369E-01  2.1720E-02 -5.1292E-02 -3.7839E-01 -2.8381E-02  3.3497E-01
             1.7621E-01
 GRADIENT:  -3.1587E+01 -1.4064E+01  1.6284E+00 -2.5929E+01 -9.9113E+00 -3.1410E+01  2.7183E+00  5.2514E-01  1.9667E-01  6.1086E+00
             2.3708E+01

0ITERATION NO.:   15    OBJECTIVE VALUE:  -2126.69493462862        NO. OF FUNC. EVALS.: 176
 CUMULATIVE NO. OF FUNC. EVALS.:      381
 NPARAMETR:  9.7813E-01  1.0858E+00  1.2880E+00  9.9732E-01  1.2216E+00  9.9520E-01  7.2022E-01  6.6071E-01  9.2771E-01  1.2685E+00
             1.0485E+00
 PARAMETER:  7.7889E-02  1.8230E-01  3.5311E-01  9.7315E-02  3.0019E-01  9.5190E-02 -2.2820E-01 -3.1444E-01  2.4959E-02  3.3787E-01
             1.4739E-01
 GRADIENT:   1.2584E+00 -1.1900E+00 -1.1914E+00  9.0179E-01  4.5925E-01 -1.1174E-01 -2.5079E-01  1.8176E-01 -4.1947E-01  2.9141E-01
            -1.1159E+00

0ITERATION NO.:   20    OBJECTIVE VALUE:  -2126.85290081559        NO. OF FUNC. EVALS.: 180
 CUMULATIVE NO. OF FUNC. EVALS.:      561
 NPARAMETR:  9.7849E-01  1.2738E+00  1.1185E+00  8.7805E-01  1.2407E+00  9.9774E-01  7.2720E-01  5.3498E-01  1.0012E+00  1.2460E+00
             1.0489E+00
 PARAMETER:  7.8250E-02  3.4203E-01  2.1199E-01 -3.0051E-02  3.1569E-01  9.7742E-02 -2.1855E-01 -5.2553E-01  1.0124E-01  3.1995E-01
             1.4777E-01
 GRADIENT:  -1.6000E+00  6.7433E+00  1.0975E+00  6.7955E+00 -3.0134E+00  1.1025E-01  8.4625E-01  1.7102E-01  6.8360E-01  3.2978E-02
            -6.9393E-01

0ITERATION NO.:   25    OBJECTIVE VALUE:  -2126.99292848257        NO. OF FUNC. EVALS.: 178
 CUMULATIVE NO. OF FUNC. EVALS.:      739
 NPARAMETR:  9.8140E-01  1.4685E+00  9.3842E-01  7.5155E-01  1.2691E+00  9.9847E-01  6.7708E-01  3.1829E-01  1.1160E+00  1.2385E+00
             1.0519E+00
 PARAMETER:  8.1221E-02  4.8425E-01  3.6448E-02 -1.8562E-01  3.3830E-01  9.8470E-02 -2.8997E-01 -1.0448E+00  2.0974E-01  3.1387E-01
             1.5064E-01
 GRADIENT:   1.7058E+00  1.2457E+01  3.4252E-01  1.0218E+01 -3.2621E+00 -2.6478E-01 -1.9230E-01  1.0667E-01  2.4236E-01  4.5989E-01
             1.9882E+00

0ITERATION NO.:   30    OBJECTIVE VALUE:  -2127.06632223136        NO. OF FUNC. EVALS.: 177
 CUMULATIVE NO. OF FUNC. EVALS.:      916
 NPARAMETR:  9.8019E-01  1.5805E+00  8.4558E-01  6.7358E-01  1.2987E+00  1.0008E+00  6.6256E-01  2.0163E-01  1.1902E+00  1.2384E+00
             1.0481E+00
 PARAMETER:  7.9990E-02  5.5774E-01 -6.7735E-02 -2.9514E-01  3.6138E-01  1.0081E-01 -3.1165E-01 -1.5013E+00  2.7408E-01  3.1381E-01
             1.4695E-01
 GRADIENT:  -2.2911E+00  5.3767E+00 -3.1170E-01  4.0567E+00 -1.5902E+00  3.4272E-01  5.9775E-02  9.3357E-02 -4.0286E-01  4.2382E-02
            -8.0970E-01

0ITERATION NO.:   35    OBJECTIVE VALUE:  -2127.11082860928        NO. OF FUNC. EVALS.: 181
 CUMULATIVE NO. OF FUNC. EVALS.:     1097
 NPARAMETR:  9.8053E-01  1.5924E+00  8.3641E-01  6.6255E-01  1.3062E+00  9.9986E-01  6.5673E-01  8.1331E-02  1.2069E+00  1.2429E+00
             1.0494E+00
 PARAMETER:  8.0333E-02  5.6524E-01 -7.8642E-02 -3.1166E-01  3.6712E-01  9.9864E-02 -3.2049E-01 -2.4092E+00  2.8803E-01  3.1744E-01
             1.4818E-01
 GRADIENT:  -1.6208E+00 -1.3537E+00 -2.1010E-01  5.0655E-01  2.8273E-01 -3.2333E-02 -3.2675E-02  1.1569E-02 -2.0782E-01  5.1392E-03
             1.9172E-01

0ITERATION NO.:   40    OBJECTIVE VALUE:  -2127.11595556013        NO. OF FUNC. EVALS.: 180
 CUMULATIVE NO. OF FUNC. EVALS.:     1277             RESET HESSIAN, TYPE I
 NPARAMETR:  9.8192E-01  1.5954E+00  8.3365E-01  6.5888E-01  1.3077E+00  1.0002E+00  6.5526E-01  2.2875E-02  1.2131E+00  1.2436E+00
             1.0492E+00
 PARAMETER:  8.1753E-02  5.6710E-01 -8.1947E-02 -3.1721E-01  3.6824E-01  1.0019E-01 -3.2272E-01 -3.6777E+00  2.9316E-01  3.1801E-01
             1.4805E-01
 GRADIENT:   3.7390E+02  4.3673E+02  4.1157E-01  8.4917E+01  1.7281E+01  3.5610E+01  9.6393E+00  1.8157E-03  1.0674E+01  3.0485E+00
             1.5803E+00

0ITERATION NO.:   45    OBJECTIVE VALUE:  -2127.11738971035        NO. OF FUNC. EVALS.: 165
 CUMULATIVE NO. OF FUNC. EVALS.:     1442
 NPARAMETR:  9.8186E-01  1.5963E+00  8.3368E-01  6.5952E-01  1.3072E+00  1.0002E+00  6.5519E-01  1.0000E-02  1.2133E+00  1.2437E+00
             1.0492E+00
 PARAMETER:  8.1696E-02  5.6766E-01 -8.1904E-02 -3.1625E-01  3.6791E-01  1.0017E-01 -3.2283E-01 -4.7869E+00  2.9335E-01  3.1808E-01
             1.4798E-01
 GRADIENT:   1.3612E+00 -2.1276E+00  2.8029E-02 -1.9965E-02 -1.7721E-02  8.6932E-02  4.6408E-02  0.0000E+00  7.1132E-02  4.5965E-02
            -1.1795E-02
 Elapsed estimation  time in seconds:    16.38
 Elapsed postprocess time in seconds:     0.00
 Elapsed finaloutput time in seconds:     0.00
Done with nonmem execution
Starting NMTRAN
  
 WARNINGS AND ERRORS (IF ANY) FOR PROBLEM    1
             
 (WARNING  2) NM-TRAN INFERS THAT THE DATA ARE POPULATION.
Building NONMEM Executable
Starting nonmem execution ...
License Registered to: University of Minnesota
Expiration Date:    14 APR 2022
Current Date:       30 SEP 2021
Days until program expires : 199


 First Order Conditional Estimation with Interaction
 MONITORING OF SEARCH:


0ITERATION NO.:    0    OBJECTIVE VALUE:  -2194.51347028854        NO. OF FUNC. EVALS.:  13
 CUMULATIVE NO. OF FUNC. EVALS.:       13
 NPARAMETR:  1.0000E+00  1.0000E+00  1.0000E+00  1.0000E+00  1.0000E+00  1.0000E+00  1.0000E+00  1.0000E+00  1.0000E+00  1.0000E+00
             1.0000E+00
 PARAMETER:  1.0000E-01  1.0000E-01  1.0000E-01  1.0000E-01  1.0000E-01  1.0000E-01  1.0000E-01  1.0000E-01  1.0000E-01  1.0000E-01
             1.0000E-01
 GRADIENT:   4.1351E+02 -2.6875E+01 -1.9369E+01 -4.8540E+00 -1.1892E+01  6.6089E+01  6.6417E+00  1.5763E+01  1.3074E+01  3.4460E+01
             5.2446E+01

0ITERATION NO.:    5    OBJECTIVE VALUE:  -2203.41872538795        NO. OF FUNC. EVALS.: 181
 CUMULATIVE NO. OF FUNC. EVALS.:      194
 NPARAMETR:  1.0164E+00  1.0820E+00  1.1583E+00  1.0151E+00  1.1015E+00  1.0282E+00  9.7328E-01  9.1214E-01  9.6116E-01  8.1833E-01
             9.1354E-01
 PARAMETER:  1.1628E-01  1.7878E-01  2.4695E-01  1.1500E-01  1.9670E-01  1.2782E-01  7.2912E-02  8.0369E-03  6.0383E-02 -1.0049E-01
             9.5677E-03
 GRADIENT:  -1.7239E+00  3.2118E+00  1.8906E+01 -1.1802E+01  1.1307E+01  5.0726E+00 -1.3944E+00 -5.8689E+00 -8.9365E+00 -1.1381E+01
            -3.3719E+01

0ITERATION NO.:   10    OBJECTIVE VALUE:  -2204.42179163456        NO. OF FUNC. EVALS.: 175
 CUMULATIVE NO. OF FUNC. EVALS.:      369
 NPARAMETR:  1.0201E+00  1.1102E+00  8.6706E-01  9.8308E-01  9.6495E-01  1.0136E+00  1.0343E+00  7.2462E-01  9.3409E-01  6.4386E-01
             9.2072E-01
 PARAMETER:  1.1993E-01  2.0451E-01 -4.2649E-02  8.2931E-02  6.4320E-02  1.1351E-01  1.3376E-01 -2.2211E-01  3.1817E-02 -3.4027E-01
             1.7402E-02
 GRADIENT:   1.9765E+00  2.2367E+00  4.1622E+00 -3.1205E+00  9.7264E+00 -1.6248E+00 -1.5211E+00  5.6476E-01 -1.3613E+01 -1.2387E+01
            -2.4874E+01

0ITERATION NO.:   15    OBJECTIVE VALUE:  -2206.92697672914        NO. OF FUNC. EVALS.: 178
 CUMULATIVE NO. OF FUNC. EVALS.:      547
 NPARAMETR:  1.0208E+00  1.3012E+00  7.5511E-01  8.6719E-01  1.0051E+00  1.0199E+00  8.9706E-01  4.3951E-01  1.0897E+00  7.7259E-01
             9.4643E-01
 PARAMETER:  1.2057E-01  3.6325E-01 -1.8090E-01 -4.2500E-02  1.0504E-01  1.1972E-01 -8.6372E-03 -7.2210E-01  1.8590E-01 -1.5801E-01
             4.4942E-02
 GRADIENT:   8.0002E-02  9.9682E+00  3.8188E+00  6.7422E+00 -8.6435E+00  2.1835E-01  7.5782E-03  7.8290E-01  7.8361E-01  1.3018E+00
             2.2608E+00

0ITERATION NO.:   20    OBJECTIVE VALUE:  -2207.48186757996        NO. OF FUNC. EVALS.: 178
 CUMULATIVE NO. OF FUNC. EVALS.:      725             RESET HESSIAN, TYPE I
 NPARAMETR:  1.0240E+00  1.4587E+00  6.6170E-01  7.5719E-01  1.0503E+00  1.0230E+00  8.3112E-01  9.4263E-02  1.1899E+00  7.7665E-01
             9.4445E-01
 PARAMETER:  1.2368E-01  4.7754E-01 -3.1294E-01 -1.7815E-01  1.4908E-01  1.2272E-01 -8.4976E-02 -2.2617E+00  2.7390E-01 -1.5277E-01
             4.2843E-02
 GRADIENT:   6.3575E+02  4.4165E+02  8.5000E+00  9.6111E+01  1.0153E+01  9.8462E+01  6.0479E+00  8.4928E-02  1.9953E+01 -2.6391E-01
             7.2547E-01

0ITERATION NO.:   25    OBJECTIVE VALUE:  -2207.50928206096        NO. OF FUNC. EVALS.: 139
 CUMULATIVE NO. OF FUNC. EVALS.:      864
 NPARAMETR:  1.0216E+00  1.4567E+00  6.5951E-01  7.5825E-01  1.0495E+00  1.0195E+00  8.3374E-01  6.5030E-02  1.1881E+00  7.8103E-01
             9.4408E-01
 PARAMETER:  1.2141E-01  4.7617E-01 -3.1625E-01 -1.7674E-01  1.4833E-01  1.1927E-01 -8.1833E-02 -2.6329E+00  2.7234E-01 -1.4714E-01
             4.2460E-02
 GRADIENT:   6.8590E-02 -1.4911E+00  7.4477E-01 -1.2813E+00  9.4758E-01 -5.0328E-01 -1.1913E-01  2.9323E-02 -1.8525E-01 -6.8530E-02
            -1.1569E-01

0ITERATION NO.:   30    OBJECTIVE VALUE:  -2207.53195685148        NO. OF FUNC. EVALS.: 175
 CUMULATIVE NO. OF FUNC. EVALS.:     1039
 NPARAMETR:  1.0217E+00  1.4528E+00  6.5399E-01  7.6104E-01  1.0419E+00  1.0200E+00  8.3648E-01  2.4770E-02  1.1865E+00  7.7048E-01
             9.4328E-01
 PARAMETER:  1.2150E-01  4.7352E-01 -3.2466E-01 -1.7307E-01  1.4102E-01  1.1985E-01 -7.8550E-02 -3.5981E+00  2.7101E-01 -1.6074E-01
             4.1611E-02
 GRADIENT:   1.9032E-01  1.0257E-01  1.5057E-01 -2.4599E-01 -4.0763E-01 -3.0987E-01 -4.9318E-02  4.8309E-03  3.4865E-01 -5.1145E-01
            -7.5525E-01

0ITERATION NO.:   35    OBJECTIVE VALUE:  -2207.54631755876        NO. OF FUNC. EVALS.: 178
 CUMULATIVE NO. OF FUNC. EVALS.:     1217            RESET HESSIAN, TYPE II
 NPARAMETR:  1.0231E+00  1.4466E+00  6.5595E-01  7.6390E-01  1.0408E+00  1.0221E+00  8.3856E-01  1.0000E-02  1.1818E+00  7.7401E-01
             9.4403E-01
 PARAMETER:  1.2282E-01  4.6918E-01 -3.2167E-01 -1.6932E-01  1.4004E-01  1.2188E-01 -7.6074E-02 -4.7737E+00  2.6701E-01 -1.5617E-01
             4.2407E-02
 GRADIENT:   6.2922E+02  4.2404E+02  4.9172E+00  9.4125E+01  1.2625E+01  9.7506E+01  6.7070E+00  0.0000E+00  2.0124E+01  8.3083E-01
             1.1539E+00

0ITERATION NO.:   37    OBJECTIVE VALUE:  -2207.54631755876        NO. OF FUNC. EVALS.:  55
 CUMULATIVE NO. OF FUNC. EVALS.:     1272
 NPARAMETR:  1.0231E+00  1.4466E+00  6.5595E-01  7.6390E-01  1.0408E+00  1.0221E+00  8.3856E-01  1.0000E-02  1.1818E+00  7.7401E-01
             9.4403E-01
 PARAMETER:  1.2282E-01  4.6918E-01 -3.2167E-01 -1.6932E-01  1.4004E-01  1.2188E-01 -7.6074E-02 -4.7737E+00  2.6701E-01 -1.5617E-01
             4.2407E-02
 GRADIENT:   3.1073E+00 -2.8743E+00 -8.2280E-01 -1.0274E+00  1.3617E+00  5.3680E-01  3.7397E-02  0.0000E+00  2.4455E-01  8.7329E-02
             1.5410E-01
 Elapsed estimation  time in seconds:    14.58
 Elapsed postprocess time in seconds:     0.00
 Elapsed finaloutput time in seconds:     0.00
Done with nonmem execution
Starting NMTRAN
  
 WARNINGS AND ERRORS (IF ANY) FOR PROBLEM    1
             
 (WARNING  2) NM-TRAN INFERS THAT THE DATA ARE POPULATION.
Building NONMEM Executable
Starting nonmem execution ...
License Registered to: University of Minnesota
Expiration Date:    14 APR 2022
Current Date:       30 SEP 2021
Days until program expires : 199


 First Order Conditional Estimation with Interaction
 MONITORING OF SEARCH:


0ITERATION NO.:    0    OBJECTIVE VALUE:  -2057.35687555435        NO. OF FUNC. EVALS.:  13
 CUMULATIVE NO. OF FUNC. EVALS.:       13
 NPARAMETR:  1.0000E+00  1.0000E+00  1.0000E+00  1.0000E+00  1.0000E+00  1.0000E+00  1.0000E+00  1.0000E+00  1.0000E+00  1.0000E+00
             1.0000E+00
 PARAMETER:  1.0000E-01  1.0000E-01  1.0000E-01  1.0000E-01  1.0000E-01  1.0000E-01  1.0000E-01  1.0000E-01  1.0000E-01  1.0000E-01
             1.0000E-01
 GRADIENT:   4.8365E+02 -1.4395E+01 -4.3853E+01  8.2769E+01  1.1361E+02  2.4492E+01 -5.6113E+00 -2.7750E-01  1.1877E+01 -6.8332E+00
            -4.7509E+01

0ITERATION NO.:    5    OBJECTIVE VALUE:  -2064.91800738051        NO. OF FUNC. EVALS.: 161
 CUMULATIVE NO. OF FUNC. EVALS.:      174
 NPARAMETR:  9.8380E-01  1.0399E+00  1.0127E+00  1.0005E+00  9.4746E-01  1.0718E+00  1.0212E+00  1.0060E+00  9.9130E-01  9.8993E-01
             1.0602E+00
 PARAMETER:  8.3671E-02  1.3915E-01  1.1267E-01  1.0055E-01  4.6025E-02  1.6931E-01  1.2101E-01  1.0595E-01  9.1265E-02  8.9879E-02
             1.5850E-01
 GRADIENT:   6.3417E+00  4.0993E+00 -6.0835E-01  1.7122E+01  6.7284E+00 -3.7821E+00 -5.3984E+00 -1.4940E+00  2.1274E+00  4.3560E+00
             1.6120E+00

0ITERATION NO.:   10    OBJECTIVE VALUE:  -2065.84345501897        NO. OF FUNC. EVALS.: 177
 CUMULATIVE NO. OF FUNC. EVALS.:      351
 NPARAMETR:  9.8786E-01  1.0611E+00  9.0571E-01  9.7356E-01  8.9552E-01  1.0924E+00  1.1530E+00  1.0411E+00  9.4188E-01  8.5966E-01
             1.0429E+00
 PARAMETER:  8.7790E-02  1.5930E-01  9.6293E-04  7.3200E-02 -1.0347E-02  1.8840E-01  2.4237E-01  1.4025E-01  4.0121E-02 -5.1219E-02
             1.4201E-01
 GRADIENT:   1.2600E+01  7.2139E+00  3.0226E+00  1.7383E+00 -7.3107E+00  3.2913E+00  8.1124E-01  1.4401E+00 -9.9667E-01 -3.7379E-01
            -1.0927E+01

0ITERATION NO.:   15    OBJECTIVE VALUE:  -2066.11323871540        NO. OF FUNC. EVALS.: 176
 CUMULATIVE NO. OF FUNC. EVALS.:      527
 NPARAMETR:  9.8065E-01  9.9167E-01  9.1092E-01  1.0117E+00  8.7600E-01  1.0820E+00  1.2086E+00  9.4281E-01  9.1844E-01  8.6249E-01
             1.0569E+00
 PARAMETER:  8.0457E-02  9.1632E-02  6.7026E-03  1.1162E-01 -3.2388E-02  1.7881E-01  2.8943E-01  4.1105E-02  1.4919E-02 -4.7931E-02
             1.5536E-01
 GRADIENT:  -2.0787E-01  3.6882E-02  7.6596E-03 -6.3713E-02  1.2476E-01 -5.9608E-02  1.5639E-02 -8.9992E-03 -2.7905E-02 -4.9303E-02
             3.7865E-02

0ITERATION NO.:   18    OBJECTIVE VALUE:  -2066.11430083229        NO. OF FUNC. EVALS.:  96
 CUMULATIVE NO. OF FUNC. EVALS.:      623
 NPARAMETR:  9.8194E-01  9.9160E-01  9.1091E-01  1.0116E+00  8.7593E-01  1.0847E+00  1.2089E+00  9.4308E-01  9.1864E-01  8.6285E-01
             1.0569E+00
 PARAMETER:  8.1771E-02  9.1568E-02  6.6848E-03  1.1155E-01 -3.2473E-02  1.8129E-01  2.8968E-01  4.1391E-02  1.5135E-02 -4.7517E-02
             1.5532E-01
 GRADIENT:   2.2714E+00 -5.5813E-02  5.0901E-02 -2.6607E-01 -3.4936E-02  9.3427E-01  6.5942E-02  1.2798E-02  2.7556E-02  3.3467E-02
             1.0601E-02
 Elapsed estimation  time in seconds:     7.66
 Elapsed postprocess time in seconds:     0.00
 Elapsed finaloutput time in seconds:     0.01
Done with nonmem execution
Starting NMTRAN
  
 WARNINGS AND ERRORS (IF ANY) FOR PROBLEM    1
             
 (WARNING  2) NM-TRAN INFERS THAT THE DATA ARE POPULATION.
Building NONMEM Executable
Starting nonmem execution ...
License Registered to: University of Minnesota
Expiration Date:    14 APR 2022
Current Date:       30 SEP 2021
Days until program expires : 199


 First Order Conditional Estimation with Interaction
 MONITORING OF SEARCH:


0ITERATION NO.:    0    OBJECTIVE VALUE:  -2127.05257722165        NO. OF FUNC. EVALS.:  13
 CUMULATIVE NO. OF FUNC. EVALS.:       13
 NPARAMETR:  1.0000E+00  1.0000E+00  1.0000E+00  1.0000E+00  1.0000E+00  1.0000E+00  1.0000E+00  1.0000E+00  1.0000E+00  1.0000E+00
             1.0000E+00
 PARAMETER:  1.0000E-01  1.0000E-01  1.0000E-01  1.0000E-01  1.0000E-01  1.0000E-01  1.0000E-01  1.0000E-01  1.0000E-01  1.0000E-01
             1.0000E-01
 GRADIENT:   5.1373E+02 -1.2227E+01 -9.3470E+00  1.4247E+01 -1.1472E+01  3.7448E+01 -3.5646E+00  1.2530E+01  1.6826E+01  7.0560E+00
             8.4363E+01

0ITERATION NO.:    5    OBJECTIVE VALUE:  -2136.38045782588        NO. OF FUNC. EVALS.: 137
 CUMULATIVE NO. OF FUNC. EVALS.:      150
 NPARAMETR:  9.4061E-01  1.0993E+00  1.0551E+00  1.0308E+00  1.0727E+00  9.4557E-01  1.0437E+00  9.4278E-01  9.5837E-01  9.9228E-01
             8.3850E-01
 PARAMETER:  3.8775E-02  1.9471E-01  1.5365E-01  1.3031E-01  1.7016E-01  4.4030E-02  1.4278E-01  4.1075E-02  5.7477E-02  9.2253E-02
            -7.6139E-02
 GRADIENT:  -1.7031E+00  4.9971E+01 -5.3232E+00  8.4885E+01  1.5970E+00 -2.1731E+00 -8.1521E+00  4.5809E+00 -1.4256E-01 -1.2078E+01
            -5.5274E+01

0ITERATION NO.:   10    OBJECTIVE VALUE:  -2138.55939715714        NO. OF FUNC. EVALS.: 176
 CUMULATIVE NO. OF FUNC. EVALS.:      326
 NPARAMETR:  9.3869E-01  1.0306E+00  1.1656E+00  1.0731E+00  1.1324E+00  9.3029E-01  1.2466E+00  6.7052E-01  9.1489E-01  1.1730E+00
             8.5653E-01
 PARAMETER:  3.6733E-02  1.3009E-01  2.5323E-01  1.7059E-01  2.2430E-01  2.7739E-02  3.2044E-01 -2.9971E-01  1.1052E-02  2.5956E-01
            -5.4861E-02
 GRADIENT:  -3.4907E+00  4.1823E+01  9.0740E-01  7.6627E+01  1.5892E+01 -8.4010E+00  3.4374E+00 -3.6493E+00  3.4530E+00 -1.0800E+00
            -3.7777E+01

0ITERATION NO.:   15    OBJECTIVE VALUE:  -2142.56043455396        NO. OF FUNC. EVALS.: 176
 CUMULATIVE NO. OF FUNC. EVALS.:      502
 NPARAMETR:  9.4196E-01  1.1789E+00  8.7298E-01  9.1988E-01  1.0436E+00  9.5383E-01  1.0921E+00  4.3060E-01  9.5845E-01  1.0289E+00
             8.9515E-01
 PARAMETER:  4.0212E-02  2.6462E-01 -3.5841E-02  1.6484E-02  1.4265E-01  5.2726E-02  1.8808E-01 -7.4257E-01  5.7564E-02  1.2852E-01
            -1.0768E-02
 GRADIENT:  -1.8398E+00  2.3384E+00 -2.1592E-01  4.2628E+00 -2.1874E+00  1.1041E+00 -1.5266E-02  5.4031E-01  4.7651E-01  6.7595E-03
             2.8792E+00

0ITERATION NO.:   20    OBJECTIVE VALUE:  -2142.74206302922        NO. OF FUNC. EVALS.: 175
 CUMULATIVE NO. OF FUNC. EVALS.:      677
 NPARAMETR:  9.4380E-01  1.3433E+00  7.7707E-01  8.1100E-01  1.0897E+00  9.5133E-01  9.9153E-01  2.7141E-01  1.0365E+00  1.0529E+00
             8.9031E-01
 PARAMETER:  4.2159E-02  3.9515E-01 -1.5223E-01 -1.0949E-01  1.8587E-01  5.0108E-02  9.1495E-02 -1.2041E+00  1.3586E-01  1.5157E-01
            -1.6187E-02
 GRADIENT:   3.3343E-01 -5.5349E-01 -8.3084E-01 -5.6380E-01  3.9974E-01 -3.4830E-01  2.0089E-02  2.6740E-01 -5.8903E-02  1.8930E-01
            -3.8423E-01

0ITERATION NO.:   25    OBJECTIVE VALUE:  -2142.82409388403        NO. OF FUNC. EVALS.: 181
 CUMULATIVE NO. OF FUNC. EVALS.:      858
 NPARAMETR:  9.4344E-01  1.3464E+00  7.5648E-01  8.0501E-01  1.0817E+00  9.5359E-01  9.9751E-01  8.2356E-02  1.0417E+00  1.0441E+00
             8.9168E-01
 PARAMETER:  4.1778E-02  3.9740E-01 -1.7908E-01 -1.1691E-01  1.7855E-01  5.2483E-02  9.7503E-02 -2.3967E+00  1.4090E-01  1.4311E-01
            -1.4647E-02
 GRADIENT:  -8.9582E-01 -4.7032E+00 -1.5417E+00 -3.2008E+00  2.1033E+00  5.2901E-01  1.1436E+00  2.3526E-02  6.6284E-01  4.6957E-01
             1.1292E+00

0ITERATION NO.:   30    OBJECTIVE VALUE:  -2142.86588930645        NO. OF FUNC. EVALS.: 177
 CUMULATIVE NO. OF FUNC. EVALS.:     1035
 NPARAMETR:  9.4455E-01  1.3191E+00  7.6564E-01  8.2460E-01  1.0672E+00  9.5240E-01  1.0075E+00  1.8909E-02  1.0249E+00  1.0332E+00
             8.9100E-01
 PARAMETER:  4.2952E-02  3.7697E-01 -1.6704E-01 -9.2858E-02  1.6501E-01  5.1228E-02  1.0745E-01 -3.8681E+00  1.2463E-01  1.3269E-01
            -1.5407E-02
 GRADIENT:   2.2196E+00 -9.1297E-01 -6.1477E-03 -4.6880E-01  3.7565E-01  7.8208E-02 -1.0306E-02  8.9937E-04  3.8103E-02  3.4189E-02
             1.8183E-02

0ITERATION NO.:   34    OBJECTIVE VALUE:  -2142.86643672553        NO. OF FUNC. EVALS.: 132
 CUMULATIVE NO. OF FUNC. EVALS.:     1167
 NPARAMETR:  9.4434E-01  1.3190E+00  7.6535E-01  8.2478E-01  1.0668E+00  9.5237E-01  1.0075E+00  1.0000E-02  1.0247E+00  1.0330E+00
             8.9099E-01
 PARAMETER:  4.2735E-02  3.7685E-01 -1.6742E-01 -9.2643E-02  1.6464E-01  5.1196E-02  1.0748E-01 -5.6525E+00  1.2442E-01  1.3246E-01
            -1.5419E-02
 GRADIENT:   1.6871E+00 -7.9310E-01 -4.1135E-02 -3.4793E-01  3.0996E-01  6.4712E-02 -2.2594E-02  0.0000E+00  2.9197E-02  6.2349E-02
             1.6704E-02
 Elapsed estimation  time in seconds:    13.80
 Elapsed postprocess time in seconds:     0.00
 Elapsed finaloutput time in seconds:     0.00
Done with nonmem execution
Starting NMTRAN
  
 WARNINGS AND ERRORS (IF ANY) FOR PROBLEM    1
             
 (WARNING  2) NM-TRAN INFERS THAT THE DATA ARE POPULATION.
Building NONMEM Executable
Starting nonmem execution ...
License Registered to: University of Minnesota
Expiration Date:    14 APR 2022
Current Date:       30 SEP 2021
Days until program expires : 199


 First Order Conditional Estimation with Interaction
 MONITORING OF SEARCH:


0ITERATION NO.:    0    OBJECTIVE VALUE:  -2114.59472539101        NO. OF FUNC. EVALS.:  13
 CUMULATIVE NO. OF FUNC. EVALS.:       13
 NPARAMETR:  1.0000E+00  1.0000E+00  1.0000E+00  1.0000E+00  1.0000E+00  1.0000E+00  1.0000E+00  1.0000E+00  1.0000E+00  1.0000E+00
             1.0000E+00
 PARAMETER:  1.0000E-01  1.0000E-01  1.0000E-01  1.0000E-01  1.0000E-01  1.0000E-01  1.0000E-01  1.0000E-01  1.0000E-01  1.0000E-01
             1.0000E-01
 GRADIENT:   4.4767E+02 -5.3185E+01 -1.0670E+02  9.2417E+01  1.9794E+02  5.6325E+01 -6.3024E+00  9.5662E+00  3.2676E+00 -1.4911E+01
             2.0051E+01

0ITERATION NO.:    5    OBJECTIVE VALUE:  -2126.70317859376        NO. OF FUNC. EVALS.: 159
 CUMULATIVE NO. OF FUNC. EVALS.:      172
 NPARAMETR:  1.0398E+00  1.1441E+00  1.2747E+00  9.6062E-01  9.7159E-01  9.7991E-01  1.0445E+00  9.1717E-01  1.0675E+00  9.9363E-01
             9.2649E-01
 PARAMETER:  1.3907E-01  2.3461E-01  3.4274E-01  5.9828E-02  7.1176E-02  7.9702E-02  1.4353E-01  1.3538E-02  1.6532E-01  9.3608E-02
             2.3652E-02
 GRADIENT:   1.0011E+02  4.5596E+01  3.1948E+01  1.6041E+01 -5.4898E+01 -5.7940E+00  5.9905E+00 -1.7935E+00 -6.6435E-01 -1.5138E+01
            -4.8878E+01

0ITERATION NO.:   10    OBJECTIVE VALUE:  -2128.46104942080        NO. OF FUNC. EVALS.: 178
 CUMULATIVE NO. OF FUNC. EVALS.:      350
 NPARAMETR:  1.0291E+00  1.1707E+00  1.5451E+00  9.4836E-01  1.0707E+00  1.0068E+00  8.7011E-01  8.3252E-01  1.1642E+00  1.1466E+00
             9.7590E-01
 PARAMETER:  1.2866E-01  2.5757E-01  5.3506E-01  4.6978E-02  1.6832E-01  1.0678E-01 -3.9137E-02 -8.3294E-02  2.5201E-01  2.3681E-01
             7.5609E-02
 GRADIENT:   7.1225E+01  3.7944E+01  3.1674E+01  2.2255E+01 -2.4413E+01  6.8311E+00  5.9718E+00 -7.7394E+00  3.4976E+00 -9.4453E+00
            -7.8102E+00

0ITERATION NO.:   15    OBJECTIVE VALUE:  -2133.47706428908        NO. OF FUNC. EVALS.: 176
 CUMULATIVE NO. OF FUNC. EVALS.:      526
 NPARAMETR:  9.9694E-01  1.2481E+00  1.1561E+00  8.6170E-01  1.0198E+00  9.8233E-01  7.1187E-01  7.3185E-01  1.2312E+00  1.1294E+00
             9.7645E-01
 PARAMETER:  9.6939E-02  3.2161E-01  2.4503E-01 -4.8853E-02  1.1964E-01  8.2168E-02 -2.3986E-01 -2.1218E-01  3.0800E-01  2.2172E-01
             7.6173E-02
 GRADIENT:  -1.2238E+00  3.6644E-01  1.9301E+00 -1.5184E+00 -8.5059E+00 -8.5747E-01 -4.8946E-01  4.0260E-01 -1.4762E+00  1.0993E+00
            -6.9969E-01

0ITERATION NO.:   20    OBJECTIVE VALUE:  -2133.64209193253        NO. OF FUNC. EVALS.: 175
 CUMULATIVE NO. OF FUNC. EVALS.:      701
 NPARAMETR:  1.0007E+00  1.4484E+00  9.6932E-01  7.4036E-01  1.0514E+00  9.8842E-01  6.9608E-01  5.4068E-01  1.3749E+00  1.1332E+00
             9.7869E-01
 PARAMETER:  1.0070E-01  4.7044E-01  6.8839E-02 -2.0062E-01  1.5013E-01  8.8355E-02 -2.6229E-01 -5.1493E-01  4.1839E-01  2.2501E-01
             7.8455E-02
 GRADIENT:   4.5065E+00  1.1823E+01 -2.1890E+00  1.3074E+01 -3.3030E-01  1.0339E+00 -2.1851E+00  4.5419E-01  1.1720E-01  1.9942E+00
             1.0006E+00

0ITERATION NO.:   25    OBJECTIVE VALUE:  -2133.71337496694        NO. OF FUNC. EVALS.: 176
 CUMULATIVE NO. OF FUNC. EVALS.:      877
 NPARAMETR:  1.0035E+00  1.5427E+00  8.6002E-01  6.7996E-01  1.0573E+00  9.8864E-01  7.4015E-01  4.1402E-01  1.4214E+00  1.1145E+00
             9.7925E-01
 PARAMETER:  1.0346E-01  5.3355E-01 -5.0800E-02 -2.8573E-01  1.5573E-01  8.8580E-02 -2.0091E-01 -7.8185E-01  4.5166E-01  2.0838E-01
             7.9035E-02
 GRADIENT:   9.6098E+00  1.3539E+01 -3.1066E+00  1.3093E+01 -1.0934E+00  8.4138E-01 -8.3382E-01  5.7554E-01  1.3660E+00  2.8944E+00
             1.9699E+00

0ITERATION NO.:   30    OBJECTIVE VALUE:  -2133.91535758620        NO. OF FUNC. EVALS.: 180
 CUMULATIVE NO. OF FUNC. EVALS.:     1057             RESET HESSIAN, TYPE I
 NPARAMETR:  1.0006E+00  1.5925E+00  8.2739E-01  6.3140E-01  1.0720E+00  9.8728E-01  7.4269E-01  2.3389E-01  1.4634E+00  1.1014E+00
             9.7749E-01
 PARAMETER:  1.0055E-01  5.6533E-01 -8.9479E-02 -3.5982E-01  1.6948E-01  8.7199E-02 -1.9748E-01 -1.3529E+00  4.8075E-01  1.9659E-01
             7.7230E-02
 GRADIENT:   4.7599E+02  6.1119E+02  2.9613E+00  1.1524E+02  1.0608E+01  5.4818E+01  9.6879E+00  1.7577E-01  2.8200E+01  9.7375E-01
             5.8554E-01

0ITERATION NO.:   35    OBJECTIVE VALUE:  -2133.99362244964        NO. OF FUNC. EVALS.: 178
 CUMULATIVE NO. OF FUNC. EVALS.:     1235
 NPARAMETR:  1.0007E+00  1.5981E+00  8.0965E-01  6.3146E-01  1.0721E+00  9.8643E-01  7.5202E-01  7.6735E-02  1.4673E+00  1.1017E+00
             9.7734E-01
 PARAMETER:  1.0075E-01  5.6881E-01 -1.1116E-01 -3.5971E-01  1.6961E-01  8.6337E-02 -1.8499E-01 -2.4674E+00  4.8345E-01  1.9686E-01
             7.7080E-02
 GRADIENT:   2.9823E+00 -1.9747E+00 -2.7370E-01  4.0241E-01  1.8209E+00 -1.1626E-01  4.0937E-01  1.7928E-02  8.2364E-01 -1.5284E-01
            -4.2962E-02

0ITERATION NO.:   40    OBJECTIVE VALUE:  -2134.01202892141        NO. OF FUNC. EVALS.: 183
 CUMULATIVE NO. OF FUNC. EVALS.:     1418             RESET HESSIAN, TYPE I
 NPARAMETR:  1.0003E+00  1.5944E+00  8.0805E-01  6.3200E-01  1.0700E+00  9.8715E-01  7.4999E-01  1.0000E-02  1.4641E+00  1.1022E+00
             9.7741E-01
 PARAMETER:  1.0027E-01  5.6650E-01 -1.1314E-01 -3.5886E-01  1.6766E-01  8.7068E-02 -1.8770E-01 -4.5591E+00  4.8121E-01  1.9728E-01
             7.7149E-02
 GRADIENT:   4.7365E+02  6.1237E+02  2.8722E-01  1.1823E+02  1.5188E+01  5.4747E+01  9.5883E+00  0.0000E+00  2.9305E+01  2.2934E+00
             1.1435E+00

0ITERATION NO.:   45    OBJECTIVE VALUE:  -2134.02560330470        NO. OF FUNC. EVALS.: 184
 CUMULATIVE NO. OF FUNC. EVALS.:     1602
 NPARAMETR:  1.0004E+00  1.5890E+00  8.1009E-01  6.3517E-01  1.0673E+00  9.8724E-01  7.5038E-01  1.0000E-02  1.4567E+00  1.1000E+00
             9.7723E-01
 PARAMETER:  1.0041E-01  5.6312E-01 -1.1061E-01 -3.5386E-01  1.6512E-01  8.7158E-02 -1.8718E-01 -4.5591E+00  4.7619E-01  1.9530E-01
             7.6967E-02
 GRADIENT:   2.2654E+00 -4.4803E+00 -1.2815E-01 -1.7159E+00  6.2562E-01  2.2325E-01 -1.1284E-01  0.0000E+00  2.3558E-01  5.0676E-02
            -2.4513E-02

0ITERATION NO.:   50    OBJECTIVE VALUE:  -2134.03566688679        NO. OF FUNC. EVALS.: 185
 CUMULATIVE NO. OF FUNC. EVALS.:     1787
 NPARAMETR:  9.9996E-01  1.5858E+00  8.1193E-01  6.3838E-01  1.0657E+00  9.8698E-01  7.5324E-01  1.0000E-02  1.4499E+00  1.0988E+00
             9.7722E-01
 PARAMETER:  9.9958E-02  5.6107E-01 -1.0834E-01 -3.4882E-01  1.6363E-01  8.6895E-02 -1.8337E-01 -4.5591E+00  4.7148E-01  1.9421E-01
             7.6957E-02
 GRADIENT:   1.2331E+00 -2.4845E+00  1.5091E-01 -9.5009E-01  9.7389E-02  1.2305E-01 -6.3198E-02  0.0000E+00  7.1533E-02  8.4195E-03
            -1.8973E-02

0ITERATION NO.:   55    OBJECTIVE VALUE:  -2134.04501413250        NO. OF FUNC. EVALS.: 189
 CUMULATIVE NO. OF FUNC. EVALS.:     1976
 NPARAMETR:  1.0003E+00  1.5811E+00  8.1472E-01  6.4087E-01  1.0638E+00  9.8715E-01  7.5395E-01  1.0000E-02  1.4454E+00  1.0975E+00
             9.7708E-01
 PARAMETER:  1.0027E-01  5.5809E-01 -1.0491E-01 -3.4493E-01  1.6187E-01  8.7064E-02 -1.8243E-01 -4.5591E+00  4.6842E-01  1.9308E-01
             7.6813E-02
 GRADIENT:   1.9950E+00 -2.8326E+00  5.9428E-01 -1.6949E+00 -7.3415E-01  1.9938E-01 -9.2001E-02  0.0000E+00 -1.6570E-02 -1.0739E-01
            -1.5595E-01

0ITERATION NO.:   57    OBJECTIVE VALUE:  -2134.04512439117        NO. OF FUNC. EVALS.:  57
 CUMULATIVE NO. OF FUNC. EVALS.:     2033
 NPARAMETR:  9.9997E-01  1.5818E+00  8.1330E-01  6.4142E-01  1.0640E+00  9.8697E-01  7.5423E-01  1.0000E-02  1.4455E+00  1.0977E+00
             9.7714E-01
 PARAMETER:  9.9967E-02  5.5859E-01 -1.0665E-01 -3.4408E-01  1.6206E-01  8.6889E-02 -1.8206E-01 -4.5591E+00  4.6845E-01  1.9326E-01
             7.6878E-02
 GRADIENT:   1.2763E+00 -1.7855E+00  1.2753E-01 -4.6609E-01  1.5861E-03  1.2446E-01 -1.1651E-01  0.0000E+00  1.1482E-01  4.1286E-04
            -5.6622E-02
 Elapsed estimation  time in seconds:    25.99
 Elapsed postprocess time in seconds:     0.00
 Elapsed finaloutput time in seconds:     0.00
Done with nonmem execution
Starting NMTRAN
  
 WARNINGS AND ERRORS (IF ANY) FOR PROBLEM    1
             
 (WARNING  2) NM-TRAN INFERS THAT THE DATA ARE POPULATION.
Building NONMEM Executable
Starting nonmem execution ...
License Registered to: University of Minnesota
Expiration Date:    14 APR 2022
Current Date:       30 SEP 2021
Days until program expires : 199


 First Order Conditional Estimation with Interaction
 MONITORING OF SEARCH:


0ITERATION NO.:    0    OBJECTIVE VALUE:  -1301.49329637210        NO. OF FUNC. EVALS.:  13
 CUMULATIVE NO. OF FUNC. EVALS.:       13
 NPARAMETR:  1.0000E+00  1.0000E+00  1.0000E+00  1.0000E+00  1.0000E+00  1.0000E+00  1.0000E+00  1.0000E+00  1.0000E+00  1.0000E+00
             1.0000E+00
 PARAMETER:  1.0000E-01  1.0000E-01  1.0000E-01  1.0000E-01  1.0000E-01  1.0000E-01  1.0000E-01  1.0000E-01  1.0000E-01  1.0000E-01
             1.0000E-01
 GRADIENT:   4.6924E+02  7.8311E+00  1.4106E+02  1.3149E+01  8.3579E+01  6.9567E+00  1.9250E+01 -6.4764E+02 -9.6770E+01 -6.0342E+00
            -8.0573E+02

0ITERATION NO.:    5    OBJECTIVE VALUE:  -1835.61476703589        NO. OF FUNC. EVALS.:  72
 CUMULATIVE NO. OF FUNC. EVALS.:       85
 NPARAMETR:  8.2891E-01  1.1197E+00  8.1155E-01  8.7581E-01  9.8204E-01  1.1081E+00  8.9902E-01  4.1051E+00  9.9264E-01  8.9925E-01
             1.8794E+00
 PARAMETER: -8.7644E-02  2.1310E-01 -1.0881E-01 -3.2606E-02  8.1881E-02  2.0265E-01 -6.4523E-03  1.5122E+00  9.2611E-02 -6.1946E-03
             7.3094E-01
 GRADIENT:  -1.8904E+02 -1.2178E+02 -2.0084E+01 -6.1952E+01 -4.8972E+01  9.0741E+00  2.4802E+00  3.4301E+01  2.0647E+01  2.3842E+01
             2.9374E+02

0ITERATION NO.:   10    OBJECTIVE VALUE:  -1922.81369345213        NO. OF FUNC. EVALS.:  72
 CUMULATIVE NO. OF FUNC. EVALS.:      157
 NPARAMETR:  8.3323E-01  1.2348E+00  2.5299E+00  9.2951E-01  1.3690E+00  9.8003E-01  1.8523E-01  5.4814E+00  1.4506E+00  9.3722E-01
             1.7406E+00
 PARAMETER: -8.2451E-02  3.1091E-01  1.0282E+00  2.6898E-02  4.1408E-01  7.9824E-02 -1.5861E+00  1.8014E+00  4.7200E-01  3.5168E-02
             6.5422E-01
 GRADIENT:  -2.4002E+02  6.2147E+00 -7.0675E+00  7.9349E+01  4.5471E+01 -8.3710E+01 -2.5785E+00  8.4006E+01  6.3491E+01 -1.0646E+00
             2.4785E+02

0ITERATION NO.:   15    OBJECTIVE VALUE:  -1928.83283260498        NO. OF FUNC. EVALS.: 102
 CUMULATIVE NO. OF FUNC. EVALS.:      259
 NPARAMETR:  8.3514E-01  1.2394E+00  2.4261E+00  9.2611E-01  1.3434E+00  9.8262E-01  1.7924E-01  5.4077E+00  1.4438E+00  8.9134E-01
             1.7130E+00
 PARAMETER: -8.0153E-02  3.1463E-01  9.8627E-01  2.3235E-02  3.9522E-01  8.2468E-02 -1.6190E+00  1.7878E+00  4.6728E-01 -1.5030E-02
             6.3827E-01
 GRADIENT:  -3.8936E+02 -7.4685E+01 -1.0344E+01  6.2904E+01  3.4436E+01 -1.2134E+02 -4.3676E+00  1.1874E+01  4.9318E+01 -2.7586E+00
             2.3628E+02

0ITERATION NO.:   20    OBJECTIVE VALUE:  -1982.90030796738        NO. OF FUNC. EVALS.: 181
 CUMULATIVE NO. OF FUNC. EVALS.:      440
 NPARAMETR:  8.6398E-01  1.2119E+00  2.5235E+00  8.9382E-01  1.3892E+00  1.0196E+00  5.9633E-01  5.5561E+00  1.2103E+00  1.2667E+00
             1.3078E+00
 PARAMETER: -4.6207E-02  2.9217E-01  1.0257E+00 -1.2249E-02  4.2872E-01  1.1945E-01 -4.1696E-01  1.8149E+00  2.9088E-01  3.3645E-01
             3.6832E-01
 GRADIENT:  -2.8480E+02 -9.4468E+01 -5.8306E+00 -7.1278E+00  2.2624E+01 -7.7956E+01  1.3120E+00 -2.8903E+01  3.2872E+01  1.5394E+01
             1.4395E+02

0ITERATION NO.:   25    OBJECTIVE VALUE:  -2040.76340993391        NO. OF FUNC. EVALS.: 187
 CUMULATIVE NO. OF FUNC. EVALS.:      627             RESET HESSIAN, TYPE I
 NPARAMETR:  9.2083E-01  1.3952E+00  2.5725E+00  7.7889E-01  1.3756E+00  1.0223E+00  4.6196E-01  5.8339E+00  1.3189E+00  1.1429E+00
             1.1694E+00
 PARAMETER:  1.7522E-02  4.3305E-01  1.0449E+00 -1.4989E-01  4.1888E-01  1.2205E-01 -6.7227E-01  1.8637E+00  3.7683E-01  2.3355E-01
             2.5647E-01
 GRADIENT:   2.0010E+02  2.8379E+02  4.2820E-01  7.0305E+01  4.2534E+01  3.3677E+01  1.2784E+01  6.4609E+01  3.1061E+01  5.9200E+00
             7.7513E+01

0ITERATION NO.:   30    OBJECTIVE VALUE:  -2041.22544227147        NO. OF FUNC. EVALS.: 145
 CUMULATIVE NO. OF FUNC. EVALS.:      772
 NPARAMETR:  9.2056E-01  1.3952E+00  2.5725E+00  7.7888E-01  1.3756E+00  1.0299E+00  4.5281E-01  5.8345E+00  1.3111E+00  1.1429E+00
             1.1694E+00
 PARAMETER:  1.7229E-02  4.3302E-01  1.0449E+00 -1.4990E-01  4.1887E-01  1.2945E-01 -6.9229E-01  1.8638E+00  3.7086E-01  2.3355E-01
             2.5647E-01
 GRADIENT:  -1.4946E+02 -3.2579E+01 -3.8609E+00  2.0698E+01  2.7268E+01 -4.8538E+01  2.2838E+00  5.2917E+00  1.2369E+01  4.5925E+00
             7.5010E+01

0ITERATION NO.:   32    OBJECTIVE VALUE:  -2041.30803050083        NO. OF FUNC. EVALS.:  62
 CUMULATIVE NO. OF FUNC. EVALS.:      834
 NPARAMETR:  9.2057E-01  1.3952E+00  2.5725E+00  7.7888E-01  1.3756E+00  1.0316E+00  4.5279E-01  5.8343E+00  1.3111E+00  1.1429E+00
             1.1694E+00
 PARAMETER:  1.7234E-02  4.3302E-01  1.0449E+00 -1.4990E-01  4.1887E-01  1.3112E-01 -6.9232E-01  1.8638E+00  3.7084E-01  2.3355E-01
             2.5647E-01
 GRADIENT:   9.3652E+03 -1.1228E+02  9.0930E+02  1.0671E+01  2.9036E+01  7.2092E+03 -1.3735E+03 -6.1908E+02  1.2957E+03  4.0953E+00
             7.3969E+01
 Elapsed estimation  time in seconds:    10.30
 Elapsed postprocess time in seconds:     0.00
 Elapsed finaloutput time in seconds:     0.01
Done with nonmem execution
Starting NMTRAN
  
 WARNINGS AND ERRORS (IF ANY) FOR PROBLEM    1
             
 (WARNING  2) NM-TRAN INFERS THAT THE DATA ARE POPULATION.
Building NONMEM Executable
Starting nonmem execution ...
License Registered to: University of Minnesota
Expiration Date:    14 APR 2022
Current Date:       30 SEP 2021
Days until program expires : 199


 First Order Conditional Estimation with Interaction
 MONITORING OF SEARCH:


0ITERATION NO.:    0    OBJECTIVE VALUE:  -2109.84006201855        NO. OF FUNC. EVALS.:  13
 CUMULATIVE NO. OF FUNC. EVALS.:       13
 NPARAMETR:  1.0000E+00  1.0000E+00  1.0000E+00  1.0000E+00  1.0000E+00  1.0000E+00  1.0000E+00  1.0000E+00  1.0000E+00  1.0000E+00
             1.0000E+00
 PARAMETER:  1.0000E-01  1.0000E-01  1.0000E-01  1.0000E-01  1.0000E-01  1.0000E-01  1.0000E-01  1.0000E-01  1.0000E-01  1.0000E-01
             1.0000E-01
 GRADIENT:   4.7329E+02  1.9716E+01 -3.8162E+00  7.5352E+01  2.0538E+01  3.8319E+01  6.8480E-01  1.2180E+00  2.1380E+01  1.3913E+01
            -7.0714E+00

0ITERATION NO.:    5    OBJECTIVE VALUE:  -2111.62831935974        NO. OF FUNC. EVALS.: 160
 CUMULATIVE NO. OF FUNC. EVALS.:      173
 NPARAMETR:  9.8418E-01  1.0632E+00  9.7012E-01  9.8480E-01  1.0082E+00  1.0250E+00  1.0341E+00  1.0015E+00  9.0876E-01  8.9239E-01
             1.0173E+00
 PARAMETER:  8.4057E-02  1.6132E-01  6.9662E-02  8.4687E-02  1.0817E-01  1.2473E-01  1.3351E-01  1.0145E-01  4.3248E-03 -1.3847E-02
             1.1712E-01
 GRADIENT:  -1.1201E+00  1.2674E+01 -2.1661E+00  3.2148E+01  2.5563E+01  4.9831E+00 -6.8197E+00 -1.7473E+00 -6.0909E+00 -6.9241E-01
             3.1557E+00

0ITERATION NO.:   10    OBJECTIVE VALUE:  -2112.75996205625        NO. OF FUNC. EVALS.: 176
 CUMULATIVE NO. OF FUNC. EVALS.:      349
 NPARAMETR:  9.8091E-01  1.0337E+00  7.4436E-01  9.8489E-01  8.5440E-01  1.0118E+00  1.1636E+00  9.4602E-01  9.0648E-01  6.5897E-01
             1.0229E+00
 PARAMETER:  8.0725E-02  1.3318E-01 -1.9523E-01  8.4775E-02 -5.7358E-02  1.1171E-01  2.5155E-01  4.4509E-02  1.8147E-03 -3.1707E-01
             1.2261E-01
 GRADIENT:  -1.1702E+01  1.4095E+01 -1.1621E+01  3.6072E+01  9.3246E+00 -8.9131E-01  1.5318E+00  7.9827E+00  1.6840E+00 -3.6763E+00
             1.0563E+01

0ITERATION NO.:   15    OBJECTIVE VALUE:  -2116.16052139794        NO. OF FUNC. EVALS.: 177
 CUMULATIVE NO. OF FUNC. EVALS.:      526
 NPARAMETR:  9.8915E-01  1.1239E+00  6.0186E-01  8.8584E-01  8.2844E-01  1.0132E+00  1.0542E+00  3.6067E-01  1.0093E+00  7.2054E-01
             9.9998E-01
 PARAMETER:  8.9093E-02  2.1680E-01 -4.0773E-01 -2.1218E-02 -8.8214E-02  1.1312E-01  1.5278E-01 -9.1978E-01  1.0930E-01 -2.2775E-01
             9.9980E-02
 GRADIENT:   4.0335E+00 -1.7744E+01 -5.6962E+00 -1.0776E+01  2.0096E+00 -9.8566E-01  7.7921E-02  1.5983E+00  7.1393E+00  4.0384E+00
            -2.5854E+00

0ITERATION NO.:   20    OBJECTIVE VALUE:  -2116.98534237393        NO. OF FUNC. EVALS.: 175
 CUMULATIVE NO. OF FUNC. EVALS.:      701
 NPARAMETR:  9.8776E-01  1.1908E+00  5.7921E-01  8.5061E-01  8.4702E-01  1.0142E+00  1.0244E+00  9.3899E-02  1.0156E+00  7.1682E-01
             1.0026E+00
 PARAMETER:  8.7683E-02  2.7465E-01 -4.4609E-01 -6.1802E-02 -6.6032E-02  1.1406E-01  1.2409E-01 -2.2655E+00  1.1543E-01 -2.3294E-01
             1.0258E-01
 GRADIENT:   1.0319E-01 -3.8334E+00 -4.9427E-02 -6.2505E+00  8.9276E-01 -8.1601E-01  9.1367E-01  8.6979E-02  5.5523E-03  3.3262E-01
            -1.4924E+00

0ITERATION NO.:   25    OBJECTIVE VALUE:  -2117.07020378975        NO. OF FUNC. EVALS.: 175
 CUMULATIVE NO. OF FUNC. EVALS.:      876
 NPARAMETR:  9.8756E-01  1.1481E+00  5.8388E-01  8.7882E-01  8.2607E-01  1.0158E+00  1.0538E+00  2.3125E-02  9.9197E-01  7.0258E-01
             1.0047E+00
 PARAMETER:  8.7477E-02  2.3808E-01 -4.3806E-01 -2.9171E-02 -9.1080E-02  1.1569E-01  1.5241E-01 -3.6668E+00  9.1941E-02 -2.5300E-01
             1.0465E-01
 GRADIENT:  -4.0294E-02 -6.2816E-01 -1.5760E-01 -5.2386E-01  2.1127E-01 -7.0435E-02  1.4550E-01  5.4329E-03  1.0305E-02  1.2203E-01
            -3.0793E-02

0ITERATION NO.:   28    OBJECTIVE VALUE:  -2117.07245470283        NO. OF FUNC. EVALS.:  92
 CUMULATIVE NO. OF FUNC. EVALS.:      968
 NPARAMETR:  9.8757E-01  1.1521E+00  5.8327E-01  8.7702E-01  8.2754E-01  1.0159E+00  1.0504E+00  1.0000E-02  9.9354E-01  7.0348E-01
             1.0047E+00
 PARAMETER:  8.7497E-02  2.4158E-01 -4.3911E-01 -3.1222E-02 -8.9303E-02  1.1582E-01  1.4915E-01 -4.6267E+00  9.3523E-02 -2.5172E-01
             1.0472E-01
 GRADIENT:  -4.5149E-02  9.7391E-02 -9.5374E-02  1.6582E-01  1.0332E-01 -3.1729E-02  6.8871E-02  0.0000E+00 -6.0325E-02  6.2788E-02
            -2.4945E-03
 Elapsed estimation  time in seconds:    11.30
 Elapsed postprocess time in seconds:     0.00
 Elapsed finaloutput time in seconds:     0.00
Done with nonmem execution
Starting NMTRAN
  
 WARNINGS AND ERRORS (IF ANY) FOR PROBLEM    1
             
 (WARNING  2) NM-TRAN INFERS THAT THE DATA ARE POPULATION.
Building NONMEM Executable
Starting nonmem execution ...
License Registered to: University of Minnesota
Expiration Date:    14 APR 2022
Current Date:       30 SEP 2021
Days until program expires : 199


 First Order Conditional Estimation with Interaction
 MONITORING OF SEARCH:


0ITERATION NO.:    0    OBJECTIVE VALUE:  -2061.78459867471        NO. OF FUNC. EVALS.:  13
 CUMULATIVE NO. OF FUNC. EVALS.:       13
 NPARAMETR:  1.0000E+00  1.0000E+00  1.0000E+00  1.0000E+00  1.0000E+00  1.0000E+00  1.0000E+00  1.0000E+00  1.0000E+00  1.0000E+00
             1.0000E+00
 PARAMETER:  1.0000E-01  1.0000E-01  1.0000E-01  1.0000E-01  1.0000E-01  1.0000E-01  1.0000E-01  1.0000E-01  1.0000E-01  1.0000E-01
             1.0000E-01
 GRADIENT:   5.1454E+02 -1.6922E+01 -4.5791E+00 -1.3255E+01  1.9110E+01  1.7639E+01  6.5153E+00  1.0131E+01  8.1471E+00  2.5398E+00
            -3.3652E+00

0ITERATION NO.:    5    OBJECTIVE VALUE:  -2069.55749048907        NO. OF FUNC. EVALS.: 160
 CUMULATIVE NO. OF FUNC. EVALS.:      173
 NPARAMETR:  9.1765E-01  9.5648E-01  1.0593E+00  1.0856E+00  9.8220E-01  9.9537E-01  9.3786E-01  8.6061E-01  9.3468E-01  9.8538E-01
             1.0001E+00
 PARAMETER:  1.4062E-02  5.5505E-02  1.5764E-01  1.8216E-01  8.2041E-02  9.5357E-02  3.5849E-02 -5.0109E-02  3.2449E-02  8.5274E-02
             1.0011E-01
 GRADIENT:  -3.9999E+01  2.0238E+01  1.3306E+01  3.6510E+00 -1.1270E+01 -1.1366E+00 -2.1690E+00  1.2332E+00 -9.7270E+00 -6.4458E+00
            -6.7424E+00

0ITERATION NO.:   10    OBJECTIVE VALUE:  -2070.69138106683        NO. OF FUNC. EVALS.: 177
 CUMULATIVE NO. OF FUNC. EVALS.:      350
 NPARAMETR:  9.3180E-01  9.1541E-01  9.1895E-01  1.1003E+00  8.9546E-01  1.0116E+00  8.6495E-01  6.2301E-01  9.7201E-01  9.8896E-01
             9.8292E-01
 PARAMETER:  2.9364E-02  1.1611E-02  1.5473E-02  1.9561E-01 -1.0420E-02  1.1149E-01 -4.5087E-02 -3.7319E-01  7.1607E-02  8.8899E-02
             8.2770E-02
 GRADIENT:  -6.3001E+00  1.3587E+01  4.9553E+00  8.0578E+00 -1.0714E+01  5.7028E+00 -3.0440E+00 -8.5413E-01  1.1542E-01  1.1353E+00
            -1.5401E+01

0ITERATION NO.:   15    OBJECTIVE VALUE:  -2071.83440210668        NO. OF FUNC. EVALS.: 179
 CUMULATIVE NO. OF FUNC. EVALS.:      529
 NPARAMETR:  9.3520E-01  8.7756E-01  7.7750E-01  1.1084E+00  8.0245E-01  9.9162E-01  1.1718E+00  4.9269E-01  8.9601E-01  8.5184E-01
             9.9089E-01
 PARAMETER:  3.3008E-02 -3.0610E-02 -1.5167E-01  2.0289E-01 -1.2008E-01  9.1584E-02  2.5855E-01 -6.0788E-01 -9.8035E-03 -6.0358E-02
             9.0846E-02
 GRADIENT:  -3.9385E-01  3.2381E+00 -2.8427E+00  5.8069E+00  1.1991E+00 -2.3473E+00 -6.4932E-01  4.3868E-01  1.6170E+00  4.9604E-02
            -3.7669E+00

0ITERATION NO.:   20    OBJECTIVE VALUE:  -2072.16624681247        NO. OF FUNC. EVALS.: 176
 CUMULATIVE NO. OF FUNC. EVALS.:      705
 NPARAMETR:  9.3240E-01  6.8961E-01  9.3825E-01  1.2363E+00  8.1178E-01  9.9157E-01  1.3201E+00  5.5320E-01  8.5592E-01  9.2584E-01
             9.9795E-01
 PARAMETER:  3.0009E-02 -2.7163E-01  3.6266E-02  3.1216E-01 -1.0853E-01  9.1538E-02  3.7769E-01 -4.9204E-01 -5.5577E-02  2.2950E-02
             9.7943E-02
 GRADIENT:  -9.8319E-02  1.0030E+01  1.3168E+01  6.9658E+00 -1.8417E+01 -1.0216E+00  7.2407E-01 -2.5194E+00  1.6372E+00 -2.6601E-01
            -7.6462E-01

0ITERATION NO.:   25    OBJECTIVE VALUE:  -2073.10166729771        NO. OF FUNC. EVALS.: 177
 CUMULATIVE NO. OF FUNC. EVALS.:      882
 NPARAMETR:  9.3099E-01  5.2860E-01  1.1325E+00  1.3436E+00  8.6697E-01  9.8783E-01  1.4130E+00  7.8679E-01  8.2065E-01  9.9835E-01
             1.0046E+00
 PARAMETER:  2.8496E-02 -5.3752E-01  2.2441E-01  3.9538E-01 -4.2755E-02  8.7754E-02  4.4573E-01 -1.3979E-01 -9.7659E-02  9.8352E-02
             1.0462E-01
 GRADIENT:   3.7448E+00  3.3428E+00 -2.2328E+00  2.1771E-01  2.4825E+00 -1.3372E+00  1.3423E+00  1.0476E+00 -8.7883E-01  8.7869E-01
             4.4431E+00

0ITERATION NO.:   30    OBJECTIVE VALUE:  -2073.80432784343        NO. OF FUNC. EVALS.: 176
 CUMULATIVE NO. OF FUNC. EVALS.:     1058
 NPARAMETR:  9.2391E-01  2.9706E-01  1.2783E+00  1.4971E+00  8.6026E-01  9.9217E-01  1.3936E+00  9.0241E-01  7.8722E-01  1.0433E+00
             9.9605E-01
 PARAMETER:  2.0861E-02 -1.1138E+00  3.4554E-01  5.0354E-01 -5.0524E-02  9.2138E-02  4.3192E-01 -2.6866E-03 -1.3925E-01  1.4240E-01
             9.6039E-02
 GRADIENT:  -3.8310E+00  3.5907E+00  2.9248E+00  1.5598E+01 -4.7410E+00  1.5942E+00  5.6432E-01 -1.4412E-01  2.4303E+00  1.4718E+00
            -2.5112E+00

0ITERATION NO.:   35    OBJECTIVE VALUE:  -2073.94894857162        NO. OF FUNC. EVALS.: 175
 CUMULATIVE NO. OF FUNC. EVALS.:     1233
 NPARAMETR:  9.2366E-01  2.2025E-01  1.2900E+00  1.5374E+00  8.4275E-01  9.8693E-01  1.3030E+00  9.3151E-01  7.6948E-01  1.0301E+00
             9.9713E-01
 PARAMETER:  2.0586E-02 -1.4130E+00  3.5465E-01  5.3007E-01 -7.1087E-02  8.6840E-02  3.6468E-01  2.9048E-02 -1.6205E-01  1.2969E-01
             9.7130E-02
 GRADIENT:  -1.2827E+00  1.4133E+00  2.9263E+00  3.1681E+00 -5.1732E+00  2.2301E-02  2.8593E-01 -1.1960E-01  1.6165E+00  5.6945E-01
            -1.4390E+00

0ITERATION NO.:   40    OBJECTIVE VALUE:  -2074.11588374493        NO. OF FUNC. EVALS.: 182
 CUMULATIVE NO. OF FUNC. EVALS.:     1415
 NPARAMETR:  9.2453E-01  2.0623E-01  1.2925E+00  1.5405E+00  8.4437E-01  9.8683E-01  4.2733E-01  9.3770E-01  7.6424E-01  1.0295E+00
             9.9959E-01
 PARAMETER:  2.1533E-02 -1.4788E+00  3.5660E-01  5.3211E-01 -6.9170E-02  8.6741E-02 -7.5019E-01  3.5678E-02 -1.6888E-01  1.2911E-01
             9.9593E-02
 GRADIENT:   1.4065E+00  3.7644E-02 -1.0578E+00 -7.2843E+00  1.4565E+00  1.0497E-01  4.3932E-02 -1.4147E-01 -2.1175E+00 -5.8642E-01
             2.8161E-01

0ITERATION NO.:   45    OBJECTIVE VALUE:  -2074.15025014720        NO. OF FUNC. EVALS.: 183
 CUMULATIVE NO. OF FUNC. EVALS.:     1598             RESET HESSIAN, TYPE I
 NPARAMETR:  9.2455E-01  2.0678E-01  1.2950E+00  1.5396E+00  8.4487E-01  9.8677E-01  1.8679E-02  9.4213E-01  7.6939E-01  1.0332E+00
             9.9914E-01
 PARAMETER:  2.1548E-02 -1.4761E+00  3.5850E-01  5.3155E-01 -6.8574E-02  8.6683E-02 -3.8803E+00  4.0389E-02 -1.6215E-01  1.3269E-01
             9.9136E-02
 GRADIENT:   3.6160E+02  2.0846E+01  7.9591E+00  7.7165E+02  7.3312E+00  2.9346E+01  1.9097E-03  3.1085E-01  1.2944E+01  1.0786E+00
             1.0854E+00

0ITERATION NO.:   50    OBJECTIVE VALUE:  -2074.15194096480        NO. OF FUNC. EVALS.: 170
 CUMULATIVE NO. OF FUNC. EVALS.:     1768
 NPARAMETR:  9.2490E-01  2.1018E-01  1.2972E+00  1.5351E+00  8.4584E-01  9.8698E-01  1.0000E-02  9.4075E-01  7.7043E-01  1.0349E+00
             9.9916E-01
 PARAMETER:  2.1301E-02 -1.4677E+00  3.5866E-01  5.3189E-01 -6.8084E-02  8.6639E-02 -5.9068E+00  3.9178E-02 -1.6158E-01  1.3295E-01
             9.9093E-02
 GRADIENT:  -4.2694E-01 -8.0412E-02 -3.0588E-01  3.5691E+00 -2.5844E-01 -2.9520E-02  0.0000E+00  4.8932E-03 -8.7676E-02 -6.5514E-02
            -1.5627E-02
 Elapsed estimation  time in seconds:    16.92
 Elapsed postprocess time in seconds:     0.00
 Elapsed finaloutput time in seconds:     0.00
Done with nonmem execution
Starting NMTRAN
  
 WARNINGS AND ERRORS (IF ANY) FOR PROBLEM    1
             
 (WARNING  2) NM-TRAN INFERS THAT THE DATA ARE POPULATION.
Building NONMEM Executable
Starting nonmem execution ...
License Registered to: University of Minnesota
Expiration Date:    14 APR 2022
Current Date:       30 SEP 2021
Days until program expires : 199


 First Order Conditional Estimation with Interaction
 MONITORING OF SEARCH:


0ITERATION NO.:    0    OBJECTIVE VALUE:  -2128.59956570989        NO. OF FUNC. EVALS.:  13
 CUMULATIVE NO. OF FUNC. EVALS.:       13
 NPARAMETR:  1.0000E+00  1.0000E+00  1.0000E+00  1.0000E+00  1.0000E+00  1.0000E+00  1.0000E+00  1.0000E+00  1.0000E+00  1.0000E+00
             1.0000E+00
 PARAMETER:  1.0000E-01  1.0000E-01  1.0000E-01  1.0000E-01  1.0000E-01  1.0000E-01  1.0000E-01  1.0000E-01  1.0000E-01  1.0000E-01
             1.0000E-01
 GRADIENT:   4.7145E+02  1.9940E+01 -2.1372E+01  6.7405E+01  2.1275E+01  2.2543E+01  1.0788E+01  3.7678E+00  1.2437E+01  2.1442E+01
             6.1510E+01

0ITERATION NO.:    5    OBJECTIVE VALUE:  -2131.61180805063        NO. OF FUNC. EVALS.: 138
 CUMULATIVE NO. OF FUNC. EVALS.:      151
 NPARAMETR:  9.9082E-01  1.0259E+00  1.0538E+00  1.0260E+00  9.9804E-01  1.1697E+00  9.6974E-01  9.9178E-01  9.8543E-01  9.2511E-01
             8.8176E-01
 PARAMETER:  9.0779E-02  1.2558E-01  1.5241E-01  1.2568E-01  9.8042E-02  2.5674E-01  6.9274E-02  9.1748E-02  8.5321E-02  2.2158E-02
            -2.5835E-02
 GRADIENT:   2.0033E+01  4.1782E+01  8.5937E+00  4.3438E+01 -1.8395E+01  2.9493E+01  3.9736E+00 -4.1250E+00 -1.1950E+00  4.5953E+00
            -4.0695E+01

0ITERATION NO.:   10    OBJECTIVE VALUE:  -2134.51991828482        NO. OF FUNC. EVALS.: 176
 CUMULATIVE NO. OF FUNC. EVALS.:      327
 NPARAMETR:  9.8921E-01  9.3532E-01  1.4397E+00  1.0810E+00  1.1063E+00  1.1562E+00  5.7348E-01  1.4609E+00  1.0426E+00  1.0283E+00
             9.0821E-01
 PARAMETER:  8.9153E-02  3.3135E-02  4.6444E-01  1.7790E-01  2.0098E-01  2.4513E-01 -4.5603E-01  4.7908E-01  1.4176E-01  1.2794E-01
             3.7236E-03
 GRADIENT:   2.0041E+01  2.7151E+01  6.4281E+00  3.4554E+01 -1.7920E+01  2.6199E+01  1.2341E+00  2.2589E+00  5.5573E-01  3.9514E+00
            -1.6518E+01

0ITERATION NO.:   15    OBJECTIVE VALUE:  -2136.53614367492        NO. OF FUNC. EVALS.: 176
 CUMULATIVE NO. OF FUNC. EVALS.:      503
 NPARAMETR:  9.7633E-01  8.9224E-01  1.4136E+00  1.0879E+00  1.0942E+00  1.0717E+00  4.8602E-01  1.3948E+00  1.0364E+00  1.0034E+00
             9.3033E-01
 PARAMETER:  7.6048E-02 -1.4019E-02  4.4616E-01  1.8427E-01  1.8999E-01  1.6920E-01 -6.2150E-01  4.3278E-01  1.3574E-01  1.0341E-01
             2.7786E-02
 GRADIENT:  -1.8860E+00  5.5704E+00  1.6790E+00  4.5662E+00 -3.1503E+00 -2.3700E+00  9.0477E-01  9.2705E-01  1.3471E+00  4.8772E-01
             3.2735E+00

0ITERATION NO.:   20    OBJECTIVE VALUE:  -2137.26952348369        NO. OF FUNC. EVALS.: 176
 CUMULATIVE NO. OF FUNC. EVALS.:      679
 NPARAMETR:  9.7453E-01  6.0275E-01  1.5263E+00  1.2779E+00  1.0276E+00  1.0757E+00  2.2331E-01  1.3362E+00  9.0140E-01  9.8231E-01
             9.2522E-01
 PARAMETER:  7.4197E-02 -4.0626E-01  5.2285E-01  3.4524E-01  1.2719E-01  1.7297E-01 -1.3992E+00  3.8979E-01 -3.8028E-03  8.2148E-02
             2.2273E-02
 GRADIENT:   7.9223E-01  6.3299E+00  2.0072E+00  1.3383E+01 -3.7116E+00  2.8128E-01  1.0782E-01 -1.0259E+00 -1.0292E+00  4.8779E-01
            -6.8912E-01

0ITERATION NO.:   25    OBJECTIVE VALUE:  -2137.35585195277        NO. OF FUNC. EVALS.: 180
 CUMULATIVE NO. OF FUNC. EVALS.:      859             RESET HESSIAN, TYPE I
 NPARAMETR:  9.7366E-01  5.0773E-01  1.5581E+00  1.3288E+00  1.0108E+00  1.0753E+00  7.7070E-02  1.3566E+00  8.6471E-01  9.6893E-01
             9.2569E-01
 PARAMETER:  7.3309E-02 -5.7780E-01  5.4349E-01  3.8431E-01  1.1074E-01  1.7257E-01 -2.4630E+00  4.0495E-01 -4.5356E-02  6.8441E-02
             2.2787E-02
 GRADIENT:   4.9943E+02  6.8850E+01  9.1813E+00  5.9995E+02  1.1315E+01  1.1886E+02  1.7632E-01  1.9780E+00  9.7086E+00  7.8121E-01
             1.1548E+00

0ITERATION NO.:   30    OBJECTIVE VALUE:  -2137.36892979864        NO. OF FUNC. EVALS.: 183
 CUMULATIVE NO. OF FUNC. EVALS.:     1042             RESET HESSIAN, TYPE I
 NPARAMETR:  9.7399E-01  5.0775E-01  1.5595E+00  1.3306E+00  1.0089E+00  1.0760E+00  1.9448E-02  1.3582E+00  8.6328E-01  9.6711E-01
             9.2561E-01
 PARAMETER:  7.3647E-02 -5.7777E-01  5.4435E-01  3.8567E-01  1.0885E-01  1.7321E-01 -3.8400E+00  4.0620E-01 -4.7012E-02  6.6558E-02
             2.2695E-02
 GRADIENT:   5.0011E+02  7.0495E+01  1.0381E+01  6.0618E+02  8.2713E+00  1.1948E+02  1.7318E-02  1.9774E+00  9.0208E+00  7.9486E-01
             9.9795E-01

0ITERATION NO.:   34    OBJECTIVE VALUE:  -2137.36951156552        NO. OF FUNC. EVALS.: 128
 CUMULATIVE NO. OF FUNC. EVALS.:     1170
 NPARAMETR:  9.7381E-01  5.0876E-01  1.5590E+00  1.3309E+00  1.0086E+00  1.0756E+00  1.0000E-02  1.3585E+00  8.6324E-01  9.6713E-01
             9.2561E-01
 PARAMETER:  7.3465E-02 -5.7577E-01  5.4406E-01  3.8583E-01  1.0856E-01  1.7291E-01 -5.0994E+00  4.0640E-01 -4.7066E-02  6.6575E-02
             2.2697E-02
 GRADIENT:   1.8151E+00  2.2932E-01  2.4230E-01 -3.3320E+00 -3.3276E-01  6.5219E-01  0.0000E+00  2.1581E-02 -1.8778E-01  6.6968E-02
            -1.6627E-02
 Elapsed estimation  time in seconds:    12.06
 Elapsed postprocess time in seconds:     0.00
 Elapsed finaloutput time in seconds:     0.00
Done with nonmem execution
