Starting NMTRAN
  
 WARNINGS AND ERRORS (IF ANY) FOR PROBLEM    1
             
 (WARNING  2) NM-TRAN INFERS THAT THE DATA ARE POPULATION.
Building NONMEM Executable
Starting nonmem execution ...
License Registered to: University of Minnesota
Expiration Date:    14 APR 2022
Current Date:       30 SEP 2021
Days until program expires : 199


 First Order Conditional Estimation with Interaction
 MONITORING OF SEARCH:


0ITERATION NO.:    0    OBJECTIVE VALUE:  -3787.08793168431        NO. OF FUNC. EVALS.:  13
 CUMULATIVE NO. OF FUNC. EVALS.:       13
 NPARAMETR:  1.0000E+00  1.0000E+00  1.0000E+00  1.0000E+00  1.0000E+00  1.0000E+00  1.0000E+00  1.0000E+00  1.0000E+00  1.0000E+00
             1.0000E+00
 PARAMETER:  1.0000E-01  1.0000E-01  1.0000E-01  1.0000E-01  1.0000E-01  1.0000E-01  1.0000E-01  1.0000E-01  1.0000E-01  1.0000E-01
             1.0000E-01
 GRADIENT:   4.3971E+02  8.7163E+01  4.7010E+01  8.1103E+01  9.4996E+00  5.4018E+01  7.9518E+00 -2.5858E+01 -1.7124E+01 -7.2579E+00
            -1.0004E+02

0ITERATION NO.:    5    OBJECTIVE VALUE:  -3793.28179164899        NO. OF FUNC. EVALS.: 162
 CUMULATIVE NO. OF FUNC. EVALS.:      175
 NPARAMETR:  1.0049E+00  1.0164E+00  9.5065E-01  9.9290E-01  1.0243E+00  9.8374E-01  9.8237E-01  1.0963E+00  1.0862E+00  1.0523E+00
             1.0376E+00
 PARAMETER:  1.0490E-01  1.1630E-01  4.9394E-02  9.2871E-02  1.2404E-01  8.3602E-02  8.2217E-02  1.9196E-01  1.8266E-01  1.5101E-01
             1.3693E-01
 GRADIENT:  -2.7031E-01  1.0873E+00 -1.5555E+01 -6.9319E+00 -3.5043E+00 -1.6960E+00  4.2605E+00 -1.1766E+01 -1.7578E-01 -3.9260E+00
            -8.5724E+00

0ITERATION NO.:    9    OBJECTIVE VALUE:  -3795.32511894370        NO. OF FUNC. EVALS.: 137
 CUMULATIVE NO. OF FUNC. EVALS.:      312
 NPARAMETR:  1.0091E+00  1.0740E+00  1.0668E+00  9.8613E-01  1.0846E+00  9.9192E-01  9.1314E-01  1.3962E+00  1.1261E+00  1.1389E+00
             1.0341E+00
 PARAMETER:  1.0904E-01  1.7143E-01  1.6463E-01  8.6034E-02  1.8119E-01  9.1890E-02  9.1353E-03  4.3375E-01  2.1873E-01  2.3005E-01
             1.3356E-01
 GRADIENT:   1.2777E+03 -1.6061E+03 -1.6717E+03  1.4101E+03 -7.8927E+02 -2.7698E+03  1.3892E+03  6.4238E+02 -1.2623E+03  6.0912E+02
            -1.0517E+03
 Elapsed estimation  time in seconds:     5.96
 Elapsed postprocess time in seconds:     0.00
 Elapsed finaloutput time in seconds:     0.00
Done with nonmem execution
Starting NMTRAN
  
 WARNINGS AND ERRORS (IF ANY) FOR PROBLEM    1
             
 (WARNING  2) NM-TRAN INFERS THAT THE DATA ARE POPULATION.
Building NONMEM Executable
Starting nonmem execution ...
License Registered to: University of Minnesota
Expiration Date:    14 APR 2022
Current Date:       30 SEP 2021
Days until program expires : 199


 First Order Conditional Estimation with Interaction
 MONITORING OF SEARCH:


0ITERATION NO.:    0    OBJECTIVE VALUE:  -3726.30160069308        NO. OF FUNC. EVALS.:  13
 CUMULATIVE NO. OF FUNC. EVALS.:       13
 NPARAMETR:  1.0000E+00  1.0000E+00  1.0000E+00  1.0000E+00  1.0000E+00  1.0000E+00  1.0000E+00  1.0000E+00  1.0000E+00  1.0000E+00
             1.0000E+00
 PARAMETER:  1.0000E-01  1.0000E-01  1.0000E-01  1.0000E-01  1.0000E-01  1.0000E-01  1.0000E-01  1.0000E-01  1.0000E-01  1.0000E-01
             1.0000E-01
 GRADIENT:   4.7095E+02  7.3238E+01  1.2004E+01  4.5525E+01 -7.2153E+00  3.9000E+01  2.4643E+01 -7.1466E+00  1.7485E+01 -1.5209E+00
            -2.4392E+02

0ITERATION NO.:    5    OBJECTIVE VALUE:  -3738.12380906899        NO. OF FUNC. EVALS.: 118
 CUMULATIVE NO. OF FUNC. EVALS.:      131
 NPARAMETR:  1.0042E+00  9.7670E-01  9.8729E-01  1.0346E+00  1.0322E+00  9.2654E-01  8.6411E-01  9.7784E-01  9.1103E-01  1.0002E+00
             1.1837E+00
 PARAMETER:  1.0420E-01  7.6420E-02  8.7214E-02  1.3405E-01  1.3165E-01  2.3702E-02 -4.6058E-02  7.7587E-02  6.8260E-03  1.0022E-01
             2.6868E-01
 GRADIENT:   7.0117E+01 -6.0115E+01 -2.9227E+01  9.7672E+00  2.6349E+01 -2.8340E+01  7.1109E+00  6.2160E+00 -1.7018E+00 -8.9348E+00
             1.0699E+02

0ITERATION NO.:   10    OBJECTIVE VALUE:  -3742.86413564804        NO. OF FUNC. EVALS.: 178
 CUMULATIVE NO. OF FUNC. EVALS.:      309
 NPARAMETR:  9.9297E-01  1.1233E+00  1.0931E+00  1.0172E+00  1.1635E+00  9.8305E-01  6.0567E-01  1.0246E+00  9.5048E-01  1.1980E+00
             1.1959E+00
 PARAMETER:  9.2949E-02  2.1624E-01  1.8897E-01  1.1700E-01  2.5139E-01  8.2900E-02 -4.0141E-01  1.2429E-01  4.9212E-02  2.8063E-01
             2.7893E-01
 GRADIENT:   3.5650E+01  3.6456E+01 -5.3891E+00  1.2321E+02  1.9764E+01 -2.3935E+00 -2.3457E+00 -1.0645E+00 -1.0011E+01  5.5149E+00
             1.1715E+02

0ITERATION NO.:   15    OBJECTIVE VALUE:  -3751.46422726283        NO. OF FUNC. EVALS.: 178
 CUMULATIVE NO. OF FUNC. EVALS.:      487
 NPARAMETR:  9.7264E-01  1.1679E+00  1.1189E+00  9.3811E-01  1.1987E+00  9.8039E-01  5.8012E-01  1.2018E+00  9.9787E-01  1.2202E+00
             1.1211E+00
 PARAMETER:  7.2254E-02  2.5525E-01  2.1238E-01  3.6107E-02  2.8123E-01  8.0199E-02 -4.4452E-01  2.8386E-01  9.7864E-02  2.9903E-01
             2.1432E-01
 GRADIENT:  -9.7327E+00  2.4882E+00  9.8322E-01  9.8953E+00  5.9899E-01 -3.2069E+00 -6.7668E-01 -5.6438E-01 -1.3331E+00  4.6293E-01
            -5.8427E-01

0ITERATION NO.:   18    OBJECTIVE VALUE:  -3751.55233100085        NO. OF FUNC. EVALS.:  92
 CUMULATIVE NO. OF FUNC. EVALS.:      579
 NPARAMETR:  9.7681E-01  1.1766E+00  1.1206E+00  9.2857E-01  1.2061E+00  9.8848E-01  5.8416E-01  1.2140E+00  1.0058E+00  1.2210E+00
             1.1213E+00
 PARAMETER:  7.6536E-02  2.6262E-01  2.1386E-01  2.5895E-02  2.8738E-01  8.8409E-02 -4.3759E-01  2.9392E-01  1.0582E-01  2.9966E-01
             2.1445E-01
 GRADIENT:   1.7754E-01  2.8218E-01  2.7015E-01  3.1960E-01 -2.4675E-01  1.0295E-01  4.0970E-02 -8.4306E-02 -1.4917E-02  1.2699E-02
            -3.5481E-01
 Elapsed estimation  time in seconds:     8.84
 Elapsed postprocess time in seconds:     0.00
 Elapsed finaloutput time in seconds:     0.01
Done with nonmem execution
Starting NMTRAN
  
 WARNINGS AND ERRORS (IF ANY) FOR PROBLEM    1
             
 (WARNING  2) NM-TRAN INFERS THAT THE DATA ARE POPULATION.
Building NONMEM Executable
Starting nonmem execution ...
License Registered to: University of Minnesota
Expiration Date:    14 APR 2022
Current Date:       30 SEP 2021
Days until program expires : 199


 First Order Conditional Estimation with Interaction
 MONITORING OF SEARCH:


0ITERATION NO.:    0    OBJECTIVE VALUE:  -3775.29783362632        NO. OF FUNC. EVALS.:  13
 CUMULATIVE NO. OF FUNC. EVALS.:       13
 NPARAMETR:  1.0000E+00  1.0000E+00  1.0000E+00  1.0000E+00  1.0000E+00  1.0000E+00  1.0000E+00  1.0000E+00  1.0000E+00  1.0000E+00
             1.0000E+00
 PARAMETER:  1.0000E-01  1.0000E-01  1.0000E-01  1.0000E-01  1.0000E-01  1.0000E-01  1.0000E-01  1.0000E-01  1.0000E-01  1.0000E-01
             1.0000E-01
 GRADIENT:   4.2815E+02  2.5476E+01  2.0408E+01  4.9284E+01  6.9821E+01  7.2710E+01 -4.2752E+00 -1.7642E+01 -1.2371E+01  5.3319E+00
            -2.2823E+02

0ITERATION NO.:    5    OBJECTIVE VALUE:  -3780.36606669317        NO. OF FUNC. EVALS.: 160
 CUMULATIVE NO. OF FUNC. EVALS.:      173
 NPARAMETR:  1.0646E+00  1.0670E+00  9.8338E-01  1.0474E+00  9.9671E-01  1.0169E+00  1.0279E+00  1.0364E+00  1.0625E+00  9.9126E-01
             1.1999E+00
 PARAMETER:  1.6262E-01  1.6490E-01  8.3244E-02  1.4631E-01  9.6705E-02  1.1680E-01  1.2756E-01  1.3578E-01  1.6065E-01  9.1226E-02
             2.8221E-01
 GRADIENT:   9.4644E+01  3.6037E+01 -1.2552E+01  5.4756E+01 -1.2980E+01  7.9733E-01  1.4874E+00  1.6041E+00  1.8624E+00  2.0181E+00
             1.5240E+02

0ITERATION NO.:   10    OBJECTIVE VALUE:  -3781.48154360241        NO. OF FUNC. EVALS.: 182
 CUMULATIVE NO. OF FUNC. EVALS.:      355
 NPARAMETR:  1.0620E+00  1.0854E+00  1.0307E+00  1.0309E+00  1.0258E+00  1.0228E+00  1.0463E+00  1.2492E+00  1.0396E+00  1.0002E+00
             1.1923E+00
 PARAMETER:  1.6015E-01  1.8196E-01  1.3022E-01  1.3043E-01  1.2546E-01  1.2252E-01  1.4526E-01  3.2251E-01  1.3879E-01  1.0024E-01
             2.7591E-01
 GRADIENT:   8.8442E+01  2.9535E+01 -7.8623E+00  4.2775E+01 -1.7277E+01  3.4671E+00  4.9633E+00  1.0437E+01 -2.2260E+00  2.7405E-02
             1.4978E+02

0ITERATION NO.:   15    OBJECTIVE VALUE:  -3790.44944664356        NO. OF FUNC. EVALS.: 177
 CUMULATIVE NO. OF FUNC. EVALS.:      532
 NPARAMETR:  1.0184E+00  1.0814E+00  1.0414E+00  1.0016E+00  1.0455E+00  1.0049E+00  1.0093E+00  1.2014E+00  1.0602E+00  1.0268E+00
             1.1030E+00
 PARAMETER:  1.1825E-01  1.7829E-01  1.4059E-01  1.0160E-01  1.4453E-01  1.0493E-01  1.0930E-01  2.8348E-01  1.5844E-01  1.2648E-01
             1.9806E-01
 GRADIENT:   1.7448E-01  1.4142E+00  9.2130E-02  1.2191E+00 -2.9908E-02 -1.7673E-01 -1.7791E-01 -1.2615E-01 -2.6842E-01  3.8923E-01
            -5.0267E-01

0ITERATION NO.:   17    OBJECTIVE VALUE:  -3790.45296766921        NO. OF FUNC. EVALS.:  57
 CUMULATIVE NO. OF FUNC. EVALS.:      589
 NPARAMETR:  1.0183E+00  1.0780E+00  1.0398E+00  1.0024E+00  1.0429E+00  1.0057E+00  1.0134E+00  1.1982E+00  1.0609E+00  1.0214E+00
             1.1032E+00
 PARAMETER:  1.1812E-01  1.7509E-01  1.3899E-01  1.0235E-01  1.4198E-01  1.0567E-01  1.1330E-01  2.8078E-01  1.5910E-01  1.2121E-01
             1.9823E-01
 GRADIENT:  -9.8599E-02  9.7228E-02  3.6677E-02  7.1246E-02 -7.8865E-02  1.2165E-01 -2.4387E-02  4.0135E-02 -7.8842E-02  4.7100E-02
             1.7445E-02
 Elapsed estimation  time in seconds:     9.91
 Elapsed postprocess time in seconds:     0.00
 Elapsed finaloutput time in seconds:     0.00
Done with nonmem execution
Starting NMTRAN
  
 WARNINGS AND ERRORS (IF ANY) FOR PROBLEM    1
             
 (WARNING  2) NM-TRAN INFERS THAT THE DATA ARE POPULATION.
Building NONMEM Executable
Starting nonmem execution ...
License Registered to: University of Minnesota
Expiration Date:    14 APR 2022
Current Date:       30 SEP 2021
Days until program expires : 199


 First Order Conditional Estimation with Interaction
 MONITORING OF SEARCH:


0ITERATION NO.:    0    OBJECTIVE VALUE:  -3714.41990297296        NO. OF FUNC. EVALS.:  13
 CUMULATIVE NO. OF FUNC. EVALS.:       13
 NPARAMETR:  1.0000E+00  1.0000E+00  1.0000E+00  1.0000E+00  1.0000E+00  1.0000E+00  1.0000E+00  1.0000E+00  1.0000E+00  1.0000E+00
             1.0000E+00
 PARAMETER:  1.0000E-01  1.0000E-01  1.0000E-01  1.0000E-01  1.0000E-01  1.0000E-01  1.0000E-01  1.0000E-01  1.0000E-01  1.0000E-01
             1.0000E-01
 GRADIENT:   5.0285E+02  9.0225E+01 -1.5231E+01  1.2515E+02  1.8355E+02  3.2155E+01  1.2589E+01 -2.1175E+01 -1.3897E+01 -2.9796E+01
            -2.1829E+02

0ITERATION NO.:    5    OBJECTIVE VALUE:  -3727.50842205620        NO. OF FUNC. EVALS.: 116
 CUMULATIVE NO. OF FUNC. EVALS.:      129
 NPARAMETR:  9.9714E-01  8.4771E-01  8.9770E-01  1.0815E+00  7.9485E-01  9.3932E-01  9.4973E-01  1.0509E+00  1.0553E+00  1.0291E+00
             1.0999E+00
 PARAMETER:  9.7140E-02 -6.5217E-02 -7.9153E-03  1.7839E-01 -1.2961E-01  3.7404E-02  4.8417E-02  1.4969E-01  1.5379E-01  1.2870E-01
             1.9522E-01
 GRADIENT:   4.5257E+01 -2.8054E+01  1.3732E+01  3.8504E+01 -4.1905E+01 -5.5113E+01 -2.1853E-02  6.1278E-01  4.6134E+00  7.0304E+00
             1.5390E+01

0ITERATION NO.:   10    OBJECTIVE VALUE:  -3729.76326797562        NO. OF FUNC. EVALS.: 176
 CUMULATIVE NO. OF FUNC. EVALS.:      305
 NPARAMETR:  9.9598E-01  8.7105E-01  9.2494E-01  1.0730E+00  8.0291E-01  1.0118E+00  8.7591E-01  1.1261E+00  1.0979E+00  1.1080E+00
             1.0928E+00
 PARAMETER:  9.5974E-02 -3.8060E-02  2.1970E-02  1.7045E-01 -1.1951E-01  1.1169E-01 -3.2490E-02  2.1880E-01  1.9340E-01  2.0259E-01
             1.8873E-01
 GRADIENT:   3.7037E+01 -1.7891E+01  2.1447E+01  3.4391E+01 -6.0454E+01 -2.0325E+01 -3.5926E+00  4.6166E+00  1.5448E+01  1.4933E+01
             3.5371E+00

0ITERATION NO.:   15    OBJECTIVE VALUE:  -3735.35197217536        NO. OF FUNC. EVALS.: 177
 CUMULATIVE NO. OF FUNC. EVALS.:      482
 NPARAMETR:  9.7913E-01  9.3754E-01  9.6549E-01  1.0220E+00  8.8675E-01  1.0606E+00  9.1056E-01  1.1114E+00  1.0578E+00  1.0604E+00
             1.0935E+00
 PARAMETER:  7.8904E-02  3.5500E-02  6.4880E-02  1.2179E-01 -2.0194E-02  1.5887E-01  6.3068E-03  2.0565E-01  1.5616E-01  1.5864E-01
             1.8936E-01
 GRADIENT:   9.9150E-02 -1.2431E+00  1.8881E+00 -4.0501E-01 -7.0216E-01 -8.2592E-02 -7.7537E-02 -6.5400E-01 -3.4953E-01 -6.4860E-01
            -3.4239E-01

0ITERATION NO.:   17    OBJECTIVE VALUE:  -3735.35866768057        NO. OF FUNC. EVALS.:  57
 CUMULATIVE NO. OF FUNC. EVALS.:      539
 NPARAMETR:  9.7904E-01  9.3946E-01  9.6435E-01  1.0216E+00  8.8773E-01  1.0610E+00  9.0837E-01  1.1183E+00  1.0592E+00  1.0654E+00
             1.0934E+00
 PARAMETER:  7.8822E-02  3.7555E-02  6.3697E-02  1.2136E-01 -1.9091E-02  1.5922E-01  3.9017E-03  2.1179E-01  1.5756E-01  1.6335E-01
             1.8928E-01
 GRADIENT:  -6.4446E-02  1.9553E-01  2.5002E-01  1.9392E-01 -5.3475E-01  5.3530E-02 -1.2733E-02 -7.6512E-03 -6.4001E-02  8.8998E-02
            -2.2364E-01
 Elapsed estimation  time in seconds:     8.93
 Elapsed postprocess time in seconds:     0.00
 Elapsed finaloutput time in seconds:     0.00
Done with nonmem execution
Starting NMTRAN
  
 WARNINGS AND ERRORS (IF ANY) FOR PROBLEM    1
             
 (WARNING  2) NM-TRAN INFERS THAT THE DATA ARE POPULATION.
Building NONMEM Executable
Starting nonmem execution ...
License Registered to: University of Minnesota
Expiration Date:    14 APR 2022
Current Date:       30 SEP 2021
Days until program expires : 199


 First Order Conditional Estimation with Interaction
 MONITORING OF SEARCH:


0ITERATION NO.:    0    OBJECTIVE VALUE:  -3640.57406927865        NO. OF FUNC. EVALS.:  13
 CUMULATIVE NO. OF FUNC. EVALS.:       13
 NPARAMETR:  1.0000E+00  1.0000E+00  1.0000E+00  1.0000E+00  1.0000E+00  1.0000E+00  1.0000E+00  1.0000E+00  1.0000E+00  1.0000E+00
             1.0000E+00
 PARAMETER:  1.0000E-01  1.0000E-01  1.0000E-01  1.0000E-01  1.0000E-01  1.0000E-01  1.0000E-01  1.0000E-01  1.0000E-01  1.0000E-01
             1.0000E-01
 GRADIENT:   5.3481E+02  6.8137E+01  6.9378E+01  7.6460E+01  6.3684E+01  4.0910E+01 -2.6581E+00 -2.6728E+01  1.7568E+01  2.7692E+01
            -3.3465E+02

0ITERATION NO.:    5    OBJECTIVE VALUE:  -3667.58082136595        NO. OF FUNC. EVALS.: 157
 CUMULATIVE NO. OF FUNC. EVALS.:      170
 NPARAMETR:  9.9448E-01  1.0060E+00  8.6859E-01  1.0212E+00  9.5338E-01  9.5093E-01  1.0141E+00  1.0553E+00  9.3820E-01  8.7168E-01
             1.1832E+00
 PARAMETER:  9.4466E-02  1.0603E-01 -4.0879E-02  1.2101E-01  5.2253E-02  4.9684E-02  1.1401E-01  1.5386E-01  3.6209E-02 -3.7328E-02
             2.6821E-01
 GRADIENT:   1.3567E+02  3.7191E+01 -4.2248E+01  2.0995E+01  1.2678E+01 -1.5583E+00 -3.3271E+00  2.5521E+00 -1.9654E+00  5.7987E+00
             5.7879E+01

0ITERATION NO.:   10    OBJECTIVE VALUE:  -3669.38335337696        NO. OF FUNC. EVALS.: 176
 CUMULATIVE NO. OF FUNC. EVALS.:      346
 NPARAMETR:  9.8798E-01  9.3531E-01  8.7922E-01  1.0639E+00  8.9623E-01  9.5493E-01  1.1419E+00  1.1074E+00  9.3152E-01  7.1285E-01
             1.1875E+00
 PARAMETER:  8.7906E-02  3.3124E-02 -2.8724E-02  1.6195E-01 -9.5601E-03  5.3883E-02  2.3269E-01  2.0203E-01  2.9067E-02 -2.3849E-01
             2.7189E-01
 GRADIENT:   1.1875E+02  2.6428E+01 -7.7549E+00  3.9937E+01 -1.1509E+01  1.7410E+00  3.5869E+00  6.0602E+00  1.3591E+00 -5.0341E+00
             7.6486E+01

0ITERATION NO.:   15    OBJECTIVE VALUE:  -3674.85655659707        NO. OF FUNC. EVALS.: 180
 CUMULATIVE NO. OF FUNC. EVALS.:      526
 NPARAMETR:  9.3834E-01  9.3452E-01  8.9458E-01  1.0391E+00  9.1478E-01  9.3521E-01  1.0885E+00  1.0572E+00  9.3883E-01  7.8242E-01
             1.1402E+00
 PARAMETER:  3.6359E-02  3.2277E-02 -1.1405E-02  1.3839E-01  1.0926E-02  3.3019E-02  1.8479E-01  1.5558E-01  3.6879E-02 -1.4536E-01
             2.3123E-01
 GRADIENT:  -5.1490E+00 -2.2782E+00  4.9361E-01 -8.1514E-01  1.8367E+00 -8.1030E-01 -1.0773E+00 -1.0644E+00  1.1102E+00 -1.0440E-01
            -6.3971E+00

0ITERATION NO.:   17    OBJECTIVE VALUE:  -3674.88835214405        NO. OF FUNC. EVALS.:  57
 CUMULATIVE NO. OF FUNC. EVALS.:      583
 NPARAMETR:  9.4038E-01  9.3625E-01  8.9547E-01  1.0393E+00  9.1517E-01  9.3709E-01  1.0959E+00  1.0702E+00  9.3437E-01  7.7960E-01
             1.1433E+00
 PARAMETER:  3.8527E-02  3.4123E-02 -1.0405E-02  1.3851E-01  1.1359E-02  3.5027E-02  1.9161E-01  1.6785E-01  3.2118E-02 -1.4898E-01
             2.3393E-01
 GRADIENT:   2.5708E-01  2.2456E-02 -1.4138E-01  3.3963E-02  1.3950E-01  2.9192E-04 -6.3560E-02 -1.6582E-02 -1.6079E-02 -6.2914E-02
            -1.8296E-01
 Elapsed estimation  time in seconds:     9.45
 Elapsed postprocess time in seconds:     0.00
 Elapsed finaloutput time in seconds:     0.00
Done with nonmem execution
Starting NMTRAN
  
 WARNINGS AND ERRORS (IF ANY) FOR PROBLEM    1
             
 (WARNING  2) NM-TRAN INFERS THAT THE DATA ARE POPULATION.
Building NONMEM Executable
Starting nonmem execution ...
License Registered to: University of Minnesota
Expiration Date:    14 APR 2022
Current Date:       30 SEP 2021
Days until program expires : 199


 First Order Conditional Estimation with Interaction
 MONITORING OF SEARCH:


0ITERATION NO.:    0    OBJECTIVE VALUE:  -3752.07011770087        NO. OF FUNC. EVALS.:  13
 CUMULATIVE NO. OF FUNC. EVALS.:       13
 NPARAMETR:  1.0000E+00  1.0000E+00  1.0000E+00  1.0000E+00  1.0000E+00  1.0000E+00  1.0000E+00  1.0000E+00  1.0000E+00  1.0000E+00
             1.0000E+00
 PARAMETER:  1.0000E-01  1.0000E-01  1.0000E-01  1.0000E-01  1.0000E-01  1.0000E-01  1.0000E-01  1.0000E-01  1.0000E-01  1.0000E-01
             1.0000E-01
 GRADIENT:   4.5257E+02  8.2012E+01 -9.4625E+01  9.1703E+01  2.1183E+02  6.2653E+01 -1.5358E+01 -2.4113E+01 -1.3484E+01 -1.6758E+01
            -2.1903E+02

0ITERATION NO.:    5    OBJECTIVE VALUE:  -3764.82869537564        NO. OF FUNC. EVALS.: 118
 CUMULATIVE NO. OF FUNC. EVALS.:      131
 NPARAMETR:  1.0305E+00  8.3089E-01  1.0831E+00  1.1240E+00  8.0627E-01  8.8006E-01  1.0716E+00  1.0358E+00  1.0510E+00  9.5855E-01
             1.1117E+00
 PARAMETER:  1.3008E-01 -8.5252E-02  1.7982E-01  2.1686E-01 -1.1533E-01 -2.7770E-02  1.6916E-01  1.3520E-01  1.4976E-01  5.7670E-02
             2.0589E-01
 GRADIENT:   8.9459E+01 -4.1998E+01  5.7513E+01  6.3976E+01 -8.2082E+01 -4.2766E+01 -2.5811E+01 -1.3523E+01  1.1407E+01  1.3425E+01
             2.9679E+01

0ITERATION NO.:   10    OBJECTIVE VALUE:  -3770.78441690011        NO. OF FUNC. EVALS.: 176
 CUMULATIVE NO. OF FUNC. EVALS.:      307
 NPARAMETR:  1.0297E+00  8.4928E-01  1.2748E+00  1.1108E+00  8.6263E-01  9.0701E-01  1.3556E+00  1.6309E+00  1.0244E+00  8.7373E-01
             1.0702E+00
 PARAMETER:  1.2924E-01 -6.3372E-02  3.4279E-01  2.0507E-01 -4.7768E-02  2.3975E-03  4.0424E-01  5.8916E-01  1.2415E-01 -3.4979E-02
             1.6780E-01
 GRADIENT:   8.2756E+01 -6.6117E+00  4.0252E+01  3.5389E+01 -6.9201E+01 -2.9063E+01  1.2193E+01  2.3499E+00  1.2409E+01  6.8234E-01
             9.3307E-02

0ITERATION NO.:   15    OBJECTIVE VALUE:  -3775.15004246957        NO. OF FUNC. EVALS.: 176
 CUMULATIVE NO. OF FUNC. EVALS.:      483
 NPARAMETR:  1.0154E+00  8.7782E-01  1.2459E+00  1.0903E+00  8.8597E-01  9.3043E-01  1.2397E+00  1.4797E+00  1.0674E+00  8.6902E-01
             1.0801E+00
 PARAMETER:  1.1533E-01 -3.0310E-02  3.1990E-01  1.8641E-01 -2.1074E-02  2.7891E-02  3.1486E-01  4.9187E-01  1.6526E-01 -4.0383E-02
             1.7703E-01
 GRADIENT:   4.2468E+01 -9.6625E+00  3.9581E+01  2.7932E+01 -3.6121E+01 -1.6332E+01 -1.9351E+00 -2.3294E+00  1.8582E+01 -5.9018E+00
             7.8704E+00

0ITERATION NO.:   20    OBJECTIVE VALUE:  -3779.49127953647        NO. OF FUNC. EVALS.: 177
 CUMULATIVE NO. OF FUNC. EVALS.:      660
 NPARAMETR:  9.9897E-01  9.1454E-01  1.1124E+00  1.0537E+00  8.9466E-01  9.6650E-01  1.1977E+00  1.3317E+00  1.0273E+00  9.3419E-01
             1.0784E+00
 PARAMETER:  9.8973E-02  1.0667E-02  2.0655E-01  1.5227E-01 -1.1316E-02  6.5928E-02  2.8043E-01  3.8643E-01  1.2695E-01  3.1924E-02
             1.7546E-01
 GRADIENT:   4.6277E-01  5.5586E-01 -5.9036E-01  5.5768E-02  2.9048E-01 -2.0749E-01  7.4887E-02 -2.5412E-02  2.9363E-01 -1.8639E-02
             5.5879E-02

0ITERATION NO.:   22    OBJECTIVE VALUE:  -3779.49215583764        NO. OF FUNC. EVALS.:  57
 CUMULATIVE NO. OF FUNC. EVALS.:      717
 NPARAMETR:  9.9878E-01  9.1401E-01  1.1149E+00  1.0539E+00  8.9492E-01  9.6703E-01  1.1976E+00  1.3357E+00  1.0255E+00  9.3462E-01
             1.0783E+00
 PARAMETER:  9.8778E-02  1.0087E-02  2.0875E-01  1.5254E-01 -1.1021E-02  6.6476E-02  2.8028E-01  3.8944E-01  1.2520E-01  3.2382E-02
             1.7538E-01
 GRADIENT:   5.0547E-03  5.0104E-02  1.1978E-02 -1.6923E-02 -7.2904E-02  1.0605E-02  1.8147E-02  1.6570E-03 -5.6972E-03  8.0154E-03
            -4.6632E-03
 Elapsed estimation  time in seconds:    12.42
 Elapsed postprocess time in seconds:     0.00
 Elapsed finaloutput time in seconds:     0.00
Done with nonmem execution
Starting NMTRAN
  
 WARNINGS AND ERRORS (IF ANY) FOR PROBLEM    1
             
 (WARNING  2) NM-TRAN INFERS THAT THE DATA ARE POPULATION.
Building NONMEM Executable
Starting nonmem execution ...
License Registered to: University of Minnesota
Expiration Date:    14 APR 2022
Current Date:       30 SEP 2021
Days until program expires : 199


 First Order Conditional Estimation with Interaction
 MONITORING OF SEARCH:


0ITERATION NO.:    0    OBJECTIVE VALUE:  -3325.61521014862        NO. OF FUNC. EVALS.:  13
 CUMULATIVE NO. OF FUNC. EVALS.:       13
 NPARAMETR:  1.0000E+00  1.0000E+00  1.0000E+00  1.0000E+00  1.0000E+00  1.0000E+00  1.0000E+00  1.0000E+00  1.0000E+00  1.0000E+00
             1.0000E+00
 PARAMETER:  1.0000E-01  1.0000E-01  1.0000E-01  1.0000E-01  1.0000E-01  1.0000E-01  1.0000E-01  1.0000E-01  1.0000E-01  1.0000E-01
             1.0000E-01
 GRADIENT:   5.0632E+02  5.8115E+01  1.2558E+02  1.8299E+02  1.4240E+02  1.5770E+01 -5.7206E+01 -4.6844E+02 -1.2495E+02 -2.2263E+01
            -3.3550E+02

0ITERATION NO.:    5    OBJECTIVE VALUE:  -3609.99173192847        NO. OF FUNC. EVALS.: 125
 CUMULATIVE NO. OF FUNC. EVALS.:      138
 NPARAMETR:  1.0133E+00  1.0781E+00  1.1007E+00  1.0077E+00  1.0260E+00  1.0444E+00  1.1154E+00  1.2724E+00  8.6430E-01  1.0415E+00
             1.5793E+00
 PARAMETER:  1.1318E-01  1.7520E-01  1.9597E-01  1.0765E-01  1.2570E-01  1.4343E-01  2.0920E-01  3.4090E-01 -4.5836E-02  1.4065E-01
             5.5697E-01
 GRADIENT:   4.9386E+01  4.5295E+01 -8.3807E+00  1.7846E+02 -2.9112E+00 -2.3844E+01  1.9841E+01  1.5749E+01 -2.2939E+01  1.4599E+00
             5.2953E+02

0ITERATION NO.:   10    OBJECTIVE VALUE:  -3637.75572143667        NO. OF FUNC. EVALS.: 170
 CUMULATIVE NO. OF FUNC. EVALS.:      308
 NPARAMETR:  9.8579E-01  1.1712E+00  1.3422E+00  8.8643E-01  1.1349E+00  1.0949E+00  1.0603E+00  1.4975E+00  1.0311E+00  1.1103E+00
             1.5250E+00
 PARAMETER:  8.5691E-02  2.5805E-01  3.9433E-01 -2.0551E-02  2.2655E-01  1.9062E-01  1.5858E-01  5.0380E-01  1.3067E-01  2.0462E-01
             5.2202E-01
 GRADIENT:   2.1279E+02  1.1975E+02  3.7686E+01  5.6759E+01  6.1970E+00  6.1426E+01  2.8978E+01  8.2775E+00  2.1065E+01  8.9820E+00
             5.0885E+02

0ITERATION NO.:   15    OBJECTIVE VALUE:  -3638.19590980903        NO. OF FUNC. EVALS.: 121
 CUMULATIVE NO. OF FUNC. EVALS.:      429
 NPARAMETR:  9.8005E-01  1.1712E+00  1.3423E+00  8.8399E-01  1.1349E+00  1.0909E+00  1.0408E+00  1.4975E+00  1.0262E+00  1.1103E+00
             1.5251E+00
 PARAMETER:  7.9844E-02  2.5804E-01  3.9435E-01 -2.3311E-02  2.2655E-01  1.8704E-01  1.4003E-01  5.0377E-01  1.2582E-01  2.0462E-01
             5.2204E-01
 GRADIENT:  -1.3937E+01  1.8617E+00  3.0018E+01  1.2349E+01 -4.0313E+01 -4.3303E+00  2.0450E+01  6.1002E+00  1.5486E+01  3.7879E+00
             5.0205E+02

0ITERATION NO.:   17    OBJECTIVE VALUE:  -3638.25292534406        NO. OF FUNC. EVALS.:  67
 CUMULATIVE NO. OF FUNC. EVALS.:      496
 NPARAMETR:  9.8020E-01  1.1711E+00  1.3425E+00  8.8395E-01  1.1348E+00  1.0931E+00  1.0389E+00  1.4971E+00  1.0252E+00  1.1104E+00
             1.5254E+00
 PARAMETER:  7.9962E-02  2.5804E-01  3.9435E-01 -2.3400E-02  2.2655E-01  1.8719E-01  1.3814E-01  5.0377E-01  1.2487E-01  2.0462E-01
             5.2204E-01
 GRADIENT:  -4.5500E+04  1.7624E+04 -2.3012E+04 -9.0975E+04  4.0112E+04 -4.5415E+00 -6.5833E+04  8.9630E+03 -7.2854E+04 -4.4458E+04
            -1.6942E+04
 NUMSIGDIG:         2.3         2.3         2.3         2.3         2.3         0.9         2.3         2.3         2.3         2.3
                    2.3
 Elapsed estimation  time in seconds:     8.35
 Elapsed postprocess time in seconds:     0.00
 Elapsed finaloutput time in seconds:     0.01
Done with nonmem execution
Starting NMTRAN
  
 WARNINGS AND ERRORS (IF ANY) FOR PROBLEM    1
             
 (WARNING  2) NM-TRAN INFERS THAT THE DATA ARE POPULATION.
Building NONMEM Executable
Starting nonmem execution ...
License Registered to: University of Minnesota
Expiration Date:    14 APR 2022
Current Date:       30 SEP 2021
Days until program expires : 199


 First Order Conditional Estimation with Interaction
 MONITORING OF SEARCH:


0ITERATION NO.:    0    OBJECTIVE VALUE:  -3739.27317558979        NO. OF FUNC. EVALS.:  13
 CUMULATIVE NO. OF FUNC. EVALS.:       13
 NPARAMETR:  1.0000E+00  1.0000E+00  1.0000E+00  1.0000E+00  1.0000E+00  1.0000E+00  1.0000E+00  1.0000E+00  1.0000E+00  1.0000E+00
             1.0000E+00
 PARAMETER:  1.0000E-01  1.0000E-01  1.0000E-01  1.0000E-01  1.0000E-01  1.0000E-01  1.0000E-01  1.0000E-01  1.0000E-01  1.0000E-01
             1.0000E-01
 GRADIENT:   4.9803E+02  4.2411E+01  1.3109E+00  1.4638E+02  1.0054E+02  3.6327E+01  2.4843E+01 -1.9156E+01 -5.5853E+00  3.0257E+01
            -2.3989E+02

0ITERATION NO.:    5    OBJECTIVE VALUE:  -3752.69054640635        NO. OF FUNC. EVALS.: 117
 CUMULATIVE NO. OF FUNC. EVALS.:      130
 NPARAMETR:  9.9363E-01  9.9213E-01  9.1846E-01  9.8684E-01  9.2556E-01  9.1454E-01  8.9822E-01  1.0482E+00  1.0212E+00  8.5715E-01
             1.1375E+00
 PARAMETER:  9.3610E-02  9.2100E-02  1.4946E-02  8.6749E-02  2.2639E-02  1.0663E-02 -7.3350E-03  1.4710E-01  1.2093E-01 -5.4141E-02
             2.2885E-01
 GRADIENT:   3.6478E+01 -7.1186E+00 -2.4798E+01 -2.4498E+00 -2.3672E+01 -4.8541E+01  4.7790E+00  2.3797E+00 -5.8650E+00  3.5783E+00
             4.9249E+01

0ITERATION NO.:   10    OBJECTIVE VALUE:  -3756.61160572061        NO. OF FUNC. EVALS.: 178
 CUMULATIVE NO. OF FUNC. EVALS.:      308
 NPARAMETR:  9.8733E-01  1.1278E+00  1.0662E+00  9.2634E-01  1.0550E+00  9.7827E-01  7.5817E-01  1.4767E+00  1.0966E+00  8.5370E-01
             1.1281E+00
 PARAMETER:  8.7247E-02  2.2029E-01  1.6412E-01  2.3488E-02  1.5354E-01  7.8030E-02 -1.7684E-01  4.8984E-01  1.9226E-01 -5.8179E-02
             2.2053E-01
 GRADIENT:   1.7372E+01  3.9724E+01 -1.7221E+01  1.2296E+00 -2.9034E+01 -1.7535E+01 -1.0265E+01  1.5662E+01  3.1879E+00 -1.6387E+01
             3.2639E+01

0ITERATION NO.:   15    OBJECTIVE VALUE:  -3760.15323646135        NO. OF FUNC. EVALS.: 178
 CUMULATIVE NO. OF FUNC. EVALS.:      486
 NPARAMETR:  9.7831E-01  1.0923E+00  1.0969E+00  9.3951E-01  1.0539E+00  1.0202E+00  8.3957E-01  1.3121E+00  1.0585E+00  9.0149E-01
             1.1091E+00
 PARAMETER:  7.8076E-02  1.8829E-01  1.9249E-01  3.7598E-02  1.5252E-01  1.2003E-01 -7.4870E-02  3.7163E-01  1.5684E-01 -3.7021E-03
             2.0353E-01
 GRADIENT:  -2.8535E+00 -5.6922E-01 -1.3799E-01 -1.7463E+00 -7.1981E-01 -1.5037E-01 -5.0754E-01 -2.1797E-01 -1.1070E-01 -2.7019E-01
             9.7026E-01

0ITERATION NO.:   18    OBJECTIVE VALUE:  -3760.16162584411        NO. OF FUNC. EVALS.:  92
 CUMULATIVE NO. OF FUNC. EVALS.:      578
 NPARAMETR:  9.7964E-01  1.0936E+00  1.1019E+00  9.3995E-01  1.0565E+00  1.0207E+00  8.4432E-01  1.3229E+00  1.0575E+00  9.0225E-01
             1.1084E+00
 PARAMETER:  7.9434E-02  1.8948E-01  1.9706E-01  3.8071E-02  1.5495E-01  1.2045E-01 -6.9229E-02  3.7981E-01  1.5594E-01 -2.8633E-03
             2.0293E-01
 GRADIENT:   3.6744E-02  3.5703E-02 -3.6272E-02  5.5694E-03 -1.0579E-02  2.0496E-02 -1.0976E-03  5.9393E-03  1.0622E-02  1.2500E-02
            -4.1236E-02
 Elapsed estimation  time in seconds:     8.98
 Elapsed postprocess time in seconds:     0.00
 Elapsed finaloutput time in seconds:     0.00
Done with nonmem execution
Starting NMTRAN
  
 WARNINGS AND ERRORS (IF ANY) FOR PROBLEM    1
             
 (WARNING  2) NM-TRAN INFERS THAT THE DATA ARE POPULATION.
Building NONMEM Executable
Starting nonmem execution ...
License Registered to: University of Minnesota
Expiration Date:    14 APR 2022
Current Date:       30 SEP 2021
Days until program expires : 199


 First Order Conditional Estimation with Interaction
 MONITORING OF SEARCH:


0ITERATION NO.:    0    OBJECTIVE VALUE:  -3730.36299699819        NO. OF FUNC. EVALS.:  13
 CUMULATIVE NO. OF FUNC. EVALS.:       13
 NPARAMETR:  1.0000E+00  1.0000E+00  1.0000E+00  1.0000E+00  1.0000E+00  1.0000E+00  1.0000E+00  1.0000E+00  1.0000E+00  1.0000E+00
             1.0000E+00
 PARAMETER:  1.0000E-01  1.0000E-01  1.0000E-01  1.0000E-01  1.0000E-01  1.0000E-01  1.0000E-01  1.0000E-01  1.0000E-01  1.0000E-01
             1.0000E-01
 GRADIENT:   5.3707E+02  1.1812E+01 -7.4651E-01  8.7946E+01  9.3072E+01  2.0382E+01  7.4088E-01 -1.4597E+01 -2.0882E+01  8.5138E+00
            -1.0932E+02

0ITERATION NO.:    5    OBJECTIVE VALUE:  -3736.69902915898        NO. OF FUNC. EVALS.: 159
 CUMULATIVE NO. OF FUNC. EVALS.:      172
 NPARAMETR:  9.9770E-01  1.1046E+00  1.0052E+00  9.8236E-01  1.0190E+00  1.0259E+00  1.0087E+00  1.0527E+00  1.1151E+00  9.8555E-01
             1.0604E+00
 PARAMETER:  9.7700E-02  1.9946E-01  1.0524E-01  8.2205E-02  1.1882E-01  1.2558E-01  1.0870E-01  1.5139E-01  2.0897E-01  8.5441E-02
             1.5860E-01
 GRADIENT:   1.4527E+02  3.7029E+01 -1.2144E+01  3.4181E+01 -7.6410E+00  4.5887E+00  4.2389E+00 -7.2464E+00  2.0029E+00 -5.9461E+00
             1.6253E+01

0ITERATION NO.:   10    OBJECTIVE VALUE:  -3738.25143537957        NO. OF FUNC. EVALS.: 180
 CUMULATIVE NO. OF FUNC. EVALS.:      352
 NPARAMETR:  9.9600E-01  1.1359E+00  1.0745E+00  9.7008E-01  1.0660E+00  1.0316E+00  9.7464E-01  1.2673E+00  1.0973E+00  1.0383E+00
             1.0592E+00
 PARAMETER:  9.5993E-02  2.2741E-01  1.7187E-01  6.9619E-02  1.6392E-01  1.3109E-01  7.4315E-02  3.3690E-01  1.9282E-01  1.3754E-01
             1.5755E-01
 GRADIENT:   1.4002E+02  3.4583E+01 -4.8440E+00  3.8981E+01 -3.7394E+00  7.1518E+00  2.4789E+00  1.7792E-01  9.7758E-01 -2.8509E+00
             2.0205E+01

0ITERATION NO.:   15    OBJECTIVE VALUE:  -3744.10654370080        NO. OF FUNC. EVALS.: 179
 CUMULATIVE NO. OF FUNC. EVALS.:      531
 NPARAMETR:  9.3449E-01  1.1216E+00  1.0910E+00  9.4972E-01  1.0734E+00  9.8073E-01  9.5695E-01  1.2897E+00  1.0891E+00  1.0545E+00
             1.0485E+00
 PARAMETER:  3.2242E-02  2.1480E-01  1.8705E-01  4.8415E-02  1.7079E-01  8.0541E-02  5.5995E-02  3.5441E-01  1.8539E-01  1.5306E-01
             1.4734E-01
 GRADIENT:   8.4979E+00  2.2512E+00  2.4200E-01  1.7072E+00  6.0138E-01 -2.9508E+00 -8.4209E-02 -3.4509E-01 -7.2500E-01 -4.6770E-01
             1.1478E+00

0ITERATION NO.:   17    OBJECTIVE VALUE:  -3744.13522152843        NO. OF FUNC. EVALS.:  57
 CUMULATIVE NO. OF FUNC. EVALS.:      588
 NPARAMETR:  9.3127E-01  1.1184E+00  1.0893E+00  9.4997E-01  1.0710E+00  9.8777E-01  9.5852E-01  1.2909E+00  1.0922E+00  1.0548E+00
             1.0475E+00
 PARAMETER:  2.8795E-02  2.1191E-01  1.8556E-01  4.8670E-02  1.6860E-01  8.7699E-02  5.7636E-02  3.5536E-01  1.8821E-01  1.5339E-01
             1.4637E-01
 GRADIENT:   6.5886E-01 -7.8663E-02  5.7829E-02  1.0380E-01  1.1612E-02 -1.1314E-01  5.1850E-03 -1.4153E-02  2.5192E-02  7.9351E-02
            -1.4431E-01
 Elapsed estimation  time in seconds:     9.49
 Elapsed postprocess time in seconds:     0.00
 Elapsed finaloutput time in seconds:     0.01
Done with nonmem execution
Starting NMTRAN
  
 WARNINGS AND ERRORS (IF ANY) FOR PROBLEM    1
             
 (WARNING  2) NM-TRAN INFERS THAT THE DATA ARE POPULATION.
Building NONMEM Executable
Starting nonmem execution ...
License Registered to: University of Minnesota
Expiration Date:    14 APR 2022
Current Date:       30 SEP 2021
Days until program expires : 199


 First Order Conditional Estimation with Interaction
 MONITORING OF SEARCH:


0ITERATION NO.:    0    OBJECTIVE VALUE:  -3744.33786632970        NO. OF FUNC. EVALS.:  13
 CUMULATIVE NO. OF FUNC. EVALS.:       13
 NPARAMETR:  1.0000E+00  1.0000E+00  1.0000E+00  1.0000E+00  1.0000E+00  1.0000E+00  1.0000E+00  1.0000E+00  1.0000E+00  1.0000E+00
             1.0000E+00
 PARAMETER:  1.0000E-01  1.0000E-01  1.0000E-01  1.0000E-01  1.0000E-01  1.0000E-01  1.0000E-01  1.0000E-01  1.0000E-01  1.0000E-01
             1.0000E-01
 GRADIENT:   4.7877E+02  9.2526E+01  1.5797E+01  1.0156E+02  5.2712E+01  3.1630E+01  3.2515E-01 -1.7930E+01  1.2143E+01  1.7872E+01
            -1.6266E+02

0ITERATION NO.:    5    OBJECTIVE VALUE:  -3752.75092505234        NO. OF FUNC. EVALS.: 161
 CUMULATIVE NO. OF FUNC. EVALS.:      174
 NPARAMETR:  9.8076E-01  9.8275E-01  9.9238E-01  1.0002E+00  9.9215E-01  1.0840E+00  1.0125E+00  1.0551E+00  9.6948E-01  9.3972E-01
             1.0741E+00
 PARAMETER:  8.0568E-02  8.2602E-02  9.2347E-02  1.0021E-01  9.2122E-02  1.8064E-01  1.1239E-01  1.5367E-01  6.9003E-02  3.7831E-02
             1.7152E-01
 GRADIENT:  -9.2839E-01 -3.0804E+00 -2.9733E+00 -7.7234E+00  5.5682E+00  8.6565E+00 -4.0719E+00 -7.0867E+00 -4.9432E-01  4.9445E+00
            -2.4541E+00

0ITERATION NO.:   10    OBJECTIVE VALUE:  -3753.46288612407        NO. OF FUNC. EVALS.: 181
 CUMULATIVE NO. OF FUNC. EVALS.:      355
 NPARAMETR:  9.8149E-01  9.6802E-01  1.0038E+00  1.0112E+00  9.8136E-01  1.0615E+00  1.0790E+00  1.1570E+00  9.7422E-01  8.8162E-01
             1.0678E+00
 PARAMETER:  8.1320E-02  6.7496E-02  1.0377E-01  1.1118E-01  8.1183E-02  1.5967E-01  1.7606E-01  2.4581E-01  7.3882E-02 -2.5990E-02
             1.6556E-01
 GRADIENT:   5.0898E-01 -4.4966E-01  1.1498E+00  2.3018E-01 -8.4368E-01  3.6135E-01  6.1048E-01  6.6894E-02  1.3910E+00  1.0233E-01
            -4.4136E+00

0ITERATION NO.:   15    OBJECTIVE VALUE:  -3753.47569736737        NO. OF FUNC. EVALS.: 178
 CUMULATIVE NO. OF FUNC. EVALS.:      533
 NPARAMETR:  9.8127E-01  9.7059E-01  1.0034E+00  1.0102E+00  9.8338E-01  1.0605E+00  1.0709E+00  1.1546E+00  9.6901E-01  8.8555E-01
             1.0706E+00
 PARAMETER:  8.1090E-02  7.0147E-02  1.0343E-01  1.1016E-01  8.3239E-02  1.5874E-01  1.6853E-01  2.4376E-01  6.8521E-02 -2.1549E-02
             1.6818E-01
 GRADIENT:  -5.1215E-03  2.2675E-03 -5.5072E-03 -2.6474E-04  1.2062E-03 -2.5726E-03 -2.7645E-04 -9.1202E-05 -1.6804E-03 -5.4698E-04
            -1.0418E-02

0ITERATION NO.:   16    OBJECTIVE VALUE:  -3753.47569736737        NO. OF FUNC. EVALS.:  22
 CUMULATIVE NO. OF FUNC. EVALS.:      555
 NPARAMETR:  9.8127E-01  9.7059E-01  1.0034E+00  1.0102E+00  9.8338E-01  1.0605E+00  1.0709E+00  1.1546E+00  9.6901E-01  8.8555E-01
             1.0706E+00
 PARAMETER:  8.1090E-02  7.0147E-02  1.0343E-01  1.1016E-01  8.3239E-02  1.5874E-01  1.6853E-01  2.4376E-01  6.8521E-02 -2.1549E-02
             1.6818E-01
 GRADIENT:  -5.1215E-03  2.2675E-03 -5.5072E-03 -2.6474E-04  1.2062E-03 -2.5726E-03 -2.7645E-04 -9.1202E-05 -1.6804E-03 -5.4698E-04
            -1.0418E-02
 Elapsed estimation  time in seconds:     9.00
 Elapsed postprocess time in seconds:     0.00
 Elapsed finaloutput time in seconds:     0.01
Done with nonmem execution
