Starting NMTRAN
  
 WARNINGS AND ERRORS (IF ANY) FOR PROBLEM    1
             
 (WARNING  2) NM-TRAN INFERS THAT THE DATA ARE POPULATION.
Building NONMEM Executable
Starting nonmem execution ...
License Registered to: University of Minnesota
Expiration Date:    14 APR 2022
Current Date:       30 SEP 2021
Days until program expires : 199


 First Order Conditional Estimation with Interaction
 MONITORING OF SEARCH:


0ITERATION NO.:    0    OBJECTIVE VALUE:   1046.39263207549        NO. OF FUNC. EVALS.:  13
 CUMULATIVE NO. OF FUNC. EVALS.:       13
 NPARAMETR:  1.0000E+00  1.0000E+00  1.0000E+00  1.0000E+00  1.0000E+00  1.0000E+00  1.0000E+00  1.0000E+00  1.0000E+00  1.0000E+00
             1.0000E+00
 PARAMETER:  1.0000E-01  1.0000E-01  1.0000E-01  1.0000E-01  1.0000E-01  1.0000E-01  1.0000E-01  1.0000E-01  1.0000E-01  1.0000E-01
             1.0000E-01
 GRADIENT:   4.3419E+02  1.4100E+02  9.1176E+01  9.4078E+01  6.0896E+01  5.3455E+01 -1.2616E+02 -1.9107E+02 -5.5527E+01 -1.8108E+01
            -9.2919E+03

0ITERATION NO.:    5    OBJECTIVE VALUE:  -2292.00372909567        NO. OF FUNC. EVALS.:  71
 CUMULATIVE NO. OF FUNC. EVALS.:       84
 NPARAMETR:  1.1028E+00  1.1593E+00  1.0020E+00  1.0656E+00  1.0898E+00  9.0849E-01  1.0983E+00  1.0265E+00  7.8921E-01  9.4909E-01
             5.3017E+00
 PARAMETER:  1.9786E-01  2.4779E-01  1.0198E-01  1.6349E-01  1.8600E-01  4.0236E-03  1.9378E-01  1.2611E-01 -1.3672E-01  4.7751E-02
             1.7680E+00
 GRADIENT:   9.0015E+01  1.9444E+01 -2.1487E+01  5.2492E+01  1.2902E+01 -1.0474E+01  9.3425E+00  7.3378E+00  1.5695E+01  9.8272E+00
             7.5638E+02

0ITERATION NO.:   10    OBJECTIVE VALUE:  -2433.71816222825        NO. OF FUNC. EVALS.:  75
 CUMULATIVE NO. OF FUNC. EVALS.:      159
 NPARAMETR:  1.0003E+00  1.1048E+00  1.9813E+00  1.0232E+00  1.4314E+00  8.9900E-01  1.3030E+00  5.0410E+00  8.1278E-01  3.0134E-01
             3.8927E+00
 PARAMETER:  1.0030E-01  1.9962E-01  7.8378E-01  1.2289E-01  4.5868E-01 -6.4752E-03  3.6463E-01  1.7176E+00 -1.0730E-01 -1.0995E+00
             1.4591E+00
 GRADIENT:  -7.6018E+01 -3.6194E+01 -2.4391E+01 -1.4206E+01  6.7788E+01 -2.4239E+01  2.4672E+01  5.7151E+01  1.3517E+01 -3.5308E+00
             3.9573E+02

0ITERATION NO.:   15    OBJECTIVE VALUE:  -2510.16521360328        NO. OF FUNC. EVALS.:  71
 CUMULATIVE NO. OF FUNC. EVALS.:      230
 NPARAMETR:  9.9442E-01  8.9678E-01  1.2875E+00  1.1112E+00  1.0286E+00  9.7398E-01  1.3638E+00  1.6070E+00  6.9478E-01  9.0979E-01
             3.1470E+00
 PARAMETER:  9.4404E-02 -8.9491E-03  3.5266E-01  2.0540E-01  1.2824E-01  7.3635E-02  4.1029E-01  5.7439E-01 -2.6415E-01  5.4598E-03
             1.2464E+00
 GRADIENT:  -3.1539E+01 -1.8132E+01  2.3297E+00  4.5370E+00 -1.6835E+01  6.8916E+00  1.1403E+01  1.2758E+01 -5.3445E+00  3.9634E+00
             1.4131E+01

0ITERATION NO.:   20    OBJECTIVE VALUE:  -2518.06630851965        NO. OF FUNC. EVALS.:  73
 CUMULATIVE NO. OF FUNC. EVALS.:      303
 NPARAMETR:  1.0054E+00  9.7881E-01  9.6895E-01  1.0511E+00  9.7501E-01  9.4900E-01  1.1822E+00  4.8481E-01  7.8172E-01  9.6348E-01
             3.1355E+00
 PARAMETER:  1.0534E-01  7.8580E-02  6.8459E-02  1.4986E-01  7.4696E-02  4.7650E-02  2.6734E-01 -6.2399E-01 -1.4626E-01  6.2795E-02
             1.2428E+00
 GRADIENT:  -8.3636E+00 -6.4965E+00  5.7699E+00 -8.0395E+00 -1.2554E+01 -2.1784E+00 -8.2703E-01  1.1415E+00 -1.1950E+00 -1.6684E+00
            -2.2172E+00

0ITERATION NO.:   25    OBJECTIVE VALUE:  -2519.78067742306        NO. OF FUNC. EVALS.:  70
 CUMULATIVE NO. OF FUNC. EVALS.:      373
 NPARAMETR:  1.0082E+00  1.0688E+00  9.9194E-01  1.0078E+00  1.0554E+00  9.5357E-01  1.0981E+00  2.7456E-01  8.0347E-01  1.0542E+00
             3.1396E+00
 PARAMETER:  1.0812E-01  1.6656E-01  9.1909E-02  1.0773E-01  1.5395E-01  5.2458E-02  1.9363E-01 -1.1926E+00 -1.1882E-01  1.5274E-01
             1.2441E+00
 GRADIENT:  -7.9354E-01 -5.3747E-01 -1.0591E+00  4.3719E-01  1.9281E+00 -2.7815E-01 -3.8570E-01  1.8895E-01 -8.5887E-03  4.1337E-01
             4.7009E-01

0ITERATION NO.:   30    OBJECTIVE VALUE:  -2523.43208005271        NO. OF FUNC. EVALS.: 177
 CUMULATIVE NO. OF FUNC. EVALS.:      550
 NPARAMETR:  1.0321E+00  1.5036E+00  1.1281E+00  7.6961E-01  1.4624E+00  9.6764E-01  8.5432E-01  5.5531E-02  9.4855E-01  1.3155E+00
             3.1650E+00
 PARAMETER:  1.3158E-01  5.0789E-01  2.2052E-01 -1.6188E-01  4.8005E-01  6.7107E-02 -5.7446E-02 -2.7908E+00  4.7180E-02  3.7423E-01
             1.2522E+00
 GRADIENT:   1.0188E+00  8.7240E+00 -4.4342E-02  1.5605E+01  7.5526E+00  8.9543E-01  4.4601E-02 -1.2995E-02 -1.0784E+00 -2.4807E+00
            -1.7462E+00

0ITERATION NO.:   35    OBJECTIVE VALUE:  -2525.07466625184        NO. OF FUNC. EVALS.: 175
 CUMULATIVE NO. OF FUNC. EVALS.:      725
 NPARAMETR:  1.0383E+00  1.9111E+00  8.8077E-01  5.1415E-01  1.7340E+00  9.7160E-01  7.0418E-01  1.0000E-02  1.3472E+00  1.5110E+00
             3.1486E+00
 PARAMETER:  1.3754E-01  7.4768E-01 -2.6954E-02 -5.6525E-01  6.5045E-01  7.1193E-02 -2.5072E-01 -4.8084E+00  3.9803E-01  5.1278E-01
             1.2470E+00
 GRADIENT:   1.3909E+01  3.5554E+01  2.0644E+00  1.7775E+01 -2.5512E+00  1.8453E+00 -4.0224E-01  0.0000E+00  1.2976E-01  1.9480E+00
            -3.5616E+00

0ITERATION NO.:   40    OBJECTIVE VALUE:  -2528.32744431802        NO. OF FUNC. EVALS.: 179
 CUMULATIVE NO. OF FUNC. EVALS.:      904
 NPARAMETR:  1.0248E+00  2.2738E+00  4.2201E-01  2.5829E-01  2.0050E+00  9.6256E-01  6.1685E-01  1.0000E-02  2.1824E+00  1.6461E+00
             3.1233E+00
 PARAMETER:  1.2448E-01  9.2147E-01 -7.6272E-01 -1.2537E+00  7.9566E-01  6.1842E-02 -3.8313E-01 -8.6919E+00  8.8042E-01  5.9842E-01
             1.2389E+00
 GRADIENT:  -1.5511E+01  9.5900E+00 -3.5468E+00  1.0164E+01  8.2352E+00 -1.9862E+00 -3.6277E+00  0.0000E+00 -1.0308E+00  5.3508E-01
            -5.5456E+00

0ITERATION NO.:   45    OBJECTIVE VALUE:  -2530.01914126307        NO. OF FUNC. EVALS.: 176
 CUMULATIVE NO. OF FUNC. EVALS.:     1080
 NPARAMETR:  1.0316E+00  2.4631E+00  2.2818E-01  1.2425E-01  2.1680E+00  9.6653E-01  6.0713E-01  1.0000E-02  3.2811E+00  1.7195E+00
             3.1316E+00
 PARAMETER:  1.3111E-01  1.0014E+00 -1.3776E+00 -1.9855E+00  8.7381E-01  6.5961E-02 -3.9901E-01 -1.1372E+01  1.2882E+00  6.4203E-01
             1.2415E+00
 GRADIENT:  -4.0757E-02 -4.8034E+00 -4.0108E+00  4.0696E+00  6.7203E+00 -2.9800E-01  7.3489E-01  0.0000E+00  1.2160E+00 -1.1522E+00
             2.6386E+00

0ITERATION NO.:   50    OBJECTIVE VALUE:  -2530.72796159476        NO. OF FUNC. EVALS.: 176
 CUMULATIVE NO. OF FUNC. EVALS.:     1256
 NPARAMETR:  1.0336E+00  2.5225E+00  2.3443E-01  7.6933E-02  2.2012E+00  9.6636E-01  5.9423E-01  1.0000E-02  4.3982E+00  1.7622E+00
             3.1188E+00
 PARAMETER:  1.3307E-01  1.0252E+00 -1.3506E+00 -2.4648E+00  8.8901E-01  6.5781E-02 -4.2049E-01 -1.1039E+01  1.5812E+00  6.6658E-01
             1.2375E+00
 GRADIENT:   5.5554E+00 -1.5650E+00  1.8433E-01 -2.3271E-01 -2.4271E+00 -1.2882E-01  5.8180E-01  0.0000E+00  5.5551E-01  3.4369E-01
            -1.3738E+00

0ITERATION NO.:   52    OBJECTIVE VALUE:  -2530.74824473059        NO. OF FUNC. EVALS.:  57
 CUMULATIVE NO. OF FUNC. EVALS.:     1313
 NPARAMETR:  1.0319E+00  2.5201E+00  2.3354E-01  7.9399E-02  2.2060E+00  9.6683E-01  5.9463E-01  1.0000E-02  4.2926E+00  1.7592E+00
             3.1212E+00
 PARAMETER:  1.3141E-01  1.0243E+00 -1.3544E+00 -2.4333E+00  8.9120E-01  6.6271E-02 -4.1981E-01 -1.1103E+01  1.5569E+00  6.6488E-01
             1.2382E+00
 GRADIENT:   1.6423E+00 -3.1923E+00 -5.6185E-01  5.8881E-01 -6.7422E-01  8.9944E-04 -2.7976E-01  0.0000E+00  8.5306E-01  2.3612E-01
            -2.2193E-01
 Elapsed estimation  time in seconds:    19.21
 Elapsed postprocess time in seconds:     0.00
 Elapsed finaloutput time in seconds:     0.01
Done with nonmem execution
Starting NMTRAN
  
 WARNINGS AND ERRORS (IF ANY) FOR PROBLEM    1
             
 (WARNING  2) NM-TRAN INFERS THAT THE DATA ARE POPULATION.
Building NONMEM Executable
Starting nonmem execution ...
License Registered to: University of Minnesota
Expiration Date:    14 APR 2022
Current Date:       30 SEP 2021
Days until program expires : 199


 First Order Conditional Estimation with Interaction
 MONITORING OF SEARCH:


0ITERATION NO.:    0    OBJECTIVE VALUE:  -495.033264827958        NO. OF FUNC. EVALS.:  13
 CUMULATIVE NO. OF FUNC. EVALS.:       13
 NPARAMETR:  1.0000E+00  1.0000E+00  1.0000E+00  1.0000E+00  1.0000E+00  1.0000E+00  1.0000E+00  1.0000E+00  1.0000E+00  1.0000E+00
             1.0000E+00
 PARAMETER:  1.0000E-01  1.0000E-01  1.0000E-01  1.0000E-01  1.0000E-01  1.0000E-01  1.0000E-01  1.0000E-01  1.0000E-01  1.0000E-01
             1.0000E-01
 GRADIENT:   4.6484E+02  5.3718E+01  9.5842E+01  1.3110E+02  9.3157E+01  3.5192E+01 -9.0497E+01 -1.6426E+02 -6.1606E+01 -2.7139E+01
            -6.2201E+03

0ITERATION NO.:    5    OBJECTIVE VALUE:  -2696.17919221736        NO. OF FUNC. EVALS.:  71
 CUMULATIVE NO. OF FUNC. EVALS.:       84
 NPARAMETR:  1.0584E+00  1.3027E+00  1.0385E+00  9.1449E-01  1.1598E+00  9.5770E-01  9.8918E-01  8.8930E-01  7.2997E-01  1.0939E+00
             2.7186E+00
 PARAMETER:  1.5678E-01  3.6446E-01  1.3775E-01  1.0616E-02  2.4825E-01  5.6779E-02  8.9119E-02 -1.7317E-02 -2.1475E-01  1.8979E-01
             1.1001E+00
 GRADIENT:   2.2566E+02  1.0976E+02 -6.6734E+00  7.0491E+01 -1.3545E+01 -1.1934E+01  1.5797E+01  3.6364E+00 -1.3759E+01 -2.1896E+01
             3.4451E+01

0ITERATION NO.:   10    OBJECTIVE VALUE:  -2702.61730793122        NO. OF FUNC. EVALS.:  75
 CUMULATIVE NO. OF FUNC. EVALS.:      159
 NPARAMETR:  1.0242E+00  1.2878E+00  1.1028E+00  9.1992E-01  1.1940E+00  9.5393E-01  1.0044E+00  2.2281E-01  9.3672E-01  1.2964E+00
             2.7327E+00
 PARAMETER:  1.2392E-01  3.5294E-01  1.9786E-01  1.6533E-02  2.7728E-01  5.2833E-02  1.0442E-01 -1.4014E+00  3.4629E-02  3.5960E-01
             1.1053E+00
 GRADIENT:   1.3107E+02  7.3229E+01 -1.2553E+00  7.0262E+01  3.8903E+00 -7.1063E+00  2.6586E+01  2.2197E-01  1.3822E+01  1.5527E+01
             6.3758E+01

0ITERATION NO.:   15    OBJECTIVE VALUE:  -2715.40770226478        NO. OF FUNC. EVALS.: 158
 CUMULATIVE NO. OF FUNC. EVALS.:      317
 NPARAMETR:  9.9386E-01  1.5271E+00  1.2063E+00  7.3749E-01  1.4567E+00  9.7469E-01  6.1192E-01  3.9285E-01  1.0071E+00  1.4384E+00
             2.6631E+00
 PARAMETER:  9.3836E-02  5.2336E-01  2.8752E-01 -2.0451E-01  4.7619E-01  7.4365E-02 -3.9115E-01 -8.3434E-01  1.0704E-01  4.6355E-01
             1.0795E+00
 GRADIENT:  -7.7274E+00 -1.8050E+01 -8.4698E-01  1.7274E+01  7.4234E+00 -1.9022E+00 -8.6277E+00  4.5208E-02 -6.1614E+00 -1.7957E+00
            -1.8423E+00

0ITERATION NO.:   20    OBJECTIVE VALUE:  -2722.59332402650        NO. OF FUNC. EVALS.: 176
 CUMULATIVE NO. OF FUNC. EVALS.:      493
 NPARAMETR:  9.9931E-01  2.0605E+00  1.2617E+00  4.1236E-01  1.9173E+00  9.7314E-01  6.3486E-01  6.2345E-01  1.2664E+00  1.7293E+00
             2.6512E+00
 PARAMETER:  9.9314E-02  8.2296E-01  3.3247E-01 -7.8586E-01  7.5093E-01  7.2771E-02 -3.5436E-01 -3.7248E-01  3.3615E-01  6.4774E-01
             1.0750E+00
 GRADIENT:   3.6354E+00  5.2686E+01 -4.7945E-01  2.1175E+01  4.7524E+00 -3.5014E+00  3.2197E-01 -2.5189E-01 -1.2435E+00  9.2706E-01
             3.2920E+00

0ITERATION NO.:   25    OBJECTIVE VALUE:  -2724.91005195233        NO. OF FUNC. EVALS.: 175
 CUMULATIVE NO. OF FUNC. EVALS.:      668
 NPARAMETR:  9.9853E-01  2.3470E+00  1.0450E+00  2.0361E-01  2.1057E+00  9.7656E-01  6.0375E-01  4.0268E+00  1.4997E+00  1.8400E+00
             2.6412E+00
 PARAMETER:  9.8529E-02  9.5313E-01  1.4400E-01 -1.4915E+00  8.4467E-01  7.6279E-02 -4.0460E-01  1.4930E+00  5.0526E-01  7.0976E-01
             1.0712E+00
 GRADIENT:   2.5752E+00  1.3605E+01 -8.2242E-01  3.0047E+00  1.4062E+00 -2.2939E+00 -4.9531E-01 -1.7514E-02  8.8411E-01 -8.2152E-01
             2.9474E+00

0ITERATION NO.:   30    OBJECTIVE VALUE:  -2725.00607175093        NO. OF FUNC. EVALS.: 177
 CUMULATIVE NO. OF FUNC. EVALS.:      845
 NPARAMETR:  9.9572E-01  2.3772E+00  1.0365E+00  1.8083E-01  2.1267E+00  9.8657E-01  6.0354E-01  5.1631E+00  1.4644E+00  1.8645E+00
             2.6354E+00
 PARAMETER:  9.5714E-02  9.6591E-01  1.3587E-01 -1.6102E+00  8.5458E-01  8.6474E-02 -4.0494E-01  1.7415E+00  4.8144E-01  7.2300E-01
             1.0690E+00
 GRADIENT:  -3.4034E+00  6.6527E+00 -6.1042E-01  1.8732E+00  1.5802E+00  1.3626E+00  9.3476E-02  2.0612E-01  9.7013E-01  9.1388E-01
            -5.2902E-02

0ITERATION NO.:   35    OBJECTIVE VALUE:  -2725.07218034206        NO. OF FUNC. EVALS.: 180
 CUMULATIVE NO. OF FUNC. EVALS.:     1025             RESET HESSIAN, TYPE I
 NPARAMETR:  9.9732E-01  2.4110E+00  1.1112E+00  1.5404E-01  2.1424E+00  9.8362E-01  6.0131E-01  5.9076E+00  1.2805E+00  1.8801E+00
             2.6354E+00
 PARAMETER:  9.7316E-02  9.8004E-01  2.0541E-01 -1.7705E+00  8.6192E-01  8.3483E-02 -4.0864E-01  1.8762E+00  3.4724E-01  7.3133E-01
             1.0690E+00
 GRADIENT:   6.2573E+01  3.8872E+02  2.6247E-01  5.7178E+00  2.9301E+01  6.1966E+00  4.9709E+00 -7.0441E-01  2.8761E-02  9.4164E+00
             1.9458E+01

0ITERATION NO.:   40    OBJECTIVE VALUE:  -2725.14594323241        NO. OF FUNC. EVALS.: 177
 CUMULATIVE NO. OF FUNC. EVALS.:     1202
 NPARAMETR:  9.9724E-01  2.4059E+00  1.4968E+00  1.5871E-01  2.1655E+00  9.8271E-01  6.0746E-01  7.0346E+00  1.0794E+00  1.8964E+00
             2.6342E+00
 PARAMETER:  9.7238E-02  9.7794E-01  5.0336E-01 -1.7407E+00  8.7264E-01  8.2561E-02 -3.9847E-01  2.0508E+00  1.7636E-01  7.3997E-01
             1.0686E+00
 GRADIENT:   4.7072E-02 -9.8197E-01 -4.0068E-02 -2.3437E-01  7.8730E-01 -1.1852E-01  2.6388E-01 -7.5270E-03 -2.1946E-02  2.3838E-01
             3.4578E-01

0ITERATION NO.:   45    OBJECTIVE VALUE:  -2725.16366583474        NO. OF FUNC. EVALS.: 176
 CUMULATIVE NO. OF FUNC. EVALS.:     1378
 NPARAMETR:  9.9714E-01  2.3990E+00  1.6099E+00  1.6416E-01  2.1638E+00  9.7983E-01  6.0675E-01  6.9799E+00  1.1466E+00  1.8932E+00
             2.6339E+00
 PARAMETER:  9.7136E-02  9.7504E-01  5.7619E-01 -1.7069E+00  8.7185E-01  7.9621E-02 -3.9963E-01  2.0430E+00  2.3684E-01  7.3828E-01
             1.0685E+00
 GRADIENT:  -2.4632E-01  6.0196E-01 -5.6211E-02  4.7824E-02  2.6159E-01 -1.2207E+00 -1.3180E-01  1.3874E-01  7.2830E-02 -2.3133E-01
             2.0659E-02

0ITERATION NO.:   50    OBJECTIVE VALUE:  -2725.29948564770        NO. OF FUNC. EVALS.: 181
 CUMULATIVE NO. OF FUNC. EVALS.:     1559             RESET HESSIAN, TYPE I
 NPARAMETR:  9.9740E-01  2.3349E+00  2.1162E+00  2.0516E-01  2.1537E+00  9.8321E-01  6.1994E-01  6.3639E+00  1.0710E+00  1.8872E+00
             2.6334E+00
 PARAMETER:  9.7396E-02  9.4798E-01  8.4963E-01 -1.4840E+00  8.6720E-01  8.3070E-02 -3.7813E-01  1.9506E+00  1.6863E-01  7.3510E-01
             1.0683E+00
 GRADIENT:   6.2909E+01  3.4719E+02  2.4132E-01  8.4995E+00  3.0705E+01  6.0024E+00  5.6254E+00  2.4722E-01  1.5879E-01  9.8970E+00
             1.9875E+01

0ITERATION NO.:   55    OBJECTIVE VALUE:  -2725.31303177713        NO. OF FUNC. EVALS.: 178
 CUMULATIVE NO. OF FUNC. EVALS.:     1737
 NPARAMETR:  9.9731E-01  2.3344E+00  2.0623E+00  2.0819E-01  2.1510E+00  9.8320E-01  6.2117E-01  6.3162E+00  9.8837E-01  1.8859E+00
             2.6329E+00
 PARAMETER:  9.7310E-02  9.4774E-01  8.2380E-01 -1.4693E+00  8.6595E-01  8.3062E-02 -3.7614E-01  1.9431E+00  8.8307E-02  7.3443E-01
             1.0681E+00
 GRADIENT:   2.6782E-01 -2.3614E-01 -9.3060E-02  8.4610E-02 -1.4502E-01  8.1401E-02 -1.2774E-01  2.0660E-01 -2.5598E-02  6.5009E-02
            -2.2642E-01

0ITERATION NO.:   60    OBJECTIVE VALUE:  -2725.31425956313        NO. OF FUNC. EVALS.: 181
 CUMULATIVE NO. OF FUNC. EVALS.:     1918
 NPARAMETR:  9.9724E-01  2.3342E+00  2.0673E+00  2.0820E-01  2.1511E+00  9.8304E-01  6.2112E-01  6.2873E+00  1.0086E+00  1.8855E+00
             2.6330E+00
 PARAMETER:  9.7233E-02  9.4766E-01  8.2623E-01 -1.4693E+00  8.6599E-01  8.2892E-02 -3.7624E-01  1.9385E+00  1.0861E-01  7.3418E-01
             1.0681E+00
 GRADIENT:   1.0016E-01 -7.0064E-01 -3.6874E-03 -1.7196E-01 -8.5295E-02  1.9830E-02  9.1333E-02  3.0004E-02 -1.9888E-02  7.1154E-02
            -3.6064E-03

0ITERATION NO.:   65    OBJECTIVE VALUE:  -2725.31491936284        NO. OF FUNC. EVALS.: 177
 CUMULATIVE NO. OF FUNC. EVALS.:     2095
 NPARAMETR:  9.9719E-01  2.3341E+00  2.0910E+00  2.0871E-01  2.1521E+00  9.8299E-01  6.2032E-01  6.2824E+00  1.0318E+00  1.8851E+00
             2.6331E+00
 PARAMETER:  9.7190E-02  9.4763E-01  8.3763E-01 -1.4668E+00  8.6643E-01  8.2845E-02 -3.7752E-01  1.9377E+00  1.3132E-01  7.3398E-01
             1.0681E+00
 GRADIENT:  -2.6617E-02  3.6149E-01 -1.6142E-03 -1.4313E-02  2.5238E-02 -5.2106E-03 -3.5536E-02  3.3356E-02  4.2391E-03 -1.5874E-02
             1.2553E-03

0ITERATION NO.:   66    OBJECTIVE VALUE:  -2725.31491936284        NO. OF FUNC. EVALS.:  22
 CUMULATIVE NO. OF FUNC. EVALS.:     2117
 NPARAMETR:  9.9719E-01  2.3341E+00  2.0910E+00  2.0871E-01  2.1521E+00  9.8299E-01  6.2032E-01  6.2824E+00  1.0318E+00  1.8851E+00
             2.6331E+00
 PARAMETER:  9.7190E-02  9.4763E-01  8.3763E-01 -1.4668E+00  8.6643E-01  8.2845E-02 -3.7752E-01  1.9377E+00  1.3132E-01  7.3398E-01
             1.0681E+00
 GRADIENT:  -2.6617E-02  3.6149E-01 -1.6142E-03 -1.4313E-02  2.5238E-02 -5.2106E-03 -3.5536E-02  3.3356E-02  4.2391E-03 -1.5874E-02
             1.2553E-03
 Elapsed estimation  time in seconds:    32.00
 Elapsed postprocess time in seconds:     0.00
 Elapsed finaloutput time in seconds:     0.00
Done with nonmem execution
Starting NMTRAN
  
 WARNINGS AND ERRORS (IF ANY) FOR PROBLEM    1
             
 (WARNING  2) NM-TRAN INFERS THAT THE DATA ARE POPULATION.
Building NONMEM Executable
Starting nonmem execution ...
License Registered to: University of Minnesota
Expiration Date:    14 APR 2022
Current Date:       30 SEP 2021
Days until program expires : 199


 First Order Conditional Estimation with Interaction
 MONITORING OF SEARCH:


0ITERATION NO.:    0    OBJECTIVE VALUE:   257.528397139298        NO. OF FUNC. EVALS.:  13
 CUMULATIVE NO. OF FUNC. EVALS.:       13
 NPARAMETR:  1.0000E+00  1.0000E+00  1.0000E+00  1.0000E+00  1.0000E+00  1.0000E+00  1.0000E+00  1.0000E+00  1.0000E+00  1.0000E+00
             1.0000E+00
 PARAMETER:  1.0000E-01  1.0000E-01  1.0000E-01  1.0000E-01  1.0000E-01  1.0000E-01  1.0000E-01  1.0000E-01  1.0000E-01  1.0000E-01
             1.0000E-01
 GRADIENT:   4.2689E+02  2.8231E+01  1.3619E+02  1.5104E+02  1.8195E+02  7.2642E+01 -1.3670E+02 -2.1641E+02 -1.2489E+02 -3.4336E+01
            -7.6721E+03

0ITERATION NO.:    5    OBJECTIVE VALUE:  -2337.89588111658        NO. OF FUNC. EVALS.:  70
 CUMULATIVE NO. OF FUNC. EVALS.:       83
 NPARAMETR:  1.1490E+00  1.3509E+00  9.2318E-01  1.0165E+00  1.0461E+00  9.7078E-01  1.1661E+00  1.0244E+00  1.0359E+00  9.6137E-01
             5.2778E+00
 PARAMETER:  2.3890E-01  4.0074E-01  2.0067E-02  1.1637E-01  1.4510E-01  7.0341E-02  2.5371E-01  1.2415E-01  1.3528E-01  6.0609E-02
             1.7635E+00
 GRADIENT:   1.5065E+02  7.1625E+01 -1.3990E+01  6.2256E+01 -1.4973E+01 -4.6855E+00  2.7371E+01  6.4593E+00  1.6166E+01  8.6363E+00
             7.8339E+02

0ITERATION NO.:   10    OBJECTIVE VALUE:  -2593.58626010837        NO. OF FUNC. EVALS.:  73
 CUMULATIVE NO. OF FUNC. EVALS.:      156
 NPARAMETR:  9.4313E-01  1.3258E+00  1.2238E+00  8.2314E-01  1.2518E+00  8.9824E-01  9.4320E-01  2.2110E+00  1.3815E+00  1.0080E+00
             2.9878E+00
 PARAMETER:  4.1446E-02  3.8198E-01  3.0199E-01 -9.4624E-02  3.2462E-01 -7.3224E-03  4.1521E-02  8.9345E-01  4.2319E-01  1.0800E-01
             1.1945E+00
 GRADIENT:  -2.0689E+02 -4.9544E+01 -2.0194E+01 -2.0929E+01  4.3535E+01 -5.7954E+01  1.6054E+00  2.1392E+01  3.6270E+01 -2.6112E+01
             8.2322E+01

0ITERATION NO.:   15    OBJECTIVE VALUE:  -2630.23859389910        NO. OF FUNC. EVALS.: 157
 CUMULATIVE NO. OF FUNC. EVALS.:      313
 NPARAMETR:  9.9940E-01  1.6690E+00  2.1411E+00  7.1582E-01  1.7318E+00  9.9698E-01  7.6758E-01  2.3408E+00  1.3413E+00  1.6007E+00
             2.9042E+00
 PARAMETER:  9.9403E-02  6.1225E-01  8.6131E-01 -2.3433E-01  6.4915E-01  9.6979E-02 -1.6451E-01  9.5051E-01  3.9365E-01  5.7044E-01
             1.1662E+00
 GRADIENT:  -9.0203E+01  2.1646E+00 -1.5141E+01  4.5114E+01  4.0678E+01 -5.9846E+00  1.1622E+00 -3.2200E+00  5.3119E+00  2.4861E-01
             1.1603E+01

0ITERATION NO.:   20    OBJECTIVE VALUE:  -2638.80332740626        NO. OF FUNC. EVALS.: 178
 CUMULATIVE NO. OF FUNC. EVALS.:      491
 NPARAMETR:  1.0608E+00  1.7937E+00  3.0570E+00  6.1751E-01  1.7835E+00  1.0236E+00  7.9196E-01  3.5541E+00  1.2316E+00  1.7039E+00
             2.8690E+00
 PARAMETER:  1.5902E-01  6.8429E-01  1.2174E+00 -3.8207E-01  6.7860E-01  1.2332E-01 -1.3325E-01  1.3681E+00  3.0831E-01  6.3293E-01
             1.1539E+00
 GRADIENT:   3.8933E+01  4.6121E+00 -5.0390E+00  9.9938E+00 -5.3573E+00  7.7371E+00  8.1078E-01  9.0013E-01 -2.6479E+00 -9.5344E-01
            -8.0930E+00

0ITERATION NO.:   25    OBJECTIVE VALUE:  -2640.45701868623        NO. OF FUNC. EVALS.: 175
 CUMULATIVE NO. OF FUNC. EVALS.:      666
 NPARAMETR:  1.0400E+00  1.9095E+00  4.0078E+00  5.3782E-01  1.8794E+00  9.9798E-01  7.9371E-01  4.6571E+00  1.2388E+00  1.8082E+00
             2.8686E+00
 PARAMETER:  1.3921E-01  7.4682E-01  1.4882E+00 -5.2023E-01  7.3096E-01  9.7975E-02 -1.3104E-01  1.6384E+00  3.1412E-01  6.9233E-01
             1.1538E+00
 GRADIENT:  -2.3526E+00  3.1242E+00  1.8535E-01  2.2662E+00 -7.6310E+00 -8.3433E-01  5.2123E-01  2.0063E+00 -1.3442E+00 -2.7687E-01
            -1.1273E+00

0ITERATION NO.:   30    OBJECTIVE VALUE:  -2641.02981544216        NO. OF FUNC. EVALS.: 177
 CUMULATIVE NO. OF FUNC. EVALS.:      843
 NPARAMETR:  1.0421E+00  2.0505E+00  3.4748E+00  4.3657E-01  1.9505E+00  1.0019E+00  7.4084E-01  4.6262E+00  1.5218E+00  1.8640E+00
             2.8652E+00
 PARAMETER:  1.4120E-01  8.1809E-01  1.3456E+00 -7.2881E-01  7.6809E-01  1.0185E-01 -1.9997E-01  1.6317E+00  5.1988E-01  7.2275E-01
             1.1526E+00
 GRADIENT:   1.9962E+00 -5.1110E+00  9.3980E-01 -6.4356E-01  5.1249E-01  5.0742E-01 -3.7299E-01 -3.1825E-01  1.1307E+00  4.8738E-01
            -2.0416E+00

0ITERATION NO.:   35    OBJECTIVE VALUE:  -2641.05724615217        NO. OF FUNC. EVALS.: 175
 CUMULATIVE NO. OF FUNC. EVALS.:     1018
 NPARAMETR:  1.0412E+00  2.1012E+00  3.0476E+00  4.0530E-01  1.9566E+00  1.0001E+00  7.3591E-01  4.4504E+00  1.5640E+00  1.8742E+00
             2.8697E+00
 PARAMETER:  1.4042E-01  8.4253E-01  1.2144E+00 -8.0312E-01  7.7122E-01  1.0013E-01 -2.0665E-01  1.5930E+00  5.4722E-01  7.2818E-01
             1.1542E+00
 GRADIENT:  -8.9873E-02  3.9028E+00  1.4570E+00  1.2328E-01  9.6499E-01 -1.8087E-01 -5.2946E-01 -2.3812E+00 -6.3111E-01  1.2134E+00
             1.2930E+00

0ITERATION NO.:   40    OBJECTIVE VALUE:  -2641.09726650334        NO. OF FUNC. EVALS.: 178
 CUMULATIVE NO. OF FUNC. EVALS.:     1196
 NPARAMETR:  1.0413E+00  2.2686E+00  1.6638E+00  2.9924E-01  1.9523E+00  9.9951E-01  6.9099E-01  3.7609E+00  2.0136E+00  1.8644E+00
             2.8750E+00
 PARAMETER:  1.4044E-01  9.1916E-01  6.0911E-01 -1.1065E+00  7.6902E-01  9.9514E-02 -2.6963E-01  1.4247E+00  7.9995E-01  7.2292E-01
             1.1560E+00
 GRADIENT:  -7.2620E-01  3.0248E+01  1.2440E+00  5.2935E+00 -5.5217E-01 -5.9293E-01 -2.1959E+00 -1.0260E+00 -1.2078E+00 -4.6860E-01
             2.9603E+00

0ITERATION NO.:   45    OBJECTIVE VALUE:  -2641.23812599492        NO. OF FUNC. EVALS.: 178
 CUMULATIVE NO. OF FUNC. EVALS.:     1374
 NPARAMETR:  1.0410E+00  2.3711E+00  9.3217E-01  2.3868E-01  1.9292E+00  9.9901E-01  6.7040E-01  3.1391E+00  2.4192E+00  1.8357E+00
             2.8799E+00
 PARAMETER:  1.4016E-01  9.6335E-01  2.9761E-02 -1.3326E+00  7.5708E-01  9.9012E-02 -2.9989E-01  1.2439E+00  9.8343E-01  7.0742E-01
             1.1578E+00
 GRADIENT:  -1.9346E+00  5.4539E+01  8.1398E-02  1.0816E+01 -4.5601E+00 -9.5702E-01 -4.4339E+00  2.6577E+00  2.0681E+00 -3.3450E+00
             3.5189E+00

0ITERATION NO.:   50    OBJECTIVE VALUE:  -2642.72814077493        NO. OF FUNC. EVALS.: 176
 CUMULATIVE NO. OF FUNC. EVALS.:     1550
 NPARAMETR:  1.0413E+00  2.4295E+00  3.5846E-01  1.7983E-01  1.9186E+00  1.0037E+00  6.8080E-01  2.3404E+00  2.5743E+00  1.8675E+00
             2.8669E+00
 PARAMETER:  1.4047E-01  9.8770E-01 -9.2594E-01 -1.6158E+00  7.5159E-01  1.0368E-01 -2.8449E-01  9.5031E-01  1.0456E+00  7.2459E-01
             1.1532E+00
 GRADIENT:  -3.4267E-01  1.0959E+01 -1.7607E+06  7.4888E+00 -3.5798E-02  9.3673E-01 -2.6423E-01  4.9741E+00 -3.3817E-01 -8.1012E-01
            -4.7937E+00

0ITERATION NO.:   55    OBJECTIVE VALUE:  -2644.11311497073        NO. OF FUNC. EVALS.: 176
 CUMULATIVE NO. OF FUNC. EVALS.:     1726
 NPARAMETR:  1.0413E+00  2.5270E+00  3.6516E-01  1.0853E-01  2.0204E+00  1.0009E+00  6.6850E-01  1.9759E+00  3.3236E+00  1.9294E+00
             2.8661E+00
 PARAMETER:  1.4047E-01  1.0270E+00 -9.0742E-01 -2.1207E+00  8.0332E-01  1.0090E-01 -3.0271E-01  7.8102E-01  1.3010E+00  7.5720E-01
             1.1530E+00
 GRADIENT:   2.9240E-01  4.5712E+00  1.1747E+00  1.0560E+00  9.0625E-01 -1.0973E-01 -3.6905E+00  2.4322E+00  3.0607E+00 -2.7555E+00
            -1.4677E+00

0ITERATION NO.:   60    OBJECTIVE VALUE:  -2646.23508000398        NO. OF FUNC. EVALS.: 165
 CUMULATIVE NO. OF FUNC. EVALS.:     1891
 NPARAMETR:  1.0396E+00  2.5409E+00  3.3071E-01  8.8872E-02  2.0379E+00  9.9949E-01  6.7153E-01  1.7774E-01  3.5111E+00  1.9713E+00
             2.8633E+00
 PARAMETER:  1.3881E-01  1.0325E+00 -1.0065E+00 -2.3206E+00  8.1191E-01  9.9486E-02 -2.9820E-01 -1.6274E+00  1.3559E+00  7.7868E-01
             1.1520E+00
 GRADIENT:   8.2307E+01  4.0529E+02 -2.7697E+00  1.0988E+01  2.5635E+01  9.4136E+00  9.3808E+00  4.3228E-02  1.0299E+01  6.5911E+00
             1.6736E+01

0ITERATION NO.:   65    OBJECTIVE VALUE:  -2646.29187910073        NO. OF FUNC. EVALS.: 178
 CUMULATIVE NO. OF FUNC. EVALS.:     2069
 NPARAMETR:  1.0409E+00  2.5494E+00  3.3029E-01  8.7145E-02  2.0330E+00  1.0016E+00  6.6759E-01  1.6913E-01  3.5128E+00  1.9701E+00
             2.8624E+00
 PARAMETER:  1.4005E-01  1.0359E+00 -1.0078E+00 -2.3402E+00  8.0951E-01  1.0162E-01 -3.0407E-01 -1.6771E+00  1.3564E+00  7.7810E-01
             1.1516E+00
 GRADIENT:  -1.5563E-01 -7.1851E-01 -1.0721E-01  3.6206E-02 -1.2773E-01  9.2776E-02  6.4977E-02  2.8886E-02 -5.8679E+00  9.4995E-02
            -3.1327E-02

0ITERATION NO.:   70    OBJECTIVE VALUE:  -2646.31386654025        NO. OF FUNC. EVALS.: 179
 CUMULATIVE NO. OF FUNC. EVALS.:     2248
 NPARAMETR:  1.0408E+00  2.5494E+00  3.3496E-01  8.7354E-02  2.0341E+00  1.0027E+00  6.6892E-01  1.7024E-02  3.5183E+00  1.9708E+00
             2.8630E+00
 PARAMETER:  1.3997E-01  1.0358E+00 -9.9375E-01 -2.3378E+00  8.1003E-01  1.0267E-01 -3.0209E-01 -3.9731E+00  1.3580E+00  7.7845E-01
             1.1519E+00
 GRADIENT:  -3.4957E-01 -5.2312E-02  2.3603E-01 -1.6766E-02  4.8790E-02  4.9003E-01  1.8087E-01  2.8601E-04 -5.6737E+00  2.4824E-01
             8.6968E-01

0ITERATION NO.:   75    OBJECTIVE VALUE:  -2646.52666573771        NO. OF FUNC. EVALS.: 182
 CUMULATIVE NO. OF FUNC. EVALS.:     2430
 NPARAMETR:  1.0431E+00  2.5797E+00  2.9267E-01  7.4670E-02  2.0459E+00  9.8940E-01  6.6438E-01  1.0000E-02  3.7875E+00  1.9864E+00
             2.8570E+00
 PARAMETER:  1.4218E-01  1.0477E+00 -1.1287E+00 -2.4947E+00  8.1585E-01  8.9343E-02 -3.0891E-01 -1.0424E+02  1.4317E+00  7.8634E-01
             1.1498E+00
 GRADIENT:   4.2767E+00  1.2757E+01 -1.3480E+00  3.5611E+00 -1.1699E+00 -4.6542E+00 -3.8721E+00  0.0000E+00 -1.1852E-01  1.2255E-01
            -5.7560E+00

0ITERATION NO.:   80    OBJECTIVE VALUE:  -2646.59297594769        NO. OF FUNC. EVALS.: 169
 CUMULATIVE NO. OF FUNC. EVALS.:     2599
 NPARAMETR:  1.0439E+00  2.5681E+00  2.9106E-01  7.2608E-02  2.0386E+00  9.9678E-01  6.6556E-01  1.0000E-02  3.7898E+00  1.9794E+00
             2.8730E+00
 PARAMETER:  1.4296E-01  1.0432E+00 -1.1342E+00 -2.5227E+00  8.1224E-01  9.6775E-02 -3.0713E-01 -1.1498E+02  1.4323E+00  7.8278E-01
             1.1554E+00
 GRADIENT:   5.6904E+00  2.0247E+00 -1.6250E-01 -3.2234E+00 -2.2868E-01 -1.6746E+00  2.4309E+00  0.0000E+00 -1.1816E+01  1.4432E+00
             1.1452E+01

0ITERATION NO.:   85    OBJECTIVE VALUE:  -2646.63106477236        NO. OF FUNC. EVALS.: 163
 CUMULATIVE NO. OF FUNC. EVALS.:     2762
 NPARAMETR:  1.0426E+00  2.5695E+00  2.9446E-01  7.3182E-02  2.0406E+00  1.0024E+00  6.6551E-01  1.0000E-02  3.7871E+00  1.9785E+00
             2.8673E+00
 PARAMETER:  1.4173E-01  1.0437E+00 -1.1226E+00 -2.5148E+00  8.1322E-01  1.0238E-01 -3.0720E-01 -1.1498E+02  1.4316E+00  7.8232E-01
             1.1534E+00
 GRADIENT:   3.1734E+00  4.4984E+00 -1.6191E-01 -2.3479E+00 -7.2731E-02  3.6806E-01  1.5250E+00  0.0000E+00 -1.0338E+01  9.7605E-01
             6.5820E+00
 Elapsed estimation  time in seconds:    46.54
 Elapsed postprocess time in seconds:     0.00
 Elapsed finaloutput time in seconds:     0.00
Done with nonmem execution
Starting NMTRAN
  
 WARNINGS AND ERRORS (IF ANY) FOR PROBLEM    1
             
 (WARNING  2) NM-TRAN INFERS THAT THE DATA ARE POPULATION.
Building NONMEM Executable
Starting nonmem execution ...
License Registered to: University of Minnesota
Expiration Date:    14 APR 2022
Current Date:       30 SEP 2021
Days until program expires : 199


 First Order Conditional Estimation with Interaction
 MONITORING OF SEARCH:


0ITERATION NO.:    0    OBJECTIVE VALUE:   51.4101383193469        NO. OF FUNC. EVALS.:  13
 CUMULATIVE NO. OF FUNC. EVALS.:       13
 NPARAMETR:  1.0000E+00  1.0000E+00  1.0000E+00  1.0000E+00  1.0000E+00  1.0000E+00  1.0000E+00  1.0000E+00  1.0000E+00  1.0000E+00
             1.0000E+00
 PARAMETER:  1.0000E-01  1.0000E-01  1.0000E-01  1.0000E-01  1.0000E-01  1.0000E-01  1.0000E-01  1.0000E-01  1.0000E-01  1.0000E-01
             1.0000E-01
 GRADIENT:   5.0280E+02  9.5339E+01  8.0744E+01  2.4212E+02  2.7423E+02  3.2143E+01 -1.5733E+02 -1.9147E+02 -1.3737E+02 -7.5722E+01
            -7.1565E+03

0ITERATION NO.:    5    OBJECTIVE VALUE:  -2303.66567918827        NO. OF FUNC. EVALS.:  72
 CUMULATIVE NO. OF FUNC. EVALS.:       85
 NPARAMETR:  9.9645E-01  1.2071E+00  8.6860E-01  8.9409E-01  9.5050E-01  9.4890E-01  1.3048E+00  1.0634E+00  9.5110E-01  1.2093E+00
             5.2262E+00
 PARAMETER:  9.6444E-02  2.8824E-01 -4.0875E-02 -1.1945E-02  4.9235E-02  4.7547E-02  3.6606E-01  1.6151E-01  4.9869E-02  2.9007E-01
             1.7537E+00
 GRADIENT:  -8.3902E+01 -2.1353E+01 -8.1936E+00 -5.5145E+01 -1.4725E+01 -2.0395E+01  3.4545E+01  6.5206E+00  1.7098E+01  2.1261E+01
             8.4831E+02

0ITERATION NO.:   10    OBJECTIVE VALUE:  -2440.91414997804        NO. OF FUNC. EVALS.:  74
 CUMULATIVE NO. OF FUNC. EVALS.:      159
 NPARAMETR:  9.5691E-01  1.6770E+00  4.6415E-01  6.3282E-01  9.5396E-01  1.0797E+00  7.0934E-01  4.0842E+00  1.7646E+00  2.0452E+00
             3.6681E+00
 PARAMETER:  5.5956E-02  6.1702E-01 -6.6754E-01 -3.5758E-01  5.2868E-02  1.7668E-01 -2.4342E-01  1.5071E+00  6.6795E-01  8.1549E-01
             1.3997E+00
 GRADIENT:  -6.3672E+01  5.5569E+01 -1.5965E+01  3.5513E+01 -1.2120E+02  2.1681E+01  2.8772E+01  1.0026E+01  4.9180E+01  3.5318E+01
             4.6365E+02

0ITERATION NO.:   15    OBJECTIVE VALUE:  -2581.28398211271        NO. OF FUNC. EVALS.: 140
 CUMULATIVE NO. OF FUNC. EVALS.:      299
 NPARAMETR:  9.4749E-01  1.5178E+00  2.2844E+00  7.3811E-01  1.5440E+00  1.0552E+00  1.0812E+00  5.2069E+00  1.0785E+00  1.9670E+00
             2.8268E+00
 PARAMETER:  4.6062E-02  5.1724E-01  9.2610E-01 -2.0367E-01  5.3435E-01  1.5376E-01  1.7804E-01  1.7500E+00  1.7555E-01  7.7651E-01
             1.1391E+00
 GRADIENT:  -1.0103E+02 -2.0115E+01 -1.4569E+01  2.6002E+01  3.7049E+00 -9.0491E-01  2.6862E+01  5.7810E+00  2.1107E+01  4.1741E+01
             2.7742E+01

0ITERATION NO.:   20    OBJECTIVE VALUE:  -2600.52951744231        NO. OF FUNC. EVALS.: 122
 CUMULATIVE NO. OF FUNC. EVALS.:      421
 NPARAMETR:  9.4765E-01  1.5145E+00  2.2956E+00  7.3737E-01  1.5853E+00  1.0395E+00  1.0792E+00  4.6326E+00  6.1989E-01  1.9690E+00
             2.8077E+00
 PARAMETER:  4.6229E-02  5.1512E-01  9.3098E-01 -2.0467E-01  5.6079E-01  1.3873E-01  1.7626E-01  1.6331E+00 -3.7821E-01  7.7753E-01
             1.1324E+00
 GRADIENT:  -4.5945E+01  9.4754E+01 -1.4509E+01  5.8131E+01  4.4121E+01  6.7873E+00  6.1701E+00  1.7086E+01  9.9925E-01  5.1240E+01
             2.7244E+01

0ITERATION NO.:   25    OBJECTIVE VALUE:  -2600.58639999319        NO. OF FUNC. EVALS.:  70
 CUMULATIVE NO. OF FUNC. EVALS.:      491
 NPARAMETR:  9.4767E-01  1.5129E+00  2.3049E+00  7.3722E-01  1.5787E+00  1.0137E+00  1.0792E+00  4.5386E+00  5.6658E-01  1.9665E+00
             2.7848E+00
 PARAMETER:  4.6251E-02  5.1403E-01  9.3503E-01 -2.0487E-01  5.5663E-01  1.1364E-01  1.7625E-01  1.6126E+00 -4.6814E-01  7.7623E-01
             1.1242E+00
 GRADIENT:  -4.9986E+01  9.8744E+01 -1.3938E+01  6.0720E+01  4.2752E+01 -5.4006E+00  2.6695E+00  1.4847E+01 -3.3103E-01  5.0856E+01
             7.0678E+00

0ITERATION NO.:   30    OBJECTIVE VALUE:  -2600.68432477731        NO. OF FUNC. EVALS.:  70
 CUMULATIVE NO. OF FUNC. EVALS.:      561
 NPARAMETR:  9.4773E-01  1.5080E+00  2.3322E+00  7.3677E-01  1.5597E+00  9.9795E-01  1.0792E+00  4.2868E+00  5.1968E-01  1.9589E+00
             2.7455E+00
 PARAMETER:  4.6314E-02  5.1078E-01  9.4682E-01 -2.0549E-01  5.4446E-01  9.7950E-02  1.7623E-01  1.5555E+00 -5.5455E-01  7.7237E-01
             1.1100E+00
 GRADIENT:  -5.0436E+01  1.0127E+02 -1.2084E+01  5.9006E+01  3.8132E+01 -1.2851E+01 -7.7400E-01  9.6276E+00 -1.4636E+00  5.0422E+01
            -2.8666E+01

0ITERATION NO.:   35    OBJECTIVE VALUE:  -2601.29569168927        NO. OF FUNC. EVALS.:  70
 CUMULATIVE NO. OF FUNC. EVALS.:      631
 NPARAMETR:  9.4783E-01  1.4995E+00  2.3804E+00  7.3599E-01  1.5282E+00  9.9433E-01  1.0792E+00  3.9109E+00  5.1245E-01  1.9458E+00
             2.7148E+00
 PARAMETER:  4.6422E-02  5.0512E-01  9.6727E-01 -2.0654E-01  5.2410E-01  9.4317E-02  1.7619E-01  1.4638E+00 -5.6856E-01  7.6567E-01
             1.0987E+00
 GRADIENT:  -4.8116E+01  9.7588E+01 -1.1085E+01  4.9032E+01  2.7364E+01 -1.3886E+01 -1.4303E+00  2.1222E+00 -1.9818E+00  4.9757E+01
            -5.9563E+01

0ITERATION NO.:   40    OBJECTIVE VALUE:  -2601.77999080729        NO. OF FUNC. EVALS.:  71
 CUMULATIVE NO. OF FUNC. EVALS.:      702
 NPARAMETR:  9.4803E-01  1.4832E+00  2.4705E+00  7.3454E-01  1.4717E+00  1.0061E+00  1.0791E+00  3.3260E+00  5.9399E-01  1.9207E+00
             2.7153E+00
 PARAMETER:  4.6626E-02  4.9417E-01  1.0044E+00 -2.0851E-01  4.8645E-01  1.0606E-01  1.7611E-01  1.3018E+00 -4.2090E-01  7.5267E-01
             1.0989E+00
 GRADIENT:  -4.3352E+01  8.0713E+01 -3.5061E+00  2.0234E+01  7.5238E+00 -7.7826E+00  3.7519E+00 -6.7686E+00 -1.5201E+00  4.7308E+01
            -6.5486E+01

0ITERATION NO.:   45    OBJECTIVE VALUE:  -2602.98650125685        NO. OF FUNC. EVALS.:  73
 CUMULATIVE NO. OF FUNC. EVALS.:      775
 NPARAMETR:  9.4820E-01  1.4688E+00  2.5309E+00  7.3349E-01  1.4345E+00  1.0358E+00  1.0789E+00  3.0405E+00  7.1103E-01  1.8977E+00
             2.8272E+00
 PARAMETER:  4.6806E-02  4.8448E-01  1.0286E+00 -2.0994E-01  4.6084E-01  1.3516E-01  1.7597E-01  1.2120E+00 -2.4105E-01  7.4065E-01
             1.1393E+00
 GRADIENT:  -4.3274E+01  5.5568E+01  1.7725E+00 -4.5184E+00 -8.1559E+00  6.4659E+00  1.0801E+01 -7.1527E+00  7.7400E-01  4.4949E+01
             2.6463E+01

0ITERATION NO.:   50    OBJECTIVE VALUE:  -2603.64883920094        NO. OF FUNC. EVALS.:  72
 CUMULATIVE NO. OF FUNC. EVALS.:      847
 NPARAMETR:  9.4828E-01  1.4640E+00  2.5065E+00  7.3377E-01  1.4547E+00  9.9505E-01  1.0787E+00  3.3915E+00  6.2400E-01  1.8857E+00
             2.7991E+00
 PARAMETER:  4.6890E-02  4.8115E-01  1.0189E+00 -2.0955E-01  4.7479E-01  9.5037E-02  1.7575E-01  1.3213E+00 -3.7161E-01  7.3427E-01
             1.1293E+00
 GRADIENT:  -5.0477E+01  5.1398E+01 -2.0564E+00 -3.9661E-01  9.5996E-01 -1.2850E+01  5.4640E+00 -4.0418E+00 -4.4964E-01  4.4063E+01
             8.4528E+00

0ITERATION NO.:   55    OBJECTIVE VALUE:  -2603.69573934445        NO. OF FUNC. EVALS.:  91
 CUMULATIVE NO. OF FUNC. EVALS.:      938
 NPARAMETR:  9.4857E-01  1.4425E+00  2.5474E+00  7.3299E-01  1.4389E+00  9.8989E-01  1.0782E+00  3.5070E+00  6.1244E-01  1.8455E+00
             2.7970E+00
 PARAMETER:  4.7203E-02  4.6637E-01  1.0351E+00 -2.1063E-01  4.6391E-01  8.9838E-02  1.7534E-01  1.3548E+00 -3.9030E-01  7.1277E-01
             1.1285E+00
 GRADIENT:  -1.1117E+02 -4.7282E+01 -3.3774E+00 -3.6409E+01 -2.5511E+01 -2.4128E+01  1.0045E-01 -5.8168E+00 -1.7502E+00  3.1392E+01
            -1.0802E+01

0ITERATION NO.:   60    OBJECTIVE VALUE:  -2605.80388531098        NO. OF FUNC. EVALS.: 182
 CUMULATIVE NO. OF FUNC. EVALS.:     1120
 NPARAMETR:  9.4926E-01  1.4381E+00  2.6098E+00  7.3374E-01  1.4697E+00  1.0826E+00  1.0778E+00  3.8899E+00  7.2489E-01  1.7999E+00
             2.8188E+00
 PARAMETER:  4.7922E-02  4.6330E-01  1.0593E+00 -2.0961E-01  4.8503E-01  1.7941E-01  1.7492E-01  1.4584E+00 -2.2173E-01  6.8774E-01
             1.1363E+00
 GRADIENT:  -9.1851E+01 -5.8094E+01 -5.7834E+00 -4.0809E+01 -1.3824E+01  1.0391E+01  5.6705E+00  9.0857E-01  1.6034E+00  2.8987E+01
             1.5228E+01

0ITERATION NO.:   65    OBJECTIVE VALUE:  -2612.16629894325        NO. OF FUNC. EVALS.: 178
 CUMULATIVE NO. OF FUNC. EVALS.:     1298            RESET HESSIAN, TYPE II
 NPARAMETR:  9.9874E-01  1.4978E+00  3.3174E+00  7.5791E-01  1.5440E+00  1.0517E+00  1.0421E+00  4.0438E+00  6.7796E-01  1.6191E+00
             2.8165E+00
 PARAMETER:  9.8739E-02  5.0403E-01  1.2992E+00 -1.7719E-01  5.3437E-01  1.5038E-01  1.4122E-01  1.4972E+00 -2.8866E-01  5.8187E-01
             1.1355E+00
 GRADIENT:   5.8912E+01  1.0503E+02  2.2593E+00  3.1425E+01  2.1149E+01  1.6668E+01  1.5804E+00  3.7104E+00 -1.2768E+00  1.0684E+01
             1.4356E+01

0ITERATION NO.:   70    OBJECTIVE VALUE:  -2612.69164866444        NO. OF FUNC. EVALS.: 138
 CUMULATIVE NO. OF FUNC. EVALS.:     1436
 NPARAMETR:  9.9454E-01  1.4679E+00  3.3048E+00  7.5495E-01  1.5255E+00  1.0361E+00  1.0362E+00  3.9923E+00  7.0479E-01  1.5890E+00
             2.8120E+00
 PARAMETER:  9.4526E-02  4.8384E-01  1.2954E+00 -1.8110E-01  5.2233E-01  1.3548E-01  1.3556E-01  1.4844E+00 -2.4985E-01  5.6308E-01
             1.1339E+00
 GRADIENT:  -8.9378E+00 -5.7101E+00  3.2998E+00 -1.4364E+01 -2.6119E+00 -1.0325E+00 -8.6235E-01 -4.3937E+00 -2.5453E+00  3.2403E+00
            -2.4958E+00

0ITERATION NO.:   75    OBJECTIVE VALUE:  -2612.85930827550        NO. OF FUNC. EVALS.: 141
 CUMULATIVE NO. OF FUNC. EVALS.:     1577
 NPARAMETR:  9.9767E-01  1.4625E+00  3.2625E+00  7.5702E-01  1.5214E+00  1.0360E+00  1.0403E+00  4.0720E+00  7.1243E-01  1.5785E+00
             2.8219E+00
 PARAMETER:  9.7663E-02  4.8012E-01  1.2825E+00 -1.7837E-01  5.1960E-01  1.3535E-01  1.3947E-01  1.5041E+00 -2.3907E-01  5.5650E-01
             1.1374E+00
 GRADIENT:  -2.9114E+00 -8.9829E+00  2.0248E+00 -1.5610E+01 -1.8941E+00 -9.6866E-01  1.2653E-01 -2.1852E+00 -2.0305E+00  3.0141E+00
             6.4923E+00

0ITERATION NO.:   80    OBJECTIVE VALUE:  -2613.16429760049        NO. OF FUNC. EVALS.: 156
 CUMULATIVE NO. OF FUNC. EVALS.:     1733
 NPARAMETR:  9.9893E-01  1.4677E+00  3.2052E+00  7.6533E-01  1.5183E+00  1.0389E+00  1.0406E+00  4.1525E+00  8.0228E-01  1.5458E+00
             2.8140E+00
 PARAMETER:  9.8926E-02  4.8370E-01  1.2648E+00 -1.6745E-01  5.1760E-01  1.3819E-01  1.3976E-01  1.5237E+00 -1.2030E-01  5.3556E-01
             1.1346E+00
 GRADIENT:   5.9833E+01  8.0195E+01  3.2112E+00  1.0346E+01  2.4647E+01  1.1139E+01  7.5033E+00  5.9804E+00  1.3353E+00  7.2016E+00
             2.1870E+01

0ITERATION NO.:   85    OBJECTIVE VALUE:  -2613.29209719828        NO. OF FUNC. EVALS.:  71
 CUMULATIVE NO. OF FUNC. EVALS.:     1804
 NPARAMETR:  9.9537E-01  1.4273E+00  3.1773E+00  7.9723E-01  1.4790E+00  1.0343E+00  1.0005E+00  3.8991E+00  9.3899E-01  1.4658E+00
             2.8217E+00
 PARAMETER:  9.5358E-02  4.5581E-01  1.2560E+00 -1.2661E-01  4.9140E-01  1.3376E-01  1.0050E-01  1.4607E+00  3.7054E-02  4.8240E-01
             1.1373E+00
 GRADIENT:   5.1954E+01  7.7488E+01  3.6538E+00  1.1431E+01  2.1507E+01  8.8999E+00  6.3708E+00  3.8975E+00  5.0204E+00  3.4546E+00
             2.7806E+01

0ITERATION NO.:   90    OBJECTIVE VALUE:  -2613.32282860408        NO. OF FUNC. EVALS.:  92
 CUMULATIVE NO. OF FUNC. EVALS.:     1896
 NPARAMETR:  9.8979E-01  1.3580E+00  3.1340E+00  8.4239E-01  1.4288E+00  1.0295E+00  9.9324E-01  3.7042E+00  9.5465E-01  1.3986E+00
             2.8183E+00
 PARAMETER:  8.9734E-02  4.0600E-01  1.2423E+00 -7.1510E-02  4.5685E-01  1.2908E-01  9.3219E-02  1.4095E+00  5.3587E-02  4.3547E-01
             1.1362E+00
 GRADIENT:  -1.9382E+01  9.7315E+00 -1.0347E+00  1.1554E+00 -4.7496E+00 -4.1369E+00  2.4065E+00 -3.1104E+00  4.5875E+00 -2.6602E+00
             5.7301E+00

0ITERATION NO.:   95    OBJECTIVE VALUE:  -2615.04296982834        NO. OF FUNC. EVALS.: 178
 CUMULATIVE NO. OF FUNC. EVALS.:     2074
 NPARAMETR:  9.9879E-01  1.1348E+00  4.1227E+00  9.9302E-01  1.3871E+00  1.0453E+00  1.1522E+00  4.0390E+00  8.1782E-01  1.3209E+00
             2.7981E+00
 PARAMETER:  9.8786E-02  2.2644E-01  1.5165E+00  9.2993E-02  4.2724E-01  1.4434E-01  2.4171E-01  1.4960E+00 -1.0112E-01  3.7829E-01
             1.1289E+00
 GRADIENT:  -2.2982E-01  5.2532E+00  1.1368E+00  2.1834E+00  3.0932E+00  1.7718E+00  1.4799E+00 -1.3311E-01  3.3451E+00  2.5860E+00
            -8.7861E-01

0ITERATION NO.:  100    OBJECTIVE VALUE:  -2615.82472783813        NO. OF FUNC. EVALS.: 175
 CUMULATIVE NO. OF FUNC. EVALS.:     2249
 NPARAMETR:  9.9902E-01  9.2891E-01  4.4713E+00  1.1224E+00  1.2996E+00  1.0419E+00  1.3368E+00  4.0848E+00  7.3088E-01  1.1612E+00
             2.7898E+00
 PARAMETER:  9.9017E-02  2.6256E-02  1.5977E+00  2.1551E-01  3.6207E-01  1.4101E-01  3.9025E-01  1.5073E+00 -2.1351E-01  2.4946E-01
             1.1260E+00
 GRADIENT:   8.7948E-01 -9.6574E-01 -1.5737E-01 -2.8762E+00 -6.1822E-02  6.3356E-01  2.9639E-01  9.2115E-02  1.3459E-01 -2.3668E-01
            -1.5746E+00

0ITERATION NO.:  103    OBJECTIVE VALUE:  -2615.83014663719        NO. OF FUNC. EVALS.:  92
 CUMULATIVE NO. OF FUNC. EVALS.:     2341
 NPARAMETR:  9.9857E-01  9.1963E-01  4.5202E+00  1.1303E+00  1.2979E+00  1.0401E+00  1.3439E+00  4.0886E+00  7.2827E-01  1.1585E+00
             2.7915E+00
 PARAMETER:  9.8573E-02  1.6215E-02  1.6086E+00  2.2250E-01  3.6072E-01  1.3929E-01  3.9556E-01  1.5082E+00 -2.1708E-01  2.4717E-01
             1.1266E+00
 GRADIENT:  -1.2141E-01  1.1296E-01  1.9103E-03  1.0293E-01 -8.6907E-02 -2.4306E-02  5.9749E-02 -2.3046E-02 -3.2286E-02  5.4333E-02
            -1.1653E-01
 Elapsed estimation  time in seconds:    35.55
 Elapsed postprocess time in seconds:     0.00
 Elapsed finaloutput time in seconds:     0.00
Done with nonmem execution
Starting NMTRAN
  
 WARNINGS AND ERRORS (IF ANY) FOR PROBLEM    1
             
 (WARNING  2) NM-TRAN INFERS THAT THE DATA ARE POPULATION.
Building NONMEM Executable
Starting nonmem execution ...
License Registered to: University of Minnesota
Expiration Date:    14 APR 2022
Current Date:       30 SEP 2021
Days until program expires : 199


 First Order Conditional Estimation with Interaction
 MONITORING OF SEARCH:


0ITERATION NO.:    0    OBJECTIVE VALUE:  -932.514423855222        NO. OF FUNC. EVALS.:  13
 CUMULATIVE NO. OF FUNC. EVALS.:       13
 NPARAMETR:  1.0000E+00  1.0000E+00  1.0000E+00  1.0000E+00  1.0000E+00  1.0000E+00  1.0000E+00  1.0000E+00  1.0000E+00  1.0000E+00
             1.0000E+00
 PARAMETER:  1.0000E-01  1.0000E-01  1.0000E-01  1.0000E-01  1.0000E-01  1.0000E-01  1.0000E-01  1.0000E-01  1.0000E-01  1.0000E-01
             1.0000E-01
 GRADIENT:   5.3417E+02  1.4141E+02  1.3336E+02  7.7211E+01  9.8448E+01  4.1542E+01 -5.4148E+01 -1.8345E+02 -3.9964E+01  3.6157E+00
            -5.2986E+03

0ITERATION NO.:    5    OBJECTIVE VALUE:  -2696.29353845100        NO. OF FUNC. EVALS.:  71
 CUMULATIVE NO. OF FUNC. EVALS.:       84
 NPARAMETR:  9.4562E-01  1.1338E+00  9.7491E-01  9.6480E-01  1.0648E+00  8.0485E-01  1.0052E+00  9.6206E-01  8.3968E-01  7.7782E-01
             3.0569E+00
 PARAMETER:  4.4082E-02  2.2558E-01  7.4593E-02  6.4170E-02  1.6283E-01 -1.1710E-01  1.0520E-01  6.1321E-02 -7.4730E-02 -1.5126E-01
             1.2174E+00
 GRADIENT:  -1.5264E+01  2.3863E+01 -1.1281E+01  1.6840E+01  6.5423E-01 -4.5909E+01 -5.2523E+00  8.5504E+00 -3.6269E+00  1.9774E+00
             3.7413E+02

0ITERATION NO.:   10    OBJECTIVE VALUE:  -2703.42366357083        NO. OF FUNC. EVALS.:  72
 CUMULATIVE NO. OF FUNC. EVALS.:      156
 NPARAMETR:  9.2676E-01  8.8058E-01  7.0948E-01  1.1051E+00  7.9841E-01  8.6896E-01  1.3703E+00  7.0504E-01  8.5014E-01  3.8302E-01
             2.9820E+00
 PARAMETER:  2.3938E-02 -2.7178E-02 -2.4322E-01  1.9992E-01 -1.2513E-01 -4.0457E-02  4.1503E-01 -2.4950E-01 -6.2359E-02 -8.5968E-01
             1.1926E+00
 GRADIENT:  -5.8107E+01  1.7703E+01 -5.4552E+01  8.1367E+01  6.0729E+01 -1.9079E+01  1.1312E+01  1.0637E+01  3.5255E+00  2.1418E+00
             3.3755E+02

0ITERATION NO.:   15    OBJECTIVE VALUE:  -2738.26436332748        NO. OF FUNC. EVALS.: 117
 CUMULATIVE NO. OF FUNC. EVALS.:      273
 NPARAMETR:  9.5556E-01  9.7057E-01  8.7872E-01  1.0172E+00  9.4177E-01  9.0605E-01  1.2772E+00  3.2435E-01  8.7228E-01  6.7459E-01
             2.5740E+00
 PARAMETER:  5.4540E-02  7.0128E-02 -2.9293E-02  1.1710E-01  4.0006E-02  1.3360E-03  3.4470E-01 -1.0259E+00 -3.6644E-02 -2.9365E-01
             1.0455E+00
 GRADIENT:   3.3384E+00 -1.7364E+01 -1.3511E+01 -2.2074E+01  2.1394E+01 -4.2285E+00  9.5111E+00  9.1534E-01 -1.0929E+00  3.4004E+00
             3.9827E+01

0ITERATION NO.:   20    OBJECTIVE VALUE:  -2739.82067963940        NO. OF FUNC. EVALS.: 175
 CUMULATIVE NO. OF FUNC. EVALS.:      448
 NPARAMETR:  9.5394E-01  8.2233E-01  7.5388E-01  1.1034E+00  7.8227E-01  9.1713E-01  1.4053E+00  2.1606E-01  8.5908E-01  4.7489E-01
             2.5315E+00
 PARAMETER:  5.2841E-02 -9.5609E-02 -1.8253E-01  1.9838E-01 -1.4556E-01  1.3490E-02  4.4026E-01 -1.4322E+00 -5.1899E-02 -6.4467E-01
             1.0288E+00
 GRADIENT:   6.0078E-01  2.2781E+00 -1.0456E+00  8.5600E+00  2.3074E+00 -1.8431E-02  3.7079E-01  3.0120E-01  7.8785E-01  3.5747E-01
             8.7212E-02

0ITERATION NO.:   25    OBJECTIVE VALUE:  -2739.97203301189        NO. OF FUNC. EVALS.: 155
 CUMULATIVE NO. OF FUNC. EVALS.:      603
 NPARAMETR:  9.5342E-01  7.8686E-01  7.1761E-01  1.1128E+00  7.4637E-01  9.1684E-01  1.4541E+00  9.8970E-02  8.5257E-01  4.1129E-01
             2.5317E+00
 PARAMETER:  5.2299E-02 -1.3970E-01 -2.3183E-01  2.0686E-01 -1.9253E-01  1.3183E-02  4.7435E-01 -2.2129E+00 -5.9497E-02 -7.8847E-01
             1.0289E+00
 GRADIENT:   6.0748E+01  1.3060E+01  6.6642E+00  3.5193E+01  1.3516E+01  4.4535E+00  6.5167E+00  6.9372E-02  1.0062E+00  6.6825E-01
             1.6267E+01

0ITERATION NO.:   30    OBJECTIVE VALUE:  -2739.99173303177        NO. OF FUNC. EVALS.: 156
 CUMULATIVE NO. OF FUNC. EVALS.:      759
 NPARAMETR:  9.5328E-01  7.8570E-01  7.1537E-01  1.1114E+00  7.4635E-01  9.1653E-01  1.4504E+00  5.0736E-02  8.5197E-01  4.1965E-01
             2.5338E+00
 PARAMETER:  5.2151E-02 -1.4118E-01 -2.3495E-01  2.0561E-01 -1.9257E-01  1.2839E-02  4.7186E-01 -2.8811E+00 -6.0204E-02 -7.6833E-01
             1.0297E+00
 GRADIENT:  -7.7711E-01 -1.3233E+00 -1.1341E+00 -1.6566E+00  1.0968E+00 -1.7769E-01 -3.4103E-01  1.1690E-02 -8.3151E-02  4.1271E-02
             1.8548E-01

0ITERATION NO.:   35    OBJECTIVE VALUE:  -2739.99964684816        NO. OF FUNC. EVALS.: 175
 CUMULATIVE NO. OF FUNC. EVALS.:      934
 NPARAMETR:  9.5348E-01  7.8638E-01  7.1689E-01  1.1123E+00  7.4686E-01  9.1700E-01  1.4533E+00  1.0000E-02  8.5206E-01  4.2038E-01
             2.5338E+00
 PARAMETER:  5.2360E-02 -1.4032E-01 -2.3283E-01  2.0639E-01 -1.9187E-01  1.3353E-02  4.7384E-01 -4.6919E+00 -6.0097E-02 -7.6659E-01
             1.0297E+00
 GRADIENT:  -2.6272E-01 -2.4371E-01  9.4772E-02  2.8257E-03 -3.2497E-01  3.5165E-03  6.2090E-02  0.0000E+00 -3.7891E-03 -1.7098E-02
            -6.4081E-02

0ITERATION NO.:   40    OBJECTIVE VALUE:  -2740.00236246074        NO. OF FUNC. EVALS.: 164
 CUMULATIVE NO. OF FUNC. EVALS.:     1098
 NPARAMETR:  9.5360E-01  7.9414E-01  7.2385E-01  1.1093E+00  7.5425E-01  9.1701E-01  1.4428E+00  1.0000E-02  8.5319E-01  4.3191E-01
             2.5337E+00
 PARAMETER:  5.2484E-02 -1.3049E-01 -2.2317E-01  2.0375E-01 -1.8203E-01  1.3358E-02  4.6656E-01 -1.0657E+01 -5.8771E-02 -7.3954E-01
             1.0297E+00
 GRADIENT:   1.4126E-03  1.0333E-02 -3.0531E-02 -4.9030E-02  2.5286E-02 -1.9618E-04  9.8642E-03  0.0000E+00  6.3184E-03 -4.1863E-03
             6.8423E-03
 Elapsed estimation  time in seconds:    15.84
 Elapsed postprocess time in seconds:     0.00
 Elapsed finaloutput time in seconds:     0.00
Done with nonmem execution
Starting NMTRAN
  
 WARNINGS AND ERRORS (IF ANY) FOR PROBLEM    1
             
 (WARNING  2) NM-TRAN INFERS THAT THE DATA ARE POPULATION.
Building NONMEM Executable
Starting nonmem execution ...
License Registered to: University of Minnesota
Expiration Date:    14 APR 2022
Current Date:       30 SEP 2021
Days until program expires : 199


 First Order Conditional Estimation with Interaction
 MONITORING OF SEARCH:


0ITERATION NO.:    0    OBJECTIVE VALUE:  -836.783777256827        NO. OF FUNC. EVALS.:  13
 CUMULATIVE NO. OF FUNC. EVALS.:       13
 NPARAMETR:  1.0000E+00  1.0000E+00  1.0000E+00  1.0000E+00  1.0000E+00  1.0000E+00  1.0000E+00  1.0000E+00  1.0000E+00  1.0000E+00
             1.0000E+00
 PARAMETER:  1.0000E-01  1.0000E-01  1.0000E-01  1.0000E-01  1.0000E-01  1.0000E-01  1.0000E-01  1.0000E-01  1.0000E-01  1.0000E-01
             1.0000E-01
 GRADIENT:   4.4372E+02  1.4078E+02  4.1147E+00  1.2736E+02  3.0047E+02  6.1499E+01 -1.4614E+02 -2.2036E+02 -1.0269E+02 -7.6864E+01
            -5.4485E+03

0ITERATION NO.:    5    OBJECTIVE VALUE:  -2590.62363235800        NO. OF FUNC. EVALS.:  71
 CUMULATIVE NO. OF FUNC. EVALS.:       84
 NPARAMETR:  1.0810E+00  1.0191E+00  1.4659E+00  1.1057E+00  8.9920E-01  8.3879E-01  1.3469E+00  1.0297E+00  1.0026E+00  1.1516E+00
             3.9492E+00
 PARAMETER:  1.7786E-01  1.1891E-01  4.8246E-01  2.0046E-01 -6.2546E-03 -7.5793E-02  3.9781E-01  1.2928E-01  1.0257E-01  2.4112E-01
             1.4735E+00
 GRADIENT:   1.6079E+02  5.5688E+01  3.2509E+01  2.5224E+01 -1.0780E+02 -4.2227E+01  2.2104E+01  4.7325E+00  2.8965E+01  1.4667E+01
             6.5392E+02

0ITERATION NO.:   10    OBJECTIVE VALUE:  -2653.00389425182        NO. OF FUNC. EVALS.:  73
 CUMULATIVE NO. OF FUNC. EVALS.:      157
 NPARAMETR:  1.0505E+00  1.2197E+00  1.2609E+01  1.0127E+00  2.0832E+00  1.2175E+00  7.5156E-01  4.6380E+00  1.0964E+00  2.3136E+00
             3.4793E+00
 PARAMETER:  1.4923E-01  2.9863E-01  2.6344E+00  1.1266E-01  8.3390E-01  2.9681E-01 -1.8561E-01  1.6343E+00  1.9199E-01  9.3881E-01
             1.3468E+00
 GRADIENT:   8.1444E+01  6.4145E-01 -8.8538E+00  1.8785E+01  5.8971E+01  8.5736E+01  6.3596E+00  2.3877E+01  2.3503E+01  5.1711E+01
             5.3631E+02

0ITERATION NO.:   15    OBJECTIVE VALUE:  -2770.60745897448        NO. OF FUNC. EVALS.:  72
 CUMULATIVE NO. OF FUNC. EVALS.:      229
 NPARAMETR:  9.9397E-01  1.0054E+00  2.7049E+00  1.0984E+00  1.1806E+00  9.5725E-01  1.2112E+00  2.6634E+00  7.4693E-01  1.2545E+00
             2.5493E+00
 PARAMETER:  9.3954E-02  1.0540E-01  1.0951E+00  1.9382E-01  2.6602E-01  5.6309E-02  2.9162E-01  1.0796E+00 -1.9179E-01  3.2677E-01
             1.0358E+00
 GRADIENT:   1.3336E+01  3.1912E+01  1.9145E+00  4.7776E+01 -1.6654E+01  6.3925E+00  1.9768E+00  5.3254E-01 -8.1648E+00  7.8704E+00
             3.4814E+01

0ITERATION NO.:   20    OBJECTIVE VALUE:  -2774.84243908783        NO. OF FUNC. EVALS.: 158
 CUMULATIVE NO. OF FUNC. EVALS.:      387
 NPARAMETR:  1.0206E+00  9.2738E-01  4.9383E+00  1.1677E+00  1.3827E+00  9.6318E-01  1.2312E+00  3.2997E+00  7.7412E-01  1.3539E+00
             2.5321E+00
 PARAMETER:  1.2044E-01  2.4613E-02  1.6970E+00  2.5502E-01  4.2402E-01  6.2490E-02  3.0802E-01  1.2938E+00 -1.5603E-01  4.0298E-01
             1.0290E+00
 GRADIENT:   5.3082E+00  1.1480E+01  3.6252E+00  1.2663E+01  1.2462E+01  1.5756E+00  9.0568E-01 -2.3732E+00  1.5556E+00  3.4450E+00
             2.1946E+00

0ITERATION NO.:   25    OBJECTIVE VALUE:  -2776.41194459054        NO. OF FUNC. EVALS.: 176
 CUMULATIVE NO. OF FUNC. EVALS.:      563
 NPARAMETR:  1.0170E+00  7.2101E-01  5.0669E+00  1.2935E+00  1.2602E+00  9.5948E-01  1.3469E+00  3.4650E+00  7.4239E-01  1.1749E+00
             2.5104E+00
 PARAMETER:  1.1682E-01 -2.2711E-01  1.7227E+00  3.5736E-01  3.3124E-01  5.8640E-02  3.9778E-01  1.3427E+00 -1.9788E-01  2.6117E-01
             1.0205E+00
 GRADIENT:  -1.2708E+00  1.5210E+00  2.5252E+00  1.9155E+00 -3.8020E+00  1.8492E-01 -1.4625E+00 -1.2886E+00 -7.6061E-01 -5.2427E-01
            -4.9178E+00

0ITERATION NO.:   29    OBJECTIVE VALUE:  -2776.49017106447        NO. OF FUNC. EVALS.: 127
 CUMULATIVE NO. OF FUNC. EVALS.:      690
 NPARAMETR:  1.0176E+00  7.1909E-01  4.9128E+00  1.2923E+00  1.2617E+00  9.5948E-01  1.4171E+00  3.4357E+00  7.2970E-01  1.1803E+00
             2.5159E+00
 PARAMETER:  1.1748E-01 -2.2977E-01  1.6918E+00  3.5644E-01  3.3243E-01  5.8637E-02  4.4863E-01  1.3342E+00 -2.1512E-01  2.6580E-01
             1.0226E+00
 GRADIENT:   1.9663E-01 -3.1390E-01 -2.7623E-01 -1.1766E-03  6.5862E-01  2.3785E-01 -1.3536E-01  1.4347E-02 -1.0234E-02  4.9667E-02
            -9.0745E-02
 Elapsed estimation  time in seconds:    10.21
 Elapsed postprocess time in seconds:     0.00
 Elapsed finaloutput time in seconds:     0.00
Done with nonmem execution
Starting NMTRAN
  
 WARNINGS AND ERRORS (IF ANY) FOR PROBLEM    1
             
 (WARNING  2) NM-TRAN INFERS THAT THE DATA ARE POPULATION.
Building NONMEM Executable
Starting nonmem execution ...
License Registered to: University of Minnesota
Expiration Date:    14 APR 2022
Current Date:       30 SEP 2021
Days until program expires : 199


 First Order Conditional Estimation with Interaction
 MONITORING OF SEARCH:


0ITERATION NO.:    0    OBJECTIVE VALUE:  -121.799719218947        NO. OF FUNC. EVALS.:  13
 CUMULATIVE NO. OF FUNC. EVALS.:       13
 NPARAMETR:  1.0000E+00  1.0000E+00  1.0000E+00  1.0000E+00  1.0000E+00  1.0000E+00  1.0000E+00  1.0000E+00  1.0000E+00  1.0000E+00
             1.0000E+00
 PARAMETER:  1.0000E-01  1.0000E-01  1.0000E-01  1.0000E-01  1.0000E-01  1.0000E-01  1.0000E-01  1.0000E-01  1.0000E-01  1.0000E-01
             1.0000E-01
 GRADIENT:   5.0576E+02  1.3961E+02  1.9698E+02  1.8956E+02  2.3039E+02  1.2938E+01 -1.7011E+02 -6.3520E+02 -1.7752E+02 -4.6976E+01
            -6.2272E+03

0ITERATION NO.:    5    OBJECTIVE VALUE:  -2679.88694750790        NO. OF FUNC. EVALS.:  71
 CUMULATIVE NO. OF FUNC. EVALS.:       84
 NPARAMETR:  1.0277E+00  1.1446E+00  9.3602E-01  8.8083E-01  1.0185E+00  1.1522E+00  1.0590E+00  1.0209E+00  8.3007E-01  1.0135E+00
             2.6782E+00
 PARAMETER:  1.2731E-01  2.3509E-01  3.3878E-02 -2.6890E-02  1.1831E-01  2.4166E-01  1.5729E-01  1.2064E-01 -8.6247E-02  1.1340E-01
             1.0851E+00
 GRADIENT:   1.3517E+02  9.4968E+00 -4.7793E+00 -2.4773E+01 -4.7197E+00  4.0903E+01  7.0568E+00  3.6510E+00 -6.7386E+00 -8.9284E+00
             2.0081E+01

0ITERATION NO.:   10    OBJECTIVE VALUE:  -2683.25075455332        NO. OF FUNC. EVALS.: 158
 CUMULATIVE NO. OF FUNC. EVALS.:      242
 NPARAMETR:  1.0372E+00  1.4008E+00  1.0931E+00  7.8270E-01  1.2715E+00  1.1296E+00  7.7681E-01  9.0052E-01  9.4295E-01  1.2870E+00
             2.7029E+00
 PARAMETER:  1.3656E-01  4.3704E-01  1.8904E-01 -1.4500E-01  3.4021E-01  2.2189E-01 -1.5256E-01 -4.7831E-03  4.1260E-02  3.5230E-01
             1.0943E+00
 GRADIENT:   5.9582E+01  2.7187E+01 -1.0795E-01  4.9008E+01  2.1188E+01  8.1319E+00 -6.7015E+00 -4.4404E-01 -7.3563E+00 -3.1244E+00
             1.5524E+01

0ITERATION NO.:   15    OBJECTIVE VALUE:  -2686.94702776480        NO. OF FUNC. EVALS.: 175
 CUMULATIVE NO. OF FUNC. EVALS.:      417
 NPARAMETR:  9.9725E-01  1.4852E+00  9.4732E-01  7.0322E-01  1.2717E+00  1.0876E+00  7.2777E-01  5.7264E-01  1.1072E+00  1.3450E+00
             2.6710E+00
 PARAMETER:  9.7245E-02  4.9555E-01  4.5886E-02 -2.5208E-01  3.4038E-01  1.8399E-01 -2.1777E-01 -4.5750E-01  2.0181E-01  3.9642E-01
             1.0825E+00
 GRADIENT:  -6.0649E+00  5.8968E+00  2.0743E-01  1.1584E+01 -2.3350E+00 -3.8723E+00  6.8960E-02 -1.5594E-02  6.8408E-01  6.9491E-01
            -1.2364E+00

0ITERATION NO.:   20    OBJECTIVE VALUE:  -2688.25289841854        NO. OF FUNC. EVALS.: 175
 CUMULATIVE NO. OF FUNC. EVALS.:      592
 NPARAMETR:  1.0030E+00  1.8270E+00  7.5974E-01  4.7696E-01  1.5016E+00  1.1016E+00  5.7257E-01  1.8576E-01  1.5560E+00  1.5126E+00
             2.6683E+00
 PARAMETER:  1.0302E-01  7.0268E-01 -1.7478E-01 -6.4033E-01  5.0653E-01  1.9675E-01 -4.5762E-01 -1.5833E+00  5.4210E-01  5.1380E-01
             1.0814E+00
 GRADIENT:   4.5384E+00  1.0416E+01 -1.6548E-01  5.8844E+00  9.9675E-01  6.6784E-01 -1.4083E+00  8.8488E-03 -1.7706E-01 -6.7860E-01
             1.1397E+00

0ITERATION NO.:   25    OBJECTIVE VALUE:  -2688.30834287948        NO. OF FUNC. EVALS.: 179
 CUMULATIVE NO. OF FUNC. EVALS.:      771             RESET HESSIAN, TYPE I
 NPARAMETR:  1.0005E+00  1.8851E+00  7.1138E-01  4.2995E-01  1.5413E+00  1.1017E+00  5.7294E-01  5.0605E-02  1.6584E+00  1.5388E+00
             2.6652E+00
 PARAMETER:  1.0054E-01  7.3397E-01 -2.4055E-01 -7.4408E-01  5.3266E-01  1.9685E-01 -4.5697E-01 -2.8837E+00  6.0587E-01  5.3100E-01
             1.0803E+00
 GRADIENT:   7.3503E+01  2.3663E+02  3.5779E-01  2.0263E+01  2.5781E+01  2.3341E+01  5.3532E+00  1.8480E-03  4.3051E+00  5.1542E+00
             1.9720E+01

0ITERATION NO.:   30    OBJECTIVE VALUE:  -2688.31630403459        NO. OF FUNC. EVALS.: 181
 CUMULATIVE NO. OF FUNC. EVALS.:      952
 NPARAMETR:  1.0005E+00  1.8860E+00  7.1149E-01  4.3147E-01  1.5401E+00  1.1001E+00  5.7143E-01  1.9713E-02  1.6604E+00  1.5388E+00
             2.6649E+00
 PARAMETER:  1.0047E-01  7.3445E-01 -2.4040E-01 -7.4057E-01  5.3185E-01  1.9539E-01 -4.5961E-01 -3.8265E+00  6.0705E-01  5.3098E-01
             1.0802E+00
 GRADIENT:   3.4554E-01 -2.4208E+00  3.9859E-03 -3.8233E-01  3.2496E-02  1.8393E-01  1.1789E-01  1.6109E-04 -1.8178E-02  3.9935E-02
             3.7528E-02

0ITERATION NO.:   34    OBJECTIVE VALUE:  -2688.31679532355        NO. OF FUNC. EVALS.: 131
 CUMULATIVE NO. OF FUNC. EVALS.:     1083
 NPARAMETR:  1.0005E+00  1.8854E+00  7.1121E-01  4.3190E-01  1.5396E+00  1.1002E+00  5.7068E-01  1.0000E-02  1.6620E+00  1.5389E+00
             2.6648E+00
 PARAMETER:  1.0050E-01  7.3414E-01 -2.4079E-01 -7.3956E-01  5.3150E-01  1.9547E-01 -4.6093E-01 -5.3198E+00  6.0801E-01  5.3108E-01
             1.0801E+00
 GRADIENT:   3.8535E-01 -2.3720E+00 -7.8222E-02 -1.7615E-01  9.2004E-02  2.1068E-01  8.7969E-02  0.0000E+00  1.1603E-01  7.3345E-02
            -9.3069E-03
 Elapsed estimation  time in seconds:    16.96
 Elapsed postprocess time in seconds:     0.00
 Elapsed finaloutput time in seconds:     0.00
Done with nonmem execution
Starting NMTRAN
  
 WARNINGS AND ERRORS (IF ANY) FOR PROBLEM    1
             
 (WARNING  2) NM-TRAN INFERS THAT THE DATA ARE POPULATION.
Building NONMEM Executable
Starting nonmem execution ...
License Registered to: University of Minnesota
Expiration Date:    14 APR 2022
Current Date:       30 SEP 2021
Days until program expires : 199


 First Order Conditional Estimation with Interaction
 MONITORING OF SEARCH:


0ITERATION NO.:    0    OBJECTIVE VALUE:  -185.409413850150        NO. OF FUNC. EVALS.:  13
 CUMULATIVE NO. OF FUNC. EVALS.:       13
 NPARAMETR:  1.0000E+00  1.0000E+00  1.0000E+00  1.0000E+00  1.0000E+00  1.0000E+00  1.0000E+00  1.0000E+00  1.0000E+00  1.0000E+00
             1.0000E+00
 PARAMETER:  1.0000E-01  1.0000E-01  1.0000E-01  1.0000E-01  1.0000E-01  1.0000E-01  1.0000E-01  1.0000E-01  1.0000E-01  1.0000E-01
             1.0000E-01
 GRADIENT:   5.0082E+02  1.0587E+02  4.8034E+01  2.0065E+02  1.6744E+02  3.5273E+01 -8.3599E+01 -1.7200E+02 -1.3086E+02  2.5344E+00
            -6.7889E+03

0ITERATION NO.:    5    OBJECTIVE VALUE:  -2639.38448916341        NO. OF FUNC. EVALS.:  71
 CUMULATIVE NO. OF FUNC. EVALS.:       84
 NPARAMETR:  1.0400E+00  1.2336E+00  9.9176E-01  8.7958E-01  1.0750E+00  1.0051E+00  1.0329E+00  9.6412E-01  9.3023E-01  7.9278E-01
             2.9425E+00
 PARAMETER:  1.3924E-01  3.0994E-01  9.1726E-02 -2.8312E-02  1.7235E-01  1.0511E-01  1.3238E-01  6.3462E-02  2.7674E-02 -1.3221E-01
             1.1792E+00
 GRADIENT:   1.5920E+02  5.3724E+01  9.4161E-01 -9.2237E-01 -9.8293E+00  4.0619E+00  3.7241E+00  1.7218E+00 -1.0595E+01 -1.4571E+01
             1.2060E+02

0ITERATION NO.:   10    OBJECTIVE VALUE:  -2641.68769686904        NO. OF FUNC. EVALS.: 181
 CUMULATIVE NO. OF FUNC. EVALS.:      265
 NPARAMETR:  1.0421E+00  1.4724E+00  1.1507E+00  7.8136E-01  1.2860E+00  1.0660E+00  9.1435E-01  9.0784E-01  1.1707E+00  1.0706E+00
             2.9326E+00
 PARAMETER:  1.4127E-01  4.8686E-01  2.4035E-01 -1.4672E-01  3.5155E-01  1.6393E-01  1.0454E-02  3.3147E-03  2.5761E-01  1.6820E-01
             1.1759E+00
 GRADIENT:   7.8822E+01  5.3359E+01  5.2915E+00  4.3967E+01 -1.0502E+01  1.8263E+01  9.7100E+00 -6.9488E-01  7.4350E+00 -3.4901E+00
             1.0782E+02

0ITERATION NO.:   15    OBJECTIVE VALUE:  -2649.84346767168        NO. OF FUNC. EVALS.: 177
 CUMULATIVE NO. OF FUNC. EVALS.:      442
 NPARAMETR:  9.9342E-01  1.5398E+00  1.2337E+00  7.1203E-01  1.3850E+00  9.9574E-01  7.7194E-01  1.6724E+00  1.2322E+00  1.1922E+00
             2.7587E+00
 PARAMETER:  9.3402E-02  5.3164E-01  3.1001E-01 -2.3964E-01  4.2569E-01  9.5734E-02 -1.5885E-01  6.1427E-01  3.0878E-01  2.7583E-01
             1.1148E+00
 GRADIENT:  -8.4453E+00  1.5601E+01 -2.2512E+00  2.7935E+01  3.0141E+00 -3.6766E+00 -1.7149E+00  3.0995E-01  3.0574E+00  3.0167E+00
            -6.0093E+00

0ITERATION NO.:   20    OBJECTIVE VALUE:  -2651.93424048452        NO. OF FUNC. EVALS.: 175
 CUMULATIVE NO. OF FUNC. EVALS.:      617
 NPARAMETR:  9.9702E-01  1.8640E+00  1.0571E+00  4.8045E-01  1.5985E+00  1.0104E+00  7.2620E-01  2.1350E+00  1.4810E+00  1.3177E+00
             2.7678E+00
 PARAMETER:  9.7011E-02  7.2273E-01  1.5552E-01 -6.3304E-01  5.6910E-01  1.1034E-01 -2.1993E-01  8.5847E-01  4.9272E-01  3.7587E-01
             1.1181E+00
 GRADIENT:  -2.0081E-01 -5.2493E+00  5.2829E-01 -1.0532E+00 -1.5355E+00  2.0412E+00 -1.2142E-02  3.5732E-01  9.2367E-01 -1.6803E+00
             7.5720E+00

0ITERATION NO.:   25    OBJECTIVE VALUE:  -2652.14134646505        NO. OF FUNC. EVALS.: 177
 CUMULATIVE NO. OF FUNC. EVALS.:      794
 NPARAMETR:  9.9802E-01  2.1084E+00  6.7610E-01  3.2568E-01  1.7145E+00  1.0018E+00  6.9619E-01  1.7047E+00  1.8217E+00  1.4309E+00
             2.7574E+00
 PARAMETER:  9.8014E-02  8.4592E-01 -2.9141E-01 -1.0218E+00  6.3915E-01  1.0177E-01 -2.6213E-01  6.3341E-01  6.9979E-01  4.5834E-01
             1.1143E+00
 GRADIENT:   1.5995E+00  1.5655E+01  2.4697E-01  3.1205E+00 -3.3756E+00 -1.4767E+00 -6.1177E-01  3.5556E-01 -8.9002E-01  8.8257E-01
            -3.6946E+00

0ITERATION NO.:   30    OBJECTIVE VALUE:  -2652.29110150488        NO. OF FUNC. EVALS.: 175
 CUMULATIVE NO. OF FUNC. EVALS.:      969
 NPARAMETR:  9.9726E-01  2.2071E+00  4.6854E-01  2.5438E-01  1.7718E+00  1.0065E+00  6.8450E-01  1.0776E+00  2.1257E+00  1.4619E+00
             2.7624E+00
 PARAMETER:  9.7252E-02  8.9167E-01 -6.5814E-01 -1.2689E+00  6.7197E-01  1.0651E-01 -2.7906E-01  1.7469E-01  8.5410E-01  4.7972E-01
             1.1161E+00
 GRADIENT:  -1.4943E-01  1.2559E+00 -2.3020E+00  3.6806E+00  3.3845E+00  1.7608E-01 -6.4593E-02  4.7946E-01  3.4961E-01 -2.6416E-02
             1.7039E+00

0ITERATION NO.:   35    OBJECTIVE VALUE:  -2652.45282996750        NO. OF FUNC. EVALS.: 179
 CUMULATIVE NO. OF FUNC. EVALS.:     1148
 NPARAMETR:  9.9690E-01  2.3067E+00  3.6023E-01  1.8238E-01  1.8415E+00  1.0063E+00  6.7507E-01  4.3934E-01  2.4995E+00  1.5085E+00
             2.7586E+00
 PARAMETER:  9.6892E-02  9.3582E-01 -9.2102E-01 -1.6016E+00  7.1058E-01  1.0629E-01 -2.9294E-01 -7.2249E-01  1.0161E+00  5.1111E-01
             1.1147E+00
 GRADIENT:  -5.9290E-01 -7.7528E+00 -7.0063E-01 -5.1504E-01  1.5941E+00  1.4035E-01 -2.1113E-01  1.1061E-01 -1.2427E-02 -1.3736E-01
            -5.2012E-01

0ITERATION NO.:   40    OBJECTIVE VALUE:  -2652.52476909611        NO. OF FUNC. EVALS.: 180
 CUMULATIVE NO. OF FUNC. EVALS.:     1328
 NPARAMETR:  9.9753E-01  2.3195E+00  4.0482E-01  1.7755E-01  1.8577E+00  1.0051E+00  6.7381E-01  3.7456E-01  2.5158E+00  1.5232E+00
             2.7616E+00
 PARAMETER:  9.7531E-02  9.4135E-01 -8.0432E-01 -1.6285E+00  7.1932E-01  1.0512E-01 -2.9481E-01 -8.8201E-01  1.0226E+00  5.2080E-01
             1.1158E+00
 GRADIENT:   7.2326E-01  1.1700E+00 -3.6190E-02 -1.8945E-01 -7.3468E-01 -3.0609E-01 -5.1859E-01  8.5084E-02 -2.5435E-01  2.3379E-01
            -1.6054E-01

0ITERATION NO.:   45    OBJECTIVE VALUE:  -2652.58063964709        NO. OF FUNC. EVALS.: 181
 CUMULATIVE NO. OF FUNC. EVALS.:     1509            RESET HESSIAN, TYPE II
 NPARAMETR:  9.9728E-01  2.3137E+00  4.0755E-01  1.7992E-01  1.8573E+00  1.0060E+00  6.7513E-01  3.4857E-02  2.5251E+00  1.5210E+00
             2.7612E+00
 PARAMETER:  9.7273E-02  9.3886E-01 -7.9759E-01 -1.6152E+00  7.1910E-01  1.0601E-01 -2.9285E-01 -3.2565E+00  1.0263E+00  5.1934E-01
             1.1157E+00
 GRADIENT:   6.1483E+01  3.5390E+02  6.0543E-02  1.0057E+01  2.7146E+01  7.0574E+00  4.9422E+00  8.9426E-04  4.9974E+00  4.5497E+00
             1.9641E+01

0ITERATION NO.:   50    OBJECTIVE VALUE:  -2652.58178289852        NO. OF FUNC. EVALS.: 178
 CUMULATIVE NO. OF FUNC. EVALS.:     1687
 NPARAMETR:  9.9701E-01  2.3148E+00  4.0739E-01  1.8085E-01  1.8557E+00  1.0062E+00  6.7541E-01  1.5854E-02  2.5083E+00  1.5190E+00
             2.7617E+00
 PARAMETER:  9.7005E-02  9.3934E-01 -7.9799E-01 -1.6101E+00  7.1824E-01  1.0617E-01 -2.9243E-01 -4.0443E+00  1.0196E+00  5.1807E-01
             1.1158E+00
 GRADIENT:  -4.0093E-01  1.4703E+00 -6.4356E-02  1.1725E-01  2.2197E-01  5.6695E-02  1.5096E-02  1.5225E-04  3.2290E-02 -7.1238E-05
             1.4083E-01

0ITERATION NO.:   54    OBJECTIVE VALUE:  -2652.58962303810        NO. OF FUNC. EVALS.: 133
 CUMULATIVE NO. OF FUNC. EVALS.:     1820
 NPARAMETR:  9.9720E-01  2.3107E+00  4.0897E-01  1.8193E-01  1.8541E+00  1.0063E+00  6.7541E-01  1.0000E-02  2.5077E+00  1.5187E+00
             2.7614E+00
 PARAMETER:  9.7193E-02  9.3757E-01 -7.9412E-01 -1.6041E+00  7.1740E-01  1.0627E-01 -2.9244E-01 -7.9056E+00  1.0193E+00  5.1788E-01
             1.1157E+00
 GRADIENT:   7.4443E-02 -2.7141E+00 -1.7371E-01 -1.0257E-01  3.2259E-01  1.1317E-01  1.1887E-03  0.0000E+00  4.0895E-01  1.6020E-01
             5.1966E-02
 Elapsed estimation  time in seconds:    29.98
 Elapsed postprocess time in seconds:     0.00
 Elapsed finaloutput time in seconds:     0.00
Done with nonmem execution
Starting NMTRAN
  
 WARNINGS AND ERRORS (IF ANY) FOR PROBLEM    1
             
 (WARNING  2) NM-TRAN INFERS THAT THE DATA ARE POPULATION.
Building NONMEM Executable
Starting nonmem execution ...
License Registered to: University of Minnesota
Expiration Date:    14 APR 2022
Current Date:       30 SEP 2021
Days until program expires : 199


 First Order Conditional Estimation with Interaction
 MONITORING OF SEARCH:


0ITERATION NO.:    0    OBJECTIVE VALUE:  -367.859422084206        NO. OF FUNC. EVALS.:  13
 CUMULATIVE NO. OF FUNC. EVALS.:       13
 NPARAMETR:  1.0000E+00  1.0000E+00  1.0000E+00  1.0000E+00  1.0000E+00  1.0000E+00  1.0000E+00  1.0000E+00  1.0000E+00  1.0000E+00
             1.0000E+00
 PARAMETER:  1.0000E-01  1.0000E-01  1.0000E-01  1.0000E-01  1.0000E-01  1.0000E-01  1.0000E-01  1.0000E-01  1.0000E-01  1.0000E-01
             1.0000E-01
 GRADIENT:   5.3466E+02 -3.2033E+00  1.0884E+02  1.8601E+02  2.1839E+02  1.9363E+01 -9.7212E+01 -2.9229E+02 -1.4003E+02 -3.1683E+01
            -6.1361E+03

0ITERATION NO.:    5    OBJECTIVE VALUE:  -2540.80114177062        NO. OF FUNC. EVALS.:  70
 CUMULATIVE NO. OF FUNC. EVALS.:       83
 NPARAMETR:  9.7036E-01  1.2953E+00  9.7042E-01  8.7892E-01  1.0048E+00  9.0035E-01  1.0912E+00  1.0863E+00  1.0885E+00  1.0562E+00
             3.4548E+00
 PARAMETER:  6.9908E-02  3.5873E-01  6.9978E-02 -2.9061E-02  1.0482E-01 -4.9729E-03  1.8727E-01  1.8280E-01  1.8482E-01  1.5469E-01
             1.3398E+00
 GRADIENT:   5.8545E+01  5.3818E+01  8.8414E+00 -9.2589E+00 -6.3190E+01 -1.3464E+01  2.2243E+01  2.9564E+00  7.5281E+00 -5.3676E+00
             4.4771E+02

0ITERATION NO.:   10    OBJECTIVE VALUE:  -2575.53127995579        NO. OF FUNC. EVALS.:  70
 CUMULATIVE NO. OF FUNC. EVALS.:      153
 NPARAMETR:  9.4143E-01  1.8236E+00  1.8870E+00  6.6705E-01  1.4620E+00  8.8280E-01  7.9236E-01  4.4237E+00  2.1219E+00  1.5763E+00
             3.1099E+00
 PARAMETER:  3.9646E-02  7.0082E-01  7.3498E-01 -3.0489E-01  4.7983E-01 -2.4653E-02 -1.3274E-01  1.5870E+00  8.5231E-01  5.5508E-01
             1.2346E+00
 GRADIENT:  -4.1385E-01  1.9097E+02 -5.3065E+00  8.3145E+01 -4.1887E+01 -2.6313E+01  2.9819E+01  2.5294E+01  5.6409E+01  1.2244E+01
             3.4185E+02

0ITERATION NO.:   15    OBJECTIVE VALUE:  -2626.29285022662        NO. OF FUNC. EVALS.:  72
 CUMULATIVE NO. OF FUNC. EVALS.:      225
 NPARAMETR:  9.2118E-01  1.4507E+00  2.2913E+00  7.7197E-01  1.4282E+00  9.1929E-01  8.0382E-01  3.3465E+00  1.0829E+00  1.3797E+00
             2.6454E+00
 PARAMETER:  1.7901E-02  4.7207E-01  9.2913E-01 -1.5881E-01  4.5641E-01  1.5851E-02 -1.1838E-01  1.3079E+00  1.7966E-01  4.2183E-01
             1.0728E+00
 GRADIENT:  -1.7268E+01  3.8857E+01 -7.5588E+00 -8.8589E+00  1.2539E+01 -1.2762E+01  1.2890E+00  4.2392E+00 -6.8346E+00 -2.0829E+00
             3.9544E+01

0ITERATION NO.:   20    OBJECTIVE VALUE:  -2631.61133837552        NO. OF FUNC. EVALS.: 141
 CUMULATIVE NO. OF FUNC. EVALS.:      366
 NPARAMETR:  9.4148E-01  1.5027E+00  2.8097E+00  7.5366E-01  1.5345E+00  9.5378E-01  7.6053E-01  3.7902E+00  1.2081E+00  1.4449E+00
             2.6239E+00
 PARAMETER:  3.9701E-02  5.0724E-01  1.1331E+00 -1.8281E-01  5.2821E-01  5.2675E-02 -1.7374E-01  1.4324E+00  2.8908E-01  4.6805E-01
             1.0647E+00
 GRADIENT:  -1.6313E+01 -2.1242E+01 -7.4620E+00 -4.5105E+00  8.6628E+00 -2.4672E+00  4.7480E+00  2.8895E+00  1.0045E+00 -6.0996E+00
             9.0409E+00

0ITERATION NO.:   25    OBJECTIVE VALUE:  -2632.07242645191        NO. OF FUNC. EVALS.: 189
 CUMULATIVE NO. OF FUNC. EVALS.:      555
 NPARAMETR:  9.4283E-01  1.5285E+00  2.8281E+00  7.3894E-01  1.5497E+00  9.5449E-01  7.3395E-01  3.8139E+00  1.2449E+00  1.4706E+00
             2.6246E+00
 PARAMETER:  4.1135E-02  5.2426E-01  1.1396E+00 -2.0254E-01  5.3805E-01  5.3422E-02 -2.0931E-01  1.4386E+00  3.1907E-01  4.8569E-01
             1.0649E+00
 GRADIENT:  -1.3068E+01 -1.6642E+01 -6.4608E+00 -1.2616E+00  8.5618E+00 -2.2083E+00  4.5848E+00  2.7715E+00  9.4862E-01 -4.8090E+00
             9.6849E+00

0ITERATION NO.:   30    OBJECTIVE VALUE:  -2632.24928923064        NO. OF FUNC. EVALS.: 189
 CUMULATIVE NO. OF FUNC. EVALS.:      744            RESET HESSIAN, TYPE II
 NPARAMETR:  9.4811E-01  1.5438E+00  2.8114E+00  7.3950E-01  1.5445E+00  9.6030E-01  6.6864E-01  3.7805E+00  1.2367E+00  1.4667E+00
             2.6382E+00
 PARAMETER:  4.6711E-02  5.3426E-01  1.1337E+00 -2.0179E-01  5.3473E-01  5.9493E-02 -3.0251E-01  1.4299E+00  3.1243E-01  4.8301E-01
             1.0701E+00
 GRADIENT:   5.5129E+01  1.0004E+02 -2.6773E+00  2.3036E+01  2.8952E+01  4.9506E+00  1.4294E+00  6.4974E+00 -4.2828E+00 -1.0403E+00
             3.5863E+01

0ITERATION NO.:   35    OBJECTIVE VALUE:  -2632.98605322675        NO. OF FUNC. EVALS.: 135
 CUMULATIVE NO. OF FUNC. EVALS.:      879
 NPARAMETR:  9.4675E-01  1.5259E+00  2.8101E+00  7.3273E-01  1.5439E+00  9.5730E-01  5.9272E-01  3.7759E+00  1.3702E+00  1.4662E+00
             2.6386E+00
 PARAMETER:  4.5275E-02  5.2258E-01  1.1332E+00 -2.1098E-01  5.3428E-01  5.6363E-02 -4.2303E-01  1.4286E+00  4.1495E-01  4.8269E-01
             1.0703E+00
 GRADIENT:  -3.4902E+00 -1.7679E+01 -1.0090E+01 -1.9820E+00  2.2201E+00 -7.0629E-01  4.5807E+00  1.3336E+00  2.7600E+00 -5.0416E+00
             1.5574E+01

0ITERATION NO.:   40    OBJECTIVE VALUE:  -2634.63146535270        NO. OF FUNC. EVALS.: 178
 CUMULATIVE NO. OF FUNC. EVALS.:     1057
 NPARAMETR:  9.4672E-01  1.5484E+00  2.8174E+00  6.8784E-01  1.5435E+00  9.5718E-01  1.8055E-01  3.7717E+00  1.6504E+00  1.4673E+00
             2.6237E+00
 PARAMETER:  4.5253E-02  5.3719E-01  1.1358E+00 -2.7419E-01  5.3406E-01  5.6231E-02 -1.6118E+00  1.4275E+00  6.0101E-01  4.8339E-01
             1.0646E+00
 GRADIENT:  -2.5252E+00 -6.8178E+00 -8.6417E+00 -5.9153E+00 -6.6454E+00 -7.7801E-01  3.0465E-01 -3.1485E+00  1.1328E+00 -1.4369E+01
            -4.9367E-01

0ITERATION NO.:   45    OBJECTIVE VALUE:  -2634.80994311577        NO. OF FUNC. EVALS.: 168
 CUMULATIVE NO. OF FUNC. EVALS.:     1225
 NPARAMETR:  9.4905E-01  1.5206E+00  2.8256E+00  7.1256E-01  1.5442E+00  9.5977E-01  9.5368E-02  3.7738E+00  1.6251E+00  1.4688E+00
             2.6157E+00
 PARAMETER:  4.7805E-02  5.1901E-01  1.1390E+00 -2.3895E-01  5.3461E-01  5.8956E-02 -2.2277E+00  1.4284E+00  5.8542E-01  4.8455E-01
             1.0613E+00
 GRADIENT:   2.6155E+00 -1.0818E+03  4.8065E+02 -2.3529E+03  1.0478E+03  1.2726E-01  4.9671E-02  3.9114E+02 -9.6087E+02  1.1461E+03
            -5.5144E+02
 NUMSIGDIG:         1.6         2.3         2.3         2.3         2.3         2.5         0.6         2.3         2.3         2.3
                    2.3
 Elapsed estimation  time in seconds:    20.84
 Elapsed postprocess time in seconds:     0.00
 Elapsed finaloutput time in seconds:     0.00
Done with nonmem execution
Starting NMTRAN
  
 WARNINGS AND ERRORS (IF ANY) FOR PROBLEM    1
             
 (WARNING  2) NM-TRAN INFERS THAT THE DATA ARE POPULATION.
Building NONMEM Executable
Starting nonmem execution ...
License Registered to: University of Minnesota
Expiration Date:    14 APR 2022
Current Date:       30 SEP 2021
Days until program expires : 199


 First Order Conditional Estimation with Interaction
 MONITORING OF SEARCH:


0ITERATION NO.:    0    OBJECTIVE VALUE:  -730.985994278382        NO. OF FUNC. EVALS.:  13
 CUMULATIVE NO. OF FUNC. EVALS.:       13
 NPARAMETR:  1.0000E+00  1.0000E+00  1.0000E+00  1.0000E+00  1.0000E+00  1.0000E+00  1.0000E+00  1.0000E+00  1.0000E+00  1.0000E+00
             1.0000E+00
 PARAMETER:  1.0000E-01  1.0000E-01  1.0000E-01  1.0000E-01  1.0000E-01  1.0000E-01  1.0000E-01  1.0000E-01  1.0000E-01  1.0000E-01
             1.0000E-01
 GRADIENT:   4.7201E+02  1.3574E+02  3.2435E+01  1.4470E+02  9.9749E+01  2.9843E+01 -1.0223E+02 -1.6299E+02 -8.0031E+01 -2.5966E+01
            -5.6851E+03

0ITERATION NO.:    5    OBJECTIVE VALUE:  -2699.34356547661        NO. OF FUNC. EVALS.:  71
 CUMULATIVE NO. OF FUNC. EVALS.:       84
 NPARAMETR:  1.0485E+00  1.1981E+00  1.4543E+00  9.4786E-01  1.2240E+00  1.2213E+00  1.0750E+00  8.6704E-01  8.0108E-01  1.1083E+00
             2.5363E+00
 PARAMETER:  1.4738E-01  2.8072E-01  4.7456E-01  4.6456E-02  3.0216E-01  2.9988E-01  1.7233E-01 -4.2673E-02 -1.2179E-01  2.0285E-01
             1.0307E+00
 GRADIENT:   1.7477E+02  7.7898E+01  8.0398E+00  4.7078E+01 -9.1039E+00  7.3005E+01  1.0102E+01 -1.9541E+00 -1.7926E+01 -2.3571E+01
            -4.2783E+01

0ITERATION NO.:   10    OBJECTIVE VALUE:  -2707.06884021855        NO. OF FUNC. EVALS.: 137
 CUMULATIVE NO. OF FUNC. EVALS.:      221
 NPARAMETR:  1.0455E+00  1.2549E+00  2.5341E+00  9.4790E-01  1.5302E+00  1.1098E+00  9.3761E-01  7.5237E-01  9.7813E-01  1.6612E+00
             2.5396E+00
 PARAMETER:  1.4450E-01  3.2707E-01  1.0298E+00  4.6499E-02  5.2542E-01  2.0419E-01  3.5578E-02 -1.8452E-01  7.7885E-02  6.0751E-01
             1.0320E+00
 GRADIENT:   8.1657E+01  3.8410E+01 -4.1350E+00  7.1633E+01 -9.9714E+00  1.6631E+01  9.0012E+00 -2.8050E+00  6.5589E+00  2.3297E+01
            -4.2943E+01

0ITERATION NO.:   15    OBJECTIVE VALUE:  -2721.06404067781        NO. OF FUNC. EVALS.: 178
 CUMULATIVE NO. OF FUNC. EVALS.:      399
 NPARAMETR:  9.8852E-01  1.2220E+00  3.7370E+00  9.2954E-01  1.6629E+00  1.0397E+00  7.8545E-01  2.8280E+00  9.1975E-01  1.4901E+00
             2.5495E+00
 PARAMETER:  8.8457E-02  3.0052E-01  1.4183E+00  2.6933E-02  6.0856E-01  1.3889E-01 -1.4149E-01  1.1396E+00  1.6341E-02  4.9886E-01
             1.0359E+00
 GRADIENT:  -2.0140E+01 -1.3329E+01 -7.5869E+00 -1.1202E+01  8.1175E+00 -3.2805E+00 -2.4709E-02  4.2890E+00 -4.4161E+00  1.6536E+00
             1.2631E+00

0ITERATION NO.:   20    OBJECTIVE VALUE:  -2722.29371416748        NO. OF FUNC. EVALS.: 175
 CUMULATIVE NO. OF FUNC. EVALS.:      574
 NPARAMETR:  1.0011E+00  1.1508E+00  4.5423E+00  9.7595E-01  1.6541E+00  1.0447E+00  5.0835E-01  2.9177E+00  1.0599E+00  1.4635E+00
             2.5508E+00
 PARAMETER:  1.0109E-01  2.4048E-01  1.6134E+00  7.5656E-02  6.0323E-01  1.4371E-01 -5.7658E-01  1.1708E+00  1.5818E-01  4.8085E-01
             1.0364E+00
 GRADIENT:   5.6163E+00 -3.2584E+00  1.8511E+00 -5.2460E+00 -4.5933E+00 -1.0394E+00  2.0676E+00  9.5464E-02  5.5314E+00 -3.1003E+00
             2.8813E+00

0ITERATION NO.:   25    OBJECTIVE VALUE:  -2723.13767187238        NO. OF FUNC. EVALS.: 175
 CUMULATIVE NO. OF FUNC. EVALS.:      749
 NPARAMETR:  9.9778E-01  1.0217E+00  5.0278E+00  1.0617E+00  1.6444E+00  1.0497E+00  1.6239E-01  2.9475E+00  1.0288E+00  1.4704E+00
             2.5482E+00
 PARAMETER:  9.7776E-02  1.2149E-01  1.7150E+00  1.5984E-01  5.9737E-01  1.4850E-01 -1.7178E+00  1.1809E+00  1.2844E-01  4.8554E-01
             1.0354E+00
 GRADIENT:  -5.1796E-01 -2.6570E+00 -4.9805E-01 -3.9695E-01  7.6070E-01  1.0559E+00  2.4872E-01  1.8693E-02  7.8337E-01  3.6320E-02
             1.5283E+00

0ITERATION NO.:   30    OBJECTIVE VALUE:  -2723.31112968107        NO. OF FUNC. EVALS.: 175
 CUMULATIVE NO. OF FUNC. EVALS.:      924
 NPARAMETR:  9.9816E-01  1.0872E+00  4.9124E+00  1.0149E+00  1.6663E+00  1.0469E+00  3.1237E-02  2.9930E+00  1.0817E+00  1.4960E+00
             2.5474E+00
 PARAMETER:  9.8157E-02  1.8365E-01  1.6918E+00  1.1478E-01  6.1060E-01  1.4584E-01 -3.3662E+00  1.1963E+00  1.7853E-01  5.0280E-01
             1.0351E+00
 GRADIENT:   6.4777E-02  2.3440E-01 -3.2718E-02  6.5610E-01 -5.4972E-02  7.0054E-02  1.1656E-02  4.0038E-02  3.5207E-01  1.5119E-01
             2.2976E-01

0ITERATION NO.:   35    OBJECTIVE VALUE:  -2723.31615016816        NO. OF FUNC. EVALS.: 175
 CUMULATIVE NO. OF FUNC. EVALS.:     1099
 NPARAMETR:  9.9809E-01  1.0852E+00  4.9178E+00  1.0160E+00  1.6656E+00  1.0468E+00  1.0000E-02  2.9925E+00  1.0792E+00  1.4943E+00
             2.5473E+00
 PARAMETER:  9.8086E-02  1.8173E-01  1.6929E+00  1.1587E-01  6.1021E-01  1.4572E-01 -4.9355E+00  1.1961E+00  1.7620E-01  5.0163E-01
             1.0350E+00
 GRADIENT:  -6.2341E-02  6.8669E-02 -1.4830E-02  7.9823E-02  9.0973E-03  3.2903E-02  0.0000E+00  1.8506E-02 -3.2447E-02 -1.9891E-02
             1.0929E-01

0ITERATION NO.:   36    OBJECTIVE VALUE:  -2723.31615016816        NO. OF FUNC. EVALS.:  22
 CUMULATIVE NO. OF FUNC. EVALS.:     1121
 NPARAMETR:  9.9809E-01  1.0852E+00  4.9178E+00  1.0160E+00  1.6656E+00  1.0468E+00  1.0000E-02  2.9925E+00  1.0792E+00  1.4943E+00
             2.5473E+00
 PARAMETER:  9.8086E-02  1.8173E-01  1.6929E+00  1.1587E-01  6.1021E-01  1.4572E-01 -4.9355E+00  1.1961E+00  1.7620E-01  5.0163E-01
             1.0350E+00
 GRADIENT:  -6.2341E-02  6.8669E-02 -1.4830E-02  7.9823E-02  9.0973E-03  3.2903E-02  0.0000E+00  1.8506E-02 -3.2447E-02 -1.9891E-02
             1.0929E-01
 Elapsed estimation  time in seconds:    18.45
 Elapsed postprocess time in seconds:     0.00
 Elapsed finaloutput time in seconds:     0.01
Done with nonmem execution
