Starting NMTRAN
  
 WARNINGS AND ERRORS (IF ANY) FOR PROBLEM    1
             
 (WARNING  2) NM-TRAN INFERS THAT THE DATA ARE POPULATION.
Building NONMEM Executable
Starting nonmem execution ...
License Registered to: University of Minnesota
Expiration Date:    14 APR 2022
Current Date:       30 SEP 2021
Days until program expires : 199


 First Order Conditional Estimation with Interaction
 MONITORING OF SEARCH:


0ITERATION NO.:    0    OBJECTIVE VALUE:  -2591.80809381399        NO. OF FUNC. EVALS.:  13
 CUMULATIVE NO. OF FUNC. EVALS.:       13
 NPARAMETR:  1.0000E+00  1.0000E+00  1.0000E+00  1.0000E+00  1.0000E+00  1.0000E+00  1.0000E+00  1.0000E+00  1.0000E+00  1.0000E+00
             1.0000E+00
 PARAMETER:  1.0000E-01  1.0000E-01  1.0000E-01  1.0000E-01  1.0000E-01  1.0000E-01  1.0000E-01  1.0000E-01  1.0000E-01  1.0000E-01
             1.0000E-01
 GRADIENT:   4.4983E+02  1.9440E+02  1.8678E+02  7.6957E+01  1.2060E+02  4.5836E+01 -8.7557E+01 -1.1289E+02  2.7925E+00 -8.5552E+01
            -2.1828E+03

0ITERATION NO.:    5    OBJECTIVE VALUE:  -3160.03772321605        NO. OF FUNC. EVALS.:  72
 CUMULATIVE NO. OF FUNC. EVALS.:       85
 NPARAMETR:  1.0442E+00  6.5834E-01  6.6233E-01  1.1359E+00  6.1344E-01  9.7669E-01  1.2138E+00  9.5060E-01  9.4457E-01  1.0779E+00
             1.6995E+00
 PARAMETER:  1.4324E-01 -3.1803E-01 -3.1199E-01  2.2740E-01 -3.8868E-01  7.6410E-02  2.9375E-01  4.9338E-02  4.2976E-02  1.7498E-01
             6.3032E-01
 GRADIENT:   3.1982E+02  7.8258E+01  9.3504E+01  4.9655E+01  4.9669E+00  1.1146E+01  2.6912E+00  1.8780E+01  3.4316E-01  2.9190E+01
            -5.1967E+01

0ITERATION NO.:   10    OBJECTIVE VALUE:  -3169.58678531503        NO. OF FUNC. EVALS.:  76
 CUMULATIVE NO. OF FUNC. EVALS.:      161
 NPARAMETR:  1.0962E+00  3.9128E-01  3.7879E-01  1.2008E+00  4.1483E-01  1.0989E+00  1.1731E+00  7.1271E-01  1.0555E+00  6.7055E-01
             1.7836E+00
 PARAMETER:  1.9188E-01 -8.3832E-01 -8.7077E-01  2.8300E-01 -7.7990E-01  1.9430E-01  2.5964E-01 -2.3868E-01  1.5398E-01 -2.9966E-01
             6.7863E-01
 GRADIENT:   4.1176E+02 -3.1849E+00  3.0511E+01  1.3282E+02  3.8700E+02  4.4689E+01 -4.0661E+01  1.4771E+01  3.2700E+01 -1.6050E+00
             1.0569E+02

0ITERATION NO.:   15    OBJECTIVE VALUE:  -3174.39044295620        NO. OF FUNC. EVALS.: 183
 CUMULATIVE NO. OF FUNC. EVALS.:      344
 NPARAMETR:  1.1077E+00  3.4141E-01  3.2599E-01  1.2303E+00  3.6280E-01  1.0350E+00  1.4378E+00  5.0949E-01  1.1188E+00  6.1920E-01
             1.7923E+00
 PARAMETER:  2.0233E-01 -9.7468E-01 -1.0209E+00  3.0725E-01 -9.1390E-01  1.3441E-01  4.6310E-01 -5.7435E-01  2.1222E-01 -3.7932E-01
             6.8351E-01
 GRADIENT:   2.1803E+02 -7.2906E+01 -3.5857E+01  7.8729E+01  1.1619E+02  1.8548E+00 -8.2775E+00  1.5221E+00  3.4780E+01 -2.3688E+00
             1.0678E+02

0ITERATION NO.:   20    OBJECTIVE VALUE:  -3197.63950197187        NO. OF FUNC. EVALS.: 176
 CUMULATIVE NO. OF FUNC. EVALS.:      520
 NPARAMETR:  9.9785E-01  3.7335E-01  3.3266E-01  1.1769E+00  3.6034E-01  9.6913E-01  1.4412E+00  3.9473E-01  1.0036E+00  6.5311E-01
             1.7057E+00
 PARAMETER:  9.7844E-02 -8.8524E-01 -1.0006E+00  2.6284E-01 -9.2070E-01  6.8639E-02  4.6550E-01 -8.2956E-01  1.0360E-01 -3.2601E-01
             6.3399E-01
 GRADIENT:   5.7982E+00  3.2040E+00  6.9698E+00  7.6596E+00 -3.7969E+00  6.1844E-01  1.2208E+00 -1.0670E+00  3.3840E+00 -1.3512E+00
            -3.0902E+00

0ITERATION NO.:   25    OBJECTIVE VALUE:  -3215.91708581832        NO. OF FUNC. EVALS.: 178
 CUMULATIVE NO. OF FUNC. EVALS.:      698
 NPARAMETR:  9.9013E-01  2.7400E-01  2.1757E-01  1.1199E+00  2.6354E-01  9.8627E-01  1.5551E+00  1.0892E+00  1.1759E+00  4.5200E-01
             1.5631E+00
 PARAMETER:  9.0081E-02 -1.1946E+00 -1.4252E+00  2.1323E-01 -1.2336E+00  8.6179E-02  5.4152E-01  1.8544E-01  2.6203E-01 -6.9406E-01
             5.4665E-01
 GRADIENT:  -1.0595E+01  9.3186E-01 -3.7079E-01  2.7537E+01 -4.2291E-01  5.4086E+00  1.2408E+00  8.0287E+00  3.7337E+00  6.4581E+00
            -1.1166E+00

0ITERATION NO.:   30    OBJECTIVE VALUE:  -3217.12001031055        NO. OF FUNC. EVALS.: 175
 CUMULATIVE NO. OF FUNC. EVALS.:      873
 NPARAMETR:  9.9465E-01  2.6906E-01  2.1238E-01  1.0921E+00  2.5905E-01  9.7490E-01  1.5802E+00  1.0728E+00  1.1799E+00  3.6828E-01
             1.5647E+00
 PARAMETER:  9.4637E-02 -1.2128E+00 -1.4494E+00  1.8806E-01 -1.2507E+00  7.4582E-02  5.5753E-01  1.7028E-01  2.6540E-01 -8.9892E-01
             5.4772E-01
 GRADIENT:  -2.8240E-01 -3.5019E-01  1.7266E+00 -6.5186E-01 -1.4421E+00  1.0800E+00 -4.2459E-01  6.0278E-01  1.2981E+00  6.8921E-01
             3.3817E-01

0ITERATION NO.:   33    OBJECTIVE VALUE:  -3217.13427207008        NO. OF FUNC. EVALS.:  92
 CUMULATIVE NO. OF FUNC. EVALS.:      965
 NPARAMETR:  9.9482E-01  2.6940E-01  2.1237E-01  1.0924E+00  2.5932E-01  9.7221E-01  1.5882E+00  1.0755E+00  1.1763E+00  3.5172E-01
             1.5647E+00
 PARAMETER:  9.4811E-02 -1.2116E+00 -1.4494E+00  1.8838E-01 -1.2497E+00  7.1815E-02  5.6257E-01  1.7281E-01  2.6241E-01 -9.4491E-01
             5.4767E-01
 GRADIENT:   8.9434E-02 -3.4305E-02  1.8153E-01 -1.1431E-01 -2.5534E-01 -1.3908E-02 -1.1506E-01 -3.2748E-02 -1.0644E-02 -7.2611E-03
            -2.7102E-02
 Elapsed estimation  time in seconds:    13.95
 Elapsed postprocess time in seconds:     0.00
 Elapsed finaloutput time in seconds:     0.00
Done with nonmem execution
Starting NMTRAN
  
 WARNINGS AND ERRORS (IF ANY) FOR PROBLEM    1
             
 (WARNING  2) NM-TRAN INFERS THAT THE DATA ARE POPULATION.
Building NONMEM Executable
Starting nonmem execution ...
License Registered to: University of Minnesota
Expiration Date:    14 APR 2022
Current Date:       30 SEP 2021
Days until program expires : 199


 First Order Conditional Estimation with Interaction
 MONITORING OF SEARCH:


0ITERATION NO.:    0    OBJECTIVE VALUE:  -2836.55525254585        NO. OF FUNC. EVALS.:  13
 CUMULATIVE NO. OF FUNC. EVALS.:       13
 NPARAMETR:  1.0000E+00  1.0000E+00  1.0000E+00  1.0000E+00  1.0000E+00  1.0000E+00  1.0000E+00  1.0000E+00  1.0000E+00  1.0000E+00
             1.0000E+00
 PARAMETER:  1.0000E-01  1.0000E-01  1.0000E-01  1.0000E-01  1.0000E-01  1.0000E-01  1.0000E-01  1.0000E-01  1.0000E-01  1.0000E-01
             1.0000E-01
 GRADIENT:   4.7017E+02  1.0395E+02  4.7122E+01  2.6033E+01  2.4269E+01  3.1869E+01  1.4938E+01 -1.2005E+01  3.1440E+01 -2.0328E+01
            -1.9720E+03

0ITERATION NO.:    5    OBJECTIVE VALUE:  -3282.36771190540        NO. OF FUNC. EVALS.:  72
 CUMULATIVE NO. OF FUNC. EVALS.:       85
 NPARAMETR:  1.0126E+00  9.9550E-01  1.0145E+00  1.0562E+00  1.0106E+00  1.0044E+00  8.5068E-01  8.7300E-01  8.3962E-01  9.7532E-01
             1.6031E+00
 PARAMETER:  1.1249E-01  9.5493E-02  1.1436E-01  1.5471E-01  1.1058E-01  1.0434E-01 -6.1722E-02 -3.5820E-02 -7.4810E-02  7.5007E-02
             5.7192E-01
 GRADIENT:   2.6038E+02  4.1747E+01  6.7153E-01  8.2750E+01  5.1333E+00  1.4008E+01  1.0407E+01  1.4232E+01  8.5750E-01 -5.8354E+00
            -1.3696E+02

0ITERATION NO.:   10    OBJECTIVE VALUE:  -3289.01808274327        NO. OF FUNC. EVALS.:  70
 CUMULATIVE NO. OF FUNC. EVALS.:      155
 NPARAMETR:  9.9742E-01  1.0203E+00  1.0293E+00  1.0431E+00  1.0517E+00  1.0009E+00  9.5788E-01  3.3303E-01  9.0557E-01  9.9938E-01
             1.6297E+00
 PARAMETER:  9.7415E-02  1.2011E-01  1.2884E-01  1.4215E-01  1.5046E-01  1.0087E-01  5.6967E-02 -9.9954E-01  8.0702E-04  9.9381E-02
             5.8842E-01
 GRADIENT:   2.0320E+02  3.9529E+01  3.2076E+00  7.9324E+01  3.8935E+01  1.4273E+01  2.3731E+01  1.9109E+00  2.0340E+01 -4.1503E+00
            -1.0336E+02

0ITERATION NO.:   15    OBJECTIVE VALUE:  -3296.57344993258        NO. OF FUNC. EVALS.: 178
 CUMULATIVE NO. OF FUNC. EVALS.:      333
 NPARAMETR:  9.7569E-01  1.0390E+00  1.0293E+00  1.0201E+00  1.0611E+00  9.9550E-01  7.1554E-01  2.8571E-01  8.7166E-01  1.0736E+00
             1.7139E+00
 PARAMETER:  7.5387E-02  1.3829E-01  1.2892E-01  1.1993E-01  1.5930E-01  9.5486E-02 -2.3471E-01 -1.1528E+00 -3.7354E-02  1.7100E-01
             6.3878E-01
 GRADIENT:   1.2157E+00 -4.7726E-01 -7.0638E-01  1.8844E+00 -1.7510E+00  5.0593E-01  2.4328E+00  1.3390E+00 -2.1817E-01  7.2050E-01
             6.6085E+00

0ITERATION NO.:   20    OBJECTIVE VALUE:  -3297.31384621535        NO. OF FUNC. EVALS.: 175
 CUMULATIVE NO. OF FUNC. EVALS.:      508
 NPARAMETR:  9.7477E-01  1.0547E+00  1.0346E+00  1.0104E+00  1.0768E+00  9.9546E-01  6.6563E-01  4.5740E-02  8.8753E-01  1.0938E+00
             1.7113E+00
 PARAMETER:  7.4446E-02  1.5329E-01  1.3405E-01  1.1031E-01  1.7398E-01  9.5449E-02 -3.0703E-01 -2.9848E+00 -1.9317E-02  1.8969E-01
             6.3724E-01
 GRADIENT:  -8.1467E-01  8.8339E-01 -4.4990E-01  9.3514E-01  5.0713E-01  4.8722E-01  3.0373E-01  3.2118E-02 -9.4854E-02  7.6311E-01
             1.2648E+00

0ITERATION NO.:   25    OBJECTIVE VALUE:  -3297.33311307442        NO. OF FUNC. EVALS.: 162
 CUMULATIVE NO. OF FUNC. EVALS.:      670
 NPARAMETR:  9.7500E-01  1.0514E+00  1.0328E+00  1.0118E+00  1.0733E+00  9.9429E-01  6.6203E-01  1.0000E-02  8.8790E-01  1.0903E+00
             1.7104E+00
 PARAMETER:  7.4687E-02  1.5013E-01  1.3232E-01  1.1169E-01  1.7072E-01  9.4277E-02 -3.1244E-01 -4.7602E+00 -1.8896E-02  1.8649E-01
             6.3673E-01
 GRADIENT:  -2.4881E-01  1.1588E-01 -4.5321E-04  1.3599E-01 -5.1960E-02  4.1388E-02  1.3973E-02  0.0000E+00  2.7103E-02 -1.6557E-02
             5.1264E-02
 Elapsed estimation  time in seconds:     9.59
 Elapsed postprocess time in seconds:     0.00
 Elapsed finaloutput time in seconds:     0.00
Done with nonmem execution
Starting NMTRAN
  
 WARNINGS AND ERRORS (IF ANY) FOR PROBLEM    1
             
 (WARNING  2) NM-TRAN INFERS THAT THE DATA ARE POPULATION.
Building NONMEM Executable
Starting nonmem execution ...
License Registered to: University of Minnesota
Expiration Date:    14 APR 2022
Current Date:       30 SEP 2021
Days until program expires : 199


 First Order Conditional Estimation with Interaction
 MONITORING OF SEARCH:


0ITERATION NO.:    0    OBJECTIVE VALUE:  -3051.52727640006        NO. OF FUNC. EVALS.:  13
 CUMULATIVE NO. OF FUNC. EVALS.:       13
 NPARAMETR:  1.0000E+00  1.0000E+00  1.0000E+00  1.0000E+00  1.0000E+00  1.0000E+00  1.0000E+00  1.0000E+00  1.0000E+00  1.0000E+00
             1.0000E+00
 PARAMETER:  1.0000E-01  1.0000E-01  1.0000E-01  1.0000E-01  1.0000E-01  1.0000E-01  1.0000E-01  1.0000E-01  1.0000E-01  1.0000E-01
             1.0000E-01
 GRADIENT:   3.9544E+02  6.1673E+01  1.2639E+02  1.0060E+01  1.3727E+02  4.9954E+01 -7.9523E+01 -8.6397E+01  5.8814E-01 -1.3873E+00
            -1.5089E+03

0ITERATION NO.:    5    OBJECTIVE VALUE:  -3386.75214644708        NO. OF FUNC. EVALS.:  73
 CUMULATIVE NO. OF FUNC. EVALS.:       86
 NPARAMETR:  9.9652E-01  8.1431E-01  7.4692E-01  1.1405E+00  7.5253E-01  9.2534E-01  1.1089E+00  7.9643E-01  9.6076E-01  6.1701E-01
             1.5341E+00
 PARAMETER:  9.6512E-02 -1.0542E-01 -1.9180E-01  2.3148E-01 -1.8432E-01  2.2401E-02  2.0333E-01 -1.2761E-01  5.9966E-02 -3.8286E-01
             5.2794E-01
 GRADIENT:   1.2270E+02  3.0815E+01  8.5531E+00  1.1349E+02  7.3346E+01 -4.7707E+00 -2.1378E+01  9.8397E+00 -1.1682E+00  8.4885E-01
            -8.0328E+01

0ITERATION NO.:   10    OBJECTIVE VALUE:  -3391.44137479628        NO. OF FUNC. EVALS.:  76
 CUMULATIVE NO. OF FUNC. EVALS.:      162
 NPARAMETR:  9.9741E-01  7.4902E-01  7.0665E-01  1.1495E+00  6.9359E-01  9.4292E-01  1.2617E+00  5.8761E-01  1.0266E+00  5.0341E-01
             1.5444E+00
 PARAMETER:  9.7407E-02 -1.8899E-01 -2.4723E-01  2.3934E-01 -2.6588E-01  4.1227E-02  3.3246E-01 -4.3169E-01  1.2624E-01 -5.8636E-01
             5.3466E-01
 GRADIENT:   1.2476E+02  4.1223E+01  6.9176E+01  9.8668E+01  5.3760E+01  3.1228E+00 -1.1047E+00 -5.3835E+00  2.2396E+01 -3.2380E+00
            -6.4977E+01

0ITERATION NO.:   15    OBJECTIVE VALUE:  -3394.39045513128        NO. OF FUNC. EVALS.: 159
 CUMULATIVE NO. OF FUNC. EVALS.:      321
 NPARAMETR:  1.0136E+00  7.5584E-01  6.9484E-01  1.1618E+00  6.9161E-01  9.6871E-01  1.2605E+00  5.0979E-01  9.7151E-01  5.5451E-01
             1.5807E+00
 PARAMETER:  1.1356E-01 -1.7993E-01 -2.6407E-01  2.5000E-01 -2.6873E-01  6.8209E-02  3.3148E-01 -5.7375E-01  7.1092E-02 -4.8968E-01
             5.5788E-01
 GRADIENT:  -1.0742E+01  8.7742E+00  3.5371E+01 -1.4283E+00 -9.8864E+00 -2.9056E+00 -6.0762E+00 -5.2022E+00 -9.0564E-03 -4.7009E+00
            -2.8085E+01

0ITERATION NO.:   20    OBJECTIVE VALUE:  -3401.56042073272        NO. OF FUNC. EVALS.: 179
 CUMULATIVE NO. OF FUNC. EVALS.:      500
 NPARAMETR:  1.0102E+00  5.0338E-01  4.4404E-01  1.2295E+00  4.5753E-01  9.7378E-01  1.4390E+00  7.0654E-01  9.7794E-01  4.0222E-01
             1.5209E+00
 PARAMETER:  1.1012E-01 -5.8641E-01 -7.1184E-01  3.0660E-01 -6.8191E-01  7.3431E-02  4.6393E-01 -2.4738E-01  7.7689E-02 -8.1076E-01
             5.1929E-01
 GRADIENT:  -1.6837E+01 -5.1503E-01 -1.5219E+01  1.9605E+01  2.8540E+01 -3.8171E+00  2.8993E-01  7.1272E-01 -6.4831E-01  1.3509E-01
            -8.3264E-01

0ITERATION NO.:   25    OBJECTIVE VALUE:  -3404.16376559539        NO. OF FUNC. EVALS.: 177
 CUMULATIVE NO. OF FUNC. EVALS.:      677
 NPARAMETR:  1.0182E+00  3.9534E-01  3.3236E-01  1.2030E+00  3.5541E-01  9.8368E-01  1.4675E+00  7.8004E-01  1.0232E+00  3.6268E-01
             1.4721E+00
 PARAMETER:  1.1800E-01 -8.2801E-01 -1.0015E+00  2.8483E-01 -9.3448E-01  8.3546E-02  4.8355E-01 -1.4840E-01  1.2290E-01 -9.1423E-01
             4.8672E-01
 GRADIENT:   2.7433E+00  1.4108E+00 -2.8977E+00  3.0784E+00  2.1341E-01 -8.3561E-01 -1.2688E+00 -2.3978E+00 -1.6978E+00 -2.4387E+00
             1.8534E+00

0ITERATION NO.:   30    OBJECTIVE VALUE:  -3404.33470180549        NO. OF FUNC. EVALS.: 180
 CUMULATIVE NO. OF FUNC. EVALS.:      857
 NPARAMETR:  1.0172E+00  3.8963E-01  3.2714E-01  1.1987E+00  3.5014E-01  9.8564E-01  1.4664E+00  7.8199E-01  1.0319E+00  3.9637E-01
             1.4669E+00
 PARAMETER:  1.1704E-01 -8.4256E-01 -1.0174E+00  2.8124E-01 -9.4943E-01  8.5536E-02  4.8284E-01 -1.4591E-01  1.3145E-01 -8.2540E-01
             4.8312E-01
 GRADIENT:   7.0368E-01  1.4982E+00  1.4548E+00 -1.0160E+00 -3.7099E+00 -6.8160E-02  4.3322E-01 -8.3072E-02  4.9712E-01 -1.0560E-01
            -3.8389E-01

0ITERATION NO.:   35    OBJECTIVE VALUE:  -3404.33720755469        NO. OF FUNC. EVALS.: 172
 CUMULATIVE NO. OF FUNC. EVALS.:     1029
 NPARAMETR:  1.0172E+00  3.8942E-01  3.2690E-01  1.1987E+00  3.4991E-01  9.8588E-01  1.4641E+00  7.8080E-01  1.0307E+00  3.9829E-01
             1.4670E+00
 PARAMETER:  1.1703E-01 -8.4311E-01 -1.0181E+00  2.8124E-01 -9.5009E-01  8.5782E-02  4.8126E-01 -1.4744E-01  1.3021E-01 -8.2058E-01
             4.8324E-01
 GRADIENT:   1.1224E-02  3.7769E-01  1.0629E+00  4.9243E-02  5.4888E-01 -1.4851E-03  2.0050E-02 -5.6261E-02  1.1435E-02 -9.0178E-02
            -1.3245E-01
 Elapsed estimation  time in seconds:    15.04
 Elapsed postprocess time in seconds:     0.00
 Elapsed finaloutput time in seconds:     0.00
Done with nonmem execution
Starting NMTRAN
  
 WARNINGS AND ERRORS (IF ANY) FOR PROBLEM    1
             
 (WARNING  2) NM-TRAN INFERS THAT THE DATA ARE POPULATION.
Building NONMEM Executable
Starting nonmem execution ...
License Registered to: University of Minnesota
Expiration Date:    14 APR 2022
Current Date:       30 SEP 2021
Days until program expires : 199


 First Order Conditional Estimation with Interaction
 MONITORING OF SEARCH:


0ITERATION NO.:    0    OBJECTIVE VALUE:  -2634.81341199136        NO. OF FUNC. EVALS.:  13
 CUMULATIVE NO. OF FUNC. EVALS.:       13
 NPARAMETR:  1.0000E+00  1.0000E+00  1.0000E+00  1.0000E+00  1.0000E+00  1.0000E+00  1.0000E+00  1.0000E+00  1.0000E+00  1.0000E+00
             1.0000E+00
 PARAMETER:  1.0000E-01  1.0000E-01  1.0000E-01  1.0000E-01  1.0000E-01  1.0000E-01  1.0000E-01  1.0000E-01  1.0000E-01  1.0000E-01
             1.0000E-01
 GRADIENT:   4.7620E+02  1.1972E+02  9.9399E+01  7.0481E+01  2.2310E+02  2.3991E+01 -4.2511E+01 -2.1554E+02 -6.1406E+00 -8.0779E+01
            -2.0206E+03

0ITERATION NO.:    5    OBJECTIVE VALUE:  -3168.02179351719        NO. OF FUNC. EVALS.:  70
 CUMULATIVE NO. OF FUNC. EVALS.:       83
 NPARAMETR:  9.8324E-01  9.1711E-01  8.6123E-01  1.0822E+00  8.1929E-01  1.0155E+00  8.9833E-01  1.0221E+00  9.9402E-01  1.0315E+00
             1.7305E+00
 PARAMETER:  8.3094E-02  1.3474E-02 -4.9398E-02  1.7903E-01 -9.9314E-02  1.1534E-01 -7.2135E-03  1.2184E-01  9.4005E-02  1.3104E-01
             6.4839E-01
 GRADIENT:   1.6052E+02  6.0276E+01  4.8168E+00  8.4520E+01 -9.2228E+00  1.5144E+01  6.6945E+00  8.3713E+00  2.1776E+00  1.7418E+00
            -7.5744E+01

0ITERATION NO.:   10    OBJECTIVE VALUE:  -3171.05111499761        NO. OF FUNC. EVALS.: 116
 CUMULATIVE NO. OF FUNC. EVALS.:      199
 NPARAMETR:  9.8980E-01  8.7619E-01  8.0349E-01  1.1050E+00  8.0098E-01  1.0092E+00  8.1014E-01  6.6928E-01  1.0103E+00  1.0369E+00
             1.7701E+00
 PARAMETER:  8.9743E-02 -3.2173E-02 -1.1879E-01  1.9985E-01 -1.2192E-01  1.0915E-01 -1.1055E-01 -3.0156E-01  1.1028E-01  1.3627E-01
             6.7103E-01
 GRADIENT:   3.9520E+01  9.4248E+00 -1.0383E+01  4.1350E+01  1.8395E+01 -2.6224E+00 -6.0002E-01 -1.2104E-01  2.6987E+00 -8.5995E+00
            -4.7307E+01

0ITERATION NO.:   15    OBJECTIVE VALUE:  -3172.62065208045        NO. OF FUNC. EVALS.: 179
 CUMULATIVE NO. OF FUNC. EVALS.:      378
 NPARAMETR:  9.7190E-01  8.6867E-01  8.0109E-01  1.0857E+00  7.8904E-01  1.0133E+00  7.8567E-01  6.1571E-01  9.9934E-01  1.0838E+00
             1.8075E+00
 PARAMETER:  7.1497E-02 -4.0789E-02 -1.2179E-01  1.8225E-01 -1.3693E-01  1.1321E-01 -1.4121E-01 -3.8497E-01  9.9339E-02  1.8047E-01
             6.9197E-01
 GRADIENT:  -7.4060E-02 -1.8779E-01 -3.2105E-02 -7.5576E-03  3.7936E-01 -1.1734E-02 -1.2671E-02 -7.5246E-02  8.0559E-02 -7.3448E-02
             7.9091E-02

0ITERATION NO.:   18    OBJECTIVE VALUE:  -3172.62096792402        NO. OF FUNC. EVALS.:  91
 CUMULATIVE NO. OF FUNC. EVALS.:      469
 NPARAMETR:  9.7213E-01  8.6881E-01  8.0112E-01  1.0857E+00  7.8881E-01  1.0134E+00  7.8590E-01  6.1893E-01  9.9909E-01  1.0842E+00
             1.8075E+00
 PARAMETER:  7.1733E-02 -4.0629E-02 -1.2174E-01  1.8220E-01 -1.3722E-01  1.1334E-01 -1.4093E-01 -3.7977E-01  9.9086E-02  1.8083E-01
             6.9192E-01
 GRADIENT:   4.2793E-01  2.0037E-01 -2.2338E-02 -8.0026E-02 -2.1987E-01  4.1219E-02  1.6424E-02  3.1221E-03  8.8962E-03  9.3476E-02
             1.0441E-01
 Elapsed estimation  time in seconds:     6.40
 Elapsed postprocess time in seconds:     0.00
 Elapsed finaloutput time in seconds:     0.00
Done with nonmem execution
Starting NMTRAN
  
 WARNINGS AND ERRORS (IF ANY) FOR PROBLEM    1
             
 (WARNING  2) NM-TRAN INFERS THAT THE DATA ARE POPULATION.
Building NONMEM Executable
Starting nonmem execution ...
License Registered to: University of Minnesota
Expiration Date:    14 APR 2022
Current Date:       30 SEP 2021
Days until program expires : 199


 First Order Conditional Estimation with Interaction
 MONITORING OF SEARCH:


0ITERATION NO.:    0    OBJECTIVE VALUE:  -2352.68912667616        NO. OF FUNC. EVALS.:  13
 CUMULATIVE NO. OF FUNC. EVALS.:       13
 NPARAMETR:  1.0000E+00  1.0000E+00  1.0000E+00  1.0000E+00  1.0000E+00  1.0000E+00  1.0000E+00  1.0000E+00  1.0000E+00  1.0000E+00
             1.0000E+00
 PARAMETER:  1.0000E-01  1.0000E-01  1.0000E-01  1.0000E-01  1.0000E-01  1.0000E-01  1.0000E-01  1.0000E-01  1.0000E-01  1.0000E-01
             1.0000E-01
 GRADIENT:   5.1839E+02  2.1052E+02  1.8952E+02  7.6930E+01  2.0659E+02  3.1437E+01 -1.4843E+02 -4.9280E+01  7.5299E-01 -1.4372E+02
            -2.5339E+03

0ITERATION NO.:    5    OBJECTIVE VALUE:  -3090.67334221125        NO. OF FUNC. EVALS.:  73
 CUMULATIVE NO. OF FUNC. EVALS.:       86
 NPARAMETR:  9.7286E-01  6.0838E-01  5.8063E-01  1.1746E+00  5.2097E-01  9.1130E-01  1.2002E+00  6.9174E-01  9.8105E-01  1.2262E+00
             1.6865E+00
 PARAMETER:  7.2487E-02 -3.9695E-01 -4.4364E-01  2.6094E-01 -5.5206E-01  7.1206E-03  2.8252E-01 -2.6854E-01  8.0865E-02  3.0391E-01
             6.2263E-01
 GRADIENT:   2.0001E+02  1.4262E+02  8.1786E+01  1.2369E+02  7.9213E+01 -1.4521E+01 -5.5377E+00  1.9161E+01 -2.1310E+01  5.5330E+01
            -1.1129E+02

0ITERATION NO.:   10    OBJECTIVE VALUE:  -3102.18037734275        NO. OF FUNC. EVALS.: 163
 CUMULATIVE NO. OF FUNC. EVALS.:      249
 NPARAMETR:  9.8519E-01  5.2741E-01  5.0915E-01  1.2285E+00  4.9436E-01  9.1748E-01  1.3056E+00  5.3945E-01  1.1431E+00  1.1892E+00
             1.6648E+00
 PARAMETER:  8.5076E-02 -5.3978E-01 -5.7501E-01  3.0576E-01 -6.0450E-01  1.3873E-02  3.6666E-01 -5.1721E-01  2.3371E-01  2.7327E-01
             6.0969E-01
 GRADIENT:   9.8552E+01  2.8956E+01  1.4597E+01  7.2342E+01 -1.0059E-01 -2.4773E+01  8.4694E+00  1.1645E+01  2.0073E+01  5.5665E+01
            -1.2997E+02

0ITERATION NO.:   15    OBJECTIVE VALUE:  -3130.22123787825        NO. OF FUNC. EVALS.: 179
 CUMULATIVE NO. OF FUNC. EVALS.:      428
 NPARAMETR:  9.3592E-01  4.2126E-01  4.0613E-01  1.2704E+00  4.0751E-01  9.5720E-01  1.2249E+00  1.8273E-01  1.1234E+00  8.2745E-01
             1.7105E+00
 PARAMETER:  3.3773E-02 -7.6451E-01 -8.0107E-01  3.3937E-01 -7.9769E-01  5.6258E-02  3.0290E-01 -1.5997E+00  2.1637E-01 -8.9404E-02
             6.3676E-01
 GRADIENT:  -3.2836E+01 -3.0153E+00 -6.8286E+00  1.2522E+02  4.7081E+01 -5.3996E+00  1.9248E+00  1.1355E+00  2.7828E+00  4.3709E+00
            -6.2960E+01

0ITERATION NO.:   20    OBJECTIVE VALUE:  -3141.97618681613        NO. OF FUNC. EVALS.: 175
 CUMULATIVE NO. OF FUNC. EVALS.:      603
 NPARAMETR:  9.4916E-01  3.4570E-01  3.1434E-01  1.1526E+00  3.2459E-01  9.6793E-01  1.2190E+00  8.5191E-02  1.1283E+00  7.3988E-01
             1.7485E+00
 PARAMETER:  4.7823E-02 -9.6219E-01 -1.0573E+00  2.4204E-01 -1.0252E+00  6.7403E-02  2.9803E-01 -2.3629E+00  2.2068E-01 -2.0127E-01
             6.5875E-01
 GRADIENT:   1.2849E-01 -7.5887E-01 -8.8674E-01  8.8637E-01  5.8396E-01  1.0671E-02 -2.9059E-01  1.3317E-01  1.2581E-01  1.5151E-01
             1.1931E+00

0ITERATION NO.:   25    OBJECTIVE VALUE:  -3142.03497435512        NO. OF FUNC. EVALS.: 178
 CUMULATIVE NO. OF FUNC. EVALS.:      781
 NPARAMETR:  9.4904E-01  3.4579E-01  3.1455E-01  1.1523E+00  3.2470E-01  9.6790E-01  1.2209E+00  2.5699E-02  1.1279E+00  7.4121E-01
             1.7481E+00
 PARAMETER:  4.7699E-02 -9.6194E-01 -1.0566E+00  2.4172E-01 -1.0249E+00  6.7376E-02  2.9956E-01 -3.5613E+00  2.2039E-01 -1.9947E-01
             6.5852E-01
 GRADIENT:  -1.3293E-01 -8.3739E-01 -4.1122E-01  2.9775E-01  7.8346E-03 -2.9191E-03 -3.7472E-02  1.2094E-02  3.9403E-02  9.1158E-02
             2.9713E-01

0ITERATION NO.:   30    OBJECTIVE VALUE:  -3142.03965174562        NO. OF FUNC. EVALS.: 181
 CUMULATIVE NO. OF FUNC. EVALS.:      962
 NPARAMETR:  9.4923E-01  3.4712E-01  3.1551E-01  1.1522E+00  3.2509E-01  9.6795E-01  1.2208E+00  1.0000E-02  1.1275E+00  7.4167E-01
             1.7480E+00
 PARAMETER:  4.7891E-02 -9.5809E-01 -1.0536E+00  2.4168E-01 -1.0236E+00  6.7422E-02  2.9953E-01 -5.2129E+00  2.1998E-01 -1.9885E-01
             6.5846E-01
 GRADIENT:   3.3427E-01  1.4602E+00  2.0694E+00 -4.1952E-01 -4.5816E+00  2.1988E-02  8.2582E-02  0.0000E+00  7.1025E-02 -1.9305E-02
            -1.5150E-01

0ITERATION NO.:   31    OBJECTIVE VALUE:  -3142.03965174562        NO. OF FUNC. EVALS.:  22
 CUMULATIVE NO. OF FUNC. EVALS.:      984
 NPARAMETR:  9.4923E-01  3.4712E-01  3.1551E-01  1.1522E+00  3.2509E-01  9.6795E-01  1.2208E+00  1.0000E-02  1.1275E+00  7.4167E-01
             1.7480E+00
 PARAMETER:  4.7891E-02 -9.5809E-01 -1.0536E+00  2.4168E-01 -1.0236E+00  6.7422E-02  2.9953E-01 -5.2129E+00  2.1998E-01 -1.9885E-01
             6.5846E-01
 GRADIENT:   3.3427E-01  1.4602E+00  2.0694E+00 -4.1952E-01 -4.5816E+00  2.1988E-02  8.2582E-02  0.0000E+00  7.1025E-02 -1.9305E-02
            -1.5150E-01
 Elapsed estimation  time in seconds:    16.79
 Elapsed postprocess time in seconds:     0.00
 Elapsed finaloutput time in seconds:     0.01
Done with nonmem execution
Starting NMTRAN
  
 WARNINGS AND ERRORS (IF ANY) FOR PROBLEM    1
             
 (WARNING  2) NM-TRAN INFERS THAT THE DATA ARE POPULATION.
Building NONMEM Executable
Starting nonmem execution ...
License Registered to: University of Minnesota
Expiration Date:    14 APR 2022
Current Date:       30 SEP 2021
Days until program expires : 199


 First Order Conditional Estimation with Interaction
 MONITORING OF SEARCH:


0ITERATION NO.:    0    OBJECTIVE VALUE:  -3195.39622793826        NO. OF FUNC. EVALS.:  13
 CUMULATIVE NO. OF FUNC. EVALS.:       13
 NPARAMETR:  1.0000E+00  1.0000E+00  1.0000E+00  1.0000E+00  1.0000E+00  1.0000E+00  1.0000E+00  1.0000E+00  1.0000E+00  1.0000E+00
             1.0000E+00
 PARAMETER:  1.0000E-01  1.0000E-01  1.0000E-01  1.0000E-01  1.0000E-01  1.0000E-01  1.0000E-01  1.0000E-01  1.0000E-01  1.0000E-01
             1.0000E-01
 GRADIENT:   4.4224E+02  4.8163E+01 -6.6654E+01  8.2370E+01  2.1724E+02  5.7400E+01 -3.1575E+01 -2.1115E+01 -3.2592E+00 -3.6029E+01
            -1.2955E+03

0ITERATION NO.:    5    OBJECTIVE VALUE:  -3439.92189664589        NO. OF FUNC. EVALS.:  74
 CUMULATIVE NO. OF FUNC. EVALS.:       87
 NPARAMETR:  9.9304E-01  9.7924E-01  1.0388E+00  1.0330E+00  8.9525E-01  8.7261E-01  1.0441E+00  7.9372E-01  8.9910E-01  1.0164E+00
             1.5879E+00
 PARAMETER:  9.3018E-02  7.9019E-02  1.3806E-01  1.3248E-01 -1.0657E-02 -3.6269E-02  1.4320E-01 -1.3102E-01 -6.3632E-03  1.1625E-01
             5.6241E-01
 GRADIENT:   1.5552E+02  2.3545E+01 -1.3186E+01  3.3151E+01  4.8090E+00 -1.5947E+01  2.9303E+00  1.0490E+01 -1.5672E+01  7.9475E-01
             1.0611E+02

0ITERATION NO.:   10    OBJECTIVE VALUE:  -3442.39121195195        NO. OF FUNC. EVALS.:  96
 CUMULATIVE NO. OF FUNC. EVALS.:      183
 NPARAMETR:  9.8815E-01  9.6678E-01  9.8841E-01  1.0234E+00  8.6877E-01  9.0212E-01  1.0795E+00  4.6820E-01  9.4717E-01  1.0098E+00
             1.5953E+00
 PARAMETER:  8.8075E-02  6.6213E-02  8.8345E-02  1.2318E-01 -4.0678E-02 -3.0105E-03  1.7653E-01 -6.5885E-01  4.5720E-02  1.0976E-01
             5.6704E-01
 GRADIENT:  -2.5875E+01 -4.0465E+00 -1.7658E+01 -4.3670E+01 -2.4934E+01 -1.7788E+01  3.4488E+00  3.6002E+00 -7.6215E+00 -8.8850E-01
             1.0578E+02

0ITERATION NO.:   15    OBJECTIVE VALUE:  -3448.53711420924        NO. OF FUNC. EVALS.: 178
 CUMULATIVE NO. OF FUNC. EVALS.:      361
 NPARAMETR:  9.9723E-01  1.0343E+00  1.1150E+00  1.0126E+00  9.6119E-01  9.4542E-01  1.0272E+00  3.6970E-01  9.7211E-01  1.0965E+00
             1.5204E+00
 PARAMETER:  9.7226E-02  1.3374E-01  2.0888E-01  1.1255E-01  6.0415E-02  4.3872E-02  1.2681E-01 -8.9506E-01  7.1716E-02  1.9209E-01
             5.1899E-01
 GRADIENT:   5.6222E-01  1.1491E+00 -1.4389E+00 -5.8319E-01  1.4223E-01  7.2070E-01 -4.2728E-01  1.0520E+00  4.2604E-01  1.0502E-01
            -2.4073E+00

0ITERATION NO.:   20    OBJECTIVE VALUE:  -3448.94942118824        NO. OF FUNC. EVALS.: 175
 CUMULATIVE NO. OF FUNC. EVALS.:      536
 NPARAMETR:  9.9694E-01  1.0239E+00  1.1000E+00  1.0169E+00  9.5114E-01  9.4363E-01  1.0340E+00  5.5054E-02  9.7100E-01  1.0944E+00
             1.5242E+00
 PARAMETER:  9.6940E-02  1.2363E-01  1.9531E-01  1.1676E-01  4.9906E-02  4.1978E-02  1.3348E-01 -2.7994E+00  7.0568E-02  1.9016E-01
             5.2150E-01
 GRADIENT:  -1.2928E-01 -6.4475E-01 -4.6211E-01 -9.8972E-01  1.5772E-01 -9.1207E-03 -4.3335E-02  1.3744E-02  6.8580E-02  8.7698E-03
             4.2455E-01

0ITERATION NO.:   25    OBJECTIVE VALUE:  -3448.95640032808        NO. OF FUNC. EVALS.: 162
 CUMULATIVE NO. OF FUNC. EVALS.:      698
 NPARAMETR:  9.9704E-01  1.0250E+00  1.1017E+00  1.0171E+00  9.5209E-01  9.4363E-01  1.0341E+00  1.0000E-02  9.7044E-01  1.0954E+00
             1.5241E+00
 PARAMETER:  9.7034E-02  1.2467E-01  1.9685E-01  1.1691E-01  5.0908E-02  4.1979E-02  1.3356E-01 -4.6643E+00  6.9998E-02  1.9113E-01
             5.2137E-01
 GRADIENT:   9.3810E-02  6.1495E-02 -6.5228E-02  4.8755E-02  1.6143E-02 -1.1127E-02 -2.2449E-02  0.0000E+00 -2.4476E-02  1.0549E-02
            -5.7733E-02
 Elapsed estimation  time in seconds:     9.72
 Elapsed postprocess time in seconds:     0.00
 Elapsed finaloutput time in seconds:     0.00
Done with nonmem execution
Starting NMTRAN
  
 WARNINGS AND ERRORS (IF ANY) FOR PROBLEM    1
             
 (WARNING  2) NM-TRAN INFERS THAT THE DATA ARE POPULATION.
Building NONMEM Executable
Starting nonmem execution ...
License Registered to: University of Minnesota
Expiration Date:    14 APR 2022
Current Date:       30 SEP 2021
Days until program expires : 199


 First Order Conditional Estimation with Interaction
 MONITORING OF SEARCH:


0ITERATION NO.:    0    OBJECTIVE VALUE:  -2580.75487762738        NO. OF FUNC. EVALS.:  13
 CUMULATIVE NO. OF FUNC. EVALS.:       13
 NPARAMETR:  1.0000E+00  1.0000E+00  1.0000E+00  1.0000E+00  1.0000E+00  1.0000E+00  1.0000E+00  1.0000E+00  1.0000E+00  1.0000E+00
             1.0000E+00
 PARAMETER:  1.0000E-01  1.0000E-01  1.0000E-01  1.0000E-01  1.0000E-01  1.0000E-01  1.0000E-01  1.0000E-01  1.0000E-01  1.0000E-01
             1.0000E-01
 GRADIENT:   4.9779E+02  1.6082E+02  1.6614E+02  1.1435E+02  2.2702E+02  1.0383E+01 -9.9420E+01 -2.6446E+02 -2.2137E+01 -1.0206E+02
            -1.9573E+03

0ITERATION NO.:    5    OBJECTIVE VALUE:  -3131.45779467860        NO. OF FUNC. EVALS.:  72
 CUMULATIVE NO. OF FUNC. EVALS.:       85
 NPARAMETR:  1.0035E+00  8.8227E-01  8.0679E-01  1.0301E+00  8.0561E-01  1.0724E+00  1.0569E+00  1.0879E+00  8.8163E-01  1.0580E+00
             1.7735E+00
 PARAMETER:  1.0346E-01 -2.5255E-02 -1.1470E-01  1.2969E-01 -1.1616E-01  1.6988E-01  1.5536E-01  1.8429E-01 -2.5983E-02  1.5634E-01
             6.7298E-01
 GRADIENT:   1.9511E+02  2.8481E+01  1.1607E+01  1.1693E+01  6.0748E+00  2.2504E+01 -4.6079E+00  6.7353E+00 -2.9890E+00  5.9875E+00
            -3.8156E+01

0ITERATION NO.:   10    OBJECTIVE VALUE:  -3133.52743822234        NO. OF FUNC. EVALS.: 117
 CUMULATIVE NO. OF FUNC. EVALS.:      202
 NPARAMETR:  1.0158E+00  7.5836E-01  6.9187E-01  1.0778E+00  7.0385E-01  1.0422E+00  1.1749E+00  9.2998E-01  8.7836E-01  9.4391E-01
             1.8377E+00
 PARAMETER:  1.1568E-01 -1.7659E-01 -2.6836E-01  1.7492E-01 -2.5118E-01  1.4135E-01  2.6115E-01  2.7408E-02 -2.9703E-02  4.2271E-02
             7.0851E-01
 GRADIENT:   7.8692E+01 -1.6778E+01 -2.6417E+00 -3.0720E+01  1.1418E+01 -1.6224E+01 -2.8836E+00  9.5492E+00 -6.7437E+00  5.8530E+00
             3.6808E+01

0ITERATION NO.:   15    OBJECTIVE VALUE:  -3135.01594931367        NO. OF FUNC. EVALS.: 175
 CUMULATIVE NO. OF FUNC. EVALS.:      377
 NPARAMETR:  1.0176E+00  6.0799E-01  5.1758E-01  1.1608E+00  5.2277E-01  9.7849E-01  1.3993E+00  6.2904E-01  8.5683E-01  7.6520E-01
             1.8510E+00
 PARAMETER:  1.1746E-01 -3.9759E-01 -5.5859E-01  2.4912E-01 -5.4861E-01  7.8255E-02  4.3598E-01 -3.6356E-01 -5.4517E-02 -1.6761E-01
             7.1575E-01
 GRADIENT:   9.1573E+01  3.3235E+01  3.2239E+01  5.0161E+01 -5.6369E+01 -4.5145E+01  6.4329E+00  3.6701E+00 -1.9491E+01  9.4855E+00
             6.3211E+01

0ITERATION NO.:   20    OBJECTIVE VALUE:  -3162.27545198828        NO. OF FUNC. EVALS.: 183
 CUMULATIVE NO. OF FUNC. EVALS.:      560
 NPARAMETR:  9.7941E-01  3.6877E-01  2.7895E-01  1.1286E+00  3.2207E-01  1.1724E+00  1.6514E+00  9.8063E-01  9.1623E-01  4.6172E-01
             1.6964E+00
 PARAMETER:  7.9197E-02 -8.9758E-01 -1.1767E+00  2.2098E-01 -1.0330E+00  2.5901E-01  6.0165E-01  8.0436E-02  1.2517E-02 -6.7279E-01
             6.2849E-01
 GRADIENT:   3.0407E+00  7.7397E-01  3.6998E+01  1.2668E+01  7.4235E-01  2.6159E+01  8.6271E+00 -4.9560E+01 -3.1864E+01  5.8092E+00
             1.1214E+02

0ITERATION NO.:   25    OBJECTIVE VALUE:  -3176.28442017779        NO. OF FUNC. EVALS.: 171
 CUMULATIVE NO. OF FUNC. EVALS.:      731
 NPARAMETR:  9.7962E-01  3.3710E-01  2.4373E-01  1.1171E+00  2.9165E-01  1.1611E+00  1.6928E+00  1.1406E+00  9.6309E-01  4.1113E-01
             1.6433E+00
 PARAMETER:  7.9414E-02 -9.8738E-01 -1.3117E+00  2.1073E-01 -1.1322E+00  2.4941E-01  6.2636E-01  2.3152E-01  6.2396E-02 -7.8886E-01
             5.9668E-01
 GRADIENT:   1.3275E+02  1.3548E+02  1.4181E+02  1.1814E+02  4.9714E+02  5.7063E+01  3.1515E+01 -1.0746E+01 -2.3178E+01  9.7322E+00
             9.6935E+01

0ITERATION NO.:   29    OBJECTIVE VALUE:  -3176.43575341043        NO. OF FUNC. EVALS.: 142
 CUMULATIVE NO. OF FUNC. EVALS.:      873
 NPARAMETR:  9.7965E-01  3.3720E-01  2.4372E-01  1.1172E+00  2.9175E-01  1.1519E+00  1.6928E+00  1.1406E+00  9.6306E-01  4.1123E-01
             1.6436E+00
 PARAMETER:  7.9445E-02 -9.8708E-01 -1.3117E+00  2.1080E-01 -1.1319E+00  2.4143E-01  6.2636E-01  2.3152E-01  6.2365E-02 -7.8861E-01
             5.9686E-01
 GRADIENT:  -2.3619E+04  1.8074E+00  5.8935E+01 -1.1187E+04 -1.0385E+03 -9.7644E+03  8.9349E+00  1.0131E+04 -3.8989E+01  3.4130E+00
            -3.8546E+03
 Elapsed estimation  time in seconds:    13.98
 Elapsed postprocess time in seconds:     0.00
 Elapsed finaloutput time in seconds:     0.00
Done with nonmem execution
Starting NMTRAN
  
 WARNINGS AND ERRORS (IF ANY) FOR PROBLEM    1
             
 (WARNING  2) NM-TRAN INFERS THAT THE DATA ARE POPULATION.
Building NONMEM Executable
Starting nonmem execution ...
License Registered to: University of Minnesota
Expiration Date:    14 APR 2022
Current Date:       30 SEP 2021
Days until program expires : 199


 First Order Conditional Estimation with Interaction
 MONITORING OF SEARCH:


0ITERATION NO.:    0    OBJECTIVE VALUE:  -2837.88162167166        NO. OF FUNC. EVALS.:  13
 CUMULATIVE NO. OF FUNC. EVALS.:       13
 NPARAMETR:  1.0000E+00  1.0000E+00  1.0000E+00  1.0000E+00  1.0000E+00  1.0000E+00  1.0000E+00  1.0000E+00  1.0000E+00  1.0000E+00
             1.0000E+00
 PARAMETER:  1.0000E-01  1.0000E-01  1.0000E-01  1.0000E-01  1.0000E-01  1.0000E-01  1.0000E-01  1.0000E-01  1.0000E-01  1.0000E-01
             1.0000E-01
 GRADIENT:   4.8869E+02  9.6108E+01  1.7963E+02  1.5656E+02  2.0478E+02  3.6594E+01 -6.8992E+01 -6.9851E+01  7.6732E+00 -3.8134E+01
            -1.8317E+03

0ITERATION NO.:    5    OBJECTIVE VALUE:  -3271.76382699558        NO. OF FUNC. EVALS.:  71
 CUMULATIVE NO. OF FUNC. EVALS.:       84
 NPARAMETR:  1.0319E+00  8.1693E-01  6.9568E-01  1.1231E+00  6.9883E-01  1.0186E+00  1.0896E+00  8.8693E-01  9.6847E-01  8.4198E-01
             1.5403E+00
 PARAMETER:  1.3141E-01 -1.0220E-01 -2.6287E-01  2.1608E-01 -2.5834E-01  1.1848E-01  1.8584E-01 -1.9995E-02  6.7963E-02 -7.1999E-02
             5.3201E-01
 GRADIENT:   3.4309E+02  8.8801E+01  4.8083E+01  1.9539E+02  3.6591E+01  1.9774E+01 -9.0079E+00  1.8303E+01 -6.6592E-01  9.3648E+00
            -1.5032E+02

0ITERATION NO.:   10    OBJECTIVE VALUE:  -3275.31285826686        NO. OF FUNC. EVALS.: 139
 CUMULATIVE NO. OF FUNC. EVALS.:      223
 NPARAMETR:  1.0295E+00  8.2420E-01  6.7941E-01  1.1318E+00  7.1068E-01  1.0928E+00  1.1674E+00  7.7545E-01  1.0042E+00  7.9127E-01
             1.5603E+00
 PARAMETER:  1.2905E-01 -9.3347E-02 -2.8653E-01  2.2381E-01 -2.4153E-01  1.8876E-01  2.5482E-01 -1.5431E-01  1.0415E-01 -1.3411E-01
             5.4486E-01
 GRADIENT:   8.5859E+01  5.6399E+01  9.0566E+00  1.1266E+02  1.1478E+01  2.7507E+01 -5.1472E+00  1.2378E+01  3.4544E+00  2.4405E+00
            -1.3128E+02

0ITERATION NO.:   15    OBJECTIVE VALUE:  -3290.87530950560        NO. OF FUNC. EVALS.: 178
 CUMULATIVE NO. OF FUNC. EVALS.:      401
 NPARAMETR:  9.9973E-01  6.7964E-01  5.7143E-01  1.1953E+00  5.9323E-01  1.0065E+00  1.2287E+00  4.5239E-01  9.7958E-01  7.1411E-01
             1.5952E+00
 PARAMETER:  9.9725E-02 -2.8619E-01 -4.5962E-01  2.7838E-01 -4.2217E-01  1.0648E-01  3.0592E-01 -6.9321E-01  7.9370E-02 -2.3672E-01
             5.6701E-01
 GRADIENT:   3.6491E+01  2.8614E+01  1.4650E+01  1.4427E+02  1.8836E+01  1.4418E+00 -3.8384E+00  3.1767E+00 -8.5228E+00  4.8782E-01
            -5.8641E+01

0ITERATION NO.:   20    OBJECTIVE VALUE:  -3305.22819268846        NO. OF FUNC. EVALS.: 178
 CUMULATIVE NO. OF FUNC. EVALS.:      579
 NPARAMETR:  9.8182E-01  4.6590E-01  3.8387E-01  1.1574E+00  4.0640E-01  9.9850E-01  1.2936E+00  1.4163E-01  1.0198E+00  6.5240E-01
             1.5904E+00
 PARAMETER:  8.1649E-02 -6.6378E-01 -8.5746E-01  2.4614E-01 -8.0042E-01  9.8496E-02  3.5746E-01 -1.8545E+00  1.1959E-01 -3.2709E-01
             5.6397E-01
 GRADIENT:  -1.4347E-01 -2.2829E+00  1.4816E+01  1.7564E+01 -1.4549E+01 -5.5425E-01 -3.2637E+00  1.0072E-02  2.3704E+00 -4.6638E+00
            -7.5899E+00

0ITERATION NO.:   25    OBJECTIVE VALUE:  -3305.46790350733        NO. OF FUNC. EVALS.: 176
 CUMULATIVE NO. OF FUNC. EVALS.:      755            RESET HESSIAN, TYPE II
 NPARAMETR:  9.8232E-01  4.6850E-01  3.8308E-01  1.1462E+00  4.0712E-01  9.9988E-01  1.3104E+00  8.0856E-02  1.0137E+00  6.6840E-01
             1.5940E+00
 PARAMETER:  8.2162E-02 -6.5821E-01 -8.5952E-01  2.3646E-01 -7.9864E-01  9.9883E-02  3.7034E-01 -2.4151E+00  1.1357E-01 -3.0288E-01
             5.6626E-01
 GRADIENT:   1.6029E+02  1.1042E+02  7.0103E+01  1.1850E+02  2.9767E+02  1.5051E+01  9.4960E+00  1.2447E-01  6.7153E+00  3.5350E+00
             8.2736E+00

0ITERATION NO.:   30    OBJECTIVE VALUE:  -3305.48068564044        NO. OF FUNC. EVALS.: 177
 CUMULATIVE NO. OF FUNC. EVALS.:      932
 NPARAMETR:  9.8180E-01  4.6764E-01  3.8300E-01  1.1470E+00  4.0780E-01  9.9955E-01  1.3058E+00  4.7289E-02  1.0129E+00  6.7545E-01
             1.5958E+00
 PARAMETER:  8.1633E-02 -6.6005E-01 -8.5972E-01  2.3718E-01 -7.9698E-01  9.9553E-02  3.6684E-01 -2.9515E+00  1.1277E-01 -2.9238E-01
             5.6736E-01
 GRADIENT:  -2.4978E-01 -4.6531E-01 -3.6913E-01  3.2905E-01  4.2950E-01 -2.8679E-02 -1.6554E-01  8.6947E-03 -5.8991E-02  3.8165E-01
             4.1305E-01

0ITERATION NO.:   35    OBJECTIVE VALUE:  -3305.48440877185        NO. OF FUNC. EVALS.: 167
 CUMULATIVE NO. OF FUNC. EVALS.:     1099
 NPARAMETR:  9.8213E-01  4.6850E-01  3.8340E-01  1.1466E+00  4.0780E-01  9.9970E-01  1.3071E+00  1.0000E-02  1.0129E+00  6.7472E-01
             1.5958E+00
 PARAMETER:  8.1972E-02 -6.5822E-01 -8.5867E-01  2.3678E-01 -7.9697E-01  9.9701E-02  3.6780E-01 -4.6156E+00  1.1285E-01 -2.9346E-01
             5.6735E-01
 GRADIENT:   5.1252E-01  1.0569E+00  1.7146E+00 -6.1590E-01 -3.1880E+00  3.4131E-02  7.9496E-02  0.0000E+00  3.4305E-02 -4.2072E-02
            -1.4203E-01
 Elapsed estimation  time in seconds:    16.76
 Elapsed postprocess time in seconds:     0.00
 Elapsed finaloutput time in seconds:     0.00
Done with nonmem execution
Starting NMTRAN
  
 WARNINGS AND ERRORS (IF ANY) FOR PROBLEM    1
             
 (WARNING  2) NM-TRAN INFERS THAT THE DATA ARE POPULATION.
Building NONMEM Executable
Starting nonmem execution ...
License Registered to: University of Minnesota
Expiration Date:    14 APR 2022
Current Date:       30 SEP 2021
Days until program expires : 199


 First Order Conditional Estimation with Interaction
 MONITORING OF SEARCH:


0ITERATION NO.:    0    OBJECTIVE VALUE:  -2634.43328487441        NO. OF FUNC. EVALS.:  13
 CUMULATIVE NO. OF FUNC. EVALS.:       13
 NPARAMETR:  1.0000E+00  1.0000E+00  1.0000E+00  1.0000E+00  1.0000E+00  1.0000E+00  1.0000E+00  1.0000E+00  1.0000E+00  1.0000E+00
             1.0000E+00
 PARAMETER:  1.0000E-01  1.0000E-01  1.0000E-01  1.0000E-01  1.0000E-01  1.0000E-01  1.0000E-01  1.0000E-01  1.0000E-01  1.0000E-01
             1.0000E-01
 GRADIENT:   5.3313E+02  1.2547E+02  1.6851E+02  7.9158E+01  1.9821E+02  1.5464E+01 -1.4388E+02 -8.2283E+01 -3.2057E+01 -1.2117E+02
            -1.9074E+03

0ITERATION NO.:    5    OBJECTIVE VALUE:  -3137.08035271685        NO. OF FUNC. EVALS.:  72
 CUMULATIVE NO. OF FUNC. EVALS.:       85
 NPARAMETR:  9.4969E-01  7.3943E-01  6.0880E-01  1.1842E+00  6.0142E-01  8.8314E-01  9.8239E-01  4.8939E-01  1.0338E+00  8.5816E-01
             1.7618E+00
 PARAMETER:  4.8380E-02 -2.0188E-01 -3.9626E-01  2.6906E-01 -4.0847E-01 -2.4266E-02  8.2233E-02 -6.1460E-01  1.3324E-01 -5.2960E-02
             6.6636E-01
 GRADIENT:   1.6362E+02  1.8336E+02  4.2083E+01  1.4267E+02  1.3981E+01 -3.5045E+01 -5.4505E+01  7.3939E+00 -3.1499E+00 -1.6638E+01
             4.4181E+01

0ITERATION NO.:   10    OBJECTIVE VALUE:  -3155.81749504209        NO. OF FUNC. EVALS.: 136
 CUMULATIVE NO. OF FUNC. EVALS.:      221
 NPARAMETR:  9.5426E-01  6.0235E-01  5.1728E-01  1.2614E+00  4.9176E-01  9.6477E-01  1.3835E+00  4.2092E-01  1.1778E+00  7.7764E-01
             1.7933E+00
 PARAMETER:  5.3185E-02 -4.0692E-01 -5.5917E-01  3.3225E-01 -6.0976E-01  6.4133E-02  4.2462E-01 -7.6531E-01  2.6366E-01 -1.5150E-01
             6.8406E-01
 GRADIENT:   5.2520E+01  9.0699E+01  8.9077E+01  8.8896E+01 -1.1834E+02 -6.8067E+00 -7.4729E-01  6.9032E+00  3.1277E+01 -5.2986E+00
             1.2524E+02

0ITERATION NO.:   15    OBJECTIVE VALUE:  -3164.27515813110        NO. OF FUNC. EVALS.: 179
 CUMULATIVE NO. OF FUNC. EVALS.:      400
 NPARAMETR:  9.6221E-01  5.7035E-01  5.1357E-01  1.2564E+00  4.8026E-01  9.8609E-01  1.4459E+00  1.0397E-01  1.1141E+00  8.6226E-01
             1.7354E+00
 PARAMETER:  6.1474E-02 -4.6150E-01 -5.6638E-01  3.2829E-01 -6.3342E-01  8.5993E-02  4.6874E-01 -2.1636E+00  2.0803E-01 -4.8201E-02
             6.5124E-01
 GRADIENT:   7.1011E+01  5.5647E+01  1.2059E+02  8.5798E+01 -1.2393E+02  6.5113E-01  9.4781E+00  3.0355E-01  1.6241E+01  1.1946E+01
             5.6340E+01

0ITERATION NO.:   20    OBJECTIVE VALUE:  -3191.15940016993        NO. OF FUNC. EVALS.: 178
 CUMULATIVE NO. OF FUNC. EVALS.:      578
 NPARAMETR:  9.3133E-01  3.6124E-01  3.0302E-01  1.1750E+00  3.2350E-01  9.8457E-01  1.4074E+00  1.1981E-01  1.1001E+00  6.9083E-01
             1.6400E+00
 PARAMETER:  2.8859E-02 -9.1822E-01 -1.0940E+00  2.6126E-01 -1.0285E+00  8.4445E-02  4.4177E-01 -2.0219E+00  1.9542E-01 -2.6985E-01
             5.9467E-01
 GRADIENT:   2.4094E-02 -1.6689E-01  3.3341E-01  4.5495E-02 -5.4036E-01 -3.3678E-01 -4.8611E-01 -1.4861E-01  1.7684E-01  8.1868E-02
             1.7702E+00

0ITERATION NO.:   25    OBJECTIVE VALUE:  -3192.00854362397        NO. OF FUNC. EVALS.: 180
 CUMULATIVE NO. OF FUNC. EVALS.:      758
 NPARAMETR:  9.3267E-01  3.3452E-01  2.7123E-01  1.1639E+00  2.9814E-01  9.9512E-01  1.4229E+00  5.1776E-01  1.1137E+00  6.1315E-01
             1.6082E+00
 PARAMETER:  3.0293E-02 -9.9506E-01 -1.2048E+00  2.5174E-01 -1.1102E+00  9.5111E-02  4.5268E-01 -5.5825E-01  2.0773E-01 -3.8915E-01
             5.7510E-01
 GRADIENT:   2.6428E+00  3.7220E-02 -7.4593E-01  6.8120E+00  8.6314E-01  2.9908E+00  5.6449E-01  9.8365E-01 -2.5163E+00  1.6341E+00
            -5.5039E+00

0ITERATION NO.:   30    OBJECTIVE VALUE:  -3192.10119208194        NO. OF FUNC. EVALS.: 180
 CUMULATIVE NO. OF FUNC. EVALS.:      938
 NPARAMETR:  9.3173E-01  3.3290E-01  2.6926E-01  1.1578E+00  2.9603E-01  9.8820E-01  1.4202E+00  4.9795E-01  1.1210E+00  6.1124E-01
             1.6136E+00
 PARAMETER:  2.9285E-02 -9.9990E-01 -1.2121E+00  2.4656E-01 -1.1173E+00  8.8134E-02  4.5081E-01 -5.9726E-01  2.1424E-01 -3.9227E-01
             5.7846E-01
 GRADIENT:   3.7500E-01  1.3242E+00  7.9107E-01 -1.5767E-01 -3.2048E+00  3.8444E-01  9.9492E-02  1.8980E-02 -3.0866E-01  9.9453E-02
             1.6260E-01

0ITERATION NO.:   33    OBJECTIVE VALUE:  -3192.10220553019        NO. OF FUNC. EVALS.:  96
 CUMULATIVE NO. OF FUNC. EVALS.:     1034
 NPARAMETR:  9.3170E-01  3.3292E-01  2.6921E-01  1.1577E+00  2.9589E-01  9.8678E-01  1.4201E+00  4.9766E-01  1.1221E+00  6.1093E-01
             1.6134E+00
 PARAMETER:  2.9257E-02 -9.9985E-01 -1.2123E+00  2.4643E-01 -1.1178E+00  8.6693E-02  4.5069E-01 -5.9784E-01  2.1523E-01 -3.9278E-01
             5.7837E-01
 GRADIENT:   3.1804E-01  1.6833E+00  1.5856E+00 -2.8760E-01 -4.5336E+00 -1.6781E-01  7.2455E-02 -1.5661E-02  3.5922E-02  9.0644E-03
            -7.5926E-02
 Elapsed estimation  time in seconds:    16.09
 Elapsed postprocess time in seconds:     0.00
 Elapsed finaloutput time in seconds:     0.00
Done with nonmem execution
Starting NMTRAN
  
 WARNINGS AND ERRORS (IF ANY) FOR PROBLEM    1
             
 (WARNING  2) NM-TRAN INFERS THAT THE DATA ARE POPULATION.
Building NONMEM Executable
Starting nonmem execution ...
License Registered to: University of Minnesota
Expiration Date:    14 APR 2022
Current Date:       30 SEP 2021
Days until program expires : 199


 First Order Conditional Estimation with Interaction
 MONITORING OF SEARCH:


0ITERATION NO.:    0    OBJECTIVE VALUE:  -1846.58193489218        NO. OF FUNC. EVALS.:  13
 CUMULATIVE NO. OF FUNC. EVALS.:       13
 NPARAMETR:  1.0000E+00  1.0000E+00  1.0000E+00  1.0000E+00  1.0000E+00  1.0000E+00  1.0000E+00  1.0000E+00  1.0000E+00  1.0000E+00
             1.0000E+00
 PARAMETER:  1.0000E-01  1.0000E-01  1.0000E-01  1.0000E-01  1.0000E-01  1.0000E-01  1.0000E-01  1.0000E-01  1.0000E-01  1.0000E-01
             1.0000E-01
 GRADIENT:   4.6253E+02  1.9412E+02  9.4520E+01  8.0992E+01  1.5005E+02  8.7170E+00 -4.4850E+01 -4.1685E+01  4.9914E+00 -7.7278E+01
            -3.7351E+03

0ITERATION NO.:    5    OBJECTIVE VALUE:  -2976.57041402218        NO. OF FUNC. EVALS.:  72
 CUMULATIVE NO. OF FUNC. EVALS.:       85
 NPARAMETR:  9.8293E-01  8.8446E-01  1.0290E+00  1.0804E+00  9.1046E-01  1.1431E+00  8.1100E-01  8.5548E-01  8.7215E-01  8.6430E-01
             2.0319E+00
 PARAMETER:  8.2787E-02 -2.2781E-02  1.2859E-01  1.7732E-01  6.1920E-03  2.3374E-01 -1.0949E-01 -5.6095E-02 -3.6791E-02 -4.5830E-02
             8.0898E-01
 GRADIENT:   9.8458E+01  1.2886E+01  3.4315E+01  4.5904E+01 -1.1386E+00  5.0819E+01 -2.9137E+00  7.1671E+00 -1.5401E+01 -1.2144E+01
            -1.2956E+02

0ITERATION NO.:   10    OBJECTIVE VALUE:  -2981.00718808029        NO. OF FUNC. EVALS.:  72
 CUMULATIVE NO. OF FUNC. EVALS.:      157
 NPARAMETR:  9.9276E-01  7.5141E-01  7.6713E-01  1.1312E+00  7.2428E-01  1.0883E+00  6.1883E-01  5.0447E-01  9.2476E-01  9.6526E-01
             2.0075E+00
 PARAMETER:  9.2731E-02 -1.8580E-01 -1.6510E-01  2.2325E-01 -2.2257E-01  1.8466E-01 -3.7992E-01 -5.8425E-01  2.1779E-02  6.4645E-02
             7.9691E-01
 GRADIENT:   1.2001E+02  3.3001E+01  2.0464E+01  6.5420E+01 -6.3968E-01  2.7020E+01 -6.9692E+00  7.8238E+00  2.7593E+00  3.6505E+00
            -1.4508E+02

0ITERATION NO.:   15    OBJECTIVE VALUE:  -2990.41017268620        NO. OF FUNC. EVALS.: 180
 CUMULATIVE NO. OF FUNC. EVALS.:      337
 NPARAMETR:  9.8622E-01  7.6376E-01  7.5738E-01  1.1250E+00  7.3925E-01  1.0662E+00  8.1424E-01  2.0890E-01  9.2404E-01  9.2323E-01
             2.1056E+00
 PARAMETER:  8.6126E-02 -1.6951E-01 -1.7789E-01  2.1778E-01 -2.0212E-01  1.6410E-01 -1.0549E-01 -1.4659E+00  2.0995E-02  2.0125E-02
             8.4461E-01
 GRADIENT:   6.2122E+00  7.6338E+00 -3.6646E+00  2.2560E+00 -3.5248E+00 -1.5206E+00  4.4383E-01  1.0460E+00  3.8082E+00  2.4232E+00
            -3.3902E+01

0ITERATION NO.:   20    OBJECTIVE VALUE:  -2991.20043173164        NO. OF FUNC. EVALS.: 175
 CUMULATIVE NO. OF FUNC. EVALS.:      512
 NPARAMETR:  9.8306E-01  7.3080E-01  7.3439E-01  1.1367E+00  7.1132E-01  1.0709E+00  8.3774E-01  5.7335E-02  9.0553E-01  8.9284E-01
             2.1340E+00
 PARAMETER:  8.2919E-02 -2.1362E-01 -2.0872E-01  2.2814E-01 -2.4063E-01  1.6850E-01 -7.7049E-02 -2.7588E+00  7.6172E-04 -1.3344E-02
             8.5799E-01
 GRADIENT:  -4.6968E-01 -8.0781E-01  5.9262E-02 -1.8488E+00 -1.0997E+00  3.4828E-01  7.3140E-02  8.0506E-02  5.2170E-01 -1.2234E+00
            -1.1486E+00

0ITERATION NO.:   25    OBJECTIVE VALUE:  -2991.26231225550        NO. OF FUNC. EVALS.: 175
 CUMULATIVE NO. OF FUNC. EVALS.:      687
 NPARAMETR:  9.8331E-01  7.4405E-01  7.4699E-01  1.1327E+00  7.2479E-01  1.0698E+00  8.2196E-01  1.0175E-02  9.0620E-01  9.0845E-01
             2.1364E+00
 PARAMETER:  8.3169E-02 -1.9565E-01 -1.9171E-01  2.2463E-01 -2.2187E-01  1.6745E-01 -9.6059E-02 -4.4878E+00  1.5001E-03  3.9869E-03
             8.5910E-01
 GRADIENT:  -1.6967E-01  1.3036E-01 -2.9403E-02  3.4483E-01 -1.6824E-02 -2.9999E-02  8.5860E-04  2.1761E-03 -6.6765E-02  1.4270E-01
             2.2038E-01

0ITERATION NO.:   27    OBJECTIVE VALUE:  -2991.26253181916        NO. OF FUNC. EVALS.:  57
 CUMULATIVE NO. OF FUNC. EVALS.:      744
 NPARAMETR:  9.8343E-01  7.4330E-01  7.4628E-01  1.1327E+00  7.2407E-01  1.0699E+00  8.2331E-01  1.0000E-02  9.0640E-01  9.0683E-01
             2.1360E+00
 PARAMETER:  8.3288E-02 -1.9666E-01 -1.9265E-01  2.2463E-01 -2.2287E-01  1.6761E-01 -9.4425E-02 -5.0340E+00  1.7269E-03  2.2030E-03
             8.5893E-01
 GRADIENT:   7.9230E-02 -8.5501E-02  6.8130E-03 -2.3875E-01  3.6504E-03  2.7730E-02 -3.1893E-03  0.0000E+00  4.4487E-02 -9.0620E-02
            -9.5967E-02
 Elapsed estimation  time in seconds:    11.05
 Elapsed postprocess time in seconds:     0.00
 Elapsed finaloutput time in seconds:     0.00
Done with nonmem execution
