Starting NMTRAN
  
 WARNINGS AND ERRORS (IF ANY) FOR PROBLEM    1
             
 (WARNING  2) NM-TRAN INFERS THAT THE DATA ARE POPULATION.
Building NONMEM Executable
Starting nonmem execution ...
License Registered to: University of Minnesota
Expiration Date:    14 APR 2022
Current Date:       30 SEP 2021
Days until program expires : 199


 First Order Conditional Estimation with Interaction
 MONITORING OF SEARCH:


0ITERATION NO.:    0    OBJECTIVE VALUE:  -3862.10515053894        NO. OF FUNC. EVALS.:  13
 CUMULATIVE NO. OF FUNC. EVALS.:       13
 NPARAMETR:  1.0000E+00  1.0000E+00  1.0000E+00  1.0000E+00  1.0000E+00  1.0000E+00  1.0000E+00  1.0000E+00  1.0000E+00  1.0000E+00
             1.0000E+00
 PARAMETER:  1.0000E-01  1.0000E-01  1.0000E-01  1.0000E-01  1.0000E-01  1.0000E-01  1.0000E-01  1.0000E-01  1.0000E-01  1.0000E-01
             1.0000E-01
 GRADIENT:   4.5162E+02  8.3973E+01  7.4352E+01  9.0340E+01 -2.1294E+00  5.4364E+01  1.6487E+01 -1.3168E+01  1.7065E+01 -2.6560E+00
             9.8363E+00

0ITERATION NO.:    5    OBJECTIVE VALUE:  -3865.78804356134        NO. OF FUNC. EVALS.: 163
 CUMULATIVE NO. OF FUNC. EVALS.:      176
 NPARAMETR:  1.0026E+00  1.0035E+00  9.3042E-01  9.9540E-01  1.0150E+00  9.7824E-01  9.4789E-01  1.0346E+00  9.7547E-01  1.0440E+00
             1.0011E+00
 PARAMETER:  1.0261E-01  1.0352E-01  2.7881E-02  9.5388E-02  1.1489E-01  7.7997E-02  4.6487E-02  1.3404E-01  7.5159E-02  1.4309E-01
             1.0113E-01
 GRADIENT:   3.4098E+00 -6.2069E+00 -1.3461E+00 -6.2390E+00 -4.9788E+00 -1.7451E+00  4.9118E+00 -4.2463E-01 -3.5575E-01 -1.2827E+00
             1.3698E+01

0ITERATION NO.:   10    OBJECTIVE VALUE:  -3866.10148128105        NO. OF FUNC. EVALS.: 180
 CUMULATIVE NO. OF FUNC. EVALS.:      356
 NPARAMETR:  1.0027E+00  1.0371E+00  9.5581E-01  9.8057E-01  1.0474E+00  9.8508E-01  8.8210E-01  1.0636E+00  9.8628E-01  1.0833E+00
             9.9470E-01
 PARAMETER:  1.0273E-01  1.3644E-01  5.4807E-02  8.0382E-02  1.4627E-01  8.4965E-02 -2.5451E-02  1.6170E-01  8.6180E-02  1.8002E-01
             9.4686E-02
 GRADIENT:   3.6984E+00  1.2408E+00  5.1827E+00 -4.7318E+00 -4.3950E+00  1.0123E+00 -1.6389E+00 -2.0768E+00  6.6833E-01 -1.8276E-01
            -3.5958E+00

0ITERATION NO.:   15    OBJECTIVE VALUE:  -3866.15436968983        NO. OF FUNC. EVALS.: 179
 CUMULATIVE NO. OF FUNC. EVALS.:      535
 NPARAMETR:  1.0011E+00  1.0340E+00  9.5163E-01  9.8412E-01  1.0471E+00  9.8258E-01  8.9600E-01  1.0793E+00  9.8192E-01  1.0795E+00
             9.9571E-01
 PARAMETER:  1.0113E-01  1.3340E-01  5.0425E-02  8.3991E-02  1.4605E-01  8.2424E-02 -9.8196E-03  1.7629E-01  8.1759E-02  1.7646E-01
             9.5696E-02
 GRADIENT:  -3.4151E-02  2.2011E-02  2.8611E-02  2.5356E-02 -4.7672E-02 -8.2935E-03  5.8831E-03 -7.7533E-03 -2.0335E-03  8.6433E-04
             5.9465E-03

0ITERATION NO.:   16    OBJECTIVE VALUE:  -3866.15436968983        NO. OF FUNC. EVALS.:  22
 CUMULATIVE NO. OF FUNC. EVALS.:      557
 NPARAMETR:  1.0011E+00  1.0340E+00  9.5163E-01  9.8412E-01  1.0471E+00  9.8258E-01  8.9600E-01  1.0793E+00  9.8192E-01  1.0795E+00
             9.9571E-01
 PARAMETER:  1.0113E-01  1.3340E-01  5.0425E-02  8.3991E-02  1.4605E-01  8.2424E-02 -9.8196E-03  1.7629E-01  8.1759E-02  1.7646E-01
             9.5696E-02
 GRADIENT:  -3.4151E-02  2.2011E-02  2.8611E-02  2.5356E-02 -4.7672E-02 -8.2935E-03  5.8831E-03 -7.7533E-03 -2.0335E-03  8.6433E-04
             5.9465E-03
 Elapsed estimation  time in seconds:     8.87
 Elapsed postprocess time in seconds:     0.00
 Elapsed finaloutput time in seconds:     0.00
Done with nonmem execution
Starting NMTRAN
  
 WARNINGS AND ERRORS (IF ANY) FOR PROBLEM    1
             
 (WARNING  2) NM-TRAN INFERS THAT THE DATA ARE POPULATION.
Building NONMEM Executable
Starting nonmem execution ...
License Registered to: University of Minnesota
Expiration Date:    14 APR 2022
Current Date:       30 SEP 2021
Days until program expires : 199


 First Order Conditional Estimation with Interaction
 MONITORING OF SEARCH:


0ITERATION NO.:    0    OBJECTIVE VALUE:  -3847.52082213322        NO. OF FUNC. EVALS.:  13
 CUMULATIVE NO. OF FUNC. EVALS.:       13
 NPARAMETR:  1.0000E+00  1.0000E+00  1.0000E+00  1.0000E+00  1.0000E+00  1.0000E+00  1.0000E+00  1.0000E+00  1.0000E+00  1.0000E+00
             1.0000E+00
 PARAMETER:  1.0000E-01  1.0000E-01  1.0000E-01  1.0000E-01  1.0000E-01  1.0000E-01  1.0000E-01  1.0000E-01  1.0000E-01  1.0000E-01
             1.0000E-01
 GRADIENT:   4.6626E+02  7.4721E+01 -1.9948E+01  3.5736E+01 -2.0210E+01  3.6460E+01  4.6398E+01  1.7902E+01  3.1415E+01  6.1312E+00
            -6.2647E+01

0ITERATION NO.:    5    OBJECTIVE VALUE:  -3863.65030323202        NO. OF FUNC. EVALS.: 161
 CUMULATIVE NO. OF FUNC. EVALS.:      174
 NPARAMETR:  9.7586E-01  1.0827E+00  1.2198E+00  9.8083E-01  1.1763E+00  9.9619E-01  7.4905E-01  8.9269E-01  8.5559E-01  1.0103E+00
             1.0440E+00
 PARAMETER:  7.5561E-02  1.7950E-01  2.9867E-01  8.0640E-02  2.6238E-01  9.6188E-02 -1.8895E-01 -1.3512E-02 -5.5966E-02  1.1022E-01
             1.4310E-01
 GRADIENT:  -3.7224E+00 -2.5100E+01  3.0181E+01 -1.3624E+01  1.1589E+01 -1.6656E-01  9.5686E+00 -3.7130E-01 -1.8625E+01 -1.9943E+01
             9.7471E-01

0ITERATION NO.:   10    OBJECTIVE VALUE:  -3866.13359167197        NO. OF FUNC. EVALS.: 179
 CUMULATIVE NO. OF FUNC. EVALS.:      353
 NPARAMETR:  9.9194E-01  1.1010E+00  1.1288E+00  9.8151E-01  1.1208E+00  9.9413E-01  4.3359E-01  7.3891E-01  1.0398E+00  1.2457E+00
             1.0494E+00
 PARAMETER:  9.1904E-02  1.9626E-01  2.2113E-01  8.1333E-02  2.1403E-01  9.4113E-02 -7.3567E-01 -2.0258E-01  1.3904E-01  3.1968E-01
             1.4820E-01
 GRADIENT:   3.2701E+01  1.7408E+01  2.6832E+01  2.3245E+01 -3.8287E+01 -1.3268E+00 -2.4491E+00 -7.4759E-01  1.5325E+01  2.0387E+01
             7.8057E+00

0ITERATION NO.:   15    OBJECTIVE VALUE:  -3869.08632505937        NO. OF FUNC. EVALS.: 178
 CUMULATIVE NO. OF FUNC. EVALS.:      531
 NPARAMETR:  9.7738E-01  1.1032E+00  1.1120E+00  9.7065E-01  1.1520E+00  9.9528E-01  5.4032E-01  7.4351E-01  9.6188E-01  1.1386E+00
             1.0438E+00
 PARAMETER:  7.7120E-02  1.9817E-01  2.0617E-01  7.0207E-02  2.4147E-01  9.5269E-02 -5.1559E-01 -1.9638E-01  6.1140E-02  2.2978E-01
             1.4288E-01
 GRADIENT:  -3.0562E-01  4.9744E-02  2.9312E-01 -7.4989E-02  2.3903E+00 -5.1117E-01 -6.3422E-01 -1.0937E-01 -1.3004E+00 -5.8044E-02
             2.1398E-02

0ITERATION NO.:   19    OBJECTIVE VALUE:  -3869.10007497793        NO. OF FUNC. EVALS.: 127
 CUMULATIVE NO. OF FUNC. EVALS.:      658
 NPARAMETR:  9.7750E-01  1.1001E+00  1.1091E+00  9.7247E-01  1.1469E+00  9.9659E-01  5.4873E-01  7.4243E-01  9.6328E-01  1.1359E+00
             1.0435E+00
 PARAMETER:  7.7244E-02  1.9539E-01  2.0358E-01  7.2079E-02  2.3702E-01  9.6588E-02 -5.0014E-01 -1.9782E-01  6.2589E-02  2.2742E-01
             1.4260E-01
 GRADIENT:   4.2432E-03 -4.2802E-03 -3.1231E-02 -3.1605E-02 -4.3437E-03  1.0734E-02  8.8511E-03 -5.1862E-03  1.8378E-02  1.4325E-02
             4.3054E-04
 Elapsed estimation  time in seconds:     9.54
 Elapsed postprocess time in seconds:     0.00
 Elapsed finaloutput time in seconds:     0.00
Done with nonmem execution
Starting NMTRAN
  
 WARNINGS AND ERRORS (IF ANY) FOR PROBLEM    1
             
 (WARNING  2) NM-TRAN INFERS THAT THE DATA ARE POPULATION.
Building NONMEM Executable
Starting nonmem execution ...
License Registered to: University of Minnesota
Expiration Date:    14 APR 2022
Current Date:       30 SEP 2021
Days until program expires : 199


 First Order Conditional Estimation with Interaction
 MONITORING OF SEARCH:


0ITERATION NO.:    0    OBJECTIVE VALUE:  -3973.00322949648        NO. OF FUNC. EVALS.:  13
 CUMULATIVE NO. OF FUNC. EVALS.:       13
 NPARAMETR:  1.0000E+00  1.0000E+00  1.0000E+00  1.0000E+00  1.0000E+00  1.0000E+00  1.0000E+00  1.0000E+00  1.0000E+00  1.0000E+00
             1.0000E+00
 PARAMETER:  1.0000E-01  1.0000E-01  1.0000E-01  1.0000E-01  1.0000E-01  1.0000E-01  1.0000E-01  1.0000E-01  1.0000E-01  1.0000E-01
             1.0000E-01
 GRADIENT:   4.2072E+02 -2.5061E+01  2.7805E+01  5.1248E+01  3.5650E+01  6.7960E+01  2.2203E+00  2.5194E+01  1.1557E+01  3.0381E+01
             6.3426E+01

0ITERATION NO.:    5    OBJECTIVE VALUE:  -3983.32349654657        NO. OF FUNC. EVALS.: 180
 CUMULATIVE NO. OF FUNC. EVALS.:      193
 NPARAMETR:  1.0239E+00  1.1473E+00  1.0433E+00  9.7384E-01  1.0934E+00  1.0195E+00  9.9663E-01  8.6035E-01  1.0104E+00  9.0882E-01
             9.7733E-01
 PARAMETER:  1.2362E-01  2.3737E-01  1.4238E-01  7.3490E-02  1.8929E-01  1.1934E-01  9.6624E-02 -5.0411E-02  1.1031E-01  4.3943E-03
             7.7073E-02
 GRADIENT:   9.1986E+00  7.3951E+00  2.5278E+01  6.9429E+00  6.3690E+00  1.9909E+00 -4.5767E-01  2.7050E+00 -5.4532E-01 -4.4103E+00
             7.0391E-01

0ITERATION NO.:   10    OBJECTIVE VALUE:  -3984.54736552197        NO. OF FUNC. EVALS.: 178
 CUMULATIVE NO. OF FUNC. EVALS.:      371
 NPARAMETR:  1.0261E+00  1.0399E+00  9.2005E-01  1.0263E+00  9.7225E-01  1.0048E+00  1.0108E+00  5.4028E-01  1.0272E+00  8.8289E-01
             9.7958E-01
 PARAMETER:  1.2576E-01  1.3913E-01  1.6675E-02  1.2593E-01  7.1853E-02  1.0479E-01  1.1074E-01 -5.1566E-01  1.2686E-01 -2.4558E-02
             7.9364E-02
 GRADIENT:   1.4429E+01 -1.0127E+00  8.9635E+00  7.0116E+00 -8.9816E+00 -3.9628E+00 -1.9701E+00 -4.4816E+00  4.5126E+00  2.7372E+00
             4.6218E-01

0ITERATION NO.:   15    OBJECTIVE VALUE:  -3985.27183954899        NO. OF FUNC. EVALS.: 178
 CUMULATIVE NO. OF FUNC. EVALS.:      549
 NPARAMETR:  1.0194E+00  1.0742E+00  9.4691E-01  1.0053E+00  1.0098E+00  1.0146E+00  1.0174E+00  6.6443E-01  1.0135E+00  8.8335E-01
             9.7674E-01
 PARAMETER:  1.1917E-01  1.7161E-01  4.5453E-02  1.0531E-01  1.0974E-01  1.1450E-01  1.1720E-01 -3.0882E-01  1.1339E-01 -2.4035E-02
             7.6465E-02
 GRADIENT:  -2.9427E-01  1.2902E-01 -1.7520E-01 -1.2019E-01  1.1769E-01  4.0330E-02  4.5383E-02 -2.8243E-02 -2.7663E-02 -5.8652E-02
            -1.9803E-01

0ITERATION NO.:   18    OBJECTIVE VALUE:  -3985.27414321162        NO. OF FUNC. EVALS.:  91
 CUMULATIVE NO. OF FUNC. EVALS.:      640
 NPARAMETR:  1.0208E+00  1.0742E+00  9.4706E-01  1.0053E+00  1.0097E+00  1.0155E+00  1.0171E+00  6.6485E-01  1.0137E+00  8.8367E-01
             9.7683E-01
 PARAMETER:  1.2056E-01  1.7155E-01  4.5603E-02  1.0527E-01  1.0963E-01  1.1542E-01  1.1699E-01 -3.0819E-01  1.1357E-01 -2.3668E-02
             7.6557E-02
 GRADIENT:   2.7667E+00  5.5402E-02  2.5966E-02 -2.6602E-01 -1.9515E-01  4.1499E-01  3.0383E-02  1.0221E-03  3.6589E-02  1.4388E-02
             1.5845E-02
 Elapsed estimation  time in seconds:     9.88
 Elapsed postprocess time in seconds:     0.00
 Elapsed finaloutput time in seconds:     0.00
Done with nonmem execution
Starting NMTRAN
  
 WARNINGS AND ERRORS (IF ANY) FOR PROBLEM    1
             
 (WARNING  2) NM-TRAN INFERS THAT THE DATA ARE POPULATION.
Building NONMEM Executable
Starting nonmem execution ...
License Registered to: University of Minnesota
Expiration Date:    14 APR 2022
Current Date:       30 SEP 2021
Days until program expires : 199


 First Order Conditional Estimation with Interaction
 MONITORING OF SEARCH:


0ITERATION NO.:    0    OBJECTIVE VALUE:  -3787.53148999740        NO. OF FUNC. EVALS.:  13
 CUMULATIVE NO. OF FUNC. EVALS.:       13
 NPARAMETR:  1.0000E+00  1.0000E+00  1.0000E+00  1.0000E+00  1.0000E+00  1.0000E+00  1.0000E+00  1.0000E+00  1.0000E+00  1.0000E+00
             1.0000E+00
 PARAMETER:  1.0000E-01  1.0000E-01  1.0000E-01  1.0000E-01  1.0000E-01  1.0000E-01  1.0000E-01  1.0000E-01  1.0000E-01  1.0000E-01
             1.0000E-01
 GRADIENT:   5.0283E+02  6.0172E+01 -7.9390E+01  1.2485E+02  1.3398E+02  2.7343E+01  2.5075E+01 -5.4246E+00 -8.6488E+00 -1.2058E+01
            -1.1542E+02

0ITERATION NO.:    5    OBJECTIVE VALUE:  -3800.12528045732        NO. OF FUNC. EVALS.: 160
 CUMULATIVE NO. OF FUNC. EVALS.:      173
 NPARAMETR:  9.7428E-01  1.0401E+00  1.1306E+00  9.6992E-01  1.0274E+00  1.1119E+00  8.8144E-01  1.0741E+00  1.0592E+00  1.0580E+00
             1.0557E+00
 PARAMETER:  7.3948E-02  1.3935E-01  2.2274E-01  6.9463E-02  1.2701E-01  2.0611E-01 -2.6193E-02  1.7151E-01  1.5756E-01  1.5642E-01
             1.5421E-01
 GRADIENT:  -5.7193E+00 -6.6086E+00 -1.0416E+01 -1.3942E+01  2.5031E+01  1.2784E+01  6.5285E+00 -8.4173E+00 -1.1013E-02 -6.7771E+00
             6.8259E+00

0ITERATION NO.:   10    OBJECTIVE VALUE:  -3800.94273855594        NO. OF FUNC. EVALS.: 184
 CUMULATIVE NO. OF FUNC. EVALS.:      357
 NPARAMETR:  9.7442E-01  1.0478E+00  1.1632E+00  9.7586E-01  1.0280E+00  1.0597E+00  7.5906E-01  1.2601E+00  1.0617E+00  1.1184E+00
             1.0417E+00
 PARAMETER:  7.4082E-02  1.4667E-01  2.5120E-01  7.5565E-02  1.2765E-01  1.5802E-01 -1.7568E-01  3.3123E-01  1.5982E-01  2.1193E-01
             1.4088E-01
 GRADIENT:  -6.1790E+00  4.1323E+00 -8.5720E+00 -2.4049E+00  3.0403E+00 -6.3170E+00 -5.6883E+00  3.8584E+00 -9.8449E-01  3.8780E+00
            -2.3216E+01

0ITERATION NO.:   15    OBJECTIVE VALUE:  -3801.58874835035        NO. OF FUNC. EVALS.: 179
 CUMULATIVE NO. OF FUNC. EVALS.:      536
 NPARAMETR:  9.7740E-01  1.0360E+00  1.1818E+00  9.8375E-01  1.0219E+00  1.0759E+00  8.2752E-01  1.2336E+00  1.0506E+00  1.0806E+00
             1.0514E+00
 PARAMETER:  7.7143E-02  1.3537E-01  2.6705E-01  8.3615E-02  1.2168E-01  1.7319E-01 -8.9317E-02  3.0993E-01  1.4936E-01  1.7750E-01
             1.5009E-01
 GRADIENT:  -1.6907E-01  1.0741E-01 -3.0616E-01 -1.3260E-01  2.1417E-01 -6.4295E-02  1.2658E-02 -2.4904E-02 -1.1645E-01 -7.9733E-02
            -2.0059E-02

0ITERATION NO.:   16    OBJECTIVE VALUE:  -3801.58874835035        NO. OF FUNC. EVALS.:  22
 CUMULATIVE NO. OF FUNC. EVALS.:      558
 NPARAMETR:  9.7740E-01  1.0360E+00  1.1818E+00  9.8375E-01  1.0219E+00  1.0759E+00  8.2752E-01  1.2336E+00  1.0506E+00  1.0806E+00
             1.0514E+00
 PARAMETER:  7.7143E-02  1.3537E-01  2.6705E-01  8.3615E-02  1.2168E-01  1.7319E-01 -8.9317E-02  3.0993E-01  1.4936E-01  1.7750E-01
             1.5009E-01
 GRADIENT:  -1.6907E-01  1.0741E-01 -3.0616E-01 -1.3260E-01  2.1417E-01 -6.4295E-02  1.2658E-02 -2.4904E-02 -1.1645E-01 -7.9733E-02
            -2.0059E-02
 Elapsed estimation  time in seconds:     8.92
 Elapsed postprocess time in seconds:     0.00
 Elapsed finaloutput time in seconds:     0.00
Done with nonmem execution
Starting NMTRAN
  
 WARNINGS AND ERRORS (IF ANY) FOR PROBLEM    1
             
 (WARNING  2) NM-TRAN INFERS THAT THE DATA ARE POPULATION.
Building NONMEM Executable
Starting nonmem execution ...
License Registered to: University of Minnesota
Expiration Date:    14 APR 2022
Current Date:       30 SEP 2021
Days until program expires : 199


 First Order Conditional Estimation with Interaction
 MONITORING OF SEARCH:


0ITERATION NO.:    0    OBJECTIVE VALUE:  -3867.92080189065        NO. OF FUNC. EVALS.:  13
 CUMULATIVE NO. OF FUNC. EVALS.:       13
 NPARAMETR:  1.0000E+00  1.0000E+00  1.0000E+00  1.0000E+00  1.0000E+00  1.0000E+00  1.0000E+00  1.0000E+00  1.0000E+00  1.0000E+00
             1.0000E+00
 PARAMETER:  1.0000E-01  1.0000E-01  1.0000E-01  1.0000E-01  1.0000E-01  1.0000E-01  1.0000E-01  1.0000E-01  1.0000E-01  1.0000E-01
             1.0000E-01
 GRADIENT:   5.2278E+02  4.5110E+01  4.6398E+01  4.6772E+01  2.8130E+01  3.8063E+01  1.7726E+01  3.1726E+00  1.6303E+01  7.8400E+00
             7.9194E+01

0ITERATION NO.:    5    OBJECTIVE VALUE:  -3875.58787112173        NO. OF FUNC. EVALS.: 121
 CUMULATIVE NO. OF FUNC. EVALS.:      134
 NPARAMETR:  9.3937E-01  9.9137E-01  9.4561E-01  1.0327E+00  9.8233E-01  9.4276E-01  9.7961E-01  9.9404E-01  9.8725E-01  9.8980E-01
             9.5736E-01
 PARAMETER:  3.7453E-02  9.1335E-02  4.4071E-02  1.3221E-01  8.2171E-02  4.1053E-02  7.9397E-02  9.4019E-02  8.7171E-02  8.9752E-02
             5.6427E-02
 GRADIENT:  -6.9198E+00 -3.8283E+00  5.4698E+00  1.3594E+01 -1.3568E+00 -2.7413E+00  9.0260E+00  3.4425E+00  4.9235E+00  1.2321E+00
            -4.1079E+00

0ITERATION NO.:   10    OBJECTIVE VALUE:  -3876.11831415583        NO. OF FUNC. EVALS.: 179
 CUMULATIVE NO. OF FUNC. EVALS.:      313
 NPARAMETR:  9.4051E-01  1.0031E+00  9.3797E-01  1.0236E+00  9.8860E-01  9.5220E-01  8.9850E-01  9.4593E-01  9.9290E-01  1.0171E+00
             9.5763E-01
 PARAMETER:  3.8662E-02  1.0310E-01  3.5966E-02  1.2330E-01  8.8535E-02  5.1015E-02 -7.0324E-03  4.4412E-02  9.2876E-02  1.1700E-01
             5.6708E-02
 GRADIENT:  -3.8429E+00 -5.0766E-02 -3.9220E-01  5.4351E+00  9.0862E-01  1.2639E+00 -7.1044E-01  4.1227E-01  2.9139E+00  1.6979E+00
            -8.3453E+00

0ITERATION NO.:   15    OBJECTIVE VALUE:  -3876.18384586384        NO. OF FUNC. EVALS.: 180
 CUMULATIVE NO. OF FUNC. EVALS.:      493
 NPARAMETR:  9.4198E-01  1.0036E+00  9.3857E-01  1.0208E+00  9.8863E-01  9.4897E-01  9.0935E-01  9.3677E-01  9.8154E-01  1.0069E+00
             9.6198E-01
 PARAMETER:  4.0224E-02  1.0362E-01  3.6604E-02  1.2056E-01  8.8567E-02  4.7625E-02  4.9728E-03  3.4685E-02  8.1364E-02  1.0685E-01
             6.1243E-02
 GRADIENT:  -1.2511E-01 -1.6145E-02 -4.1586E-02 -6.9111E-02 -8.0443E-03 -3.7612E-02 -4.5533E-03  7.8500E-03 -2.1692E-02 -5.0843E-03
            -2.9633E-02

0ITERATION NO.:   16    OBJECTIVE VALUE:  -3876.18384586384        NO. OF FUNC. EVALS.:  22
 CUMULATIVE NO. OF FUNC. EVALS.:      515
 NPARAMETR:  9.4198E-01  1.0036E+00  9.3857E-01  1.0208E+00  9.8863E-01  9.4897E-01  9.0935E-01  9.3677E-01  9.8154E-01  1.0069E+00
             9.6198E-01
 PARAMETER:  4.0224E-02  1.0362E-01  3.6604E-02  1.2056E-01  8.8567E-02  4.7625E-02  4.9728E-03  3.4685E-02  8.1364E-02  1.0685E-01
             6.1243E-02
 GRADIENT:  -1.2511E-01 -1.6145E-02 -4.1586E-02 -6.9111E-02 -8.0443E-03 -3.7612E-02 -4.5533E-03  7.8500E-03 -2.1692E-02 -5.0843E-03
            -2.9633E-02
 Elapsed estimation  time in seconds:     7.82
 Elapsed postprocess time in seconds:     0.00
 Elapsed finaloutput time in seconds:     0.01
Done with nonmem execution
Starting NMTRAN
  
 WARNINGS AND ERRORS (IF ANY) FOR PROBLEM    1
             
 (WARNING  2) NM-TRAN INFERS THAT THE DATA ARE POPULATION.
Building NONMEM Executable
Starting nonmem execution ...
License Registered to: University of Minnesota
Expiration Date:    14 APR 2022
Current Date:       30 SEP 2021
Days until program expires : 199


 First Order Conditional Estimation with Interaction
 MONITORING OF SEARCH:


0ITERATION NO.:    0    OBJECTIVE VALUE:  -3895.38578241416        NO. OF FUNC. EVALS.:  13
 CUMULATIVE NO. OF FUNC. EVALS.:       13
 NPARAMETR:  1.0000E+00  1.0000E+00  1.0000E+00  1.0000E+00  1.0000E+00  1.0000E+00  1.0000E+00  1.0000E+00  1.0000E+00  1.0000E+00
             1.0000E+00
 PARAMETER:  1.0000E-01  1.0000E-01  1.0000E-01  1.0000E-01  1.0000E-01  1.0000E-01  1.0000E-01  1.0000E-01  1.0000E-01  1.0000E-01
             1.0000E-01
 GRADIENT:   4.5483E+02  4.9818E+01 -1.2252E+02  8.8640E+01  1.9751E+02  5.7849E+01  6.1314E+00  1.0276E+01 -2.3342E+00 -9.8699E+00
            -8.7889E+00

0ITERATION NO.:    5    OBJECTIVE VALUE:  -3900.31564570658        NO. OF FUNC. EVALS.: 160
 CUMULATIVE NO. OF FUNC. EVALS.:      173
 NPARAMETR:  1.0533E+00  1.0249E+00  1.2098E+00  1.0312E+00  8.9604E-01  9.8522E-01  1.0040E+00  9.7022E-01  1.0165E+00  1.0296E+00
             1.0054E+00
 PARAMETER:  1.5194E-01  1.2455E-01  2.9048E-01  1.3071E-01 -9.7748E-03  8.5107E-02  1.0395E-01  6.9764E-02  1.1641E-01  1.2914E-01
             1.0534E-01
 GRADIENT:   1.2609E+02  8.0262E+01  4.7331E+01  1.3063E+01 -1.2973E+02 -4.6438E+00 -2.4355E+00  4.4977E+00  2.1255E+00 -3.8268E+00
            -1.2689E+00

0ITERATION NO.:   10    OBJECTIVE VALUE:  -3901.73493655025        NO. OF FUNC. EVALS.: 178
 CUMULATIVE NO. OF FUNC. EVALS.:      351
 NPARAMETR:  1.0313E+00  1.0406E+00  1.2331E+00  1.0073E+00  9.1853E-01  9.4946E-01  8.6797E-01  9.6483E-01  1.0437E+00  1.1023E+00
             1.0092E+00
 PARAMETER:  1.3080E-01  1.3984E-01  3.0955E-01  1.0724E-01  1.5015E-02  4.8141E-02 -4.1601E-02  6.4194E-02  1.4274E-01  1.9741E-01
             1.0913E-01
 GRADIENT:   8.2358E+01  6.8683E+01  4.6380E+01 -7.7797E+00 -1.1428E+02 -1.5618E+01 -1.5371E+01  2.5106E+00  6.6219E+00  3.1581E+00
            -2.5216E+00

0ITERATION NO.:   15    OBJECTIVE VALUE:  -3910.31735264866        NO. OF FUNC. EVALS.: 176
 CUMULATIVE NO. OF FUNC. EVALS.:      527
 NPARAMETR:  9.9957E-01  9.8895E-01  1.1399E+00  1.0232E+00  9.3748E-01  9.8278E-01  1.0210E+00  7.8786E-01  1.0225E+00  1.0084E+00
             1.0065E+00
 PARAMETER:  9.9569E-02  8.8885E-02  2.3095E-01  1.2289E-01  3.5441E-02  8.2628E-02  1.2075E-01 -1.3843E-01  1.2229E-01  1.0833E-01
             1.0646E-01
 GRADIENT:   4.6565E+00  7.2320E+00  1.9106E+00  1.4565E+00 -7.8263E+00  7.5013E-01  2.0937E-01 -1.8994E-01  1.5496E+00 -1.8153E+00
            -8.3098E-01

0ITERATION NO.:   18    OBJECTIVE VALUE:  -3910.36298509862        NO. OF FUNC. EVALS.:  92
 CUMULATIVE NO. OF FUNC. EVALS.:      619
 NPARAMETR:  9.9753E-01  9.8712E-01  1.1448E+00  1.0221E+00  9.4355E-01  9.8102E-01  1.0179E+00  7.9650E-01  1.0160E+00  1.0186E+00
             1.0069E+00
 PARAMETER:  9.7523E-02  8.7039E-02  2.3519E-01  1.2188E-01  4.1892E-02  8.0834E-02  1.1773E-01 -1.2752E-01  1.1585E-01  1.1841E-01
             1.0687E-01
 GRADIENT:  -5.0209E-02 -4.0663E-02 -2.2296E-02 -3.6790E-02 -6.1859E-02  5.3616E-02  4.1829E-02  1.7742E-02 -4.4561E-02 -1.1162E-02
             5.4789E-02
 Elapsed estimation  time in seconds:    10.02
 Elapsed postprocess time in seconds:     0.00
 Elapsed finaloutput time in seconds:     0.00
Done with nonmem execution
Starting NMTRAN
  
 WARNINGS AND ERRORS (IF ANY) FOR PROBLEM    1
             
 (WARNING  2) NM-TRAN INFERS THAT THE DATA ARE POPULATION.
Building NONMEM Executable
Starting nonmem execution ...
License Registered to: University of Minnesota
Expiration Date:    14 APR 2022
Current Date:       30 SEP 2021
Days until program expires : 199


 First Order Conditional Estimation with Interaction
 MONITORING OF SEARCH:


0ITERATION NO.:    0    OBJECTIVE VALUE:  -3427.20287483862        NO. OF FUNC. EVALS.:  13
 CUMULATIVE NO. OF FUNC. EVALS.:       13
 NPARAMETR:  1.0000E+00  1.0000E+00  1.0000E+00  1.0000E+00  1.0000E+00  1.0000E+00  1.0000E+00  1.0000E+00  1.0000E+00  1.0000E+00
             1.0000E+00
 PARAMETER:  1.0000E-01  1.0000E-01  1.0000E-01  1.0000E-01  1.0000E-01  1.0000E-01  1.0000E-01  1.0000E-01  1.0000E-01  1.0000E-01
             1.0000E-01
 GRADIENT:   5.0188E+02  9.0553E+01  8.4463E+01  1.2922E+02  1.4672E+02  1.5063E+01 -4.9228E+01 -4.6230E+02 -9.4242E+01 -2.8012E+01
            -1.6091E+02

0ITERATION NO.:    5    OBJECTIVE VALUE:  -3541.84704050366        NO. OF FUNC. EVALS.: 130
 CUMULATIVE NO. OF FUNC. EVALS.:      143
 NPARAMETR:  1.0475E+00  1.1409E+00  1.2641E+00  1.0730E+00  1.1457E+00  1.3053E+00  1.1838E+00  1.5027E+00  6.1366E-01  1.0779E+00
             1.7813E+00
 PARAMETER:  1.4639E-01  2.3185E-01  3.3432E-01  1.7041E-01  2.3602E-01  3.6646E-01  2.6870E-01  5.0725E-01 -3.8832E-01  1.7500E-01
             6.7735E-01
 GRADIENT:   7.2785E+01  1.6637E+02 -6.1420E+01  4.3627E+02  8.1597E+01  5.0819E+01 -7.3416E+00  8.8684E+00 -5.8685E+01 -9.1483E+00
             7.0749E+02

0ITERATION NO.:   10    OBJECTIVE VALUE:  -3591.65383335067        NO. OF FUNC. EVALS.: 173
 CUMULATIVE NO. OF FUNC. EVALS.:      316
 NPARAMETR:  1.0640E+00  1.1434E+00  1.5191E+00  9.0798E-01  1.2083E+00  9.9196E-01  1.1712E+00  1.8317E+00  7.9713E-01  1.2328E+00
             1.7372E+00
 PARAMETER:  1.6204E-01  2.3404E-01  5.1810E-01  3.4701E-03  2.8920E-01  9.1932E-02  2.5801E-01  7.0523E-01 -1.2673E-01  3.0929E-01
             6.5225E-01
 GRADIENT:   4.3189E+02  6.1955E+01  1.3479E+01  2.1012E+01  3.5038E+01 -3.7371E+01  3.4390E+01  2.2938E+01  1.2243E+01  2.4744E+01
             7.1435E+02

0ITERATION NO.:   15    OBJECTIVE VALUE:  -3597.37748096429        NO. OF FUNC. EVALS.:  73
 CUMULATIVE NO. OF FUNC. EVALS.:      389
 NPARAMETR:  1.0640E+00  1.1433E+00  1.5194E+00  9.0599E-01  1.1725E+00  1.0498E+00  9.4733E-01  1.8310E+00  8.4589E-01  1.0825E+00
             1.7364E+00
 PARAMETER:  1.6208E-01  2.3393E-01  5.1828E-01  1.2731E-03  2.5912E-01  1.4859E-01  4.5890E-02  7.0489E-01 -6.7363E-02  1.7932E-01
             6.5183E-01
 GRADIENT:   4.1509E+02  6.8306E+01  2.3659E+01  1.7305E+00  5.2557E+00 -1.4610E-01  2.6404E+00  2.3226E+01  1.0947E+00  1.0714E+00
             7.1283E+02

0ITERATION NO.:   20    OBJECTIVE VALUE:  -3598.79849011726        NO. OF FUNC. EVALS.:  78
 CUMULATIVE NO. OF FUNC. EVALS.:      467
 NPARAMETR:  1.0639E+00  1.1428E+00  1.5197E+00  9.0428E-01  1.1478E+00  1.0390E+00  7.1494E-01  1.8285E+00  9.3326E-01  1.0631E+00
             1.7234E+00
 PARAMETER:  1.6196E-01  2.3347E-01  5.1849E-01 -6.1491E-04  2.3786E-01  1.3829E-01 -2.3556E-01  7.0347E-01  3.0928E-02  1.6120E-01
             6.4431E-01
 GRADIENT:   4.2214E+02  7.9424E+01  3.3288E+01 -4.1211E-02 -1.9175E+01 -6.5354E+00 -1.1644E+01  2.1823E+01  1.1582E+00 -1.0273E+01
             7.0199E+02

0ITERATION NO.:   25    OBJECTIVE VALUE:  -3756.78366570767        NO. OF FUNC. EVALS.:  76
 CUMULATIVE NO. OF FUNC. EVALS.:      543
 NPARAMETR:  1.0558E+00  1.1084E+00  1.5401E+00  8.7418E-01  1.0973E+00  9.9839E-01  1.0000E-02  1.6670E+00  1.0721E+00  1.2641E+00
             1.0563E+00
 PARAMETER:  1.5432E-01  2.0291E-01  5.3187E-01 -3.4468E-02  1.9283E-01  9.8387E-02 -1.2820E+01  6.1105E-01  1.6966E-01  3.3439E-01
             1.5481E-01
 GRADIENT:   8.4479E+02  2.3651E+02  9.9511E+01 -2.1085E-01  6.6518E+00  2.0014E-01  0.0000E+00 -2.9921E+01 -1.7926E+01  4.8592E+00
            -4.1570E+01

0ITERATION NO.:   30    OBJECTIVE VALUE:  -3766.53658023541        NO. OF FUNC. EVALS.: 136
 CUMULATIVE NO. OF FUNC. EVALS.:      679
 NPARAMETR:  1.0562E+00  1.1100E+00  1.5389E+00  9.1449E-01  1.1723E+00  1.1122E+00  1.0000E-02  1.6748E+00  1.1605E+00  1.3233E+00
             1.0821E+00
 PARAMETER:  1.5467E-01  2.0440E-01  5.3110E-01  1.0610E-02  2.5893E-01  2.0634E-01 -1.2347E+01  6.1571E-01  2.4886E-01  3.8015E-01
             1.7889E-01
 GRADIENT:   1.3157E+02  2.7589E+01  5.1901E+01  7.0848E+00  1.4826E+00 -8.1777E+00  0.0000E+00 -3.4370E+01  2.0167E+00  4.9069E+00
             7.7669E+00

0ITERATION NO.:   35    OBJECTIVE VALUE:  -3772.87335857021        NO. OF FUNC. EVALS.: 181
 CUMULATIVE NO. OF FUNC. EVALS.:      860
 NPARAMETR:  9.8354E-01  1.0997E+00  1.2999E+00  9.1059E-01  1.1702E+00  1.1371E+00  1.0000E-02  2.3689E+00  1.1547E+00  1.3034E+00
             1.0781E+00
 PARAMETER:  8.3400E-02  1.9501E-01  3.6225E-01  6.3396E-03  2.5717E-01  2.2850E-01 -1.2380E+01  9.6242E-01  2.4388E-01  3.6498E-01
             1.7520E-01
 GRADIENT:   1.6689E+00 -6.9076E+00 -5.1624E+00 -6.6186E+00  4.4433E+01  9.8032E+00  0.0000E+00  2.4386E+01  1.7224E-03 -6.4192E+00
             4.4927E+01

0ITERATION NO.:   40    OBJECTIVE VALUE:  -3776.18149540873        NO. OF FUNC. EVALS.: 163
 CUMULATIVE NO. OF FUNC. EVALS.:     1023
 NPARAMETR:  9.7782E-01  1.0979E+00  1.3436E+00  9.1143E-01  1.1382E+00  1.1051E+00  1.0000E-02  2.0211E+00  1.1563E+00  1.3027E+00
             1.0612E+00
 PARAMETER:  7.7568E-02  1.9338E-01  3.9535E-01  7.2620E-03  2.2941E-01  1.9990E-01 -1.2380E+01  8.0362E-01  2.4521E-01  3.6442E-01
             1.5942E-01
 GRADIENT:   4.2805E+02  1.7946E+02  3.1661E+01  7.0635E+01  1.0767E+02  1.3999E+02  0.0000E+00  1.6661E+01  2.4309E+01  2.0490E+01
            -2.2270E+00

0ITERATION NO.:   45    OBJECTIVE VALUE:  -3776.81994699822        NO. OF FUNC. EVALS.: 139
 CUMULATIVE NO. OF FUNC. EVALS.:     1162
 NPARAMETR:  9.7518E-01  1.0950E+00  1.2958E+00  9.1308E-01  1.1236E+00  1.1024E+00  1.0000E-02  1.9577E+00  1.1515E+00  1.3112E+00
             1.0621E+00
 PARAMETER:  7.4871E-02  1.9077E-01  3.5915E-01  9.0668E-03  2.1655E-01  1.9753E-01 -1.2380E+01  7.7176E-01  2.4103E-01  3.7093E-01
             1.6021E-01
 GRADIENT:  -1.3600E+01  3.2944E+00  8.2894E+00 -3.5545E+00  6.3448E+00 -2.6174E+00  0.0000E+00  2.8955E+00  1.1653E+00 -2.8333E+00
            -2.9290E+00

0ITERATION NO.:   50    OBJECTIVE VALUE:  -3776.97835188697        NO. OF FUNC. EVALS.: 180
 CUMULATIVE NO. OF FUNC. EVALS.:     1342
 NPARAMETR:  9.7648E-01  1.0933E+00  1.2900E+00  9.1251E-01  1.1172E+00  1.1159E+00  1.0000E-02  1.8827E+00  1.1469E+00  1.3107E+00
             1.0651E+00
 PARAMETER:  7.6200E-02  1.8924E-01  3.5465E-01  8.4408E-03  2.1086E-01  2.0968E-01 -1.2380E+01  7.3270E-01  2.3710E-01  3.7055E-01
             1.6311E-01
 GRADIENT:  -1.0860E+01 -2.2425E+00  9.6191E+00 -5.9117E+00  2.4219E+00  2.4071E+00  0.0000E+00 -1.2566E-02  4.2293E-01 -2.8850E+00
            -1.2706E+00

0ITERATION NO.:   55    OBJECTIVE VALUE:  -3777.08003116996        NO. OF FUNC. EVALS.: 184
 CUMULATIVE NO. OF FUNC. EVALS.:     1526
 NPARAMETR:  9.8391E-01  1.0931E+00  1.2865E+00  9.1567E-01  1.1152E+00  1.1107E+00  1.0000E-02  1.8803E+00  1.1462E+00  1.3241E+00
             1.0656E+00
 PARAMETER:  8.3779E-02  1.8901E-01  3.5195E-01  1.1902E-02  2.0904E-01  2.0501E-01 -1.2380E+01  7.3141E-01  2.3644E-01  3.8075E-01
             1.6354E-01
 GRADIENT:   2.5740E+00  1.6568E+00  9.5006E+00 -2.7132E-01  1.0877E+00  5.7811E-01  0.0000E+00  2.3143E-02  3.6621E-01  2.8114E-01
            -8.7855E-02

0ITERATION NO.:   56    OBJECTIVE VALUE:  -3777.08003116996        NO. OF FUNC. EVALS.:  22
 CUMULATIVE NO. OF FUNC. EVALS.:     1548
 NPARAMETR:  9.8391E-01  1.0931E+00  1.2865E+00  9.1567E-01  1.1152E+00  1.1107E+00  1.0000E-02  1.8803E+00  1.1462E+00  1.3241E+00
             1.0656E+00
 PARAMETER:  8.3779E-02  1.8901E-01  3.5195E-01  1.1902E-02  2.0904E-01  2.0501E-01 -1.2380E+01  7.3141E-01  2.3644E-01  3.8075E-01
             1.6354E-01
 GRADIENT:   2.5740E+00  1.6568E+00  9.5006E+00 -2.7132E-01  1.0877E+00  5.7811E-01  0.0000E+00  2.3143E-02  3.6621E-01  2.8114E-01
            -8.7855E-02
 Elapsed estimation  time in seconds:    25.11
 Elapsed postprocess time in seconds:     0.00
 Elapsed finaloutput time in seconds:     0.00
Done with nonmem execution
Starting NMTRAN
  
 WARNINGS AND ERRORS (IF ANY) FOR PROBLEM    1
             
 (WARNING  2) NM-TRAN INFERS THAT THE DATA ARE POPULATION.
Building NONMEM Executable
Starting nonmem execution ...
License Registered to: University of Minnesota
Expiration Date:    14 APR 2022
Current Date:       30 SEP 2021
Days until program expires : 199


 First Order Conditional Estimation with Interaction
 MONITORING OF SEARCH:


0ITERATION NO.:    0    OBJECTIVE VALUE:  -3871.58891177865        NO. OF FUNC. EVALS.:  13
 CUMULATIVE NO. OF FUNC. EVALS.:       13
 NPARAMETR:  1.0000E+00  1.0000E+00  1.0000E+00  1.0000E+00  1.0000E+00  1.0000E+00  1.0000E+00  1.0000E+00  1.0000E+00  1.0000E+00
             1.0000E+00
 PARAMETER:  1.0000E-01  1.0000E-01  1.0000E-01  1.0000E-01  1.0000E-01  1.0000E-01  1.0000E-01  1.0000E-01  1.0000E-01  1.0000E-01
             1.0000E-01
 GRADIENT:   4.8435E+02  2.0365E+00  7.5874E+01  1.5194E+02  9.6173E+01  3.9691E+01  1.0344E+01 -1.4593E+01  1.0667E+01  3.0034E+01
             1.9597E+00

0ITERATION NO.:    5    OBJECTIVE VALUE:  -3882.08129808709        NO. OF FUNC. EVALS.: 159
 CUMULATIVE NO. OF FUNC. EVALS.:      172
 NPARAMETR:  9.7975E-01  1.0687E+00  8.8639E-01  9.4803E-01  9.7818E-01  1.0225E+00  9.5011E-01  1.0248E+00  1.0284E+00  8.8135E-01
             1.0012E+00
 PARAMETER:  7.9545E-02  1.6640E-01 -2.0596E-02  4.6636E-02  7.7941E-02  1.2229E-01  4.8825E-02  1.2454E-01  1.2796E-01 -2.6297E-02
             1.0120E-01
 GRADIENT:  -9.7898E+00 -1.4428E+00 -9.6949E+00 -3.4242E+00  1.0368E+01  3.8116E+00 -2.5688E+00  2.6963E+00  1.6881E+00 -1.9615E+00
             9.3611E+00

0ITERATION NO.:   10    OBJECTIVE VALUE:  -3882.17915447522        NO. OF FUNC. EVALS.: 181
 CUMULATIVE NO. OF FUNC. EVALS.:      353
 NPARAMETR:  9.8327E-01  1.0520E+00  8.7402E-01  9.5664E-01  9.6362E-01  1.0167E+00  9.7540E-01  9.9463E-01  1.0189E+00  8.5561E-01
             9.9643E-01
 PARAMETER:  8.3125E-02  1.5069E-01 -3.4657E-02  5.5674E-02  6.2945E-02  1.1655E-01  7.5090E-02  9.4618E-02  1.1870E-01 -5.5941E-02
             9.6419E-02
 GRADIENT:  -2.1659E+00 -3.3770E+00 -1.2361E+01 -1.0447E+00  1.2653E+01  1.5960E+00 -1.0466E+00  2.0529E+00 -3.8897E-01 -4.1076E+00
            -3.0653E-01

0ITERATION NO.:   15    OBJECTIVE VALUE:  -3882.33696679310        NO. OF FUNC. EVALS.: 179
 CUMULATIVE NO. OF FUNC. EVALS.:      532
 NPARAMETR:  9.8425E-01  1.0515E+00  8.8247E-01  9.5868E-01  9.5950E-01  1.0125E+00  9.7519E-01  9.7638E-01  1.0190E+00  8.7499E-01
             9.9684E-01
 PARAMETER:  8.4128E-02  1.5025E-01 -2.5033E-02  5.7803E-02  5.8654E-02  1.1245E-01  7.4874E-02  7.6096E-02  1.1881E-01 -3.3546E-02
             9.6834E-02
 GRADIENT:  -4.3574E-02 -4.7573E-02 -4.8684E-02  1.3889E-02  8.5439E-02 -6.6155E-03 -4.0291E-03 -8.5921E-03 -5.1798E-03  1.7842E-02
            -2.0999E-02

0ITERATION NO.:   16    OBJECTIVE VALUE:  -3882.33696679310        NO. OF FUNC. EVALS.:  22
 CUMULATIVE NO. OF FUNC. EVALS.:      554
 NPARAMETR:  9.8425E-01  1.0515E+00  8.8247E-01  9.5868E-01  9.5950E-01  1.0125E+00  9.7519E-01  9.7638E-01  1.0190E+00  8.7499E-01
             9.9684E-01
 PARAMETER:  8.4128E-02  1.5025E-01 -2.5033E-02  5.7803E-02  5.8654E-02  1.1245E-01  7.4874E-02  7.6096E-02  1.1881E-01 -3.3546E-02
             9.6834E-02
 GRADIENT:  -4.3574E-02 -4.7573E-02 -4.8684E-02  1.3889E-02  8.5439E-02 -6.6155E-03 -4.0291E-03 -8.5921E-03 -5.1798E-03  1.7842E-02
            -2.0999E-02
 Elapsed estimation  time in seconds:     8.57
 Elapsed postprocess time in seconds:     0.00
 Elapsed finaloutput time in seconds:     0.00
Done with nonmem execution
Starting NMTRAN
  
 WARNINGS AND ERRORS (IF ANY) FOR PROBLEM    1
             
 (WARNING  2) NM-TRAN INFERS THAT THE DATA ARE POPULATION.
Building NONMEM Executable
Starting nonmem execution ...
License Registered to: University of Minnesota
Expiration Date:    14 APR 2022
Current Date:       30 SEP 2021
Days until program expires : 199


 First Order Conditional Estimation with Interaction
 MONITORING OF SEARCH:


0ITERATION NO.:    0    OBJECTIVE VALUE:  -3804.32133107231        NO. OF FUNC. EVALS.:  13
 CUMULATIVE NO. OF FUNC. EVALS.:       13
 NPARAMETR:  1.0000E+00  1.0000E+00  1.0000E+00  1.0000E+00  1.0000E+00  1.0000E+00  1.0000E+00  1.0000E+00  1.0000E+00  1.0000E+00
             1.0000E+00
 PARAMETER:  1.0000E-01  1.0000E-01  1.0000E-01  1.0000E-01  1.0000E-01  1.0000E-01  1.0000E-01  1.0000E-01  1.0000E-01  1.0000E-01
             1.0000E-01
 GRADIENT:   5.2923E+02 -1.0430E+00  4.3160E+00  6.4543E+01  5.6228E+01  1.8573E+01  1.9725E+01  1.0673E+01 -7.6348E+00  1.2052E+01
            -2.1460E+01

0ITERATION NO.:    5    OBJECTIVE VALUE:  -3814.14901063019        NO. OF FUNC. EVALS.: 160
 CUMULATIVE NO. OF FUNC. EVALS.:      173
 NPARAMETR:  9.2671E-01  1.1320E+00  1.0596E+00  9.5411E-01  1.0600E+00  9.9551E-01  8.8603E-01  9.3872E-01  1.0894E+00  1.0102E+00
             1.0041E+00
 PARAMETER:  2.3888E-02  2.2400E-01  1.5785E-01  5.3024E-02  1.5831E-01  9.5499E-02 -2.1009E-02  3.6765E-02  1.8564E-01  1.1015E-01
             1.0405E-01
 GRADIENT:  -1.6844E+01  2.5650E+01  3.0306E+01 -7.3369E+00 -3.1828E+01 -4.1897E-01  6.6355E+00 -4.3864E+00  2.9863E+00 -7.9088E+00
            -2.2161E+01

0ITERATION NO.:   10    OBJECTIVE VALUE:  -3815.20617942022        NO. OF FUNC. EVALS.: 180
 CUMULATIVE NO. OF FUNC. EVALS.:      353
 NPARAMETR:  9.2899E-01  1.1305E+00  1.0382E+00  9.6100E-01  1.0601E+00  9.9546E-01  7.7273E-01  9.1514E-01  1.1031E+00  1.0745E+00
             1.0139E+00
 PARAMETER:  2.6339E-02  2.2264E-01  1.3745E-01  6.0221E-02  1.5839E-01  9.5453E-02 -1.5783E-01  1.1324E-02  1.9813E-01  1.7185E-01
             1.1385E-01
 GRADIENT:  -1.1588E+01  2.1274E+01  2.0678E+01  8.0168E+00 -2.2129E+01 -2.4953E-01 -2.4689E+00 -2.7025E+00  2.7450E+00  7.2749E-01
            -5.9595E+00

0ITERATION NO.:   15    OBJECTIVE VALUE:  -3815.72155455210        NO. OF FUNC. EVALS.: 177
 CUMULATIVE NO. OF FUNC. EVALS.:      530
 NPARAMETR:  9.3383E-01  1.1149E+00  1.0103E+00  9.6150E-01  1.0594E+00  9.9579E-01  8.0103E-01  9.0672E-01  1.0886E+00  1.0607E+00
             1.0158E+00
 PARAMETER:  3.1538E-02  2.0881E-01  1.1026E-01  6.0738E-02  1.5773E-01  9.5782E-02 -1.2186E-01  2.0791E-03  1.8487E-01  1.5894E-01
             1.1565E-01
 GRADIENT:   4.1691E-02  1.8524E-01 -4.8824E-02  1.1810E-01 -4.0253E-02 -2.9986E-02  9.4073E-03 -7.0213E-03  3.3528E-02 -3.9140E-02
            -5.0682E-02

0ITERATION NO.:   16    OBJECTIVE VALUE:  -3815.72155455210        NO. OF FUNC. EVALS.:  22
 CUMULATIVE NO. OF FUNC. EVALS.:      552
 NPARAMETR:  9.3383E-01  1.1149E+00  1.0103E+00  9.6150E-01  1.0594E+00  9.9579E-01  8.0103E-01  9.0672E-01  1.0886E+00  1.0607E+00
             1.0158E+00
 PARAMETER:  3.1538E-02  2.0881E-01  1.1026E-01  6.0738E-02  1.5773E-01  9.5782E-02 -1.2186E-01  2.0791E-03  1.8487E-01  1.5894E-01
             1.1565E-01
 GRADIENT:   4.1691E-02  1.8524E-01 -4.8824E-02  1.1810E-01 -4.0253E-02 -2.9986E-02  9.4073E-03 -7.0213E-03  3.3528E-02 -3.9140E-02
            -5.0682E-02
 Elapsed estimation  time in seconds:     8.11
 Elapsed postprocess time in seconds:     0.00
 Elapsed finaloutput time in seconds:     0.00
Done with nonmem execution
Starting NMTRAN
  
 WARNINGS AND ERRORS (IF ANY) FOR PROBLEM    1
             
 (WARNING  2) NM-TRAN INFERS THAT THE DATA ARE POPULATION.
Building NONMEM Executable
Starting nonmem execution ...
License Registered to: University of Minnesota
Expiration Date:    14 APR 2022
Current Date:       30 SEP 2021
Days until program expires : 199


 First Order Conditional Estimation with Interaction
 MONITORING OF SEARCH:


0ITERATION NO.:    0    OBJECTIVE VALUE:  -3861.49898248981        NO. OF FUNC. EVALS.:  13
 CUMULATIVE NO. OF FUNC. EVALS.:       13
 NPARAMETR:  1.0000E+00  1.0000E+00  1.0000E+00  1.0000E+00  1.0000E+00  1.0000E+00  1.0000E+00  1.0000E+00  1.0000E+00  1.0000E+00
             1.0000E+00
 PARAMETER:  1.0000E-01  1.0000E-01  1.0000E-01  1.0000E-01  1.0000E-01  1.0000E-01  1.0000E-01  1.0000E-01  1.0000E-01  1.0000E-01
             1.0000E-01
 GRADIENT:   4.8202E+02  7.8334E+01 -4.0527E-01  9.4140E+01  4.1614E+01  2.2228E+01  2.1961E+01  9.3273E+00  3.5702E+00  2.5002E+01
             3.1798E+01

0ITERATION NO.:    5    OBJECTIVE VALUE:  -3865.56120372432        NO. OF FUNC. EVALS.: 161
 CUMULATIVE NO. OF FUNC. EVALS.:      174
 NPARAMETR:  9.8100E-01  1.0111E+00  1.0118E+00  1.0016E+00  1.0092E+00  1.0985E+00  9.2736E-01  9.6193E-01  1.0198E+00  9.1477E-01
             9.8965E-01
 PARAMETER:  8.0814E-02  1.1101E-01  1.1171E-01  1.0161E-01  1.0912E-01  1.9391E-01  2.4588E-02  6.1188E-02  1.1964E-01  1.0914E-02
             8.9600E-02
 GRADIENT:   2.6652E+00  1.4614E+01  5.3743E-02  1.0344E+01 -1.7022E+00  4.6467E+00  4.0639E+00  3.3186E+00 -8.4090E-01  4.1150E-01
             2.5858E+00

0ITERATION NO.:   10    OBJECTIVE VALUE:  -3865.82845293673        NO. OF FUNC. EVALS.: 177
 CUMULATIVE NO. OF FUNC. EVALS.:      351
 NPARAMETR:  9.7844E-01  9.8621E-01  9.9086E-01  1.0056E+00  9.8664E-01  1.0889E+00  8.8547E-01  9.0898E-01  1.0254E+00  9.0898E-01
             9.8646E-01
 PARAMETER:  7.8200E-02  8.6110E-02  9.0819E-02  1.0555E-01  8.6550E-02  1.8521E-01 -2.1632E-02  4.5691E-03  1.2512E-01  4.5704E-03
             8.6363E-02
 GRADIENT:  -2.0513E+00 -1.8237E+00  1.9173E+00 -1.1168E+00 -5.1086E+00  1.2258E+00 -2.3600E+00  1.2190E+00  3.8151E-01 -4.6706E-01
            -5.3144E+00

0ITERATION NO.:   15    OBJECTIVE VALUE:  -3865.88500379440        NO. OF FUNC. EVALS.: 166
 CUMULATIVE NO. OF FUNC. EVALS.:      517
 NPARAMETR:  9.7955E-01  9.9004E-01  9.9114E-01  1.0042E+00  9.9124E-01  1.0858E+00  9.0053E-01  8.9450E-01  1.0245E+00  9.1043E-01
             9.8892E-01
 PARAMETER:  7.9336E-02  8.9986E-02  9.1104E-02  1.0414E-01  9.1198E-02  1.8234E-01 -4.7721E-03 -1.1491E-02  1.2423E-01  6.1582E-03
             8.8856E-02
 GRADIENT:   1.6651E-03 -9.9108E-02  1.5227E-01 -6.6030E-02 -3.4734E-01  6.2318E-02 -1.1087E-01  1.3353E-05  5.2875E-02 -5.9835E-02
            -4.1471E-01
 Elapsed estimation  time in seconds:     8.01
 Elapsed postprocess time in seconds:     0.00
 Elapsed finaloutput time in seconds:     0.00
Done with nonmem execution
