Starting NMTRAN
  
 WARNINGS AND ERRORS (IF ANY) FOR PROBLEM    1
             
 (WARNING  2) NM-TRAN INFERS THAT THE DATA ARE POPULATION.
Building NONMEM Executable
Starting nonmem execution ...
License Registered to: University of Minnesota
Expiration Date:    14 APR 2022
Current Date:       30 SEP 2021
Days until program expires : 199


 First Order Conditional Estimation with Interaction
 MONITORING OF SEARCH:


0ITERATION NO.:    0    OBJECTIVE VALUE:  -3292.24482664698        NO. OF FUNC. EVALS.:  13
 CUMULATIVE NO. OF FUNC. EVALS.:       13
 NPARAMETR:  1.0000E+00  1.0000E+00  1.0000E+00  1.0000E+00  1.0000E+00  1.0000E+00  1.0000E+00  1.0000E+00  1.0000E+00  1.0000E+00
             1.0000E+00
 PARAMETER:  1.0000E-01  1.0000E-01  1.0000E-01  1.0000E-01  1.0000E-01  1.0000E-01  1.0000E-01  1.0000E-01  1.0000E-01  1.0000E-01
             1.0000E-01
 GRADIENT:   4.4937E+02  1.3581E+02  1.1071E+02  8.9916E+01  5.0752E+01  4.8436E+01 -3.1571E+01 -4.5562E+01  1.5690E+01 -1.8703E+01
            -1.0183E+03

0ITERATION NO.:    5    OBJECTIVE VALUE:  -3460.10191232933        NO. OF FUNC. EVALS.:  70
 CUMULATIVE NO. OF FUNC. EVALS.:       83
 NPARAMETR:  9.6155E-01  8.5325E-01  8.2766E-01  1.0809E+00  8.3862E-01  9.8219E-01  1.0532E+00  9.4516E-01  9.4501E-01  9.6085E-01
             1.4001E+00
 PARAMETER:  6.0794E-02 -5.8702E-02 -8.9149E-02  1.7783E-01 -7.5994E-02  8.2026E-02  1.5187E-01  4.3602E-02  4.3443E-02  6.0063E-02
             4.3652E-01
 GRADIENT:   1.3379E+02  4.8744E+01  2.5221E+01  1.1285E+02 -5.5150E+00  2.1229E+01 -4.8014E+00  1.0055E+01  7.7316E+00  6.8246E+00
            -3.6920E+00

0ITERATION NO.:   10    OBJECTIVE VALUE:  -3462.94146468840        NO. OF FUNC. EVALS.: 117
 CUMULATIVE NO. OF FUNC. EVALS.:      200
 NPARAMETR:  9.7257E-01  7.5768E-01  7.1387E-01  1.0955E+00  7.2483E-01  9.8883E-01  1.2773E+00  6.7011E-01  9.3842E-01  7.7259E-01
             1.3893E+00
 PARAMETER:  7.2183E-02 -1.7750E-01 -2.3706E-01  1.9123E-01 -2.2182E-01  8.8762E-02  3.4474E-01 -3.0032E-01  3.6440E-02 -1.5801E-01
             4.2880E-01
 GRADIENT:  -6.3270E+01  3.1282E+01  3.5223E+01 -4.1091E+01 -5.9243E+01  1.5168E+00  2.1514E+00 -2.7280E-01 -9.6259E-01 -7.7865E+00
            -2.1455E+01

0ITERATION NO.:   15    OBJECTIVE VALUE:  -3465.35357024664        NO. OF FUNC. EVALS.: 177
 CUMULATIVE NO. OF FUNC. EVALS.:      377
 NPARAMETR:  9.9558E-01  7.5899E-01  7.1313E-01  1.1061E+00  7.4854E-01  9.8818E-01  1.2307E+00  6.1132E-01  9.4022E-01  8.3254E-01
             1.4067E+00
 PARAMETER:  9.5567E-02 -1.7577E-01 -2.3809E-01  2.0088E-01 -1.8963E-01  8.8109E-02  3.0757E-01 -3.9213E-01  3.8354E-02 -8.3271E-02
             4.4124E-01
 GRADIENT:  -1.1220E+01  8.4952E+00 -5.4712E-01 -8.2665E+00  1.8048E+00  3.1399E+00  6.9161E-01 -2.1268E+00  1.2983E+00 -8.1626E-01
            -1.3619E+00

0ITERATION NO.:   20    OBJECTIVE VALUE:  -3465.89955948433        NO. OF FUNC. EVALS.: 175
 CUMULATIVE NO. OF FUNC. EVALS.:      552
 NPARAMETR:  1.0003E+00  6.8700E-01  6.5395E-01  1.1348E+00  6.8044E-01  9.7916E-01  1.2871E+00  5.7801E-01  9.3375E-01  7.7624E-01
             1.4008E+00
 PARAMETER:  1.0030E-01 -2.7542E-01 -3.2472E-01  2.2647E-01 -2.8502E-01  7.8937E-02  3.5239E-01 -4.4816E-01  3.1452E-02 -1.5330E-01
             4.3707E-01
 GRADIENT:  -1.1921E-01  2.6822E-01  1.3843E-01 -2.8469E-02 -3.2361E-01 -3.8059E-01 -4.9935E-02 -2.2177E-02  7.1414E-02  3.2001E-02
            -1.1302E-01

0ITERATION NO.:   23    OBJECTIVE VALUE:  -3465.90009273895        NO. OF FUNC. EVALS.:  91
 CUMULATIVE NO. OF FUNC. EVALS.:      643
 NPARAMETR:  1.0007E+00  6.8690E-01  6.5389E-01  1.1346E+00  6.8044E-01  9.8023E-01  1.2878E+00  5.7849E-01  9.3357E-01  7.7608E-01
             1.4009E+00
 PARAMETER:  1.0069E-01 -2.7556E-01 -3.2481E-01  2.2624E-01 -2.8501E-01  8.0035E-02  3.5296E-01 -4.4734E-01  3.1263E-02 -1.5350E-01
             4.3712E-01
 GRADIENT:   7.8259E-01  1.0559E-01  1.3885E-02 -5.7721E-01 -1.6787E-01  5.0852E-02  3.8842E-02  8.0748E-03 -3.8903E-03  5.1354E-02
             6.0823E-02
 Elapsed estimation  time in seconds:     9.05
 Elapsed postprocess time in seconds:     0.00
 Elapsed finaloutput time in seconds:     0.01
Done with nonmem execution
Starting NMTRAN
  
 WARNINGS AND ERRORS (IF ANY) FOR PROBLEM    1
             
 (WARNING  2) NM-TRAN INFERS THAT THE DATA ARE POPULATION.
Building NONMEM Executable
Starting nonmem execution ...
License Registered to: University of Minnesota
Expiration Date:    14 APR 2022
Current Date:       30 SEP 2021
Days until program expires : 199


 First Order Conditional Estimation with Interaction
 MONITORING OF SEARCH:


0ITERATION NO.:    0    OBJECTIVE VALUE:  -3277.65705033657        NO. OF FUNC. EVALS.:  13
 CUMULATIVE NO. OF FUNC. EVALS.:       13
 NPARAMETR:  1.0000E+00  1.0000E+00  1.0000E+00  1.0000E+00  1.0000E+00  1.0000E+00  1.0000E+00  1.0000E+00  1.0000E+00  1.0000E+00
             1.0000E+00
 PARAMETER:  1.0000E-01  1.0000E-01  1.0000E-01  1.0000E-01  1.0000E-01  1.0000E-01  1.0000E-01  1.0000E-01  1.0000E-01  1.0000E-01
             1.0000E-01
 GRADIENT:   4.7079E+02  1.6264E+02  6.9700E+01  5.6147E+01  7.9349E+01  3.4261E+01 -9.3834E+01 -5.3508E+01  1.8448E+01 -5.6765E+01
            -8.9385E+02

0ITERATION NO.:    5    OBJECTIVE VALUE:  -3416.80734691051        NO. OF FUNC. EVALS.:  71
 CUMULATIVE NO. OF FUNC. EVALS.:       84
 NPARAMETR:  1.0273E+00  7.4952E-01  7.5507E-01  1.1955E+00  7.7061E-01  1.0136E+00  1.2751E+00  9.6717E-01  8.4017E-01  1.0063E+00
             1.5627E+00
 PARAMETER:  1.2692E-01 -1.8832E-01 -1.8095E-01  2.7857E-01 -1.6058E-01  1.1355E-01  3.4300E-01  6.6621E-02 -7.4156E-02  1.0629E-01
             5.4641E-01
 GRADIENT:   3.1490E+02  5.0440E+01 -4.1158E+01  2.7406E+02  8.9401E+01  1.7160E+01  1.7924E+01  2.2423E+01 -1.8213E+01  2.7594E+01
             2.2114E+02

0ITERATION NO.:   10    OBJECTIVE VALUE:  -3419.76435824218        NO. OF FUNC. EVALS.: 142
 CUMULATIVE NO. OF FUNC. EVALS.:      226
 NPARAMETR:  1.0417E+00  7.6937E-01  7.6153E-01  1.1815E+00  7.6076E-01  1.0758E+00  1.4393E+00  9.1653E-01  8.6291E-01  9.6735E-01
             1.5380E+00
 PARAMETER:  1.4083E-01 -1.6218E-01 -1.7242E-01  2.6681E-01 -1.7344E-01  1.7309E-01  4.6415E-01  1.2839E-02 -4.7443E-02  6.6807E-02
             5.3051E-01
 GRADIENT:   1.1873E+02  3.4023E+01 -3.1085E+01  1.1083E+02  1.3743E+01  2.0346E+01  2.6144E+01  1.8614E+01 -1.3511E+01  1.9349E+01
             1.9073E+02

0ITERATION NO.:   15    OBJECTIVE VALUE:  -3439.69209263180        NO. OF FUNC. EVALS.: 175
 CUMULATIVE NO. OF FUNC. EVALS.:      401
 NPARAMETR:  1.0012E+00  7.4377E-01  7.0905E-01  1.1687E+00  7.3084E-01  9.8059E-01  1.3407E+00  7.0137E-01  9.0420E-01  8.1683E-01
             1.3947E+00
 PARAMETER:  1.0118E-01 -1.9602E-01 -2.4383E-01  2.5590E-01 -2.1355E-01  8.0403E-02  3.9319E-01 -2.5471E-01 -7.0662E-04 -1.0232E-01
             4.3270E-01
 GRADIENT:   5.4688E+01  4.0683E+01 -4.9521E+01  6.6933E+01  5.3218E+01 -8.5620E+00  4.8532E+00  2.5650E+00 -2.8063E+00 -5.5774E+00
            -3.8695E+00

0ITERATION NO.:   20    OBJECTIVE VALUE:  -3453.42661386625        NO. OF FUNC. EVALS.: 179
 CUMULATIVE NO. OF FUNC. EVALS.:      580
 NPARAMETR:  9.7540E-01  4.2369E-01  4.1303E-01  1.2159E+00  4.2701E-01  1.0293E+00  1.4364E+00  3.5101E-01  8.9811E-01  5.7827E-01
             1.3875E+00
 PARAMETER:  7.5095E-02 -7.5874E-01 -7.8423E-01  2.9550E-01 -7.5094E-01  1.2888E-01  4.6212E-01 -9.4694E-01 -7.4579E-03 -4.4771E-01
             4.2751E-01
 GRADIENT:  -2.2580E+00 -1.8765E+01 -2.4209E+01  3.5467E+01  4.5549E+01  1.1577E+01 -3.7459E+00 -3.3139E-01 -5.2536E+00 -3.2607E+00
             5.4192E+00

0ITERATION NO.:   25    OBJECTIVE VALUE:  -3454.36649365112        NO. OF FUNC. EVALS.: 178
 CUMULATIVE NO. OF FUNC. EVALS.:      758            RESET HESSIAN, TYPE II
 NPARAMETR:  9.7665E-01  4.2917E-01  4.1061E-01  1.1986E+00  4.2141E-01  9.9821E-01  1.4537E+00  3.5872E-01  9.1117E-01  5.9057E-01
             1.3820E+00
 PARAMETER:  7.6375E-02 -7.4590E-01 -7.9011E-01  2.8115E-01 -7.6414E-01  9.8210E-02  4.7410E-01 -9.2521E-01  6.9778E-03 -4.2667E-01
             4.2350E-01
 GRADIENT:   2.0031E+02  1.3571E+02  8.5673E+01  1.8567E+02  3.7772E+02  1.8005E+01  1.6916E+01  1.2512E+00  6.6177E+00  7.4387E+00
             8.7454E+00

0ITERATION NO.:   27    OBJECTIVE VALUE:  -3454.36649365112        NO. OF FUNC. EVALS.:  55
 CUMULATIVE NO. OF FUNC. EVALS.:      813
 NPARAMETR:  9.7665E-01  4.2917E-01  4.1061E-01  1.1986E+00  4.2141E-01  9.9821E-01  1.4537E+00  3.5872E-01  9.1117E-01  5.9057E-01
             1.3820E+00
 PARAMETER:  7.6375E-02 -7.4590E-01 -7.9011E-01  2.8115E-01 -7.6414E-01  9.8210E-02  4.7410E-01 -9.2521E-01  6.9778E-03 -4.2667E-01
             4.2350E-01
 GRADIENT:   5.8978E-01  9.4035E-01 -1.2705E+00 -4.0696E-01  4.0271E-01  3.0406E-02  1.9251E-01  6.2069E-02 -2.1846E-01  3.0989E-01
             1.1273E+00
 Elapsed estimation  time in seconds:    11.62
 Elapsed postprocess time in seconds:     0.00
 Elapsed finaloutput time in seconds:     0.00
Done with nonmem execution
Starting NMTRAN
  
 WARNINGS AND ERRORS (IF ANY) FOR PROBLEM    1
             
 (WARNING  2) NM-TRAN INFERS THAT THE DATA ARE POPULATION.
Building NONMEM Executable
Starting nonmem execution ...
License Registered to: University of Minnesota
Expiration Date:    14 APR 2022
Current Date:       30 SEP 2021
Days until program expires : 199


 First Order Conditional Estimation with Interaction
 MONITORING OF SEARCH:


0ITERATION NO.:    0    OBJECTIVE VALUE:  -3713.37456103119        NO. OF FUNC. EVALS.:  13
 CUMULATIVE NO. OF FUNC. EVALS.:       13
 NPARAMETR:  1.0000E+00  1.0000E+00  1.0000E+00  1.0000E+00  1.0000E+00  1.0000E+00  1.0000E+00  1.0000E+00  1.0000E+00  1.0000E+00
             1.0000E+00
 PARAMETER:  1.0000E-01  1.0000E-01  1.0000E-01  1.0000E-01  1.0000E-01  1.0000E-01  1.0000E-01  1.0000E-01  1.0000E-01  1.0000E-01
             1.0000E-01
 GRADIENT:   4.0371E+02  9.7999E+00  6.9946E+01  3.5376E+01  7.8154E+01  5.2449E+01 -4.9306E+01 -3.3380E+01  9.1646E+00  2.6114E+01
            -3.2206E+02

0ITERATION NO.:    5    OBJECTIVE VALUE:  -3746.91858505976        NO. OF FUNC. EVALS.:  74
 CUMULATIVE NO. OF FUNC. EVALS.:       87
 NPARAMETR:  1.0247E+00  8.7812E-01  8.2580E-01  1.1069E+00  8.1081E-01  9.4843E-01  1.1818E+00  9.8107E-01  9.7640E-01  7.7730E-01
             1.1521E+00
 PARAMETER:  1.2441E-01 -2.9968E-02 -9.1403E-02  2.0152E-01 -1.0972E-01  4.7050E-02  2.6707E-01  8.0889E-02  7.6117E-02 -1.5193E-01
             2.4161E-01
 GRADIENT:   4.2388E+02  5.2647E+01  2.9752E+01  1.7409E+02 -8.6110E+00  1.5391E+01  3.2909E+00  1.0828E+01  8.6790E+00  1.8338E+01
             1.5467E+01

0ITERATION NO.:   10    OBJECTIVE VALUE:  -3749.83681028300        NO. OF FUNC. EVALS.:  71
 CUMULATIVE NO. OF FUNC. EVALS.:      158
 NPARAMETR:  1.0148E+00  8.4293E-01  7.8574E-01  1.1171E+00  7.8981E-01  1.0379E+00  1.2160E+00  6.9540E-01  9.8036E-01  6.5834E-01
             1.1972E+00
 PARAMETER:  1.1468E-01 -7.0867E-02 -1.4113E-01  2.1072E-01 -1.3597E-01  1.3724E-01  2.9559E-01 -2.6327E-01  8.0167E-02 -3.1803E-01
             2.7999E-01
 GRADIENT:   3.4080E+02  3.0850E+01  2.8832E+01  1.7161E+02  3.4223E+01  6.3871E+01  1.3323E+01  1.3124E+00  7.1302E+00  1.3274E+01
             5.2082E+01

0ITERATION NO.:   15    OBJECTIVE VALUE:  -3751.72741415310        NO. OF FUNC. EVALS.: 182
 CUMULATIVE NO. OF FUNC. EVALS.:      340
 NPARAMETR:  1.0175E+00  8.7850E-01  7.9493E-01  1.0994E+00  8.1643E-01  1.0023E+00  1.2573E+00  7.3433E-01  9.9842E-01  6.0086E-01
             1.1690E+00
 PARAMETER:  1.1730E-01 -2.9535E-02 -1.2951E-01  1.9477E-01 -1.0282E-01  1.0233E-01  3.2899E-01 -2.0879E-01  9.8421E-02 -4.0940E-01
             2.5615E-01
 GRADIENT:  -2.6654E+00  2.1346E+00 -2.0930E+00  4.7476E-02  1.4674E+00  2.4297E+00 -8.1140E-01 -6.5417E-01  3.6799E-02 -3.7151E-01
             1.9406E-01

0ITERATION NO.:   19    OBJECTIVE VALUE:  -3751.75376175708        NO. OF FUNC. EVALS.: 127
 CUMULATIVE NO. OF FUNC. EVALS.:      467
 NPARAMETR:  1.0188E+00  8.7409E-01  7.9535E-01  1.1007E+00  8.1425E-01  9.9619E-01  1.2644E+00  7.4674E-01  9.9718E-01  6.0049E-01
             1.1677E+00
 PARAMETER:  1.1865E-01 -3.4577E-02 -1.2897E-01  1.9591E-01 -1.0549E-01  9.6183E-02  3.3463E-01 -1.9203E-01  9.7179E-02 -4.1001E-01
             2.5503E-01
 GRADIENT:   3.2025E-01 -4.3238E-02  2.4023E-01 -3.4233E-01 -2.0383E-01  3.7182E-04 -5.3887E-02 -1.6579E-02  1.8634E-02  1.8176E-02
             6.5155E-02
 Elapsed estimation  time in seconds:     6.12
 Elapsed postprocess time in seconds:     0.00
 Elapsed finaloutput time in seconds:     0.01
Done with nonmem execution
Starting NMTRAN
  
 WARNINGS AND ERRORS (IF ANY) FOR PROBLEM    1
             
 (WARNING  2) NM-TRAN INFERS THAT THE DATA ARE POPULATION.
Building NONMEM Executable
Starting nonmem execution ...
License Registered to: University of Minnesota
Expiration Date:    14 APR 2022
Current Date:       30 SEP 2021
Days until program expires : 199


 First Order Conditional Estimation with Interaction
 MONITORING OF SEARCH:


0ITERATION NO.:    0    OBJECTIVE VALUE:  -3334.76160722648        NO. OF FUNC. EVALS.:  13
 CUMULATIVE NO. OF FUNC. EVALS.:       13
 NPARAMETR:  1.0000E+00  1.0000E+00  1.0000E+00  1.0000E+00  1.0000E+00  1.0000E+00  1.0000E+00  1.0000E+00  1.0000E+00  1.0000E+00
             1.0000E+00
 PARAMETER:  1.0000E-01  1.0000E-01  1.0000E-01  1.0000E-01  1.0000E-01  1.0000E-01  1.0000E-01  1.0000E-01  1.0000E-01  1.0000E-01
             1.0000E-01
 GRADIENT:   4.9501E+02  7.9714E+01 -3.0716E+01  1.0892E+02  1.5929E+02  2.5995E+01 -1.4970E+00 -1.4627E+01 -8.5117E+00 -2.3679E+01
            -9.5986E+02

0ITERATION NO.:    5    OBJECTIVE VALUE:  -3468.30286607803        NO. OF FUNC. EVALS.: 117
 CUMULATIVE NO. OF FUNC. EVALS.:      130
 NPARAMETR:  1.0236E+00  9.3280E-01  9.9818E-01  1.0737E+00  8.4256E-01  1.0658E+00  9.5743E-01  9.9983E-01  1.0412E+00  1.0264E+00
             1.5046E+00
 PARAMETER:  1.2332E-01  3.0441E-02  9.8177E-02  1.7115E-01 -7.1314E-02  1.6372E-01  5.6501E-02  9.9829E-02  1.4041E-01  1.2607E-01
             5.0852E-01
 GRADIENT:   9.0240E+01  3.7681E+01  2.9673E+01  4.3374E+01 -9.0660E+01  1.5930E+00  6.0561E+00  5.3917E+00  5.8721E+00  3.5908E+00
             1.6552E+02

0ITERATION NO.:   10    OBJECTIVE VALUE:  -3470.17867367610        NO. OF FUNC. EVALS.: 177
 CUMULATIVE NO. OF FUNC. EVALS.:      307
 NPARAMETR:  1.0153E+00  9.4574E-01  9.8018E-01  1.0639E+00  8.5150E-01  1.0809E+00  7.4999E-01  8.6828E-01  1.0513E+00  1.0905E+00
             1.5009E+00
 PARAMETER:  1.1521E-01  4.4216E-02  7.9986E-02  1.6193E-01 -6.0755E-02  1.7778E-01 -1.8769E-01 -4.1238E-02  1.5005E-01  1.8661E-01
             5.0604E-01
 GRADIENT:   7.2264E+01  3.9254E+01  3.1011E+01  4.4169E+01 -7.7532E+01  8.2442E+00 -9.0338E+00 -2.1246E-01  8.9959E-01  2.3648E+00
             1.5232E+02

0ITERATION NO.:   15    OBJECTIVE VALUE:  -3482.33334827741        NO. OF FUNC. EVALS.: 177
 CUMULATIVE NO. OF FUNC. EVALS.:      484
 NPARAMETR:  9.7467E-01  9.8137E-01  1.0091E+00  1.0141E+00  9.3284E-01  1.0521E+00  9.0249E-01  9.5751E-01  1.0446E+00  1.0514E+00
             1.3863E+00
 PARAMETER:  7.4339E-02  8.1194E-02  1.0902E-01  1.1396E-01  3.0479E-02  1.5077E-01 -2.5949E-03  5.6580E-02  1.4360E-01  1.5009E-01
             4.2663E-01
 GRADIENT:  -3.1040E+00 -5.4777E-01  5.4073E-01 -1.2211E+00  6.7038E-01  8.0509E-02  3.7537E-01 -9.9973E-01 -3.3217E-01 -3.0742E-01
            -7.6606E-03

0ITERATION NO.:   19    OBJECTIVE VALUE:  -3482.34956672862        NO. OF FUNC. EVALS.: 127
 CUMULATIVE NO. OF FUNC. EVALS.:      611
 NPARAMETR:  9.7616E-01  9.8308E-01  1.0139E+00  1.0142E+00  9.3501E-01  1.0518E+00  8.9766E-01  9.8215E-01  1.0457E+00  1.0527E+00
             1.3861E+00
 PARAMETER:  7.5870E-02  8.2931E-02  1.1381E-01  1.1407E-01  3.2802E-02  1.5052E-01 -7.9600E-03  8.1989E-02  1.4468E-01  1.5134E-01
             4.2648E-01
 GRADIENT:  -7.2889E-02 -1.4294E-02 -1.2845E-02 -3.5460E-02  1.4287E-02 -7.1629E-03  1.8621E-03  9.7054E-03  5.4024E-04 -4.5330E-04
             2.0136E-02
 Elapsed estimation  time in seconds:     8.80
 Elapsed postprocess time in seconds:     0.00
 Elapsed finaloutput time in seconds:     0.00
Done with nonmem execution
Starting NMTRAN
  
 WARNINGS AND ERRORS (IF ANY) FOR PROBLEM    1
             
 (WARNING  2) NM-TRAN INFERS THAT THE DATA ARE POPULATION.
Building NONMEM Executable
Starting nonmem execution ...
License Registered to: University of Minnesota
Expiration Date:    14 APR 2022
Current Date:       30 SEP 2021
Days until program expires : 199


 First Order Conditional Estimation with Interaction
 MONITORING OF SEARCH:


0ITERATION NO.:    0    OBJECTIVE VALUE:  -3296.18656113654        NO. OF FUNC. EVALS.:  13
 CUMULATIVE NO. OF FUNC. EVALS.:       13
 NPARAMETR:  1.0000E+00  1.0000E+00  1.0000E+00  1.0000E+00  1.0000E+00  1.0000E+00  1.0000E+00  1.0000E+00  1.0000E+00  1.0000E+00
             1.0000E+00
 PARAMETER:  1.0000E-01  1.0000E-01  1.0000E-01  1.0000E-01  1.0000E-01  1.0000E-01  1.0000E-01  1.0000E-01  1.0000E-01  1.0000E-01
             1.0000E-01
 GRADIENT:   5.1616E+02  9.2283E+01  7.9078E+01  4.8864E+01  7.7969E+01  3.4553E+01 -4.2448E+00  4.3710E+00  1.8397E+01 -1.8231E+01
            -1.0155E+03

0ITERATION NO.:    5    OBJECTIVE VALUE:  -3460.16617695788        NO. OF FUNC. EVALS.: 116
 CUMULATIVE NO. OF FUNC. EVALS.:      129
 NPARAMETR:  9.7167E-01  8.4936E-01  8.1784E-01  1.1128E+00  8.3535E-01  9.2801E-01  9.5524E-01  8.4240E-01  9.0543E-01  9.9108E-01
             1.3865E+00
 PARAMETER:  7.1257E-02 -6.3268E-02 -1.0109E-01  2.0685E-01 -7.9899E-02  2.5291E-02  5.4203E-02 -7.1496E-02  6.5020E-04  9.1041E-02
             4.2676E-01
 GRADIENT:   6.3230E+01 -2.7978E+00 -2.1249E+01  4.0440E+01  1.8498E+01 -1.5416E+01 -2.1213E+00  2.0895E+01 -1.2916E+01  6.6133E+00
            -7.2006E+00

0ITERATION NO.:   10    OBJECTIVE VALUE:  -3466.18551869751        NO. OF FUNC. EVALS.: 178
 CUMULATIVE NO. OF FUNC. EVALS.:      307
 NPARAMETR:  9.6039E-01  8.1546E-01  7.6777E-01  1.1330E+00  7.7769E-01  9.0744E-01  9.6966E-01  3.7906E-01  8.9076E-01  9.8630E-01
             1.3824E+00
 PARAMETER:  5.9586E-02 -1.0400E-01 -1.6426E-01  2.2491E-01 -1.5143E-01  2.8687E-03  6.9188E-02 -8.7006E-01 -1.5682E-02  8.6210E-02
             4.2385E-01
 GRADIENT:   3.5352E+01  2.6940E+01 -2.5178E+01  4.8339E+01 -1.4987E+00 -2.3763E+01 -1.2701E+00  2.3102E+00 -1.9646E+01  6.0810E+00
            -2.3340E+01

0ITERATION NO.:   15    OBJECTIVE VALUE:  -3468.83417386207        NO. OF FUNC. EVALS.: 180
 CUMULATIVE NO. OF FUNC. EVALS.:      487
 NPARAMETR:  9.4740E-01  8.2988E-01  7.9924E-01  1.1025E+00  8.0494E-01  9.5599E-01  9.4919E-01  3.4883E-01  9.4098E-01  9.8637E-01
             1.3985E+00
 PARAMETER:  4.5968E-02 -8.6479E-02 -1.2409E-01  1.9756E-01 -1.1699E-01  5.4990E-02  4.7857E-02 -9.5318E-01  3.9164E-02  8.6271E-02
             4.3540E-01
 GRADIENT:  -5.5381E-01  6.4430E-02 -9.5993E-01 -8.4619E-01 -9.8430E-01 -1.7481E+00 -1.9886E+00  1.5729E+00 -1.3509E+00  1.1780E+00
             4.6186E-01

0ITERATION NO.:   20    OBJECTIVE VALUE:  -3469.30669736863        NO. OF FUNC. EVALS.: 175
 CUMULATIVE NO. OF FUNC. EVALS.:      662
 NPARAMETR:  9.4763E-01  8.1885E-01  7.9189E-01  1.1073E+00  7.9537E-01  9.6035E-01  9.7351E-01  9.8968E-02  9.4303E-01  9.8530E-01
             1.4023E+00
 PARAMETER:  4.6214E-02 -9.9859E-02 -1.3334E-01  2.0197E-01 -1.2894E-01  5.9543E-02  7.3148E-02 -2.2130E+00  4.1344E-02  8.5195E-02
             4.3809E-01
 GRADIENT:   1.6819E-01 -5.6349E-01  7.9671E-01  5.5331E-03 -4.6954E-01  1.0096E-01  1.1370E-01  2.6728E-02  1.5808E-01  2.9676E-01
             5.6642E-01

0ITERATION NO.:   25    OBJECTIVE VALUE:  -3469.31579505084        NO. OF FUNC. EVALS.: 175
 CUMULATIVE NO. OF FUNC. EVALS.:      837
 NPARAMETR:  9.4755E-01  8.1877E-01  7.9123E-01  1.1074E+00  7.9507E-01  9.6007E-01  9.7293E-01  1.1355E-02  9.4271E-01  9.8528E-01
             1.4025E+00
 PARAMETER:  4.6126E-02 -9.9953E-02 -1.3417E-01  2.0204E-01 -1.2932E-01  5.9255E-02  7.2559E-02 -4.3781E+00  4.1004E-02  8.5170E-02
             4.3823E-01
 GRADIENT:  -3.6919E-02  2.8310E-02  7.2239E-02  5.7957E-02 -1.1063E-01 -7.5125E-03  1.3291E-02  2.6841E-04 -2.4212E-03  1.3976E-02
             3.8983E-02

0ITERATION NO.:   27    OBJECTIVE VALUE:  -3469.31584744617        NO. OF FUNC. EVALS.:  57
 CUMULATIVE NO. OF FUNC. EVALS.:      894
 NPARAMETR:  9.4758E-01  8.1891E-01  7.9134E-01  1.1073E+00  7.9527E-01  9.6012E-01  9.7270E-01  1.0000E-02  9.4273E-01  9.8539E-01
             1.4024E+00
 PARAMETER:  4.6154E-02 -9.9783E-02 -1.3403E-01  2.0195E-01 -1.2907E-01  5.9299E-02  7.2317E-02 -4.9386E+00  4.1027E-02  8.5279E-02
             4.3821E-01
 GRADIENT:   3.0355E-02 -2.8127E-02  9.5506E-03  9.3515E-04  2.8894E-02  9.6570E-03 -6.8665E-03  0.0000E+00 -5.7400E-03  5.8008E-03
            -1.1912E-02
 Elapsed estimation  time in seconds:    13.12
 Elapsed postprocess time in seconds:     0.00
 Elapsed finaloutput time in seconds:     0.00
Done with nonmem execution
Starting NMTRAN
  
 WARNINGS AND ERRORS (IF ANY) FOR PROBLEM    1
             
 (WARNING  2) NM-TRAN INFERS THAT THE DATA ARE POPULATION.
Building NONMEM Executable
Starting nonmem execution ...
License Registered to: University of Minnesota
Expiration Date:    14 APR 2022
Current Date:       30 SEP 2021
Days until program expires : 199


 First Order Conditional Estimation with Interaction
 MONITORING OF SEARCH:


0ITERATION NO.:    0    OBJECTIVE VALUE:  -3647.82797516423        NO. OF FUNC. EVALS.:  13
 CUMULATIVE NO. OF FUNC. EVALS.:       13
 NPARAMETR:  1.0000E+00  1.0000E+00  1.0000E+00  1.0000E+00  1.0000E+00  1.0000E+00  1.0000E+00  1.0000E+00  1.0000E+00  1.0000E+00
             1.0000E+00
 PARAMETER:  1.0000E-01  1.0000E-01  1.0000E-01  1.0000E-01  1.0000E-01  1.0000E-01  1.0000E-01  1.0000E-01  1.0000E-01  1.0000E-01
             1.0000E-01
 GRADIENT:   4.4811E+02  4.9596E+01 -9.1260E+01  8.9059E+01  2.0903E+02  5.7961E+01 -1.3644E+01  6.7553E-01 -2.3917E+00 -3.1981E+01
            -4.4445E+02

0ITERATION NO.:    5    OBJECTIVE VALUE:  -3687.83470247629        NO. OF FUNC. EVALS.: 136
 CUMULATIVE NO. OF FUNC. EVALS.:      149
 NPARAMETR:  9.5140E-01  9.8651E-01  1.1013E+00  1.0220E+00  9.4851E-01  9.3793E-01  1.0635E+00  9.2183E-01  9.8216E-01  1.0836E+00
             1.3137E+00
 PARAMETER:  5.0179E-02  8.6418E-02  1.9652E-01  1.2173E-01  4.7139E-02  3.5922E-02  1.6157E-01  1.8608E-02  8.1995E-02  1.8033E-01
             3.7286E-01
 GRADIENT:  -1.2045E+02 -2.1679E+01 -2.4546E+01 -4.2813E+00  2.1663E+01 -1.6314E+01  3.2262E+00  1.3393E+01  8.2958E-01  1.6561E+00
             1.7734E+02

0ITERATION NO.:   10    OBJECTIVE VALUE:  -3690.84300511530        NO. OF FUNC. EVALS.: 175
 CUMULATIVE NO. OF FUNC. EVALS.:      324
 NPARAMETR:  9.5185E-01  9.6065E-01  1.0786E+00  1.0167E+00  9.2795E-01  9.6261E-01  1.0519E+00  5.4257E-01  9.8949E-01  1.0393E+00
             1.3150E+00
 PARAMETER:  5.0653E-02  5.9853E-02  1.7570E-01  1.1652E-01  2.5221E-02  6.1890E-02  1.5059E-01 -5.1144E-01  8.9438E-02  1.3850E-01
             3.7387E-01
 GRADIENT:  -1.1274E+02 -3.7778E+01 -9.2424E+00 -3.1791E+01  2.3926E+01 -5.4076E+00 -1.6901E+00  2.5261E+00  6.5932E-01 -7.6561E+00
             1.7012E+02

0ITERATION NO.:   15    OBJECTIVE VALUE:  -3701.80785450576        NO. OF FUNC. EVALS.: 177
 CUMULATIVE NO. OF FUNC. EVALS.:      501
 NPARAMETR:  9.9722E-01  9.8355E-01  1.0881E+00  1.0265E+00  9.2426E-01  9.6218E-01  1.0787E+00  5.1729E-01  9.9325E-01  1.0841E+00
             1.2079E+00
 PARAMETER:  9.7212E-02  8.3416E-02  1.8446E-01  1.2618E-01  2.1242E-02  6.1448E-02  1.7577E-01 -5.5916E-01  9.3231E-02  1.8075E-01
             2.8890E-01
 GRADIENT:  -1.4231E-02 -6.4799E-01  8.7145E-01  3.8655E-01 -8.6846E-01 -5.2993E-01  8.6636E-02  3.4307E-01 -2.3362E-01 -1.8497E-01
            -1.0949E+00

0ITERATION NO.:   19    OBJECTIVE VALUE:  -3701.82094421777        NO. OF FUNC. EVALS.: 127
 CUMULATIVE NO. OF FUNC. EVALS.:      628
 NPARAMETR:  9.9724E-01  9.8367E-01  1.0842E+00  1.0262E+00  9.2349E-01  9.6349E-01  1.0778E+00  4.8677E-01  9.9474E-01  1.0852E+00
             1.2092E+00
 PARAMETER:  9.7236E-02  8.3531E-02  1.8089E-01  1.2588E-01  2.0404E-02  6.2807E-02  1.7495E-01 -6.1996E-01  9.4723E-02  1.8173E-01
             2.8994E-01
 GRADIENT:   4.1807E-02 -3.1598E-02  6.8940E-03  2.8081E-02 -1.7950E-02  3.1252E-04 -9.3903E-03  1.6835E-02 -3.8164E-03 -9.3699E-03
            -1.8681E-02
 Elapsed estimation  time in seconds:     9.26
 Elapsed postprocess time in seconds:     0.00
 Elapsed finaloutput time in seconds:     0.01
Done with nonmem execution
Starting NMTRAN
  
 WARNINGS AND ERRORS (IF ANY) FOR PROBLEM    1
             
 (WARNING  2) NM-TRAN INFERS THAT THE DATA ARE POPULATION.
Building NONMEM Executable
Starting nonmem execution ...
License Registered to: University of Minnesota
Expiration Date:    14 APR 2022
Current Date:       30 SEP 2021
Days until program expires : 199


 First Order Conditional Estimation with Interaction
 MONITORING OF SEARCH:


0ITERATION NO.:    0    OBJECTIVE VALUE:  -2809.53639938248        NO. OF FUNC. EVALS.:  13
 CUMULATIVE NO. OF FUNC. EVALS.:       13
 NPARAMETR:  1.0000E+00  1.0000E+00  1.0000E+00  1.0000E+00  1.0000E+00  1.0000E+00  1.0000E+00  1.0000E+00  1.0000E+00  1.0000E+00
             1.0000E+00
 PARAMETER:  1.0000E-01  1.0000E-01  1.0000E-01  1.0000E-01  1.0000E-01  1.0000E-01  1.0000E-01  1.0000E-01  1.0000E-01  1.0000E-01
             1.0000E-01
 GRADIENT:   4.9073E+02  1.2318E+02  7.7697E+01  1.8093E+02  1.8323E+02  1.0809E+01 -7.9267E+01 -8.2630E+01  1.0746E+01 -4.8864E+01
            -1.8141E+03

0ITERATION NO.:    5    OBJECTIVE VALUE:  -3218.77397796611        NO. OF FUNC. EVALS.:  71
 CUMULATIVE NO. OF FUNC. EVALS.:       84
 NPARAMETR:  1.0510E+00  8.9183E-01  8.0022E-01  1.0319E+00  7.9795E-01  1.0975E+00  1.1829E+00  1.0543E+00  9.2749E-01  1.0903E+00
             1.5666E+00
 PARAMETER:  1.4978E-01 -1.4481E-02 -1.2287E-01  1.3144E-01 -1.2571E-01  1.9306E-01  2.6798E-01  1.5286E-01  2.4725E-02  1.8642E-01
             5.4890E-01
 GRADIENT:   3.9599E+02  6.0486E+01  9.0759E+00  7.4234E+01  7.0797E+00  3.0727E+01 -5.3080E+00  4.3647E+00 -1.3628E-01  1.5405E+01
            -1.1307E+02

0ITERATION NO.:   10    OBJECTIVE VALUE:  -3221.61823239828        NO. OF FUNC. EVALS.: 181
 CUMULATIVE NO. OF FUNC. EVALS.:      265
 NPARAMETR:  1.0475E+00  8.7144E-01  7.4546E-01  1.0552E+00  7.7533E-01  1.1490E+00  1.3091E+00  8.3756E-01  9.3606E-01  9.8552E-01
             1.5908E+00
 PARAMETER:  1.4644E-01 -3.7610E-02 -1.9376E-01  1.5370E-01 -1.5447E-01  2.3888E-01  3.6933E-01 -7.7261E-02  3.3923E-02  8.5417E-02
             5.6424E-01
 GRADIENT:   1.1226E+02  4.3259E+01 -1.2890E+01  4.3539E+01  6.7191E+00  1.4554E+01 -5.1974E-01 -4.1782E-01 -3.4360E+00 -1.1757E+00
            -9.9346E+01

0ITERATION NO.:   15    OBJECTIVE VALUE:  -3233.09914125558        NO. OF FUNC. EVALS.: 178
 CUMULATIVE NO. OF FUNC. EVALS.:      443
 NPARAMETR:  9.8681E-01  6.6747E-01  5.8227E-01  1.1162E+00  5.9945E-01  1.0664E+00  1.4050E+00  4.6744E-01  9.4249E-01  7.7739E-01
             1.6688E+00
 PARAMETER:  8.6723E-02 -3.0426E-01 -4.4083E-01  2.0993E-01 -4.1174E-01  1.6428E-01  4.4003E-01 -6.6048E-01  4.0767E-02 -1.5181E-01
             6.1212E-01
 GRADIENT:   1.3054E+01  9.7693E+00  4.4973E-01  2.6073E+01 -1.3533E+00 -6.2791E+00 -1.2776E+00  5.2203E-01  2.7242E-01 -1.1888E+00
            -3.5178E+00

0ITERATION NO.:   19    OBJECTIVE VALUE:  -3233.48800872288        NO. OF FUNC. EVALS.: 127
 CUMULATIVE NO. OF FUNC. EVALS.:      570
 NPARAMETR:  9.7944E-01  6.4305E-01  5.6262E-01  1.1085E+00  5.8188E-01  1.0848E+00  1.4257E+00  4.1058E-01  9.4125E-01  7.6590E-01
             1.6721E+00
 PARAMETER:  7.9229E-02 -3.4153E-01 -4.7515E-01  2.0300E-01 -4.4149E-01  1.8138E-01  4.5468E-01 -7.9018E-01  3.9449E-02 -1.6670E-01
             6.1406E-01
 GRADIENT:  -1.0501E+00 -2.6382E-01 -1.4075E+00 -1.0235E+00  1.5655E+00  5.6542E-01 -7.9163E-02  3.2078E-02 -1.4668E-01  2.1452E-02
            -1.3725E-01
 Elapsed estimation  time in seconds:     8.55
 Elapsed postprocess time in seconds:     0.00
 Elapsed finaloutput time in seconds:     0.01
Done with nonmem execution
Starting NMTRAN
  
 WARNINGS AND ERRORS (IF ANY) FOR PROBLEM    1
             
 (WARNING  2) NM-TRAN INFERS THAT THE DATA ARE POPULATION.
Building NONMEM Executable
Starting nonmem execution ...
License Registered to: University of Minnesota
Expiration Date:    14 APR 2022
Current Date:       30 SEP 2021
Days until program expires : 199


 First Order Conditional Estimation with Interaction
 MONITORING OF SEARCH:


0ITERATION NO.:    0    OBJECTIVE VALUE:  -3239.53005661116        NO. OF FUNC. EVALS.:  13
 CUMULATIVE NO. OF FUNC. EVALS.:       13
 NPARAMETR:  1.0000E+00  1.0000E+00  1.0000E+00  1.0000E+00  1.0000E+00  1.0000E+00  1.0000E+00  1.0000E+00  1.0000E+00  1.0000E+00
             1.0000E+00
 PARAMETER:  1.0000E-01  1.0000E-01  1.0000E-01  1.0000E-01  1.0000E-01  1.0000E-01  1.0000E-01  1.0000E-01  1.0000E-01  1.0000E-01
             1.0000E-01
 GRADIENT:   4.7987E+02  6.3393E+01  1.3291E+02  1.6486E+02  1.7150E+02  3.6919E+01 -5.7052E+01 -5.7368E+01 -1.4349E+00 -1.4461E+01
            -1.0809E+03

0ITERATION NO.:    5    OBJECTIVE VALUE:  -3416.23445150692        NO. OF FUNC. EVALS.:  71
 CUMULATIVE NO. OF FUNC. EVALS.:       84
 NPARAMETR:  1.0078E+00  1.0232E+00  8.0877E-01  9.8469E-01  8.8557E-01  1.0036E+00  9.9947E-01  9.8139E-01  9.6410E-01  8.8739E-01
             1.5084E+00
 PARAMETER:  1.0776E-01  1.2289E-01 -1.1224E-01  8.4569E-02 -2.1527E-02  1.0358E-01  9.9468E-02  8.1219E-02  6.3444E-02 -1.9476E-02
             5.1106E-01
 GRADIENT:   2.5148E+02  7.9943E+01 -1.3075E+01  4.3705E+01 -6.2409E+00  1.5607E+01 -2.3470E-01  1.7297E+01 -2.2784E+00  1.1126E+01
             9.4993E+00

0ITERATION NO.:   10    OBJECTIVE VALUE:  -3426.63249706219        NO. OF FUNC. EVALS.:  72
 CUMULATIVE NO. OF FUNC. EVALS.:      156
 NPARAMETR:  1.0037E+00  8.8242E-01  6.3781E-01  1.0710E+00  7.3239E-01  1.1175E+00  1.0406E+00  3.3241E-01  8.5482E-01  1.0146E+00
             1.5126E+00
 PARAMETER:  1.0371E-01 -2.5085E-02 -3.4972E-01  1.6860E-01 -2.1144E-01  2.1108E-01  1.3981E-01 -1.0014E+00 -5.6861E-02  1.1450E-01
             5.1386E-01
 GRADIENT:   2.2660E+02  1.1837E+02 -1.0617E+02  1.3618E+02  8.2235E+01  7.3613E+01 -9.9677E+00  1.1740E+00 -5.9173E+01  3.2748E+01
             8.0991E+01

0ITERATION NO.:   15    OBJECTIVE VALUE:  -3444.50775148093        NO. OF FUNC. EVALS.: 181
 CUMULATIVE NO. OF FUNC. EVALS.:      337
 NPARAMETR:  9.8460E-01  8.5856E-01  6.9622E-01  1.0662E+00  7.5454E-01  1.0460E+00  1.2728E+00  5.3104E-01  9.9189E-01  8.4959E-01
             1.4583E+00
 PARAMETER:  8.4480E-02 -5.2502E-02 -2.6209E-01  1.6407E-01 -1.8165E-01  1.4493E-01  3.4119E-01 -5.3291E-01  9.1858E-02 -6.2997E-02
             4.7726E-01
 GRADIENT:  -2.9268E-01  2.4359E+01 -2.1114E+01  3.7566E+01  2.3370E+01  1.6400E+01  1.3381E+01  2.9855E+00 -5.3745E+00  1.6045E+00
             2.4401E+01

0ITERATION NO.:   20    OBJECTIVE VALUE:  -3447.85467962230        NO. OF FUNC. EVALS.: 175
 CUMULATIVE NO. OF FUNC. EVALS.:      512
 NPARAMETR:  9.8435E-01  7.5506E-01  6.3517E-01  1.0857E+00  6.6911E-01  1.0008E+00  1.1859E+00  3.1212E-01  1.0135E+00  8.0674E-01
             1.4443E+00
 PARAMETER:  8.4221E-02 -1.8095E-01 -3.5387E-01  1.8218E-01 -3.0181E-01  1.0078E-01  2.7054E-01 -1.0644E+00  1.1342E-01 -1.1475E-01
             4.6766E-01
 GRADIENT:  -4.8030E-02 -6.5766E-01 -1.9234E-01 -2.9286E-01 -6.4605E-03 -7.9149E-02 -3.3861E-01  2.5948E-01 -4.7089E-02 -1.1544E-01
            -2.1521E-01

0ITERATION NO.:   24    OBJECTIVE VALUE:  -3447.86634953827        NO. OF FUNC. EVALS.: 127
 CUMULATIVE NO. OF FUNC. EVALS.:      639
 NPARAMETR:  9.8435E-01  7.5384E-01  6.3344E-01  1.0864E+00  6.6758E-01  1.0011E+00  1.1870E+00  2.8122E-01  1.0138E+00  8.0910E-01
             1.4455E+00
 PARAMETER:  8.4228E-02 -1.8257E-01 -3.5659E-01  1.8285E-01 -3.0409E-01  1.0107E-01  2.7143E-01 -1.1686E+00  1.1375E-01 -1.1183E-01
             4.6844E-01
 GRADIENT:  -3.1141E-02 -7.8594E-02  3.1215E-02 -2.4032E-03  5.6406E-02  3.1371E-02  1.0296E-02 -4.6808E-03 -4.8813E-03 -6.9290E-03
             6.2923E-02
 Elapsed estimation  time in seconds:     9.22
 Elapsed postprocess time in seconds:     0.00
 Elapsed finaloutput time in seconds:     0.00
Done with nonmem execution
Starting NMTRAN
  
 WARNINGS AND ERRORS (IF ANY) FOR PROBLEM    1
             
 (WARNING  2) NM-TRAN INFERS THAT THE DATA ARE POPULATION.
Building NONMEM Executable
Starting nonmem execution ...
License Registered to: University of Minnesota
Expiration Date:    14 APR 2022
Current Date:       30 SEP 2021
Days until program expires : 199


 First Order Conditional Estimation with Interaction
 MONITORING OF SEARCH:


0ITERATION NO.:    0    OBJECTIVE VALUE:  -3534.19984703132        NO. OF FUNC. EVALS.:  13
 CUMULATIVE NO. OF FUNC. EVALS.:       13
 NPARAMETR:  1.0000E+00  1.0000E+00  1.0000E+00  1.0000E+00  1.0000E+00  1.0000E+00  1.0000E+00  1.0000E+00  1.0000E+00  1.0000E+00
             1.0000E+00
 PARAMETER:  1.0000E-01  1.0000E-01  1.0000E-01  1.0000E-01  1.0000E-01  1.0000E-01  1.0000E-01  1.0000E-01  1.0000E-01  1.0000E-01
             1.0000E-01
 GRADIENT:   5.3007E+02  1.4752E+01  3.3328E+01  5.9252E+01  7.3219E+01  1.7756E+01  3.2740E+00  1.4855E+01 -9.0596E+00  1.3622E+00
            -5.2957E+02

0ITERATION NO.:    5    OBJECTIVE VALUE:  -3586.64810180654        NO. OF FUNC. EVALS.: 158
 CUMULATIVE NO. OF FUNC. EVALS.:      171
 NPARAMETR:  1.0083E+00  1.1167E+00  9.4459E-01  9.8168E-01  1.0309E+00  1.0388E+00  9.4930E-01  8.6330E-01  1.0703E+00  9.9996E-01
             1.2742E+00
 PARAMETER:  1.0828E-01  2.1039E-01  4.3000E-02  8.1513E-02  1.3047E-01  1.3811E-01  4.7972E-02 -4.6996E-02  1.6795E-01  9.9959E-02
             3.4232E-01
 GRADIENT:   1.5760E+02  3.3711E+01 -2.1317E+01  1.9908E+01  5.8678E+00  6.5947E+00  7.5397E+00  1.2099E+01  3.5002E+00 -8.3035E+00
             7.1172E+01

0ITERATION NO.:   10    OBJECTIVE VALUE:  -3589.91314501482        NO. OF FUNC. EVALS.: 175
 CUMULATIVE NO. OF FUNC. EVALS.:      346
 NPARAMETR:  9.9892E-01  1.0239E+00  8.6703E-01  1.0413E+00  9.2870E-01  1.0280E+00  8.0667E-01  5.0386E-01  1.0349E+00  1.0710E+00
             1.2817E+00
 PARAMETER:  9.8920E-02  1.2365E-01 -4.2685E-02  1.4049E-01  2.6036E-02  1.2766E-01 -1.1484E-01 -5.8545E-01  1.3432E-01  1.6858E-01
             3.4820E-01
 GRADIENT:   1.4131E+02  4.0007E+01 -2.2112E+01  4.3104E+01 -1.2535E+01  5.5651E+00 -6.0754E+00  7.8804E-01 -8.0803E+00  7.0148E+00
             7.5588E+01

0ITERATION NO.:   15    OBJECTIVE VALUE:  -3598.20774767630        NO. OF FUNC. EVALS.: 177
 CUMULATIVE NO. OF FUNC. EVALS.:      523
 NPARAMETR:  9.3417E-01  1.0146E+00  8.9435E-01  1.0158E+00  9.4789E-01  9.8668E-01  8.9505E-01  5.4034E-01  1.0554E+00  1.0237E+00
             1.2310E+00
 PARAMETER:  3.1903E-02  1.1445E-01 -1.1659E-02  1.1567E-01  4.6481E-02  8.6593E-02 -1.0877E-02 -5.1557E-01  1.5397E-01  1.2342E-01
             3.0784E-01
 GRADIENT:   2.6807E+00 -6.7790E-01 -3.2859E+00 -1.3743E+00  3.1583E+00 -9.3038E-01 -6.0541E-01 -7.2337E-02 -2.5604E-02  6.7758E-02
            -2.2638E+00

0ITERATION NO.:   17    OBJECTIVE VALUE:  -3598.22133315495        NO. OF FUNC. EVALS.:  57
 CUMULATIVE NO. OF FUNC. EVALS.:      580
 NPARAMETR:  9.3318E-01  1.0108E+00  8.9576E-01  1.0186E+00  9.4379E-01  9.8916E-01  9.0237E-01  5.4110E-01  1.0553E+00  1.0199E+00
             1.2317E+00
 PARAMETER:  3.0838E-02  1.1076E-01 -1.0084E-02  1.1844E-01  4.2146E-02  8.9105E-02 -2.7300E-03 -5.1414E-01  1.5383E-01  1.1969E-01
             3.0836E-01
 GRADIENT:   2.8148E-01 -3.4451E-01  7.9132E-01 -9.3527E-02 -5.0918E-01  5.8910E-02 -8.2187E-02 -3.9456E-02  4.2779E-01  4.3317E-02
            -6.1056E-01
 Elapsed estimation  time in seconds:     8.82
 Elapsed postprocess time in seconds:     0.00
 Elapsed finaloutput time in seconds:     0.00
Done with nonmem execution
Starting NMTRAN
  
 WARNINGS AND ERRORS (IF ANY) FOR PROBLEM    1
             
 (WARNING  2) NM-TRAN INFERS THAT THE DATA ARE POPULATION.
Building NONMEM Executable
Starting nonmem execution ...
License Registered to: University of Minnesota
Expiration Date:    14 APR 2022
Current Date:       30 SEP 2021
Days until program expires : 199


 First Order Conditional Estimation with Interaction
 MONITORING OF SEARCH:


0ITERATION NO.:    0    OBJECTIVE VALUE:  -3235.40583534394        NO. OF FUNC. EVALS.:  13
 CUMULATIVE NO. OF FUNC. EVALS.:       13
 NPARAMETR:  1.0000E+00  1.0000E+00  1.0000E+00  1.0000E+00  1.0000E+00  1.0000E+00  1.0000E+00  1.0000E+00  1.0000E+00  1.0000E+00
             1.0000E+00
 PARAMETER:  1.0000E-01  1.0000E-01  1.0000E-01  1.0000E-01  1.0000E-01  1.0000E-01  1.0000E-01  1.0000E-01  1.0000E-01  1.0000E-01
             1.0000E-01
 GRADIENT:   4.7649E+02  1.4265E+02  2.8490E+01  9.9234E+01  1.0191E+02  1.7057E+01 -9.6819E+00  1.3647E+00  3.7647E-01 -1.1370E+01
            -1.1244E+03

0ITERATION NO.:    5    OBJECTIVE VALUE:  -3425.21275299919        NO. OF FUNC. EVALS.: 117
 CUMULATIVE NO. OF FUNC. EVALS.:      130
 NPARAMETR:  9.7202E-01  8.7750E-01  9.3355E-01  1.0407E+00  8.9808E-01  1.0626E+00  9.6483E-01  9.3217E-01  9.8799E-01  9.9332E-01
             1.4110E+00
 PARAMETER:  7.1617E-02 -3.0677E-02  3.1239E-02  1.3993E-01 -7.4991E-03  1.6076E-01  6.4200E-02  2.9763E-02  8.7916E-02  9.3300E-02
             4.4431E-01
 GRADIENT:  -1.6511E+01 -2.2677E+01  5.2499E+00 -2.3279E+01  1.4575E+01 -7.0330E+00  2.3247E+00  1.7336E+01  3.2588E-01  1.6035E+00
            -3.8081E+01

0ITERATION NO.:   10    OBJECTIVE VALUE:  -3430.08996371822        NO. OF FUNC. EVALS.: 179
 CUMULATIVE NO. OF FUNC. EVALS.:      309
 NPARAMETR:  9.6843E-01  8.3345E-01  7.9932E-01  1.0592E+00  8.0856E-01  1.0814E+00  9.6824E-01  5.7101E-01  9.6879E-01  9.6376E-01
             1.4043E+00
 PARAMETER:  6.7918E-02 -8.2186E-02 -1.2400E-01  1.5751E-01 -1.1250E-01  1.7828E-01  6.7723E-02 -4.6035E-01  6.8297E-02  6.3086E-02
             4.3953E-01
 GRADIENT:  -2.2261E+01  2.0141E+01 -3.7234E+01 -3.0726E+01  9.6365E+00 -2.1969E-01  1.2662E+00  5.7963E+00 -8.1707E+00  2.9716E+00
            -4.8356E+01

0ITERATION NO.:   15    OBJECTIVE VALUE:  -3433.41724602866        NO. OF FUNC. EVALS.: 178
 CUMULATIVE NO. OF FUNC. EVALS.:      487
 NPARAMETR:  9.8193E-01  7.6695E-01  7.7523E-01  1.1017E+00  7.5579E-01  1.0776E+00  9.7971E-01  3.9387E-01  9.7889E-01  9.2916E-01
             1.4400E+00
 PARAMETER:  8.1768E-02 -1.6533E-01 -1.5459E-01  1.9681E-01 -1.7999E-01  1.7477E-01  7.9497E-02 -8.3174E-01  7.8668E-02  2.6522E-02
             4.6462E-01
 GRADIENT:   3.5036E+00 -1.5397E+00 -3.1364E+00 -5.7282E-01  1.0644E+00 -1.1191E+00  2.2640E-01  1.9444E+00  6.4786E-01  1.5608E+00
             5.3975E+00

0ITERATION NO.:   20    OBJECTIVE VALUE:  -3433.73404726864        NO. OF FUNC. EVALS.: 175
 CUMULATIVE NO. OF FUNC. EVALS.:      662
 NPARAMETR:  9.7995E-01  7.5361E-01  7.6136E-01  1.1073E+00  7.4134E-01  1.0805E+00  9.8648E-01  2.4302E-01  9.7593E-01  9.2363E-01
             1.4393E+00
 PARAMETER:  7.9741E-02 -1.8288E-01 -1.7265E-01  2.0196E-01 -1.9930E-01  1.7743E-01  8.6391E-02 -1.3146E+00  7.5640E-02  2.0553E-02
             4.6418E-01
 GRADIENT:  -1.6639E-01 -1.1823E-01  9.2412E-02  3.9363E-02 -1.6532E-01 -7.6966E-02  2.9795E-03  2.8715E-02  4.1773E-02 -1.8044E-02
             5.1384E-02

0ITERATION NO.:   22    OBJECTIVE VALUE:  -3433.73439347665        NO. OF FUNC. EVALS.:  57
 CUMULATIVE NO. OF FUNC. EVALS.:      719
 NPARAMETR:  9.8001E-01  7.5368E-01  7.6134E-01  1.1073E+00  7.4139E-01  1.0807E+00  9.8634E-01  2.3850E-01  9.7586E-01  9.2404E-01
             1.4394E+00
 PARAMETER:  7.9804E-02 -1.8279E-01 -1.7267E-01  2.0188E-01 -1.9922E-01  1.7759E-01  8.6248E-02 -1.3334E+00  7.5560E-02  2.1001E-02
             4.6425E-01
 GRADIENT:  -4.6298E-02 -6.1892E-02  8.3848E-02 -7.2787E-02 -7.3990E-02 -1.3537E-02 -1.1142E-03  4.6396E-03  9.7360E-03 -1.7461E-03
             4.7964E-02
 Elapsed estimation  time in seconds:    10.78
 Elapsed postprocess time in seconds:     0.00
 Elapsed finaloutput time in seconds:     0.01
Done with nonmem execution
