Starting NMTRAN
  
 WARNINGS AND ERRORS (IF ANY) FOR PROBLEM    1
             
 (WARNING  2) NM-TRAN INFERS THAT THE DATA ARE POPULATION.
Building NONMEM Executable
Starting nonmem execution ...
License Registered to: University of Minnesota
Expiration Date:    14 APR 2022
Current Date:       30 SEP 2021
Days until program expires : 199


 First Order Conditional Estimation with Interaction
 MONITORING OF SEARCH:


0ITERATION NO.:    0    OBJECTIVE VALUE:  -3427.76281149911        NO. OF FUNC. EVALS.:  13
 CUMULATIVE NO. OF FUNC. EVALS.:       13
 NPARAMETR:  1.0000E+00  1.0000E+00  1.0000E+00  1.0000E+00  1.0000E+00  1.0000E+00  1.0000E+00  1.0000E+00  1.0000E+00  1.0000E+00
             1.0000E+00
 PARAMETER:  1.0000E-01  1.0000E-01  1.0000E-01  1.0000E-01  1.0000E-01  1.0000E-01  1.0000E-01  1.0000E-01  1.0000E-01  1.0000E-01
             1.0000E-01
 GRADIENT:   4.5050E+02  1.8388E+01  1.9315E+02  1.6094E+02  5.5048E+01  5.3976E+01 -1.4491E+01 -1.0762E+02 -1.2237E+01 -1.2866E+01
            -7.1684E+02

0ITERATION NO.:    5    OBJECTIVE VALUE:  -3536.13670611738        NO. OF FUNC. EVALS.:  73
 CUMULATIVE NO. OF FUNC. EVALS.:       86
 NPARAMETR:  1.0670E+00  1.0405E+00  7.6356E-01  9.6228E-01  9.3041E-01  1.0288E+00  1.0244E+00  1.1459E+00  1.0164E+00  1.0403E+00
             1.2407E+00
 PARAMETER:  1.6481E-01  1.3971E-01 -1.6977E-01  6.1549E-02  2.7869E-02  1.2836E-01  1.2411E-01  2.3620E-01  1.1623E-01  1.3947E-01
             3.1566E-01
 GRADIENT:   6.1317E+02  8.6284E+01 -4.8443E+00  5.4785E+01  3.4006E+00  4.3450E+01  4.2324E+00 -1.8168E+01  1.5036E+00 -5.9619E+00
            -7.3715E+01

0ITERATION NO.:   10    OBJECTIVE VALUE:  -3548.05826355424        NO. OF FUNC. EVALS.: 180
 CUMULATIVE NO. OF FUNC. EVALS.:      266
 NPARAMETR:  1.0675E+00  1.3249E+00  9.2732E-01  8.4792E-01  1.2198E+00  9.8515E-01  8.9891E-01  1.9524E+00  1.0782E+00  1.4754E+00
             1.3078E+00
 PARAMETER:  1.6530E-01  3.8135E-01  2.4547E-02 -6.4967E-02  2.9871E-01  8.5037E-02 -6.5708E-03  7.6906E-01  1.7534E-01  4.8890E-01
             3.6837E-01
 GRADIENT:   1.4090E+02  2.0024E+01  1.0130E+01  6.1567E+01 -5.6326E+00 -6.7957E+00  1.0137E+01  9.6219E+00  9.4514E+00  1.7142E+01
             5.5354E+01

0ITERATION NO.:   15    OBJECTIVE VALUE:  -3551.71356825971        NO. OF FUNC. EVALS.: 178
 CUMULATIVE NO. OF FUNC. EVALS.:      444
 NPARAMETR:  1.0488E+00  1.3364E+00  9.2598E-01  8.3203E-01  1.2306E+00  9.9734E-01  8.0570E-01  1.8637E+00  1.1468E+00  1.4367E+00
             1.3080E+00
 PARAMETER:  1.4764E-01  3.8997E-01  2.3101E-02 -8.3893E-02  3.0750E-01  9.7334E-02 -1.1604E-01  7.2256E-01  2.3697E-01  4.6236E-01
             3.6848E-01
 GRADIENT:   9.8044E+01  1.2652E+01  1.3434E+01  4.7266E+01 -4.7628E+00  2.1257E+00  2.1495E+00  4.0046E+00  1.4246E+01  1.0695E+01
             4.8523E+01

0ITERATION NO.:   20    OBJECTIVE VALUE:  -3552.39912168019        NO. OF FUNC. EVALS.: 183
 CUMULATIVE NO. OF FUNC. EVALS.:      627
 NPARAMETR:  1.0483E+00  1.3356E+00  9.2553E-01  8.3140E-01  1.2319E+00  9.9127E-01  8.2719E-01  1.8028E+00  1.0575E+00  1.4345E+00
             1.3087E+00
 PARAMETER:  1.4716E-01  3.8938E-01  2.2606E-02 -8.4643E-02  3.0858E-01  9.1233E-02 -8.9718E-02  6.8933E-01  1.5591E-01  4.6078E-01
             3.6903E-01
 GRADIENT:   9.7842E+01  1.7259E+01  1.5442E+01  4.6659E+01 -1.6080E+00 -7.2418E-02  9.9279E-02 -1.4619E-01 -3.0224E-01  1.0002E+01
             4.7084E+01

0ITERATION NO.:   25    OBJECTIVE VALUE:  -3553.22164696410        NO. OF FUNC. EVALS.: 181
 CUMULATIVE NO. OF FUNC. EVALS.:      808
 NPARAMETR:  1.0439E+00  1.3163E+00  9.2574E-01  8.3097E-01  1.2352E+00  9.9497E-01  7.9100E-01  1.8214E+00  1.1070E+00  1.4160E+00
             1.2917E+00
 PARAMETER:  1.4301E-01  3.7480E-01  2.2835E-02 -8.5163E-02  3.1120E-01  9.4957E-02 -1.3445E-01  6.9962E-01  2.0164E-01  4.4784E-01
             3.5595E-01
 GRADIENT:   8.8420E+01 -9.0454E+00  1.3919E+01  3.3162E+01  7.7820E+00  2.0227E+00 -2.0580E+00  7.9923E-01  6.8146E+00  7.1053E+00
             2.2302E+01

0ITERATION NO.:   30    OBJECTIVE VALUE:  -3554.65773288056        NO. OF FUNC. EVALS.: 177
 CUMULATIVE NO. OF FUNC. EVALS.:      985            RESET HESSIAN, TYPE II
 NPARAMETR:  1.0311E+00  1.3051E+00  9.1550E-01  8.2747E-01  1.2374E+00  9.8939E-01  8.3578E-01  1.8181E+00  1.0526E+00  1.3945E+00
             1.2771E+00
 PARAMETER:  1.3063E-01  3.6628E-01  1.1718E-02 -8.9383E-02  3.1304E-01  8.9329E-02 -7.9392E-02  6.9779E-01  1.5126E-01  4.3250E-01
             3.4463E-01
 GRADIENT:   4.2866E+02  2.4270E+02  1.3030E+01  5.9885E+01  1.0168E+02  2.8924E+01  4.4480E+00  6.1596E+00  5.8835E+00  2.6129E+01
             7.1330E+00

0ITERATION NO.:   35    OBJECTIVE VALUE:  -3555.53843749464        NO. OF FUNC. EVALS.: 140
 CUMULATIVE NO. OF FUNC. EVALS.:     1125
 NPARAMETR:  1.0181E+00  1.3025E+00  9.0490E-01  8.2364E-01  1.2155E+00  9.8671E-01  8.3509E-01  1.8178E+00  1.0513E+00  1.3832E+00
             1.2779E+00
 PARAMETER:  1.1794E-01  3.6430E-01  6.8842E-05 -9.4026E-02  2.9519E-01  8.6619E-02 -8.0213E-02  6.9763E-01  1.5000E-01  4.2440E-01
             3.4524E-01
 GRADIENT:   3.2782E+01 -2.1182E+01  9.3877E+00  7.8611E+00  8.7371E-01  1.6471E+00 -6.4857E-02  2.3664E+00 -7.3811E-01  1.3717E+00
             3.1525E+00

0ITERATION NO.:   40    OBJECTIVE VALUE:  -3555.56695599481        NO. OF FUNC. EVALS.: 163
 CUMULATIVE NO. OF FUNC. EVALS.:     1288
 NPARAMETR:  1.0178E+00  1.3020E+00  9.0408E-01  8.2356E-01  1.2155E+00  9.7815E-01  8.3187E-01  1.7952E+00  1.0498E+00  1.3826E+00
             1.2783E+00
 PARAMETER:  1.1760E-01  3.6392E-01 -8.4262E-04 -9.4122E-02  2.9514E-01  7.7906E-02 -8.4080E-02  6.8511E-01  1.4859E-01  4.2396E-01
             3.4550E-01
 GRADIENT:   3.2490E+01 -2.1555E+01  9.9143E+00  7.3324E+00  1.6655E+00 -1.7365E+00 -5.7157E-01  9.7063E-01 -1.3221E+00  1.4586E+00
             2.5823E+00

0ITERATION NO.:   44    OBJECTIVE VALUE:  -3555.57985720526        NO. OF FUNC. EVALS.: 154
 CUMULATIVE NO. OF FUNC. EVALS.:     1442
 NPARAMETR:  1.0181E+00  1.3009E+00  9.0430E-01  8.2376E-01  1.2155E+00  9.8248E-01  8.3323E-01  1.7802E+00  1.0568E+00  1.3811E+00
             1.2793E+00
 PARAMETER:  1.1760E-01  3.6393E-01 -8.4286E-04 -9.4122E-02  2.9514E-01  8.2125E-02 -8.1448E-02  6.7673E-01  1.5599E-01  4.2396E-01
             3.4550E-01
 GRADIENT:  -4.2520E+04  1.3718E+04 -5.0014E+04 -5.0041E+04 -4.5959E+00 -1.6241E-01  1.0738E-01  1.5708E-04  1.5745E-01  5.9010E+03
            -1.4490E+04
 NUMSIGDIG:         2.3         2.3         2.3         2.3         6.2         2.4         1.7         5.7         1.9         2.3
                    2.3
 Elapsed estimation  time in seconds:    26.70
 Elapsed postprocess time in seconds:     0.00
 Elapsed finaloutput time in seconds:     0.00
Done with nonmem execution
Starting NMTRAN
  
 WARNINGS AND ERRORS (IF ANY) FOR PROBLEM    1
             
 (WARNING  2) NM-TRAN INFERS THAT THE DATA ARE POPULATION.
Building NONMEM Executable
Starting nonmem execution ...
License Registered to: University of Minnesota
Expiration Date:    14 APR 2022
Current Date:       30 SEP 2021
Days until program expires : 199


 First Order Conditional Estimation with Interaction
 MONITORING OF SEARCH:


0ITERATION NO.:    0    OBJECTIVE VALUE:  -3106.51796802373        NO. OF FUNC. EVALS.:  13
 CUMULATIVE NO. OF FUNC. EVALS.:       13
 NPARAMETR:  1.0000E+00  1.0000E+00  1.0000E+00  1.0000E+00  1.0000E+00  1.0000E+00  1.0000E+00  1.0000E+00  1.0000E+00  1.0000E+00
             1.0000E+00
 PARAMETER:  1.0000E-01  1.0000E-01  1.0000E-01  1.0000E-01  1.0000E-01  1.0000E-01  1.0000E-01  1.0000E-01  1.0000E-01  1.0000E-01
             1.0000E-01
 GRADIENT:   4.6481E+02  3.0105E+01  1.8645E+01  1.5469E+02  2.5208E+01  3.6376E+01 -2.9160E+01 -7.6533E+01 -1.0061E+02 -2.7409E+01
            -1.2425E+03

0ITERATION NO.:    5    OBJECTIVE VALUE:  -3383.53875137536        NO. OF FUNC. EVALS.:  70
 CUMULATIVE NO. OF FUNC. EVALS.:       83
 NPARAMETR:  9.3392E-01  1.5755E+00  1.3926E+00  6.1932E-01  1.7505E+00  9.2749E-01  9.7816E-01  9.1390E-01  1.8044E+00  1.7226E+00
             1.6324E+00
 PARAMETER:  3.1635E-02  5.5456E-01  4.3119E-01 -3.7914E-01  6.5989E-01  2.4731E-02  7.7921E-02  9.9613E-03  6.9025E-01  6.4385E-01
             5.9003E-01
 GRADIENT:   2.8880E+01  2.0031E+02 -1.3419E+01  6.2711E+01  1.2826E+02 -1.7838E+01  5.2558E+01 -1.0643E+00  6.0395E+01  5.0581E+01
             2.2535E+02

0ITERATION NO.:   10    OBJECTIVE VALUE:  -3401.78004157245        NO. OF FUNC. EVALS.:  71
 CUMULATIVE NO. OF FUNC. EVALS.:      154
 NPARAMETR:  9.6947E-01  1.6763E+00  1.6372E+00  5.7858E-01  1.5076E+00  8.8655E-01  5.5826E-01  8.3225E-01  1.5741E+00  1.8274E+00
             1.6408E+00
 PARAMETER:  6.8993E-02  6.1660E-01  5.9299E-01 -4.4718E-01  5.1054E-01 -2.0413E-02 -4.8293E-01 -8.3620E-02  5.5368E-01  7.0287E-01
             5.9519E-01
 GRADIENT:   1.1953E+02  3.1038E+02  3.1370E+01  3.5180E+01 -2.4379E+01 -3.3513E+01  1.5259E+01 -7.5380E+00  2.2976E+01  4.2581E+01
             2.1095E+02

0ITERATION NO.:   15    OBJECTIVE VALUE:  -3434.64376343395        NO. OF FUNC. EVALS.: 116
 CUMULATIVE NO. OF FUNC. EVALS.:      270
 NPARAMETR:  9.8812E-01  1.8502E+00  1.9928E+00  5.0427E-01  1.8627E+00  9.5752E-01  5.0515E-01  3.0832E+00  1.6694E+00  1.7173E+00
             1.4998E+00
 PARAMETER:  8.8047E-02  7.1531E-01  7.8956E-01 -5.8465E-01  7.2205E-01  5.6588E-02 -5.8290E-01  1.2260E+00  6.1244E-01  6.4076E-01
             5.0534E-01
 GRADIENT:   1.2909E+01  2.0850E+01  5.4071E+00  7.0948E+00 -9.7023E+00 -1.5765E+01 -1.0426E+00 -2.4313E-01  7.6689E+00 -1.5258E+00
             5.8078E+01

0ITERATION NO.:   20    OBJECTIVE VALUE:  -3436.87337612317        NO. OF FUNC. EVALS.: 141
 CUMULATIVE NO. OF FUNC. EVALS.:      411
 NPARAMETR:  9.8187E-01  1.8334E+00  2.0118E+00  5.0932E-01  1.8868E+00  9.9251E-01  5.3144E-01  3.6128E+00  1.5233E+00  1.7398E+00
             1.4557E+00
 PARAMETER:  8.1702E-02  7.0617E-01  7.9904E-01 -5.7468E-01  7.3486E-01  9.2480E-02 -5.3216E-01  1.3845E+00  5.2087E-01  6.5377E-01
             4.7549E-01
 GRADIENT:   2.0042E+02  5.8386E+02 -3.7308E+00  6.8094E+01  1.0180E+02  1.8126E+01  9.7784E+00  1.4866E+01  1.3245E+01  3.3374E+01
             9.0911E+00

0ITERATION NO.:   25    OBJECTIVE VALUE:  -3437.08309637006        NO. OF FUNC. EVALS.: 185
 CUMULATIVE NO. OF FUNC. EVALS.:      596            RESET HESSIAN, TYPE II
 NPARAMETR:  9.8259E-01  1.8306E+00  2.0318E+00  5.1587E-01  1.8893E+00  9.9590E-01  5.5334E-01  3.5170E+00  1.4908E+00  1.7375E+00
             1.4535E+00
 PARAMETER:  8.2441E-02  7.0467E-01  8.0890E-01 -5.6190E-01  7.3618E-01  9.5896E-02 -4.9177E-01  1.3576E+00  4.9929E-01  6.5243E-01
             4.7400E-01
 GRADIENT:   2.0207E+02  5.9565E+02  3.7768E+00  6.8612E+01  1.1011E+02  1.9290E+01  1.1208E+01  6.5481E+00  1.2643E+01  3.5548E+01
             8.8438E+00

0ITERATION NO.:   30    OBJECTIVE VALUE:  -3437.15835468933        NO. OF FUNC. EVALS.: 158
 CUMULATIVE NO. OF FUNC. EVALS.:      754
 NPARAMETR:  9.8259E-01  1.8189E+00  2.0329E+00  5.2704E-01  1.8784E+00  9.9617E-01  5.5823E-01  3.4453E+00  1.4723E+00  1.7225E+00
             1.4533E+00
 PARAMETER:  8.2434E-02  6.9824E-01  8.0947E-01 -5.4048E-01  7.3044E-01  9.6161E-02 -4.8298E-01  1.3370E+00  4.8681E-01  6.4377E-01
             4.7385E-01
 GRADIENT:   6.8957E-01  8.2595E+00 -1.5104E+00  1.9139E+00  2.6509E-01  1.2712E-01  1.5061E-02  3.4563E-01  2.7264E-01 -5.1156E-01
            -3.7249E-01

0ITERATION NO.:   31    OBJECTIVE VALUE:  -3437.15835468933        NO. OF FUNC. EVALS.:  24
 CUMULATIVE NO. OF FUNC. EVALS.:      778
 NPARAMETR:  9.8259E-01  1.8189E+00  2.0329E+00  5.2704E-01  1.8784E+00  9.9617E-01  5.5823E-01  3.4453E+00  1.4723E+00  1.7225E+00
             1.4533E+00
 PARAMETER:  8.2434E-02  6.9824E-01  8.0947E-01 -5.4048E-01  7.3044E-01  9.6161E-02 -4.8298E-01  1.3370E+00  4.8681E-01  6.4377E-01
             4.7385E-01
 GRADIENT:  -5.0518E-02  1.0402E+01 -2.0010E+01  1.0064E+00 -4.0811E+01  7.7735E-02 -4.8174E-02 -2.1361E+01 -6.2148E+01  4.6895E+01
            -6.6120E+01
 Elapsed estimation  time in seconds:    13.56
 Elapsed postprocess time in seconds:     0.00
 Elapsed finaloutput time in seconds:     0.00
Done with nonmem execution
Starting NMTRAN
  
 WARNINGS AND ERRORS (IF ANY) FOR PROBLEM    1
             
 (WARNING  2) NM-TRAN INFERS THAT THE DATA ARE POPULATION.
Building NONMEM Executable
Starting nonmem execution ...
License Registered to: University of Minnesota
Expiration Date:    14 APR 2022
Current Date:       30 SEP 2021
Days until program expires : 199


 First Order Conditional Estimation with Interaction
 MONITORING OF SEARCH:


0ITERATION NO.:    0    OBJECTIVE VALUE:  -3745.63641901438        NO. OF FUNC. EVALS.:  13
 CUMULATIVE NO. OF FUNC. EVALS.:       13
 NPARAMETR:  1.0000E+00  1.0000E+00  1.0000E+00  1.0000E+00  1.0000E+00  1.0000E+00  1.0000E+00  1.0000E+00  1.0000E+00  1.0000E+00
             1.0000E+00
 PARAMETER:  1.0000E-01  1.0000E-01  1.0000E-01  1.0000E-01  1.0000E-01  1.0000E-01  1.0000E-01  1.0000E-01  1.0000E-01  1.0000E-01
             1.0000E-01
 GRADIENT:   4.1904E+02 -6.2329E+01  8.9296E+01  1.1062E+02  6.6453E+01  6.7683E+01 -4.1562E+01 -2.2133E+01 -3.0827E+01  2.4061E+01
            -2.6951E+02

0ITERATION NO.:    5    OBJECTIVE VALUE:  -3770.66643761573        NO. OF FUNC. EVALS.: 115
 CUMULATIVE NO. OF FUNC. EVALS.:      128
 NPARAMETR:  1.0530E+00  1.1488E+00  8.0300E-01  9.6229E-01  9.6763E-01  9.1196E-01  1.1397E+00  1.0294E+00  1.1384E+00  9.0142E-01
             1.1438E+00
 PARAMETER:  1.5164E-01  2.3873E-01 -1.1940E-01  6.1561E-02  6.7097E-02  7.8382E-03  2.3073E-01  1.2894E-01  2.2962E-01 -3.7790E-03
             2.3434E-01
 GRADIENT:   8.0989E+01  4.4415E+01 -6.9302E+01  7.6528E+00 -3.5927E+01 -5.0103E+01 -5.8994E+00  3.0506E+00 -6.0132E+00  3.3093E+00
             5.1965E+01

0ITERATION NO.:   10    OBJECTIVE VALUE:  -3780.63929455268        NO. OF FUNC. EVALS.: 180
 CUMULATIVE NO. OF FUNC. EVALS.:      308
 NPARAMETR:  1.0406E+00  1.4199E+00  9.7840E-01  8.0939E-01  1.2400E+00  9.5761E-01  9.2074E-01  1.3256E+00  1.4142E+00  1.1180E+00
             1.1034E+00
 PARAMETER:  1.3982E-01  4.5056E-01  7.8160E-02 -1.1148E-01  3.1512E-01  5.6686E-02  1.7422E-02  3.8190E-01  4.4659E-01  2.1155E-01
             1.9840E-01
 GRADIENT:   4.5596E+01  2.0159E+01 -1.6625E+01  1.4965E+01 -1.5844E+01 -2.6050E+01 -3.8062E+00  1.7201E+00  2.6660E+01 -3.7855E+00
            -3.6566E+01

0ITERATION NO.:   15    OBJECTIVE VALUE:  -3784.83253946768        NO. OF FUNC. EVALS.: 178
 CUMULATIVE NO. OF FUNC. EVALS.:      486
 NPARAMETR:  1.0253E+00  1.4302E+00  1.0335E+00  7.9232E-01  1.2862E+00  1.0165E+00  9.2624E-01  1.3840E+00  1.2307E+00  1.1650E+00
             1.1270E+00
 PARAMETER:  1.2497E-01  4.5779E-01  1.3294E-01 -1.3279E-01  3.5169E-01  1.1633E-01  2.3377E-02  4.2496E-01  3.0758E-01  2.5273E-01
             2.1957E-01
 GRADIENT:   7.9995E+00 -1.2089E+00 -3.4827E+00  1.9478E-01  1.9789E+00 -5.6703E-02 -3.7424E-01  1.0094E-02 -1.9984E-01  3.9688E-01
             1.9289E+00

0ITERATION NO.:   20    OBJECTIVE VALUE:  -3784.87301062002        NO. OF FUNC. EVALS.: 176
 CUMULATIVE NO. OF FUNC. EVALS.:      662            RESET HESSIAN, TYPE II
 NPARAMETR:  1.0226E+00  1.4269E+00  1.0506E+00  7.9406E-01  1.2855E+00  1.0175E+00  9.3428E-01  1.4007E+00  1.2326E+00  1.1574E+00
             1.1253E+00
 PARAMETER:  1.2231E-01  4.5551E-01  1.4936E-01 -1.3060E-01  3.5119E-01  1.1732E-01  3.2024E-02  4.3697E-01  3.0911E-01  2.4618E-01
             2.1807E-01
 GRADIENT:   4.5773E+02  4.6596E+02  4.3451E+00  6.8541E+01  1.1902E+02  6.9237E+01  8.4743E+00  2.4753E+00  2.1175E+01  1.0069E+01
             4.0056E+00

0ITERATION NO.:   22    OBJECTIVE VALUE:  -3784.87301062002        NO. OF FUNC. EVALS.:  55
 CUMULATIVE NO. OF FUNC. EVALS.:      717
 NPARAMETR:  1.0226E+00  1.4269E+00  1.0506E+00  7.9406E-01  1.2855E+00  1.0175E+00  9.3428E-01  1.4007E+00  1.2326E+00  1.1574E+00
             1.1253E+00
 PARAMETER:  1.2231E-01  4.5551E-01  1.4936E-01 -1.3060E-01  3.5119E-01  1.1732E-01  3.2024E-02  4.3697E-01  3.0911E-01  2.4618E-01
             2.1807E-01
 GRADIENT:   2.2563E+00 -5.9515E-01 -1.8213E-02 -3.5675E-01  3.5213E-04  3.6381E-01 -3.8400E-03  9.0418E-02  9.3326E-02  5.8761E-02
             8.0569E-02
 Elapsed estimation  time in seconds:    12.70
 Elapsed postprocess time in seconds:     0.00
 Elapsed finaloutput time in seconds:     0.00
Done with nonmem execution
Starting NMTRAN
  
 WARNINGS AND ERRORS (IF ANY) FOR PROBLEM    1
             
 (WARNING  2) NM-TRAN INFERS THAT THE DATA ARE POPULATION.
Building NONMEM Executable
Starting nonmem execution ...
License Registered to: University of Minnesota
Expiration Date:    14 APR 2022
Current Date:       30 SEP 2021
Days until program expires : 199


 First Order Conditional Estimation with Interaction
 MONITORING OF SEARCH:


0ITERATION NO.:    0    OBJECTIVE VALUE:  -3292.70614825717        NO. OF FUNC. EVALS.:  13
 CUMULATIVE NO. OF FUNC. EVALS.:       13
 NPARAMETR:  1.0000E+00  1.0000E+00  1.0000E+00  1.0000E+00  1.0000E+00  1.0000E+00  1.0000E+00  1.0000E+00  1.0000E+00  1.0000E+00
             1.0000E+00
 PARAMETER:  1.0000E-01  1.0000E-01  1.0000E-01  1.0000E-01  1.0000E-01  1.0000E-01  1.0000E-01  1.0000E-01  1.0000E-01  1.0000E-01
             1.0000E-01
 GRADIENT:   5.0273E+02 -1.7532E+01 -2.8420E+01  2.3589E+02  1.8019E+02  2.7199E+01 -3.2305E+01 -6.0029E+01 -9.7060E+01 -3.3301E+01
            -9.1609E+02

0ITERATION NO.:    5    OBJECTIVE VALUE:  -3448.35320236262        NO. OF FUNC. EVALS.: 115
 CUMULATIVE NO. OF FUNC. EVALS.:      128
 NPARAMETR:  1.0230E+00  1.2360E+00  9.6174E-01  8.4234E-01  9.8775E-01  1.1380E+00  1.0944E+00  1.1353E+00  1.4300E+00  1.1691E+00
             1.4947E+00
 PARAMETER:  1.2272E-01  3.1190E-01  6.0988E-02 -7.1568E-02  8.7679E-02  2.2924E-01  1.9016E-01  2.2687E-01  4.5765E-01  2.5625E-01
             5.0189E-01
 GRADIENT:   7.1335E+01  2.7469E+01 -1.9261E+01 -4.9860E+00 -7.4829E+01  1.8603E+01  2.1435E+01  9.4347E-01  1.9256E+01 -1.2405E+00
             1.6740E+02

0ITERATION NO.:   10    OBJECTIVE VALUE:  -3464.75794454301        NO. OF FUNC. EVALS.: 179
 CUMULATIVE NO. OF FUNC. EVALS.:      307
 NPARAMETR:  1.0152E+00  1.5605E+00  1.4501E+00  6.7479E-01  1.2859E+00  1.1092E+00  6.9482E-01  2.1174E+00  1.4661E+00  1.3720E+00
             1.4184E+00
 PARAMETER:  1.1510E-01  5.4503E-01  4.7160E-01 -2.9335E-01  3.5146E-01  2.0367E-01 -2.6410E-01  8.5019E-01  4.8260E-01  4.1630E-01
             4.4951E-01
 GRADIENT:   6.1338E+01  9.8023E+01  2.2875E+01 -3.5008E+00 -5.6174E+01  9.7236E+00 -8.1156E+00 -1.0855E+01  2.5559E+00 -1.1099E+01
             5.4842E+01

0ITERATION NO.:   15    OBJECTIVE VALUE:  -3472.52100604339        NO. OF FUNC. EVALS.: 184
 CUMULATIVE NO. OF FUNC. EVALS.:      491
 NPARAMETR:  9.6823E-01  1.2604E+00  1.3509E+00  8.1878E-01  1.1482E+00  1.1265E+00  9.9394E-01  2.2200E+00  1.2232E+00  1.4394E+00
             1.3706E+00
 PARAMETER:  6.7710E-02  3.3145E-01  4.0080E-01 -9.9938E-02  2.3819E-01  2.1910E-01  9.3922E-02  8.9752E-01  3.0148E-01  4.6426E-01
             4.1526E-01
 GRADIENT:  -2.1389E+01 -3.4012E+01 -4.0673E+00 -3.0663E+01 -2.5545E+01  1.7243E+01  1.7232E+01 -5.2731E+00  7.9767E+00  2.6156E+01
             4.5275E+01

0ITERATION NO.:   20    OBJECTIVE VALUE:  -3475.24507196372        NO. OF FUNC. EVALS.: 190
 CUMULATIVE NO. OF FUNC. EVALS.:      681             RESET HESSIAN, TYPE I
 NPARAMETR:  9.7002E-01  1.2739E+00  1.3869E+00  8.2259E-01  1.1690E+00  1.1163E+00  9.5721E-01  2.3491E+00  1.2022E+00  1.4111E+00
             1.3640E+00
 PARAMETER:  6.9559E-02  3.4208E-01  4.2706E-01 -9.5302E-02  2.5618E-01  2.1001E-01  5.6266E-02  9.5402E-01  2.8411E-01  4.4435E-01
             4.1042E-01
 GRADIENT:   2.2876E+02  1.8288E+02  4.9756E+00  1.8356E+01  4.5673E+01  9.0596E+01  1.7609E+01  5.6426E+00  2.0773E+01  3.7822E+01
             4.2528E+01

0ITERATION NO.:   25    OBJECTIVE VALUE:  -3476.43775943174        NO. OF FUNC. EVALS.: 187
 CUMULATIVE NO. OF FUNC. EVALS.:      868            RESET HESSIAN, TYPE II
 NPARAMETR:  9.8088E-01  1.2728E+00  1.3869E+00  8.2218E-01  1.1690E+00  1.0770E+00  8.3708E-01  2.3380E+00  1.2022E+00  1.4142E+00
             1.3640E+00
 PARAMETER:  8.0690E-02  3.4123E-01  4.2706E-01 -9.5802E-02  2.5618E-01  1.7415E-01 -7.7837E-02  9.4929E-01  2.8411E-01  4.4656E-01
             4.1042E-01
 GRADIENT:   2.4839E+02  1.7440E+02  6.2131E+00  1.6475E+01  4.7993E+01  6.2039E+01  5.0192E+00  4.3151E+00  1.6717E+01  3.6351E+01
             3.7386E+01

0ITERATION NO.:   30    OBJECTIVE VALUE:  -3476.56802544593        NO. OF FUNC. EVALS.: 186
 CUMULATIVE NO. OF FUNC. EVALS.:     1054
 NPARAMETR:  9.8068E-01  1.2734E+00  1.3876E+00  8.2228E-01  1.1687E+00  1.0754E+00  8.3132E-01  2.4918E+00  1.2026E+00  1.4150E+00
             1.3633E+00
 PARAMETER:  8.0488E-02  3.4166E-01  4.2759E-01 -9.5678E-02  2.5586E-01  1.7272E-01 -8.4741E-02  1.0130E+00  2.8446E-01  4.4711E-01
             4.0990E-01
 GRADIENT:   5.6282E-01 -3.3624E+01 -7.7391E+00 -2.4093E+01 -1.9040E+01 -1.9065E-01  1.3597E+00  1.8853E+00  4.4326E+00  1.7483E+01
             3.2001E+01

0ITERATION NO.:   32    OBJECTIVE VALUE:  -3476.58264397071        NO. OF FUNC. EVALS.:  57
 CUMULATIVE NO. OF FUNC. EVALS.:     1111
 NPARAMETR:  9.8068E-01  1.2734E+00  1.3876E+00  8.2228E-01  1.1687E+00  1.0759E+00  8.3132E-01  2.4418E+00  1.2026E+00  1.4150E+00
             1.3633E+00
 PARAMETER:  8.0488E-02  3.4167E-01  4.2759E-01 -9.5678E-02  2.5586E-01  1.7317E-01 -8.4740E-02  9.9273E-01  2.8447E-01  4.4711E-01
             4.0989E-01
 GRADIENT:   5.5312E-01 -3.3348E+01 -6.3884E+00 -2.3582E+01 -1.8127E+01 -9.5299E-03  1.1841E+00 -3.1850E-01  3.7995E+00  1.7697E+01
             3.0993E+01
 Elapsed estimation  time in seconds:    21.05
 Elapsed postprocess time in seconds:     0.00
 Elapsed finaloutput time in seconds:     0.01
Done with nonmem execution
Starting NMTRAN
  
 WARNINGS AND ERRORS (IF ANY) FOR PROBLEM    1
             
 (WARNING  2) NM-TRAN INFERS THAT THE DATA ARE POPULATION.
Building NONMEM Executable
Starting nonmem execution ...
License Registered to: University of Minnesota
Expiration Date:    14 APR 2022
Current Date:       30 SEP 2021
Days until program expires : 199


 First Order Conditional Estimation with Interaction
 MONITORING OF SEARCH:


0ITERATION NO.:    0    OBJECTIVE VALUE:  -3378.03792105680        NO. OF FUNC. EVALS.:  13
 CUMULATIVE NO. OF FUNC. EVALS.:       13
 NPARAMETR:  1.0000E+00  1.0000E+00  1.0000E+00  1.0000E+00  1.0000E+00  1.0000E+00  1.0000E+00  1.0000E+00  1.0000E+00  1.0000E+00
             1.0000E+00
 PARAMETER:  1.0000E-01  1.0000E-01  1.0000E-01  1.0000E-01  1.0000E-01  1.0000E-01  1.0000E-01  1.0000E-01  1.0000E-01  1.0000E-01
             1.0000E-01
 GRADIENT:   5.2154E+02 -2.6426E+00  1.3909E+02  1.1605E+02  7.4579E+01  3.8403E+01 -2.0660E+01 -9.0297E+01 -3.3712E+01 -1.4088E+01
            -7.2006E+02

0ITERATION NO.:    5    OBJECTIVE VALUE:  -3471.47264669159        NO. OF FUNC. EVALS.:  96
 CUMULATIVE NO. OF FUNC. EVALS.:      109
 NPARAMETR:  1.0437E+00  1.0921E+00  7.8082E-01  1.0046E+00  9.2524E-01  1.0095E+00  1.0622E+00  1.1291E+00  1.0750E+00  1.0356E+00
             1.2224E+00
 PARAMETER:  1.4278E-01  1.8812E-01 -1.4741E-01  1.0459E-01  2.2303E-02  1.0941E-01  1.6036E-01  2.2138E-01  1.7235E-01  1.3497E-01
             3.0085E-01
 GRADIENT:   2.1740E+02  7.1103E+01 -3.2999E+01  5.5785E+01 -4.4184E+01  2.3733E+00 -1.1595E+00 -2.7577E+01 -5.5658E+00 -1.0711E+01
            -1.2471E+02

0ITERATION NO.:   10    OBJECTIVE VALUE:  -3483.90919486914        NO. OF FUNC. EVALS.: 178
 CUMULATIVE NO. OF FUNC. EVALS.:      287
 NPARAMETR:  1.0649E+00  1.5720E+00  1.0974E+00  7.2300E-01  1.4416E+00  1.0716E+00  9.2498E-01  2.2709E+00  1.2365E+00  1.5029E+00
             1.3226E+00
 PARAMETER:  1.6287E-01  5.5236E-01  1.9295E-01 -2.2434E-01  4.6579E-01  1.6913E-01  2.2015E-02  9.2019E-01  3.1226E-01  5.0737E-01
             3.7959E-01
 GRADIENT:   2.3004E+02  5.7127E+01  1.6442E+01  3.6157E+01  8.4619E+00  1.6269E+01  1.2252E+01 -3.1685E+00  1.6210E+01  9.6178E+00
             5.4811E+01

0ITERATION NO.:   15    OBJECTIVE VALUE:  -3501.95902723562        NO. OF FUNC. EVALS.: 178
 CUMULATIVE NO. OF FUNC. EVALS.:      465
 NPARAMETR:  9.8761E-01  1.4068E+00  9.8566E-01  7.8545E-01  1.2803E+00  9.5404E-01  8.9522E-01  2.0110E+00  1.1045E+00  1.4576E+00
             1.2961E+00
 PARAMETER:  8.7532E-02  4.4132E-01  8.5554E-02 -1.4150E-01  3.4713E-01  5.2954E-02 -1.0687E-02  7.9863E-01  1.9937E-01  4.7676E-01
             3.5934E-01
 GRADIENT:   1.0582E+02  4.4209E+00  1.5932E+01  4.1227E-01 -6.0857E+00 -1.3545E+00  3.5601E+00 -2.9462E+00  2.3179E+00  6.2142E+00
             3.2473E+01

0ITERATION NO.:   20    OBJECTIVE VALUE:  -3505.25421827959        NO. OF FUNC. EVALS.: 175
 CUMULATIVE NO. OF FUNC. EVALS.:      640
 NPARAMETR:  9.4502E-01  1.3877E+00  9.3003E-01  7.9348E-01  1.2648E+00  9.4801E-01  8.5958E-01  2.0560E+00  1.1079E+00  1.4311E+00
             1.2687E+00
 PARAMETER:  4.3455E-02  4.2768E-01  2.7462E-02 -1.3133E-01  3.3489E-01  4.6613E-02 -5.1310E-02  8.2075E-01  2.0247E-01  4.5844E-01
             3.3796E-01
 GRADIENT:  -2.6667E-01 -1.0918E+00  1.0693E+00 -8.7929E-01 -2.4085E-01  3.7806E-01 -3.7280E-01  2.2774E-01 -2.6312E-01 -4.5415E-01
            -4.7322E-01

0ITERATION NO.:   24    OBJECTIVE VALUE:  -3505.26005831093        NO. OF FUNC. EVALS.: 127
 CUMULATIVE NO. OF FUNC. EVALS.:      767
 NPARAMETR:  9.4527E-01  1.3936E+00  9.2432E-01  7.9069E-01  1.2687E+00  9.4716E-01  8.6424E-01  2.0509E+00  1.1068E+00  1.4364E+00
             1.2696E+00
 PARAMETER:  4.3717E-02  4.3192E-01  2.1303E-02 -1.3485E-01  3.3797E-01  4.5717E-02 -4.5907E-02  8.1829E-01  2.0143E-01  4.6216E-01
             3.3871E-01
 GRADIENT:   3.4649E-01  7.1595E-02 -1.5228E-01  1.6412E-01  8.4868E-02  2.0668E-02  7.4165E-02  1.7753E-02  1.5133E-02  6.5403E-02
             1.8648E-01
 Elapsed estimation  time in seconds:    13.23
 Elapsed postprocess time in seconds:     0.00
 Elapsed finaloutput time in seconds:     0.00
Done with nonmem execution
Starting NMTRAN
  
 WARNINGS AND ERRORS (IF ANY) FOR PROBLEM    1
             
 (WARNING  2) NM-TRAN INFERS THAT THE DATA ARE POPULATION.
Building NONMEM Executable
Starting nonmem execution ...
License Registered to: University of Minnesota
Expiration Date:    14 APR 2022
Current Date:       30 SEP 2021
Days until program expires : 199


 First Order Conditional Estimation with Interaction
 MONITORING OF SEARCH:


0ITERATION NO.:    0    OBJECTIVE VALUE:  -3164.63800967089        NO. OF FUNC. EVALS.:  13
 CUMULATIVE NO. OF FUNC. EVALS.:       13
 NPARAMETR:  1.0000E+00  1.0000E+00  1.0000E+00  1.0000E+00  1.0000E+00  1.0000E+00  1.0000E+00  1.0000E+00  1.0000E+00  1.0000E+00
             1.0000E+00
 PARAMETER:  1.0000E-01  1.0000E-01  1.0000E-01  1.0000E-01  1.0000E-01  1.0000E-01  1.0000E-01  1.0000E-01  1.0000E-01  1.0000E-01
             1.0000E-01
 GRADIENT:   4.5289E+02  3.1393E+01 -4.8971E+01  1.3931E+02  2.5290E+02  5.7385E+01 -2.5698E+01 -8.7086E+01 -6.2793E+01 -2.1113E+01
            -1.2843E+03

0ITERATION NO.:    5    OBJECTIVE VALUE:  -3412.33253217662        NO. OF FUNC. EVALS.:  95
 CUMULATIVE NO. OF FUNC. EVALS.:      108
 NPARAMETR:  9.4662E-01  1.0139E+00  1.0470E+00  9.8185E-01  8.7754E-01  9.5393E-01  1.0229E+00  1.0450E+00  1.0755E+00  9.8437E-01
             1.6048E+00
 PARAMETER:  4.5140E-02  1.1376E-01  1.4597E-01  8.1684E-02 -3.0627E-02  5.2835E-02  1.2266E-01  1.4405E-01  1.7278E-01  8.4243E-02
             5.7302E-01
 GRADIENT:  -1.4056E+02 -1.2883E+01  8.5214E+00 -3.0287E+01 -6.3942E+01 -1.7903E+01 -4.3203E+00  2.3394E-01 -2.6749E+00  4.0864E+00
             1.0352E+02

0ITERATION NO.:   10    OBJECTIVE VALUE:  -3415.45557190314        NO. OF FUNC. EVALS.: 175
 CUMULATIVE NO. OF FUNC. EVALS.:      283
 NPARAMETR:  9.6365E-01  1.2968E+00  1.5509E+00  8.4188E-01  1.2172E+00  8.9815E-01  9.1060E-01  1.4412E+00  1.1383E+00  1.2982E+00
             1.6217E+00
 PARAMETER:  6.2978E-02  3.5991E-01  5.3885E-01 -7.2124E-02  2.9655E-01 -7.4178E-03  6.3495E-03  4.6551E-01  2.2952E-01  3.6095E-01
             5.8348E-01
 GRADIENT:  -1.1266E+02 -1.4157E+01  6.9491E+00 -1.8871E+01  7.6087E+00 -4.0630E+01  3.7963E+00 -3.4932E+00  1.1869E+00  2.1010E+01
             1.0783E+02

0ITERATION NO.:   15    OBJECTIVE VALUE:  -3424.82939693749        NO. OF FUNC. EVALS.: 179
 CUMULATIVE NO. OF FUNC. EVALS.:      462
 NPARAMETR:  9.8659E-01  1.2393E+00  1.8579E+00  9.1345E-01  1.2449E+00  9.3328E-01  9.1328E-01  2.8082E+00  9.6157E-01  1.1417E+00
             1.5453E+00
 PARAMETER:  8.6495E-02  3.1454E-01  7.1943E-01  9.4729E-03  3.1902E-01  3.0952E-02  9.2887E-03  1.1325E+00  6.0813E-02  2.3251E-01
             5.3522E-01
 GRADIENT:  -4.4379E+01  1.3867E+01 -1.8951E+01  5.2167E+00  2.5686E+01 -2.0430E+01 -8.5026E+00  1.4709E+01 -5.8363E+00 -6.8164E+00
             4.8942E+01

0ITERATION NO.:   20    OBJECTIVE VALUE:  -3431.00295117265        NO. OF FUNC. EVALS.: 177
 CUMULATIVE NO. OF FUNC. EVALS.:      639
 NPARAMETR:  1.0058E+00  1.0689E+00  2.1312E+00  1.0120E+00  1.1483E+00  9.8393E-01  1.1015E+00  2.7460E+00  8.9843E-01  1.0788E+00
             1.4899E+00
 PARAMETER:  1.0582E-01  1.6661E-01  8.5668E-01  1.1197E-01  2.3826E-01  8.3801E-02  1.9671E-01  1.1101E+00 -7.1052E-03  1.7583E-01
             4.9871E-01
 GRADIENT:   6.4029E+00 -1.8128E+00 -1.1032E+00 -6.2777E+00  4.1902E-01  1.8481E+00  1.4164E+00 -6.5311E-01  1.0846E+00 -5.5949E-01
             1.9238E+00

0ITERATION NO.:   25    OBJECTIVE VALUE:  -3431.04529893875        NO. OF FUNC. EVALS.: 187
 CUMULATIVE NO. OF FUNC. EVALS.:      826
 NPARAMETR:  1.0040E+00  1.0671E+00  2.1356E+00  1.0168E+00  1.1471E+00  9.8029E-01  1.0936E+00  2.7627E+00  8.9215E-01  1.0799E+00
             1.4889E+00
 PARAMETER:  1.0402E-01  1.6494E-01  8.5876E-01  1.1664E-01  2.3728E-01  8.0089E-02  1.8945E-01  1.1162E+00 -1.4120E-02  1.7690E-01
             4.9802E-01
 GRADIENT:   2.2344E+00  9.6229E-01 -1.4532E+00 -4.4597E-01  3.5779E-01  4.1236E-01  9.3949E-02 -3.5897E-01 -8.5470E-02 -2.2603E-01
             9.6576E-01

0ITERATION NO.:   27    OBJECTIVE VALUE:  -3431.04721103921        NO. OF FUNC. EVALS.:  57
 CUMULATIVE NO. OF FUNC. EVALS.:      883
 NPARAMETR:  1.0038E+00  1.0663E+00  2.1351E+00  1.0173E+00  1.1471E+00  9.7963E-01  1.0933E+00  2.7689E+00  8.9302E-01  1.0818E+00
             1.4885E+00
 PARAMETER:  1.0377E-01  1.6415E-01  8.5852E-01  1.1719E-01  2.3727E-01  7.9421E-02  1.8917E-01  1.1185E+00 -1.3151E-02  1.7866E-01
             4.9775E-01
 GRADIENT:   1.6808E+00  5.7647E-01 -1.7015E+00 -7.0602E-02  6.8422E-01  1.5156E-01  1.0425E-01 -9.0834E-02  1.6485E-01  1.3509E-01
             7.4882E-01
 Elapsed estimation  time in seconds:    16.05
 Elapsed postprocess time in seconds:     0.00
 Elapsed finaloutput time in seconds:     0.00
Done with nonmem execution
Starting NMTRAN
  
 WARNINGS AND ERRORS (IF ANY) FOR PROBLEM    1
             
 (WARNING  2) NM-TRAN INFERS THAT THE DATA ARE POPULATION.
Building NONMEM Executable
Starting nonmem execution ...
License Registered to: University of Minnesota
Expiration Date:    14 APR 2022
Current Date:       30 SEP 2021
Days until program expires : 199


 First Order Conditional Estimation with Interaction
 MONITORING OF SEARCH:


0ITERATION NO.:    0    OBJECTIVE VALUE:  -2238.02039161147        NO. OF FUNC. EVALS.:  13
 CUMULATIVE NO. OF FUNC. EVALS.:       13
 NPARAMETR:  1.0000E+00  1.0000E+00  1.0000E+00  1.0000E+00  1.0000E+00  1.0000E+00  1.0000E+00  1.0000E+00  1.0000E+00  1.0000E+00
             1.0000E+00
 PARAMETER:  1.0000E-01  1.0000E-01  1.0000E-01  1.0000E-01  1.0000E-01  1.0000E-01  1.0000E-01  1.0000E-01  1.0000E-01  1.0000E-01
             1.0000E-01
 GRADIENT:   4.9008E+02  1.4056E+01  2.5522E+02  1.6951E+02  2.0850E+02  1.0414E+01 -1.1435E+02 -1.0115E+03 -2.9198E+02 -4.8219E+01
            -1.7323E+03

0ITERATION NO.:    5    OBJECTIVE VALUE:  -3205.01672884630        NO. OF FUNC. EVALS.:  73
 CUMULATIVE NO. OF FUNC. EVALS.:       86
 NPARAMETR:  1.0109E+00  1.1023E+00  8.5708E-01  8.7485E-01  9.5654E-01  1.0848E+00  1.0699E+00  2.3022E+00  1.0445E+00  1.1040E+00
             1.4415E+00
 PARAMETER:  1.1083E-01  1.9738E-01 -5.4223E-02 -3.3708E-02  5.5563E-02  1.8139E-01  1.6761E-01  9.3386E-01  1.4355E-01  1.9892E-01
             4.6568E-01
 GRADIENT:   3.0422E+02  5.0729E+01 -1.2743E+01 -2.4015E+00 -3.4782E+01  4.9463E+01  6.5811E+00 -6.7588E+01  9.5177E+00 -2.6206E+01
            -1.7439E+02

0ITERATION NO.:   10    OBJECTIVE VALUE:  -3214.67317883606        NO. OF FUNC. EVALS.:  82
 CUMULATIVE NO. OF FUNC. EVALS.:      168
 NPARAMETR:  1.0064E+00  1.1314E+00  9.0045E-01  8.7797E-01  9.7890E-01  1.0949E+00  1.0612E+00  2.3994E+00  9.9906E-01  1.1412E+00
             1.4465E+00
 PARAMETER:  1.0636E-01  2.2348E-01 -4.8567E-03 -3.0140E-02  7.8669E-02  1.9066E-01  1.5938E-01  9.7521E-01  9.9058E-02  2.3212E-01
             4.6914E-01
 GRADIENT:   2.8308E+02  8.1314E+01 -9.7382E+00  1.6862E+01 -3.6844E+01  5.7161E+01  1.0362E+01 -6.2892E+01  6.1885E+00 -2.3193E+01
            -1.6481E+02

0ITERATION NO.:   12    OBJECTIVE VALUE:  -3214.67317883606        NO. OF FUNC. EVALS.:  67
 CUMULATIVE NO. OF FUNC. EVALS.:      235
 NPARAMETR:  1.0064E+00  1.1314E+00  9.0045E-01  8.7797E-01  9.7890E-01  1.0949E+00  1.0612E+00  2.3994E+00  9.9906E-01  1.1412E+00
             1.4465E+00
 PARAMETER:  1.0636E-01  2.2348E-01 -4.8567E-03 -3.0140E-02  7.8669E-02  1.9066E-01  1.5938E-01  9.7521E-01  9.9058E-02  2.3212E-01
             4.6914E-01
 GRADIENT:  -3.8240E+04  1.8172E+04  4.0712E+04 -2.0386E+04  4.0647E+04 -1.0682E+04 -2.5541E+04  4.0143E+03 -4.0713E+04 -8.8035E+03
             8.4927E+03
 Elapsed estimation  time in seconds:     3.88
 Elapsed postprocess time in seconds:     0.00
 Elapsed finaloutput time in seconds:     0.00
Done with nonmem execution
Starting NMTRAN
  
 WARNINGS AND ERRORS (IF ANY) FOR PROBLEM    1
             
 (WARNING  2) NM-TRAN INFERS THAT THE DATA ARE POPULATION.
Building NONMEM Executable
Starting nonmem execution ...
License Registered to: University of Minnesota
Expiration Date:    14 APR 2022
Current Date:       30 SEP 2021
Days until program expires : 199


 First Order Conditional Estimation with Interaction
 MONITORING OF SEARCH:


0ITERATION NO.:    0    OBJECTIVE VALUE:  -3378.42235527240        NO. OF FUNC. EVALS.:  13
 CUMULATIVE NO. OF FUNC. EVALS.:       13
 NPARAMETR:  1.0000E+00  1.0000E+00  1.0000E+00  1.0000E+00  1.0000E+00  1.0000E+00  1.0000E+00  1.0000E+00  1.0000E+00  1.0000E+00
             1.0000E+00
 PARAMETER:  1.0000E-01  1.0000E-01  1.0000E-01  1.0000E-01  1.0000E-01  1.0000E-01  1.0000E-01  1.0000E-01  1.0000E-01  1.0000E-01
             1.0000E-01
 GRADIENT:   4.8204E+02  7.7374E-02  1.0933E+02  1.9454E+02  1.2837E+02  3.8909E+01 -1.9015E+01 -9.7460E+01 -5.9371E+01  2.1845E+01
            -8.0475E+02

0ITERATION NO.:    5    OBJECTIVE VALUE:  -3505.42172891725        NO. OF FUNC. EVALS.:  92
 CUMULATIVE NO. OF FUNC. EVALS.:      105
 NPARAMETR:  1.0468E+00  1.1021E+00  7.4374E-01  9.2750E-01  9.0544E-01  1.0651E+00  1.0247E+00  1.1887E+00  1.1183E+00  9.0049E-01
             1.3228E+00
 PARAMETER:  1.4574E-01  1.9723E-01 -1.9607E-01  2.4741E-02  6.6923E-04  1.6310E-01  1.2444E-01  2.7286E-01  2.1184E-01 -4.8122E-03
             3.7972E-01
 GRADIENT:   1.1410E+02  5.3089E+01 -4.2714E+01 -1.2869E+01 -4.6531E+01  1.2484E+01  1.1193E+00 -1.1616E+01 -6.7751E+00 -1.3088E+00
            -1.7667E+01

0ITERATION NO.:   10    OBJECTIVE VALUE:  -3518.07112327486        NO. OF FUNC. EVALS.: 177
 CUMULATIVE NO. OF FUNC. EVALS.:      282
 NPARAMETR:  1.0429E+00  1.3254E+00  1.0072E+00  7.9775E-01  1.1954E+00  1.0290E+00  9.2735E-01  2.0124E+00  1.2828E+00  1.0320E+00
             1.3007E+00
 PARAMETER:  1.4197E-01  3.8171E-01  1.0717E-01 -1.2596E-01  2.7849E-01  1.2863E-01  2.4579E-02  7.9934E-01  3.4902E-01  1.3154E-01
             3.6289E-01
 GRADIENT:   1.1407E+02 -2.3850E+00 -1.2287E+01 -5.8854E+00  1.4152E+01  7.8237E-02  1.0319E+01 -1.7312E+00  1.4623E+01 -1.1203E+01
            -3.0635E+01

0ITERATION NO.:   15    OBJECTIVE VALUE:  -3522.62642302487        NO. OF FUNC. EVALS.: 177
 CUMULATIVE NO. OF FUNC. EVALS.:      459
 NPARAMETR:  1.0155E+00  1.3465E+00  1.0407E+00  7.8950E-01  1.2237E+00  1.0075E+00  8.1209E-01  2.2022E+00  1.1945E+00  1.1605E+00
             1.3160E+00
 PARAMETER:  1.1540E-01  3.9751E-01  1.3994E-01 -1.3636E-01  3.0190E-01  1.0751E-01 -1.0814E-01  8.8944E-01  2.7776E-01  2.4882E-01
             3.7463E-01
 GRADIENT:   5.9857E+01 -1.1183E+01 -8.6187E+00 -7.2970E+00  1.0024E+01 -3.6979E+00 -6.6557E-01 -1.9151E+00  1.4503E+00  2.4642E+00
            -1.1793E+00

0ITERATION NO.:   20    OBJECTIVE VALUE:  -3523.12737900129        NO. OF FUNC. EVALS.: 192
 CUMULATIVE NO. OF FUNC. EVALS.:      651             RESET HESSIAN, TYPE I
 NPARAMETR:  1.0080E+00  1.3427E+00  1.0460E+00  7.9322E-01  1.2194E+00  1.0091E+00  8.1635E-01  2.2217E+00  1.1880E+00  1.1509E+00
             1.3157E+00
 PARAMETER:  1.0793E-01  3.9471E-01  1.4499E-01 -1.3166E-01  2.9840E-01  1.0904E-01 -1.0291E-01  8.9829E-01  2.7230E-01  2.4057E-01
             3.7433E-01
 GRADIENT:   3.2711E+02  2.7197E+02 -5.0583E+00  4.1504E+01  8.5649E+01  2.6050E+01  3.5085E+00  6.9646E+00  1.3624E+01  8.9888E+00
             6.2568E+00

0ITERATION NO.:   25    OBJECTIVE VALUE:  -3523.35244829740        NO. OF FUNC. EVALS.: 160
 CUMULATIVE NO. OF FUNC. EVALS.:      811
 NPARAMETR:  1.0018E+00  1.3421E+00  1.0458E+00  7.9335E-01  1.2199E+00  1.0146E+00  8.1827E-01  2.2243E+00  1.1852E+00  1.1441E+00
             1.3157E+00
 PARAMETER:  1.0178E-01  3.9421E-01  1.4481E-01 -1.3149E-01  2.9877E-01  1.1449E-01 -1.0056E-01  8.9944E-01  2.6993E-01  2.3465E-01
             3.7440E-01
 GRADIENT:   2.9738E+02  2.7078E+02 -5.3471E+00  4.1075E+01  8.6831E+01  3.0672E+01  3.3148E+00  7.0610E+00  1.3134E+01  7.5889E+00
             6.4064E+00

0ITERATION NO.:   27    OBJECTIVE VALUE:  -3523.35244829740        NO. OF FUNC. EVALS.:  62
 CUMULATIVE NO. OF FUNC. EVALS.:      873
 NPARAMETR:  1.0018E+00  1.3421E+00  1.0458E+00  7.9335E-01  1.2199E+00  1.0146E+00  8.1827E-01  2.2243E+00  1.1852E+00  1.1441E+00
             1.3157E+00
 PARAMETER:  1.0178E-01  3.9421E-01  1.4481E-01 -1.3149E-01  2.9877E-01  1.1449E-01 -1.0056E-01  8.9944E-01  2.6993E-01  2.3465E-01
             3.7440E-01
 GRADIENT:  -3.3357E+04  8.6031E+03  2.3469E+04 -1.2931E+04 -1.1366E+04  1.3004E-01  3.3788E+04 -1.9166E+03 -1.2591E+04 -3.9984E-03
            -9.0837E+03
 Elapsed estimation  time in seconds:    16.66
 Elapsed postprocess time in seconds:     0.00
 Elapsed finaloutput time in seconds:     0.00
Done with nonmem execution
Starting NMTRAN
  
 WARNINGS AND ERRORS (IF ANY) FOR PROBLEM    1
             
 (WARNING  2) NM-TRAN INFERS THAT THE DATA ARE POPULATION.
Building NONMEM Executable
Starting nonmem execution ...
License Registered to: University of Minnesota
Expiration Date:    14 APR 2022
Current Date:       30 SEP 2021
Days until program expires : 199


 First Order Conditional Estimation with Interaction
 MONITORING OF SEARCH:


0ITERATION NO.:    0    OBJECTIVE VALUE:  -3183.76304512888        NO. OF FUNC. EVALS.:  13
 CUMULATIVE NO. OF FUNC. EVALS.:       13
 NPARAMETR:  1.0000E+00  1.0000E+00  1.0000E+00  1.0000E+00  1.0000E+00  1.0000E+00  1.0000E+00  1.0000E+00  1.0000E+00  1.0000E+00
             1.0000E+00
 PARAMETER:  1.0000E-01  1.0000E-01  1.0000E-01  1.0000E-01  1.0000E-01  1.0000E-01  1.0000E-01  1.0000E-01  1.0000E-01  1.0000E-01
             1.0000E-01
 GRADIENT:   5.2635E+02 -3.6570E+00  6.5744E+01  1.0928E+02  9.6599E+01  1.8328E+01 -1.8468E+01 -1.0547E+02 -6.4770E+01 -9.4741E-01
            -1.0516E+03

0ITERATION NO.:    5    OBJECTIVE VALUE:  -3365.70020800616        NO. OF FUNC. EVALS.:  97
 CUMULATIVE NO. OF FUNC. EVALS.:      110
 NPARAMETR:  1.0091E+00  1.1007E+00  8.1879E-01  9.5949E-01  9.7389E-01  9.8280E-01  9.9174E-01  1.1754E+00  1.2356E+00  9.9973E-01
             1.4133E+00
 PARAMETER:  1.0902E-01  1.9594E-01 -9.9933E-02  5.8650E-02  7.3541E-02  8.2649E-02  9.1702E-02  2.6160E-01  3.1153E-01  9.9729E-02
             4.4594E-01
 GRADIENT:   1.6719E+02 -1.5567E+00 -6.2307E+01  1.0476E+01 -5.2546E+00 -1.5366E+01  3.7552E+00 -1.3965E+01  9.5929E+00 -8.6339E+00
            -2.1291E+01

0ITERATION NO.:   10    OBJECTIVE VALUE:  -3386.77363376152        NO. OF FUNC. EVALS.: 176
 CUMULATIVE NO. OF FUNC. EVALS.:      286
 NPARAMETR:  1.0028E+00  1.4740E+00  1.1469E+00  7.9584E-01  1.3164E+00  1.1109E+00  7.6898E-01  2.0977E+00  1.3429E+00  1.3630E+00
             1.3750E+00
 PARAMETER:  1.0281E-01  4.8796E-01  2.3706E-01 -1.2836E-01  3.7490E-01  2.0514E-01 -1.6269E-01  8.4085E-01  3.9480E-01  4.0968E-01
             4.1845E-01
 GRADIENT:   1.2006E+02  7.2527E+01  8.4556E+00  4.6545E+01 -1.4864E+01  3.1071E+01  7.2745E+00 -9.8759E+00  1.3160E+01  2.7596E+00
            -5.3119E+01

0ITERATION NO.:   15    OBJECTIVE VALUE:  -3396.44315440757        NO. OF FUNC. EVALS.: 181
 CUMULATIVE NO. OF FUNC. EVALS.:      467
 NPARAMETR:  9.4362E-01  1.4174E+00  1.1731E+00  7.8440E-01  1.3198E+00  9.8304E-01  7.0445E-01  2.3259E+00  1.2451E+00  1.3526E+00
             1.4031E+00
 PARAMETER:  4.1963E-02  4.4881E-01  2.5969E-01 -1.4283E-01  3.7750E-01  8.2898E-02 -2.5034E-01  9.4413E-01  3.1918E-01  4.0200E-01
             4.3869E-01
 GRADIENT:   1.3279E+01 -2.1500E+00  6.0193E-01  1.5471E-01 -1.2431E+00 -4.0060E+00  2.8969E-01  3.6904E-01 -2.3412E+00  1.2018E+00
            -8.1856E-01

0ITERATION NO.:   20    OBJECTIVE VALUE:  -3396.58309712737        NO. OF FUNC. EVALS.: 175
 CUMULATIVE NO. OF FUNC. EVALS.:      642
 NPARAMETR:  9.3819E-01  1.4427E+00  1.1350E+00  7.6659E-01  1.3318E+00  9.9256E-01  6.7570E-01  2.2728E+00  1.2916E+00  1.3627E+00
             1.4065E+00
 PARAMETER:  3.6198E-02  4.6653E-01  2.2662E-01 -1.6580E-01  3.8651E-01  9.2532E-02 -2.9201E-01  9.2103E-01  3.5586E-01  4.0947E-01
             4.4113E-01
 GRADIENT:   1.6400E-01  3.9468E-01  1.5653E-01 -4.8437E-02 -1.2547E-01 -2.4408E-01  7.0202E-02 -5.5383E-02  1.0815E-01 -3.5922E-02
             1.9162E-01

0ITERATION NO.:   21    OBJECTIVE VALUE:  -3396.58309712737        NO. OF FUNC. EVALS.:  22
 CUMULATIVE NO. OF FUNC. EVALS.:      664
 NPARAMETR:  9.3819E-01  1.4427E+00  1.1350E+00  7.6659E-01  1.3318E+00  9.9256E-01  6.7570E-01  2.2728E+00  1.2916E+00  1.3627E+00
             1.4065E+00
 PARAMETER:  3.6198E-02  4.6653E-01  2.2662E-01 -1.6580E-01  3.8651E-01  9.2532E-02 -2.9201E-01  9.2103E-01  3.5586E-01  4.0947E-01
             4.4113E-01
 GRADIENT:   1.6400E-01  3.9468E-01  1.5653E-01 -4.8437E-02 -1.2547E-01 -2.4408E-01  7.0202E-02 -5.5383E-02  1.0815E-01 -3.5922E-02
             1.9162E-01
 Elapsed estimation  time in seconds:    11.70
 Elapsed postprocess time in seconds:     0.00
 Elapsed finaloutput time in seconds:     0.00
Done with nonmem execution
Starting NMTRAN
  
 WARNINGS AND ERRORS (IF ANY) FOR PROBLEM    1
             
 (WARNING  2) NM-TRAN INFERS THAT THE DATA ARE POPULATION.
Building NONMEM Executable
Starting nonmem execution ...
License Registered to: University of Minnesota
Expiration Date:    14 APR 2022
Current Date:       30 SEP 2021
Days until program expires : 199


 First Order Conditional Estimation with Interaction
 MONITORING OF SEARCH:


0ITERATION NO.:    0    OBJECTIVE VALUE:  -3522.09459314712        NO. OF FUNC. EVALS.:  13
 CUMULATIVE NO. OF FUNC. EVALS.:       13
 NPARAMETR:  1.0000E+00  1.0000E+00  1.0000E+00  1.0000E+00  1.0000E+00  1.0000E+00  1.0000E+00  1.0000E+00  1.0000E+00  1.0000E+00
             1.0000E+00
 PARAMETER:  1.0000E-01  1.0000E-01  1.0000E-01  1.0000E-01  1.0000E-01  1.0000E-01  1.0000E-01  1.0000E-01  1.0000E-01  1.0000E-01
             1.0000E-01
 GRADIENT:   4.8013E+02  8.4110E+01  5.4336E+00  1.2324E+02  4.4040E+01  2.2573E+01 -7.5765E+00 -2.8086E+01 -4.7002E+01  7.1772E+00
            -5.2008E+02

0ITERATION NO.:    5    OBJECTIVE VALUE:  -3576.35036477692        NO. OF FUNC. EVALS.: 119
 CUMULATIVE NO. OF FUNC. EVALS.:      132
 NPARAMETR:  9.8036E-01  9.8749E-01  9.8655E-01  9.9423E-01  9.9641E-01  1.1047E+00  1.0171E+00  1.0349E+00  1.1868E+00  9.4258E-01
             1.2786E+00
 PARAMETER:  8.0169E-02  8.7406E-02  8.6454E-02  9.4216E-02  9.6408E-02  1.9954E-01  1.1699E-01  1.3429E-01  2.7124E-01  4.0869E-02
             3.4579E-01
 GRADIENT:  -4.5428E+00 -3.0599E+01 -1.9032E+01  1.1120E+01 -1.5988E+00  7.4266E+00 -4.8911E+00  1.2988E+00  1.1760E+01 -1.3510E+00
             8.2895E+01

0ITERATION NO.:   10    OBJECTIVE VALUE:  -3580.07671969704        NO. OF FUNC. EVALS.: 176
 CUMULATIVE NO. OF FUNC. EVALS.:      308
 NPARAMETR:  9.7937E-01  1.3069E+00  1.2700E+00  8.2205E-01  1.3007E+00  1.1319E+00  8.8409E-01  1.5234E+00  1.2678E+00  1.1903E+00
             1.2808E+00
 PARAMETER:  7.9149E-02  3.6763E-01  3.3905E-01 -9.5949E-02  3.6289E-01  2.2387E-01 -2.3201E-02  5.2092E-01  3.3732E-01  2.7421E-01
             3.4747E-01
 GRADIENT:  -6.8441E+00  2.6584E+01  1.1073E+01 -1.3771E+01 -3.5919E+00  1.6632E+01  1.2289E+01 -5.3608E+00  1.3860E+01  2.5115E-01
             7.4654E+01

0ITERATION NO.:   15    OBJECTIVE VALUE:  -3585.48473415668        NO. OF FUNC. EVALS.: 178
 CUMULATIVE NO. OF FUNC. EVALS.:      486
 NPARAMETR:  9.8212E-01  1.1993E+00  1.3088E+00  8.9636E-01  1.2434E+00  1.0779E+00  8.4693E-01  1.7985E+00  1.1221E+00  1.1723E+00
             1.2232E+00
 PARAMETER:  8.1958E-02  2.8173E-01  3.6908E-01 -9.4084E-03  3.1786E-01  1.7501E-01 -6.6133E-02  6.8694E-01  2.1517E-01  2.5893E-01
             3.0148E-01
 GRADIENT:  -1.2125E+00  1.5471E+00 -2.2336E+00  4.0197E+00  1.2445E+00 -2.3394E+00 -2.0986E-01 -9.5577E-02 -5.7263E-01  1.0844E+00
             2.9946E+00

0ITERATION NO.:   19    OBJECTIVE VALUE:  -3585.52491577862        NO. OF FUNC. EVALS.: 127
 CUMULATIVE NO. OF FUNC. EVALS.:      613
 NPARAMETR:  9.8281E-01  1.1970E+00  1.3350E+00  8.9612E-01  1.2467E+00  1.0844E+00  8.5339E-01  1.8451E+00  1.1179E+00  1.1658E+00
             1.2203E+00
 PARAMETER:  8.2660E-02  2.7986E-01  3.8892E-01 -9.6779E-03  3.2053E-01  1.8105E-01 -5.8537E-02  7.1252E-01  2.1146E-01  2.5344E-01
             2.9910E-01
 GRADIENT:   2.2480E-01  4.9165E-02 -1.0948E-01 -9.6892E-02  1.4340E-01  7.0168E-02  9.2507E-03  7.8254E-02 -6.3762E-03 -2.8270E-02
            -2.3565E-01
 Elapsed estimation  time in seconds:     9.91
 Elapsed postprocess time in seconds:     0.00
 Elapsed finaloutput time in seconds:     0.00
Done with nonmem execution
