Starting NMTRAN
  
 WARNINGS AND ERRORS (IF ANY) FOR PROBLEM    1
             
 (WARNING  2) NM-TRAN INFERS THAT THE DATA ARE POPULATION.
Building NONMEM Executable
Starting nonmem execution ...
License Registered to: University of Minnesota
Expiration Date:    14 APR 2022
Current Date:       30 SEP 2021
Days until program expires : 199


 First Order Conditional Estimation with Interaction
 MONITORING OF SEARCH:


0ITERATION NO.:    0    OBJECTIVE VALUE:  -553.698059595446        NO. OF FUNC. EVALS.:  13
 CUMULATIVE NO. OF FUNC. EVALS.:       13
 NPARAMETR:  1.0000E+00  1.0000E+00  1.0000E+00  1.0000E+00  1.0000E+00  1.0000E+00  1.0000E+00  1.0000E+00  1.0000E+00  1.0000E+00
             1.0000E+00
 PARAMETER:  1.0000E-01  1.0000E-01  1.0000E-01  1.0000E-01  1.0000E-01  1.0000E-01  1.0000E-01  1.0000E-01  1.0000E-01  1.0000E-01
             1.0000E-01
 GRADIENT:   4.5697E+02  2.7243E+02  2.9803E+02  6.8474E+01  2.0133E+02  3.6107E+01 -2.5712E+02 -2.0252E+02 -1.5447E+01 -1.8181E+02
            -5.8315E+03

0ITERATION NO.:    5    OBJECTIVE VALUE:  -2703.87175970462        NO. OF FUNC. EVALS.:  71
 CUMULATIVE NO. OF FUNC. EVALS.:       84
 NPARAMETR:  1.0446E+00  9.8419E-01  8.4567E-01  1.1041E+00  9.3631E-01  9.4069E-01  1.0021E+00  9.5517E-01  9.0700E-01  9.9577E-01
             2.7180E+00
 PARAMETER:  1.4361E-01  8.4063E-02 -6.7625E-02  1.9901E-01  3.4190E-02  3.8863E-02  1.0206E-01  5.4135E-02  2.3818E-03  9.5764E-02
             1.0999E+00
 GRADIENT:   1.9701E+02  6.1207E+01 -1.0642E+01  1.1182E+02  1.4214E+01 -9.9535E+00 -2.2807E-01  1.2089E+01 -1.9116E+00  2.1854E+00
             3.6434E+01

0ITERATION NO.:   10    OBJECTIVE VALUE:  -2712.77669300383        NO. OF FUNC. EVALS.: 119
 CUMULATIVE NO. OF FUNC. EVALS.:      203
 NPARAMETR:  1.0386E+00  7.3119E-01  6.3742E-01  1.2494E+00  6.8262E-01  9.5163E-01  1.2066E+00  4.1138E-01  8.8470E-01  8.2095E-01
             2.6709E+00
 PARAMETER:  1.3788E-01 -2.1308E-01 -3.5032E-01  3.2269E-01 -2.8182E-01  5.0426E-02  2.8777E-01 -7.8824E-01 -2.2510E-02 -9.7294E-02
             1.0824E+00
 GRADIENT:   1.0585E+02  5.6559E+01 -2.8512E+01  1.5948E+02  3.5697E+01 -9.2676E+00 -7.1923E-01  3.2600E+00 -1.2399E+01 -7.4556E+00
             9.6147E+00

0ITERATION NO.:   15    OBJECTIVE VALUE:  -2728.19351316555        NO. OF FUNC. EVALS.: 178
 CUMULATIVE NO. OF FUNC. EVALS.:      381
 NPARAMETR:  9.6738E-01  5.6632E-01  5.0298E-01  1.2705E+00  5.2579E-01  8.9720E-01  1.3465E+00  2.0101E-02  1.0281E+00  8.2037E-01
             2.6056E+00
 PARAMETER:  6.6835E-02 -4.6859E-01 -5.8721E-01  3.3939E-01 -5.4286E-01 -8.4761E-03  3.9752E-01 -3.8070E+00  1.2771E-01 -9.8002E-02
             1.0577E+00
 GRADIENT:  -6.4082E+01  4.5892E+01 -9.9624E+00  9.8858E+01  2.6266E+01 -3.0507E+01  2.0871E+00  9.2905E-03  2.3704E+01  2.2825E+00
             2.2383E+01

0ITERATION NO.:   20    OBJECTIVE VALUE:  -2775.77243551788        NO. OF FUNC. EVALS.: 176
 CUMULATIVE NO. OF FUNC. EVALS.:      557
 NPARAMETR:  9.8324E-01  2.2120E-01  1.7569E-01  1.0729E+00  2.1325E-01  1.0095E+00  1.4704E+00  1.0000E-02  1.1981E+00  7.1187E-01
             2.3439E+00
 PARAMETER:  8.3101E-02 -1.4087E+00 -1.6390E+00  1.7038E-01 -1.4453E+00  1.0946E-01  4.8556E-01 -2.2683E+01  2.8074E-01 -2.3987E-01
             9.5182E-01
 GRADIENT:  -1.3153E+01 -2.4979E+01  6.0558E+01  4.8126E+01 -9.4325E+01  1.4757E+01 -5.3137E+00  0.0000E+00 -1.2115E+01 -7.9261E+00
            -3.4836E+01

0ITERATION NO.:   25    OBJECTIVE VALUE:  -2779.45030594709        NO. OF FUNC. EVALS.: 175
 CUMULATIVE NO. OF FUNC. EVALS.:      732
 NPARAMETR:  9.8953E-01  2.2789E-01  1.7030E-01  1.0320E+00  2.1580E-01  9.6894E-01  1.4965E+00  1.0000E-02  1.2487E+00  7.3292E-01
             2.3694E+00
 PARAMETER:  8.9478E-02 -1.3789E+00 -1.6702E+00  1.3154E-01 -1.4334E+00  6.8446E-02  5.0312E-01 -2.2763E+01  3.2211E-01 -2.1072E-01
             9.6264E-01
 GRADIENT:  -4.7210E-01  1.2916E-01  6.5532E-01  2.8108E-01 -1.0312E+00  2.0056E-01  2.8842E-01  0.0000E+00  4.7263E-01  3.6447E-01
            -6.0337E-01

0ITERATION NO.:   26    OBJECTIVE VALUE:  -2779.45030594709        NO. OF FUNC. EVALS.:  22
 CUMULATIVE NO. OF FUNC. EVALS.:      754
 NPARAMETR:  9.8953E-01  2.2789E-01  1.7030E-01  1.0320E+00  2.1580E-01  9.6894E-01  1.4965E+00  1.0000E-02  1.2487E+00  7.3292E-01
             2.3694E+00
 PARAMETER:  8.9478E-02 -1.3789E+00 -1.6702E+00  1.3154E-01 -1.4334E+00  6.8446E-02  5.0312E-01 -2.2763E+01  3.2211E-01 -2.1072E-01
             9.6264E-01
 GRADIENT:  -4.7210E-01  1.2916E-01  6.5532E-01  2.8108E-01 -1.0312E+00  2.0056E-01  2.8842E-01  0.0000E+00  4.7263E-01  3.6447E-01
            -6.0337E-01
 Elapsed estimation  time in seconds:    11.87
 Elapsed postprocess time in seconds:     0.00
 Elapsed finaloutput time in seconds:     0.01
Done with nonmem execution
Starting NMTRAN
  
 WARNINGS AND ERRORS (IF ANY) FOR PROBLEM    1
             
 (WARNING  2) NM-TRAN INFERS THAT THE DATA ARE POPULATION.
Building NONMEM Executable
Starting nonmem execution ...
License Registered to: University of Minnesota
Expiration Date:    14 APR 2022
Current Date:       30 SEP 2021
Days until program expires : 199


 First Order Conditional Estimation with Interaction
 MONITORING OF SEARCH:


0ITERATION NO.:    0    OBJECTIVE VALUE:  -1779.88389370163        NO. OF FUNC. EVALS.:  13
 CUMULATIVE NO. OF FUNC. EVALS.:       13
 NPARAMETR:  1.0000E+00  1.0000E+00  1.0000E+00  1.0000E+00  1.0000E+00  1.0000E+00  1.0000E+00  1.0000E+00  1.0000E+00  1.0000E+00
             1.0000E+00
 PARAMETER:  1.0000E-01  1.0000E-01  1.0000E-01  1.0000E-01  1.0000E-01  1.0000E-01  1.0000E-01  1.0000E-01  1.0000E-01  1.0000E-01
             1.0000E-01
 GRADIENT:   4.9141E+02  1.4889E+02  1.8975E+02 -2.8632E+01  1.0045E+02  2.8852E+01 -1.5277E+01 -1.5633E+02  2.2557E+01 -3.0465E+01
            -3.8461E+03

0ITERATION NO.:    5    OBJECTIVE VALUE:  -2926.71591435157        NO. OF FUNC. EVALS.:  71
 CUMULATIVE NO. OF FUNC. EVALS.:       84
 NPARAMETR:  9.5209E-01  1.0044E+00  9.2807E-01  1.1070E+00  9.7366E-01  9.5556E-01  8.8444E-01  9.4178E-01  8.2039E-01  9.1139E-01
             2.6870E+00
 PARAMETER:  5.0902E-02  1.0444E-01  2.5356E-02  2.0166E-01  7.3307E-02  5.4540E-02 -2.2802E-02  4.0016E-02 -9.7978E-02  7.2160E-03
             1.0884E+00
 GRADIENT:   9.5285E+00  4.6055E+01 -1.4800E+01  1.0199E+02  3.9810E+00 -3.8075E+00  3.2093E+00  1.3046E+01  2.4918E-01  4.7630E+00
             3.9855E+02

0ITERATION NO.:   10    OBJECTIVE VALUE:  -2938.18169481443        NO. OF FUNC. EVALS.:  74
 CUMULATIVE NO. OF FUNC. EVALS.:      158
 NPARAMETR:  9.5209E-01  8.2909E-01  7.7936E-01  1.1947E+00  7.9718E-01  9.4098E-01  1.0426E+00  3.3012E-01  7.7868E-01  9.4431E-01
             2.6119E+00
 PARAMETER:  5.0907E-02 -8.7433E-02 -1.4928E-01  2.7787E-01 -1.2668E-01  3.9166E-02  1.4167E-01 -1.0083E+00 -1.5016E-01  4.2701E-02
             1.0601E+00
 GRADIENT:   1.3238E+01  3.4889E+01 -1.6669E+01  1.3480E+02  1.0174E+01 -1.0134E+01  1.4036E+01  2.6981E+00 -5.9411E+00  2.3005E+01
             3.5717E+02

0ITERATION NO.:   15    OBJECTIVE VALUE:  -2973.64303790322        NO. OF FUNC. EVALS.:  72
 CUMULATIVE NO. OF FUNC. EVALS.:      230
 NPARAMETR:  9.2836E-01  9.5788E-01  8.9157E-01  1.0684E+00  9.4147E-01  9.6225E-01  8.2232E-01  1.8478E-01  8.6446E-01  9.7095E-01
             2.2007E+00
 PARAMETER:  2.5661E-02  5.6962E-02 -1.4771E-02  1.6620E-01  3.9688E-02  6.1514E-02 -9.5630E-02 -1.5886E+00 -4.5649E-02  7.0516E-02
             8.8877E-01
 GRADIENT:  -4.0607E+00  5.9295E+00  2.5816E+00  1.8338E+00  5.7842E+00 -2.1948E+00  1.4604E-01  4.7724E-01  2.2424E+00  9.5425E-01
             1.8741E+01

0ITERATION NO.:   20    OBJECTIVE VALUE:  -2975.49829728930        NO. OF FUNC. EVALS.: 157
 CUMULATIVE NO. OF FUNC. EVALS.:      387
 NPARAMETR:  9.6357E-01  9.3427E-01  8.7889E-01  1.0968E+00  9.2050E-01  9.8381E-01  8.5361E-01  1.5104E-01  8.4924E-01  9.4950E-01
             2.1975E+00
 PARAMETER:  6.2894E-02  3.2014E-02 -2.9099E-02  1.9244E-01  1.7164E-02  8.3678E-02 -5.8276E-02 -1.7902E+00 -6.3410E-02  4.8178E-02
             8.8731E-01
 GRADIENT:   3.5046E+00  1.4869E+00 -5.1030E-01  4.0426E+00  6.4892E-01  8.8777E-01 -1.5665E-01  2.6215E-01  7.6460E-03 -8.6060E-01
            -3.5972E+00

0ITERATION NO.:   25    OBJECTIVE VALUE:  -2975.63813506660        NO. OF FUNC. EVALS.: 176
 CUMULATIVE NO. OF FUNC. EVALS.:      563
 NPARAMETR:  9.6176E-01  9.3575E-01  8.8085E-01  1.0942E+00  9.2275E-01  9.8085E-01  8.5139E-01  2.2606E-02  8.5101E-01  9.5608E-01
             2.2013E+00
 PARAMETER:  6.1015E-02  3.3596E-02 -2.6870E-02  1.9003E-01  1.9608E-02  8.0667E-02 -6.0884E-02 -3.6895E+00 -6.1326E-02  5.5085E-02
             8.8904E-01
 GRADIENT:  -7.6087E-01 -4.2843E-01 -9.3943E-03  1.0804E-01  4.2177E-01 -2.0403E-01  4.8052E-02  5.9617E-03  3.6105E-01 -1.4475E-01
             3.1537E-01

0ITERATION NO.:   28    OBJECTIVE VALUE:  -2975.64120819792        NO. OF FUNC. EVALS.:  92
 CUMULATIVE NO. OF FUNC. EVALS.:      655
 NPARAMETR:  9.6222E-01  9.3663E-01  8.8087E-01  1.0938E+00  9.2316E-01  9.8131E-01  8.4915E-01  1.0000E-02  8.4990E-01  9.5804E-01
             2.2010E+00
 PARAMETER:  6.1484E-02  3.4537E-02 -2.6844E-02  1.8968E-01  2.0045E-02  8.1135E-02 -6.3516E-02 -4.5906E+00 -6.2637E-02  5.7131E-02
             8.8891E-01
 GRADIENT:   2.9670E-01  4.2144E-02 -1.4206E-01  1.1047E-01  5.4031E-02 -2.0580E-02 -5.7425E-02  0.0000E+00 -7.9819E-02  6.1931E-02
            -5.9885E-02
 Elapsed estimation  time in seconds:     8.33
 Elapsed postprocess time in seconds:     0.00
 Elapsed finaloutput time in seconds:     0.00
Done with nonmem execution
Starting NMTRAN
  
 WARNINGS AND ERRORS (IF ANY) FOR PROBLEM    1
             
 (WARNING  2) NM-TRAN INFERS THAT THE DATA ARE POPULATION.
Building NONMEM Executable
Starting nonmem execution ...
License Registered to: University of Minnesota
Expiration Date:    14 APR 2022
Current Date:       30 SEP 2021
Days until program expires : 199


 First Order Conditional Estimation with Interaction
 MONITORING OF SEARCH:


0ITERATION NO.:    0    OBJECTIVE VALUE:  -1000.95685677744        NO. OF FUNC. EVALS.:  13
 CUMULATIVE NO. OF FUNC. EVALS.:       13
 NPARAMETR:  1.0000E+00  1.0000E+00  1.0000E+00  1.0000E+00  1.0000E+00  1.0000E+00  1.0000E+00  1.0000E+00  1.0000E+00  1.0000E+00
             1.0000E+00
 PARAMETER:  1.0000E-01  1.0000E-01  1.0000E-01  1.0000E-01  1.0000E-01  1.0000E-01  1.0000E-01  1.0000E-01  1.0000E-01  1.0000E-01
             1.0000E-01
 GRADIENT:   3.9200E+02  1.9888E+02  2.6231E+02 -1.6737E+01  2.9045E+02  4.9021E+01 -2.0315E+02 -1.9521E+02 -2.3319E+01 -9.1687E+01
            -5.2070E+03

0ITERATION NO.:    5    OBJECTIVE VALUE:  -2842.53646389437        NO. OF FUNC. EVALS.:  71
 CUMULATIVE NO. OF FUNC. EVALS.:       84
 NPARAMETR:  1.0269E+00  9.6506E-01  7.8935E-01  1.1200E+00  8.3320E-01  8.4908E-01  9.5931E-01  9.1128E-01  9.5483E-01  6.9415E-01
             2.3554E+00
 PARAMETER:  1.2655E-01  6.4439E-02 -1.3655E-01  2.1337E-01 -8.2482E-02 -6.3599E-02  5.8458E-02  7.0936E-03  5.3774E-02 -2.6507E-01
             9.5672E-01
 GRADIENT:   1.1909E+02  8.4990E+01 -1.1574E+01  8.0562E+01  7.5535E+00 -3.9618E+01 -2.1028E+01  1.0142E+01 -1.1978E+01 -3.3889E+00
            -1.6107E+02

0ITERATION NO.:   10    OBJECTIVE VALUE:  -2857.33345570991        NO. OF FUNC. EVALS.:  95
 CUMULATIVE NO. OF FUNC. EVALS.:      179
 NPARAMETR:  1.0287E+00  6.5306E-01  5.7682E-01  1.3120E+00  5.5606E-01  1.0348E+00  1.2062E+00  6.5064E-01  1.0047E+00  3.9019E-01
             2.2894E+00
 PARAMETER:  1.2826E-01 -3.2608E-01 -4.5023E-01  3.7158E-01 -4.8688E-01  1.3417E-01  2.8747E-01 -3.2980E-01  1.0470E-01 -8.4113E-01
             9.2827E-01
 GRADIENT:   2.7334E+01  8.6042E+01  5.0039E+01  1.5057E+02 -4.8098E+01  2.8217E+01 -3.6032E+01 -3.7646E+00 -5.2563E-01 -9.9388E+00
            -1.7778E+02

0ITERATION NO.:   15    OBJECTIVE VALUE:  -2867.00026221043        NO. OF FUNC. EVALS.: 178
 CUMULATIVE NO. OF FUNC. EVALS.:      357
 NPARAMETR:  1.0181E+00  6.4739E-01  5.3407E-01  1.2475E+00  5.5732E-01  1.0826E+00  1.2918E+00  6.5199E-01  1.0457E+00  3.3986E-01
             2.3733E+00
 PARAMETER:  1.1791E-01 -3.3481E-01 -5.2723E-01  3.2111E-01 -4.8461E-01  1.7938E-01  3.5606E-01 -3.2773E-01  1.4470E-01 -9.7923E-01
             9.6430E-01
 GRADIENT:   5.2560E+00  3.4368E+01 -4.7301E+01  6.2326E+01  7.8802E+01  4.2705E+01 -1.9825E+01  1.7540E-01  1.5897E+01 -4.0328E+00
            -7.7715E+01

0ITERATION NO.:   20    OBJECTIVE VALUE:  -2898.89277671054        NO. OF FUNC. EVALS.: 177
 CUMULATIVE NO. OF FUNC. EVALS.:      534
 NPARAMETR:  9.8979E-01  3.3220E-01  2.7003E-01  1.1864E+00  2.9842E-01  1.2778E+00  1.4534E+00  2.2396E-01  1.1746E+00  5.9666E-01
             2.1783E+00
 PARAMETER:  8.9734E-02 -1.0020E+00 -1.2092E+00  2.7092E-01 -1.1092E+00  3.4516E-01  4.7388E-01 -1.3963E+00  2.6097E-01 -4.1642E-01
             8.7853E-01
 GRADIENT:  -2.8557E+01  7.8184E+00 -4.6661E+01  1.2452E+01  1.1876E+02  8.3636E+01  1.0383E+01 -2.9215E+00  1.7463E+01 -6.7778E+00
            -1.0351E+02

0ITERATION NO.:   25    OBJECTIVE VALUE:  -2926.89816966808        NO. OF FUNC. EVALS.: 175
 CUMULATIVE NO. OF FUNC. EVALS.:      709
 NPARAMETR:  1.0144E+00  2.4037E-01  1.7985E-01  1.0569E+00  2.1480E-01  9.5878E-01  1.3696E+00  8.7368E-02  1.2406E+00  6.7951E-01
             2.2288E+00
 PARAMETER:  1.1431E-01 -1.3256E+00 -1.6156E+00  1.5534E-01 -1.4381E+00  5.7902E-02  4.1451E-01 -2.3376E+00  3.1556E-01 -2.8639E-01
             9.0145E-01
 GRADIENT:   1.1403E+00 -4.9902E+00  1.4343E+00  5.3856E+00  5.3726E-01  2.3265E-01  1.0622E+00 -2.3449E-01 -1.6948E+00  4.8522E-01
             3.5728E+00

0ITERATION NO.:   30    OBJECTIVE VALUE:  -2926.99691720087        NO. OF FUNC. EVALS.: 180
 CUMULATIVE NO. OF FUNC. EVALS.:      889
 NPARAMETR:  1.0140E+00  2.4038E-01  1.7807E-01  1.0495E+00  2.1344E-01  9.5835E-01  1.3613E+00  9.8431E-02  1.2509E+00  6.7944E-01
             2.2247E+00
 PARAMETER:  1.1390E-01 -1.3255E+00 -1.6256E+00  1.4835E-01 -1.4444E+00  5.7461E-02  4.0846E-01 -2.2184E+00  3.2386E-01 -2.8649E-01
             8.9961E-01
 GRADIENT:   3.8278E-01  3.2995E-01  3.8416E-01  1.1594E-01 -1.2138E+00  5.3090E-02 -5.8503E-02 -2.9763E-01 -1.7988E-01  9.4489E-02
             6.7744E-01

0ITERATION NO.:   35    OBJECTIVE VALUE:  -2927.35840978000        NO. OF FUNC. EVALS.: 183
 CUMULATIVE NO. OF FUNC. EVALS.:     1072
 NPARAMETR:  1.0093E+00  2.3802E-01  1.7551E-01  1.0594E+00  2.1647E-01  9.3703E-01  1.3596E+00  4.0564E-01  1.2765E+00  6.4714E-01
             2.1958E+00
 PARAMETER:  1.0924E-01 -1.3354E+00 -1.6400E+00  1.5771E-01 -1.4303E+00  3.4959E-02  4.0718E-01 -8.0230E-01  3.4413E-01 -3.3519E-01
             8.8655E-01
 GRADIENT:  -1.0632E+01 -1.5242E+01 -4.3754E+01  1.0454E+01  7.2765E+01 -9.2738E+00 -2.5779E+00 -1.7853E+00  1.6916E+00  2.0417E+00
            -9.5141E+00

0ITERATION NO.:   40    OBJECTIVE VALUE:  -2928.01191893724        NO. OF FUNC. EVALS.: 179
 CUMULATIVE NO. OF FUNC. EVALS.:     1251
 NPARAMETR:  1.0114E+00  2.5043E-01  1.8977E-01  1.0819E+00  2.2578E-01  9.4148E-01  1.3439E+00  5.0357E-01  1.2357E+00  6.2864E-01
             2.2248E+00
 PARAMETER:  1.1129E-01 -1.2846E+00 -1.5620E+00  1.7867E-01 -1.3882E+00  3.9694E-02  3.9554E-01 -5.8603E-01  3.1162E-01 -3.6420E-01
             8.9967E-01
 GRADIENT:  -6.4773E+00 -1.1200E+01 -1.5002E+01  7.4329E+00  3.6908E+01 -7.1982E+00 -3.9477E+00  8.8394E-01 -8.7913E-01  6.7818E+00
             1.4285E+01

0ITERATION NO.:   45    OBJECTIVE VALUE:  -2928.39080064018        NO. OF FUNC. EVALS.: 177
 CUMULATIVE NO. OF FUNC. EVALS.:     1428
 NPARAMETR:  1.0137E+00  2.5706E-01  1.9506E-01  1.0831E+00  2.2673E-01  9.5971E-01  1.3777E+00  5.2601E-01  1.2342E+00  5.9680E-01
             2.2117E+00
 PARAMETER:  1.1360E-01 -1.2584E+00 -1.5345E+00  1.7980E-01 -1.3840E+00  5.8874E-02  4.2042E-01 -5.4243E-01  3.1041E-01 -4.1617E-01
             8.9375E-01
 GRADIENT:   1.1790E-01  5.6825E+00  1.7053E+01  1.0032E-01 -2.0833E+01  1.4202E-01  5.5985E-01  3.2309E-01  1.3409E-01  1.4501E+00
            -2.6656E-01

0ITERATION NO.:   50    OBJECTIVE VALUE:  -2928.69457208416        NO. OF FUNC. EVALS.: 177
 CUMULATIVE NO. OF FUNC. EVALS.:     1605
 NPARAMETR:  1.0137E+00  2.4886E-01  1.8640E-01  1.0693E+00  2.2118E-01  9.5964E-01  1.3732E+00  5.3102E-01  1.2545E+00  5.9787E-01
             2.2050E+00
 PARAMETER:  1.1358E-01 -1.2909E+00 -1.5799E+00  1.6697E-01 -1.4088E+00  5.8805E-02  4.1715E-01 -5.3296E-01  3.2675E-01 -4.1437E-01
             8.9075E-01
 GRADIENT:   1.2901E-01 -6.8770E-01  1.7577E+00 -1.7179E-01  3.4267E-01  6.7868E-02 -5.0369E-01  8.0205E-02  3.3529E-01 -9.6350E-02
            -8.1610E-01

0ITERATION NO.:   55    OBJECTIVE VALUE:  -2928.74445621067        NO. OF FUNC. EVALS.: 180
 CUMULATIVE NO. OF FUNC. EVALS.:     1785
 NPARAMETR:  1.0137E+00  2.4579E-01  1.8236E-01  1.0621E+00  2.1793E-01  9.5940E-01  1.3746E+00  5.2187E-01  1.2622E+00  6.0414E-01
             2.2041E+00
 PARAMETER:  1.1363E-01 -1.3033E+00 -1.6018E+00  1.6029E-01 -1.4236E+00  5.8554E-02  4.1815E-01 -5.5034E-01  3.3282E-01 -4.0394E-01
             8.9032E-01
 GRADIENT:   1.7928E-01  1.0116E+00 -6.1841E-01  9.3531E-02 -1.6695E+00 -2.0976E-03 -2.9561E-02 -9.9935E-02  8.3673E-03 -1.9924E-01
            -3.7206E-02

0ITERATION NO.:   59    OBJECTIVE VALUE:  -2928.74500294870        NO. OF FUNC. EVALS.: 131
 CUMULATIVE NO. OF FUNC. EVALS.:     1916
 NPARAMETR:  1.0137E+00  2.4566E-01  1.8238E-01  1.0620E+00  2.1790E-01  9.5941E-01  1.3747E+00  5.2336E-01  1.2623E+00  6.0454E-01
             2.2040E+00
 PARAMETER:  1.1360E-01 -1.3038E+00 -1.6016E+00  1.6017E-01 -1.4237E+00  5.8563E-02  4.1825E-01 -5.4748E-01  3.3296E-01 -4.0329E-01
             8.9030E-01
 GRADIENT:   1.1268E-01  6.0215E-01  1.8756E-02 -3.4341E-02 -2.0495E+00  4.9831E-03 -1.1193E-02 -1.8985E-02  5.2335E-02 -4.0596E-03
             1.6370E-02
 Elapsed estimation  time in seconds:    30.58
 Elapsed postprocess time in seconds:     0.00
 Elapsed finaloutput time in seconds:     0.01
Done with nonmem execution
Starting NMTRAN
  
 WARNINGS AND ERRORS (IF ANY) FOR PROBLEM    1
             
 (WARNING  2) NM-TRAN INFERS THAT THE DATA ARE POPULATION.
Building NONMEM Executable
Starting nonmem execution ...
License Registered to: University of Minnesota
Expiration Date:    14 APR 2022
Current Date:       30 SEP 2021
Days until program expires : 199


 First Order Conditional Estimation with Interaction
 MONITORING OF SEARCH:


0ITERATION NO.:    0    OBJECTIVE VALUE:  -673.812550215939        NO. OF FUNC. EVALS.:  13
 CUMULATIVE NO. OF FUNC. EVALS.:       13
 NPARAMETR:  1.0000E+00  1.0000E+00  1.0000E+00  1.0000E+00  1.0000E+00  1.0000E+00  1.0000E+00  1.0000E+00  1.0000E+00  1.0000E+00
             1.0000E+00
 PARAMETER:  1.0000E-01  1.0000E-01  1.0000E-01  1.0000E-01  1.0000E-01  1.0000E-01  1.0000E-01  1.0000E-01  1.0000E-01  1.0000E-01
             1.0000E-01
 GRADIENT:   4.9015E+02  2.8547E+02  2.9387E+02  2.0347E+01  4.0165E+02  2.6795E+01 -2.5055E+02 -3.9275E+02 -1.2191E+02 -2.8365E+02
            -5.1780E+03

0ITERATION NO.:    5    OBJECTIVE VALUE:  -2642.63496718324        NO. OF FUNC. EVALS.:  76
 CUMULATIVE NO. OF FUNC. EVALS.:       89
 NPARAMETR:  9.2340E-01  6.2770E-01  5.7863E-01  1.2714E+00  5.3718E-01  8.3556E-01  9.8457E-01  1.1730E+00  9.1074E-01  1.2367E+00
             3.0464E+00
 PARAMETER:  2.0303E-02 -3.6570E-01 -4.4709E-01  3.4009E-01 -5.2142E-01 -7.9658E-02  8.4449E-02  2.5956E-01  6.5013E-03  3.1242E-01
             1.2140E+00
 GRADIENT:  -1.3314E+02  6.7523E+01  9.2918E+00  1.8839E+02  2.8512E+01 -6.8845E+01  6.8373E+00  2.8057E+01 -3.0982E+01  5.3342E+01
             3.1726E+02

0ITERATION NO.:   10    OBJECTIVE VALUE:  -2647.69676850331        NO. OF FUNC. EVALS.: 158
 CUMULATIVE NO. OF FUNC. EVALS.:      247
 NPARAMETR:  9.3587E-01  6.2547E-01  5.3865E-01  1.2763E+00  5.4581E-01  8.3102E-01  8.8532E-01  8.8359E-01  9.0305E-01  1.2653E+00
             3.0506E+00
 PARAMETER:  3.3721E-02 -3.6926E-01 -5.1868E-01  3.4396E-01 -5.0548E-01 -8.5100E-02 -2.1809E-02 -2.3764E-02 -1.9770E-03  3.3534E-01
             1.2153E+00
 GRADIENT:  -1.3458E+02  4.2520E+01 -3.4393E+01  1.6940E+02  2.7782E+01 -7.1362E+01  3.6831E+00  1.7652E+01 -4.1177E+01  5.3300E+01
             2.9446E+02

0ITERATION NO.:   15    OBJECTIVE VALUE:  -2699.48426600300        NO. OF FUNC. EVALS.: 180
 CUMULATIVE NO. OF FUNC. EVALS.:      427
 NPARAMETR:  9.9934E-01  5.4516E-01  5.0395E-01  1.2533E+00  4.7695E-01  9.2411E-01  8.5054E-01  6.2413E-01  9.6819E-01  1.0880E+00
             2.5236E+00
 PARAMETER:  9.9343E-02 -5.0668E-01 -5.8527E-01  3.2579E-01 -6.4034E-01  2.1077E-02 -6.1879E-02 -3.7140E-01  6.7677E-02  1.8430E-01
             1.0257E+00
 GRADIENT:   7.9416E+01  2.3856E+01  3.7494E+01  1.0314E+02 -1.0191E+01 -2.4810E+01 -9.5384E+00  6.0385E+00 -2.7970E+01  2.7990E+01
            -6.2473E+01

0ITERATION NO.:   20    OBJECTIVE VALUE:  -2730.69921651837        NO. OF FUNC. EVALS.: 177
 CUMULATIVE NO. OF FUNC. EVALS.:      604
 NPARAMETR:  9.7969E-01  3.3532E-01  2.6556E-01  1.1830E+00  2.7874E-01  1.0394E+00  1.1999E+00  1.0000E-02  1.1209E+00  7.9384E-01
             2.5219E+00
 PARAMETER:  7.9476E-02 -9.9268E-01 -1.2259E+00  2.6801E-01 -1.1775E+00  1.3860E-01  2.8222E-01 -1.2322E+01  2.1414E-01 -1.3088E-01
             1.0250E+00
 GRADIENT:   2.1536E+01  5.2274E+00  7.4984E+01  6.0063E+01 -9.8688E+01  1.7939E+01  3.5386E+00  0.0000E+00 -1.2434E+01 -1.3979E+00
             1.2920E+01

0ITERATION NO.:   25    OBJECTIVE VALUE:  -2738.78864241812        NO. OF FUNC. EVALS.: 175
 CUMULATIVE NO. OF FUNC. EVALS.:      779
 NPARAMETR:  9.6909E-01  2.7088E-01  1.8483E-01  1.0600E+00  2.2652E-01  9.9215E-01  1.2603E+00  1.0000E-02  1.2721E+00  7.7364E-01
             2.4559E+00
 PARAMETER:  6.8607E-02 -1.2061E+00 -1.5883E+00  1.5826E-01 -1.3849E+00  9.2118E-02  3.3132E-01 -1.9319E+01  3.4068E-01 -1.5665E-01
             9.9850E-01
 GRADIENT:  -2.4504E+00 -2.5830E+00  2.0767E+00  3.2530E+00  1.3185E-01 -3.1721E-01 -7.3791E-01  0.0000E+00  1.4477E-01 -1.1385E+00
            -1.3305E-01

0ITERATION NO.:   28    OBJECTIVE VALUE:  -2738.87897808294        NO. OF FUNC. EVALS.:  92
 CUMULATIVE NO. OF FUNC. EVALS.:      871
 NPARAMETR:  9.7020E-01  2.6579E-01  1.7834E-01  1.0474E+00  2.2141E-01  9.9326E-01  1.2736E+00  1.0000E-02  1.2854E+00  7.7840E-01
             2.4514E+00
 PARAMETER:  6.9742E-02 -1.2250E+00 -1.6241E+00  1.4631E-01 -1.4078E+00  9.3236E-02  3.4188E-01 -1.9978E+01  3.5105E-01 -1.5051E-01
             9.9668E-01
 GRADIENT:  -3.0319E-01  1.5812E-01  2.0640E-01  4.2624E-02 -4.5044E-01 -9.0716E-03  2.3981E-02  0.0000E+00 -4.6570E-02  9.2850E-03
            -2.9161E-02
 Elapsed estimation  time in seconds:    13.62
 Elapsed postprocess time in seconds:     0.00
 Elapsed finaloutput time in seconds:     0.00
Done with nonmem execution
Starting NMTRAN
  
 WARNINGS AND ERRORS (IF ANY) FOR PROBLEM    1
             
 (WARNING  2) NM-TRAN INFERS THAT THE DATA ARE POPULATION.
Building NONMEM Executable
Starting nonmem execution ...
License Registered to: University of Minnesota
Expiration Date:    14 APR 2022
Current Date:       30 SEP 2021
Days until program expires : 199


 First Order Conditional Estimation with Interaction
 MONITORING OF SEARCH:


0ITERATION NO.:    0    OBJECTIVE VALUE:  -1412.38838364220        NO. OF FUNC. EVALS.:  13
 CUMULATIVE NO. OF FUNC. EVALS.:       13
 NPARAMETR:  1.0000E+00  1.0000E+00  1.0000E+00  1.0000E+00  1.0000E+00  1.0000E+00  1.0000E+00  1.0000E+00  1.0000E+00  1.0000E+00
             1.0000E+00
 PARAMETER:  1.0000E-01  1.0000E-01  1.0000E-01  1.0000E-01  1.0000E-01  1.0000E-01  1.0000E-01  1.0000E-01  1.0000E-01  1.0000E-01
             1.0000E-01
 GRADIENT:   5.2827E+02  1.8258E+02  2.7655E+02  1.9624E+01  2.0763E+02  2.9586E+01 -1.4387E+02 -1.4802E+02 -1.2663E+01 -1.5443E+02
            -4.2618E+03

0ITERATION NO.:    5    OBJECTIVE VALUE:  -2839.71118090672        NO. OF FUNC. EVALS.:  75
 CUMULATIVE NO. OF FUNC. EVALS.:       88
 NPARAMETR:  9.5652E-01  8.2949E-01  7.6199E-01  1.1190E+00  7.6239E-01  8.9060E-01  1.0940E+00  7.8055E-01  8.7678E-01  1.0729E+00
             2.3702E+00
 PARAMETER:  5.5551E-02 -8.6946E-02 -1.7182E-01  2.1247E-01 -1.7129E-01 -1.5863E-02  1.8982E-01 -1.4776E-01 -3.1500E-02  1.7033E-01
             9.6298E-01
 GRADIENT:   1.1178E+02  3.2302E+01  1.2196E+01 -9.0448E-01 -5.6591E-01 -1.2645E+01  7.8508E-02  1.7366E+01 -1.3976E+01  1.5495E+01
             6.5471E+01

0ITERATION NO.:   10    OBJECTIVE VALUE:  -2853.66360469494        NO. OF FUNC. EVALS.:  93
 CUMULATIVE NO. OF FUNC. EVALS.:      181
 NPARAMETR:  1.0189E+00  5.4398E-01  4.2167E-01  1.2536E+00  4.4355E-01  9.1655E-01  1.1824E+00  5.2106E-01  1.0583E+00  8.9344E-01
             2.2903E+00
 PARAMETER:  1.1874E-01 -5.0884E-01 -7.6353E-01  3.2599E-01 -7.1295E-01  1.2866E-02  2.6754E-01 -5.5189E-01  1.5669E-01 -1.2681E-02
             9.2866E-01
 GRADIENT:   2.1046E+02  1.2899E+02 -5.5801E+01  5.8080E+01 -9.2975E+00 -2.3205E+01 -8.5109E+00  7.9661E+00  7.2627E+00  1.7810E+01
             7.6898E+01

0ITERATION NO.:   15    OBJECTIVE VALUE:  -2866.65330311332        NO. OF FUNC. EVALS.: 175
 CUMULATIVE NO. OF FUNC. EVALS.:      356
 NPARAMETR:  1.0151E+00  4.0647E-01  3.0318E-01  1.3378E+00  3.3314E-01  8.9866E-01  1.3038E+00  4.8157E-02  1.2006E+00  6.8299E-01
             2.2305E+00
 PARAMETER:  1.1495E-01 -8.0024E-01 -1.0934E+00  3.9105E-01 -9.9918E-01 -6.8504E-03  3.6525E-01 -2.9333E+00  2.8285E-01 -2.8127E-01
             9.0223E-01
 GRADIENT:   2.1045E+02  1.1181E+02 -9.6809E+01  1.6018E+02  3.8566E+01 -3.2694E+01 -1.7713E+00 -4.1142E-02  1.1726E+01 -1.3441E+01
             4.9999E+01

0ITERATION NO.:   20    OBJECTIVE VALUE:  -2901.84644289710        NO. OF FUNC. EVALS.: 177
 CUMULATIVE NO. OF FUNC. EVALS.:      533
 NPARAMETR:  9.3498E-01  2.8619E-01  2.3123E-01  1.1473E+00  2.6031E-01  9.3723E-01  1.2977E+00  4.3944E-02  1.1761E+00  7.1407E-01
             2.1233E+00
 PARAMETER:  3.2768E-02 -1.1511E+00 -1.3643E+00  2.3742E-01 -1.2459E+00  3.5175E-02  3.6059E-01 -3.0248E+00  2.6224E-01 -2.3678E-01
             8.5299E-01
 GRADIENT:  -5.7662E+00 -1.6287E+00 -3.8435E+00  7.4320E+00  5.7706E+00  1.2565E-01 -1.4604E+00 -4.4506E-02  2.9148E-01 -4.3982E-01
            -7.2452E-01

0ITERATION NO.:   25    OBJECTIVE VALUE:  -2901.92218301327        NO. OF FUNC. EVALS.: 180
 CUMULATIVE NO. OF FUNC. EVALS.:      713
 NPARAMETR:  9.3726E-01  2.8316E-01  2.2746E-01  1.1373E+00  2.5679E-01  9.3665E-01  1.3090E+00  5.2501E-02  1.1800E+00  7.1516E-01
             2.1222E+00
 PARAMETER:  3.5206E-02 -1.1618E+00 -1.3808E+00  2.2866E-01 -1.2595E+00  3.4553E-02  3.6924E-01 -2.8469E+00  2.6551E-01 -2.3525E-01
             8.5247E-01
 GRADIENT:   5.4613E-02  8.5825E-02 -9.5945E-01 -4.0424E-01 -4.9311E-02 -3.8068E-03 -4.3399E-02 -6.9813E-02 -5.6758E-03  1.6629E-02
             1.6136E-01

0ITERATION NO.:   30    OBJECTIVE VALUE:  -2904.15884664769        NO. OF FUNC. EVALS.: 182
 CUMULATIVE NO. OF FUNC. EVALS.:      895
 NPARAMETR:  9.3708E-01  2.8132E-01  2.2741E-01  1.1437E+00  2.5919E-01  9.3739E-01  1.2912E+00  5.8668E-01  1.1760E+00  6.5771E-01
             2.0912E+00
 PARAMETER:  3.5018E-02 -1.1683E+00 -1.3810E+00  2.3426E-01 -1.2502E+00  3.5349E-02  3.5561E-01 -4.3327E-01  2.6212E-01 -3.1899E-01
             8.3774E-01
 GRADIENT:  -4.7873E-01 -1.1035E+01 -5.1518E+00 -1.1848E+00  3.5567E+01 -7.0525E-02 -2.1123E+00 -1.5450E+00 -3.4235E-01  3.5838E+00
            -5.2418E-01

0ITERATION NO.:   35    OBJECTIVE VALUE:  -2907.28507728618        NO. OF FUNC. EVALS.: 177
 CUMULATIVE NO. OF FUNC. EVALS.:     1072
 NPARAMETR:  9.3786E-01  2.6279E-01  2.0307E-01  1.1448E+00  2.3639E-01  9.3549E-01  1.4036E+00  9.7620E-01  1.2403E+00  5.0923E-01
             2.0637E+00
 PARAMETER:  3.5850E-02 -1.2364E+00 -1.4942E+00  2.3520E-01 -1.3423E+00  3.3310E-02  4.3905E-01  7.5917E-02  3.1539E-01 -5.7486E-01
             8.2448E-01
 GRADIENT:   2.5907E+00  9.1934E+00  1.4779E+01  2.1224E+01 -9.4963E+00 -1.0679E+00  8.5188E+00  9.4044E-01 -1.1308E+00 -1.2992E+00
             2.8287E+01

0ITERATION NO.:   40    OBJECTIVE VALUE:  -2909.36429486569        NO. OF FUNC. EVALS.: 175
 CUMULATIVE NO. OF FUNC. EVALS.:     1247
 NPARAMETR:  9.3601E-01  2.4140E-01  1.7994E-01  1.0955E+00  2.1886E-01  9.3755E-01  1.3496E+00  9.7088E-01  1.2953E+00  5.4898E-01
             2.0227E+00
 PARAMETER:  3.3870E-02 -1.3213E+00 -1.6151E+00  1.9125E-01 -1.4193E+00  3.5516E-02  3.9979E-01  7.0445E-02  3.5873E-01 -4.9970E-01
             8.0444E-01
 GRADIENT:  -1.7036E-01 -1.3973E+00 -9.6115E-01 -1.1458E+00  3.7298E+00  8.8462E-02 -1.8320E-01  6.7420E-02 -6.6038E-02 -4.3340E-01
            -3.7204E-01

0ITERATION NO.:   43    OBJECTIVE VALUE:  -2909.37838838909        NO. OF FUNC. EVALS.:  92
 CUMULATIVE NO. OF FUNC. EVALS.:     1339
 NPARAMETR:  9.3608E-01  2.4125E-01  1.7953E-01  1.0957E+00  2.1833E-01  9.3729E-01  1.3489E+00  9.6747E-01  1.2963E+00  5.5359E-01
             2.0233E+00
 PARAMETER:  3.3950E-02 -1.3219E+00 -1.6174E+00  1.9138E-01 -1.4218E+00  3.5234E-02  3.9927E-01  6.6934E-02  3.5950E-01 -4.9132E-01
             8.0471E-01
 GRADIENT:   9.2137E-03 -4.7206E-02 -1.7329E-02  2.6932E-03  1.4476E-01 -3.4138E-04 -4.0929E-02 -1.2484E-02 -1.3360E-02  1.7914E-03
             1.0681E-01
 Elapsed estimation  time in seconds:    23.09
 Elapsed postprocess time in seconds:     0.00
 Elapsed finaloutput time in seconds:     0.01
Done with nonmem execution
Starting NMTRAN
  
 WARNINGS AND ERRORS (IF ANY) FOR PROBLEM    1
             
 (WARNING  2) NM-TRAN INFERS THAT THE DATA ARE POPULATION.
Building NONMEM Executable
Starting nonmem execution ...
License Registered to: University of Minnesota
Expiration Date:    14 APR 2022
Current Date:       30 SEP 2021
Days until program expires : 199


 First Order Conditional Estimation with Interaction
 MONITORING OF SEARCH:


0ITERATION NO.:    0    OBJECTIVE VALUE:  -1415.88020491929        NO. OF FUNC. EVALS.:  13
 CUMULATIVE NO. OF FUNC. EVALS.:       13
 NPARAMETR:  1.0000E+00  1.0000E+00  1.0000E+00  1.0000E+00  1.0000E+00  1.0000E+00  1.0000E+00  1.0000E+00  1.0000E+00  1.0000E+00
             1.0000E+00
 PARAMETER:  1.0000E-01  1.0000E-01  1.0000E-01  1.0000E-01  1.0000E-01  1.0000E-01  1.0000E-01  1.0000E-01  1.0000E-01  1.0000E-01
             1.0000E-01
 GRADIENT:   4.4572E+02  2.0316E+02  1.0865E+02  1.1265E+02  4.0052E+02  5.4405E+01 -2.3230E+02 -2.0523E+02 -4.1776E+01 -2.1320E+02
            -4.2073E+03

0ITERATION NO.:    5    OBJECTIVE VALUE:  -2868.55261349690        NO. OF FUNC. EVALS.:  71
 CUMULATIVE NO. OF FUNC. EVALS.:       84
 NPARAMETR:  1.0454E+00  9.0578E-01  1.0180E+00  1.1040E+00  7.8187E-01  8.7467E-01  1.0977E+00  9.3758E-01  1.0014E+00  1.0992E+00
             2.5002E+00
 PARAMETER:  1.4440E-01  1.0383E-03  1.1788E-01  1.9892E-01 -1.4607E-01 -3.3912E-02  1.9319E-01  3.5551E-02  1.0143E-01  1.9458E-01
             1.0164E+00
 GRADIENT:   2.1497E+02  5.6292E+01  3.5384E+01  5.5461E+01 -5.0616E+01 -1.5860E+01 -3.1290E+00  1.3221E+01  7.2487E+00  9.0262E+00
             9.7040E+01

0ITERATION NO.:   10    OBJECTIVE VALUE:  -2878.36941996495        NO. OF FUNC. EVALS.: 140
 CUMULATIVE NO. OF FUNC. EVALS.:      224
 NPARAMETR:  1.0525E+00  6.6839E-01  6.9286E-01  1.2022E+00  5.5925E-01  9.3580E-01  1.6170E+00  4.5129E-01  1.0152E+00  1.1631E+00
             2.3705E+00
 PARAMETER:  1.5118E-01 -3.0288E-01 -2.6693E-01  2.8414E-01 -4.8116E-01  3.3642E-02  5.8059E-01 -6.9563E-01  1.1505E-01  2.5105E-01
             9.6309E-01
 GRADIENT:   1.2729E+02  3.1172E+01  5.6350E+01  7.2133E+01 -6.4747E+01  8.9496E-01  1.9110E+01  4.7214E+00 -6.0509E+00  3.9514E+01
             5.5727E+01

0ITERATION NO.:   15    OBJECTIVE VALUE:  -2893.71358717008        NO. OF FUNC. EVALS.: 175
 CUMULATIVE NO. OF FUNC. EVALS.:      399
 NPARAMETR:  1.0201E+00  6.4009E-01  5.7606E-01  1.1838E+00  5.3859E-01  9.1889E-01  1.5655E+00  7.6779E-02  1.0156E+00  1.0640E+00
             2.3367E+00
 PARAMETER:  1.1987E-01 -3.4615E-01 -4.5154E-01  2.6874E-01 -5.1880E-01  1.5416E-02  5.4818E-01 -2.4668E+00  1.1543E-01  1.6206E-01
             9.4873E-01
 GRADIENT:   5.1898E+01  3.1474E+01 -2.5162E+01  5.3932E+01  3.3629E+01 -2.2040E+00  1.6133E+01  1.5280E-01 -1.5390E+01  3.5549E+01
             4.3898E+01

0ITERATION NO.:   20    OBJECTIVE VALUE:  -2922.11771184071        NO. OF FUNC. EVALS.: 175
 CUMULATIVE NO. OF FUNC. EVALS.:      574
 NPARAMETR:  9.9304E-01  3.5769E-01  2.7570E-01  1.1199E+00  2.8446E-01  9.2565E-01  1.5209E+00  1.0000E-02  1.2142E+00  7.1872E-01
             2.2063E+00
 PARAMETER:  9.3014E-02 -9.2809E-01 -1.1884E+00  2.1321E-01 -1.1572E+00  2.2741E-02  5.1931E-01 -9.1586E+00  2.9406E-01 -2.3028E-01
             8.9131E-01
 GRADIENT:  -1.4495E+01  1.5978E+01  4.2981E+01  1.4722E+01 -6.9355E+01 -2.1728E+00  1.9385E+00  0.0000E+00  7.1911E+00  1.4116E-01
             1.6798E+00

0ITERATION NO.:   25    OBJECTIVE VALUE:  -2923.41282040699        NO. OF FUNC. EVALS.: 176
 CUMULATIVE NO. OF FUNC. EVALS.:      750            RESET HESSIAN, TYPE II
 NPARAMETR:  9.9923E-01  3.3732E-01  2.5442E-01  1.0928E+00  2.7445E-01  9.3127E-01  1.5294E+00  1.0000E-02  1.2071E+00  7.2005E-01
             2.1916E+00
 PARAMETER:  9.9228E-02 -9.8672E-01 -1.2688E+00  1.8878E-01 -1.1930E+00  2.8798E-02  5.2487E-01 -9.4291E+00  2.8824E-01 -2.2843E-01
             8.8462E-01
 GRADIENT:   7.4778E+01  7.6544E+01  6.0836E+01  3.8974E+01  3.3979E+02  5.8265E+00  1.0360E+01  0.0000E+00  9.0286E+00  3.0119E+00
             1.5950E+01

0ITERATION NO.:   27    OBJECTIVE VALUE:  -2923.41282040699        NO. OF FUNC. EVALS.:  58
 CUMULATIVE NO. OF FUNC. EVALS.:      808
 NPARAMETR:  9.9923E-01  3.3732E-01  2.5442E-01  1.0928E+00  2.7445E-01  9.3127E-01  1.5294E+00  1.0000E-02  1.2071E+00  7.2005E-01
             2.1916E+00
 PARAMETER:  9.9228E-02 -9.8672E-01 -1.2688E+00  1.8878E-01 -1.1930E+00  2.8798E-02  5.2487E-01 -9.4291E+00  2.8824E-01 -2.2843E-01
             8.8462E-01
 GRADIENT:   2.0711E-01  1.2898E+00  2.7060E+00 -1.1451E-01 -4.2392E+00  4.1275E-02  1.5315E-01  0.0000E+00  1.0470E-01  1.9430E-02
             2.7445E-02
 Elapsed estimation  time in seconds:    12.66
 Elapsed postprocess time in seconds:     0.00
 Elapsed finaloutput time in seconds:     0.01
Done with nonmem execution
Starting NMTRAN
  
 WARNINGS AND ERRORS (IF ANY) FOR PROBLEM    1
             
 (WARNING  2) NM-TRAN INFERS THAT THE DATA ARE POPULATION.
Building NONMEM Executable
Starting nonmem execution ...
License Registered to: University of Minnesota
Expiration Date:    14 APR 2022
Current Date:       30 SEP 2021
Days until program expires : 199


 First Order Conditional Estimation with Interaction
 MONITORING OF SEARCH:


0ITERATION NO.:    0    OBJECTIVE VALUE:  -728.168248837367        NO. OF FUNC. EVALS.:  13
 CUMULATIVE NO. OF FUNC. EVALS.:       13
 NPARAMETR:  1.0000E+00  1.0000E+00  1.0000E+00  1.0000E+00  1.0000E+00  1.0000E+00  1.0000E+00  1.0000E+00  1.0000E+00  1.0000E+00
             1.0000E+00
 PARAMETER:  1.0000E-01  1.0000E-01  1.0000E-01  1.0000E-01  1.0000E-01  1.0000E-01  1.0000E-01  1.0000E-01  1.0000E-01  1.0000E-01
             1.0000E-01
 GRADIENT:   5.1122E+02  1.8304E+02  2.2594E+02  5.7957E+01  2.5367E+02  4.6135E+00 -1.6646E+02 -2.9617E+02 -5.7922E+01 -1.1095E+02
            -5.4732E+03

0ITERATION NO.:    5    OBJECTIVE VALUE:  -2553.88061263568        NO. OF FUNC. EVALS.:  70
 CUMULATIVE NO. OF FUNC. EVALS.:       83
 NPARAMETR:  9.4232E-01  1.0187E+00  8.2316E-01  1.0383E+00  8.7737E-01  1.0553E+00  9.7692E-01  1.0987E+00  8.1104E-01  9.6435E-01
             4.0359E+00
 PARAMETER:  4.0586E-02  1.1857E-01 -9.4600E-02  1.3761E-01 -3.0824E-02  1.5386E-01  7.6654E-02  1.9414E-01 -1.0943E-01  6.3695E-02
             1.4952E+00
 GRADIENT:  -6.5523E+01  8.7451E+00 -7.0045E+00 -2.1098E+01 -2.1513E+01  7.6894E+00  7.6820E+00  9.9964E+00  6.8373E+00  7.7018E+00
             7.0521E+02

0ITERATION NO.:   10    OBJECTIVE VALUE:  -2566.04252825587        NO. OF FUNC. EVALS.:  74
 CUMULATIVE NO. OF FUNC. EVALS.:      157
 NPARAMETR:  9.5755E-01  5.3598E-01  3.1767E-01  1.3967E+00  3.9678E-01  9.1755E-01  1.5268E+00  7.1610E-01  9.1878E-01  5.4728E-01
             3.6680E+00
 PARAMETER:  5.6622E-02 -5.2366E-01 -1.0467E+00  4.3409E-01 -8.2438E-01  1.3954E-02  5.2319E-01 -2.3394E-01  1.5288E-02 -5.0280E-01
             1.3996E+00
 GRADIENT:  -5.8211E+01  9.4515E+01 -1.0233E+02  3.6335E+02  9.9156E+01 -6.0017E+01  1.6507E+01  1.5496E+01 -3.1906E+01  1.4621E+01
             5.8720E+02

0ITERATION NO.:   15    OBJECTIVE VALUE:  -2670.35437846729        NO. OF FUNC. EVALS.: 115
 CUMULATIVE NO. OF FUNC. EVALS.:      272
 NPARAMETR:  9.4801E-01  6.3058E-01  5.6033E-01  1.2840E+00  5.7363E-01  9.5466E-01  1.4594E+00  1.2569E+00  8.3704E-01  3.0193E-01
             3.1276E+00
 PARAMETER:  4.6615E-02 -3.6111E-01 -4.7923E-01  3.5001E-01 -4.5578E-01  5.3596E-02  4.7803E-01  3.2864E-01 -7.7880E-02 -1.0976E+00
             1.2403E+00
 GRADIENT:  -7.1691E+01  4.4875E-01 -3.6738E+01  2.1024E+02  5.2496E+01 -4.4024E+01  3.0724E-01  3.0504E+01 -9.6839E+00 -4.7296E-01
             3.5647E+02

0ITERATION NO.:   20    OBJECTIVE VALUE:  -2737.85368068842        NO. OF FUNC. EVALS.: 180
 CUMULATIVE NO. OF FUNC. EVALS.:      452
 NPARAMETR:  9.7049E-01  4.8321E-01  3.4727E-01  1.1974E+00  4.0230E-01  1.0766E+00  1.5860E+00  6.5436E-01  9.1030E-01  4.2047E-01
             2.4884E+00
 PARAMETER:  7.0050E-02 -6.2730E-01 -9.5764E-01  2.8013E-01 -8.1055E-01  1.7382E-01  5.6121E-01 -3.2409E-01  6.0201E-03 -7.6637E-01
             1.0116E+00
 GRADIENT:   6.3174E+00  2.0367E+01 -3.5074E+01  3.7328E+01  4.2614E+01  2.2525E+00  3.9949E+00 -5.2751E-01 -5.7491E+00  2.0021E-01
            -1.5598E+01

0ITERATION NO.:   25    OBJECTIVE VALUE:  -2743.75906874926        NO. OF FUNC. EVALS.: 177
 CUMULATIVE NO. OF FUNC. EVALS.:      629
 NPARAMETR:  9.6827E-01  3.4498E-01  2.3802E-01  1.1584E+00  2.8903E-01  1.0668E+00  1.5777E+00  3.1289E-01  1.0490E+00  5.5717E-01
             2.4396E+00
 PARAMETER:  6.7754E-02 -9.6427E-01 -1.3354E+00  2.4704E-01 -1.1412E+00  1.6470E-01  5.5596E-01 -1.0619E+00  1.4781E-01 -4.8488E-01
             9.9182E-01
 GRADIENT:   1.5155E+00  1.1440E+01 -1.8056E+01  3.2041E+01  1.7363E+01 -2.6746E+00  4.6195E+00 -5.2212E+00 -1.4916E+00 -1.4433E+01
            -6.1948E+00

0ITERATION NO.:   30    OBJECTIVE VALUE:  -2746.50117321962        NO. OF FUNC. EVALS.: 177
 CUMULATIVE NO. OF FUNC. EVALS.:      806
 NPARAMETR:  9.6873E-01  2.8914E-01  1.9029E-01  1.0870E+00  2.4383E-01  1.0772E+00  1.5192E+00  2.8305E-01  1.1407E+00  6.8138E-01
             2.4093E+00
 PARAMETER:  6.8235E-02 -1.1408E+00 -1.5592E+00  1.8342E-01 -1.3113E+00  1.7437E-01  5.1819E-01 -1.1621E+00  2.3160E-01 -2.8363E-01
             9.7933E-01
 GRADIENT:   1.6146E+00  3.1548E+00 -9.7151E+00 -2.1107E+00  1.2733E+01  6.1278E-01 -3.7214E-01 -3.6881E+00  2.5100E+00  3.2175E+00
             5.3530E+00

0ITERATION NO.:   35    OBJECTIVE VALUE:  -2762.99291766121        NO. OF FUNC. EVALS.: 181
 CUMULATIVE NO. OF FUNC. EVALS.:      987
 NPARAMETR:  9.6538E-01  2.4509E-01  1.4463E-01  1.0273E+00  2.0602E-01  1.0815E+00  1.5331E+00  9.5413E-01  1.4211E+00  5.9186E-01
             2.2646E+00
 PARAMETER:  6.4771E-02 -1.3061E+00 -1.8336E+00  1.2697E-01 -1.4798E+00  1.7835E-01  5.2729E-01  5.3045E-02  4.5142E-01 -4.2448E-01
             9.1740E-01
 GRADIENT:   9.2896E-01  3.8395E+00 -1.2546E+01 -8.5407E+00  1.5212E+01  2.4593E-01 -2.5106E+00  1.8032E+00  5.0895E+00  5.8683E+00
             6.8414E+00

0ITERATION NO.:   40    OBJECTIVE VALUE:  -2763.59224189335        NO. OF FUNC. EVALS.: 177
 CUMULATIVE NO. OF FUNC. EVALS.:     1164
 NPARAMETR:  9.6542E-01  2.5672E-01  1.5782E-01  1.0580E+00  2.1632E-01  1.0809E+00  1.5793E+00  9.7048E-01  1.3476E+00  5.1789E-01
             2.2643E+00
 PARAMETER:  6.4806E-02 -1.2598E+00 -1.7463E+00  1.5638E-01 -1.4310E+00  1.7783E-01  5.5701E-01  7.0032E-02  3.9835E-01 -5.5799E-01
             9.1728E-01
 GRADIENT:   1.0348E-01  2.1888E+00  2.9700E+00  3.2953E-01 -7.2211E+00  4.4645E-02  6.8955E-02 -5.5101E-02 -6.4186E-02 -2.1670E-01
            -5.5463E-01

0ITERATION NO.:   41    OBJECTIVE VALUE:  -2763.59224189335        NO. OF FUNC. EVALS.:  22
 CUMULATIVE NO. OF FUNC. EVALS.:     1186
 NPARAMETR:  9.6542E-01  2.5672E-01  1.5782E-01  1.0580E+00  2.1632E-01  1.0809E+00  1.5793E+00  9.7048E-01  1.3476E+00  5.1789E-01
             2.2643E+00
 PARAMETER:  6.4806E-02 -1.2598E+00 -1.7463E+00  1.5638E-01 -1.4310E+00  1.7783E-01  5.5701E-01  7.0032E-02  3.9835E-01 -5.5799E-01
             9.1728E-01
 GRADIENT:   1.0348E-01  2.1888E+00  2.9700E+00  3.2953E-01 -7.2211E+00  4.4645E-02  6.8955E-02 -5.5101E-02 -6.4186E-02 -2.1670E-01
            -5.5463E-01
 Elapsed estimation  time in seconds:    19.93
 Elapsed postprocess time in seconds:     0.00
 Elapsed finaloutput time in seconds:     0.00
Done with nonmem execution
Starting NMTRAN
  
 WARNINGS AND ERRORS (IF ANY) FOR PROBLEM    1
             
 (WARNING  2) NM-TRAN INFERS THAT THE DATA ARE POPULATION.
Building NONMEM Executable
Starting nonmem execution ...
License Registered to: University of Minnesota
Expiration Date:    14 APR 2022
Current Date:       30 SEP 2021
Days until program expires : 199


 First Order Conditional Estimation with Interaction
 MONITORING OF SEARCH:


0ITERATION NO.:    0    OBJECTIVE VALUE:  -767.264674378111        NO. OF FUNC. EVALS.:  13
 CUMULATIVE NO. OF FUNC. EVALS.:       13
 NPARAMETR:  1.0000E+00  1.0000E+00  1.0000E+00  1.0000E+00  1.0000E+00  1.0000E+00  1.0000E+00  1.0000E+00  1.0000E+00  1.0000E+00
             1.0000E+00
 PARAMETER:  1.0000E-01  1.0000E-01  1.0000E-01  1.0000E-01  1.0000E-01  1.0000E-01  1.0000E-01  1.0000E-01  1.0000E-01  1.0000E-01
             1.0000E-01
 GRADIENT:   4.9233E+02  2.1498E+02  4.2885E+02  1.4297E+02  3.6881E+02  3.7260E+01 -2.3959E+02 -3.1599E+02 -3.2676E+01 -2.2346E+02
            -5.2561E+03

0ITERATION NO.:    5    OBJECTIVE VALUE:  -2582.18953582394        NO. OF FUNC. EVALS.:  70
 CUMULATIVE NO. OF FUNC. EVALS.:       83
 NPARAMETR:  9.3539E-01  8.8409E-01  5.5300E-01  1.0641E+00  6.8576E-01  8.3571E-01  1.2073E+00  1.0279E+00  9.6551E-01  1.0473E+00
             3.7284E+00
 PARAMETER:  3.3204E-02 -2.3193E-02 -4.9240E-01  1.6216E-01 -2.7723E-01 -7.9478E-02  2.8841E-01  1.2748E-01  6.4897E-02  1.4617E-01
             1.4160E+00
 GRADIENT:  -1.5660E+02  3.2993E+01 -5.7856E+01 -3.8705E+00  1.4477E+01 -5.5902E+01  1.7165E+01  2.1870E+01 -5.1264E+00  3.4116E+01
             6.1392E+02

0ITERATION NO.:   10    OBJECTIVE VALUE:  -2614.28145311801        NO. OF FUNC. EVALS.: 115
 CUMULATIVE NO. OF FUNC. EVALS.:      198
 NPARAMETR:  9.9130E-01  3.8201E-01  2.7717E-01  1.4398E+00  3.0329E-01  6.9388E-01  1.6502E+00  8.8689E-01  1.3325E+00  8.9302E-01
             3.3140E+00
 PARAMETER:  9.1260E-02 -8.6231E-01 -1.1831E+00  4.6447E-01 -1.0931E+00 -2.6545E-01  6.0088E-01 -2.0037E-02  3.8708E-01 -1.3151E-02
             1.2982E+00
 GRADIENT:  -9.2654E+00  3.9311E+01 -3.8707E+01  2.6507E+02 -2.9309E+01 -1.4923E+02  4.6271E+01  2.7138E+01 -2.4778E+01  5.2916E+01
             5.2121E+02

0ITERATION NO.:   15    OBJECTIVE VALUE:  -2761.98637654108        NO. OF FUNC. EVALS.: 176
 CUMULATIVE NO. OF FUNC. EVALS.:      374
 NPARAMETR:  9.5660E-01  4.6776E-01  4.0452E-01  1.2589E+00  3.9258E-01  9.9514E-01  1.2387E+00  3.0366E-01  1.1655E+00  8.0606E-01
             2.6944E+00
 PARAMETER:  5.5634E-02 -6.5981E-01 -8.0505E-01  3.3020E-01 -8.3500E-01  9.5124E-02  3.1409E-01 -1.0918E+00  2.5313E-01 -1.1559E-01
             1.0912E+00
 GRADIENT:  -4.8227E+01  2.7709E+01  8.7913E+01  1.0629E+02 -7.9758E+01  1.1974E+01  1.5598E+00  2.6879E+00  3.9662E+00  1.4626E+01
             1.9504E+02

0ITERATION NO.:   20    OBJECTIVE VALUE:  -2801.16828712726        NO. OF FUNC. EVALS.: 175
 CUMULATIVE NO. OF FUNC. EVALS.:      549
 NPARAMETR:  9.7805E-01  3.1259E-01  2.2648E-01  1.0919E+00  2.6427E-01  9.6398E-01  1.3027E+00  1.7793E-01  1.2947E+00  6.7264E-01
             2.3664E+00
 PARAMETER:  7.7806E-02 -1.0628E+00 -1.3851E+00  1.8795E-01 -1.2308E+00  6.3311E-02  3.6442E-01 -1.6263E+00  3.5824E-01 -2.9655E-01
             9.6136E-01
 GRADIENT:   9.3899E+00  5.3855E+00 -2.2072E+01  7.3870E+00  2.6027E+01 -4.0247E-01 -3.7544E+00 -5.2179E-01 -3.7723E+00  4.2794E-01
             7.0927E+00

0ITERATION NO.:   25    OBJECTIVE VALUE:  -2804.37827958733        NO. OF FUNC. EVALS.: 178
 CUMULATIVE NO. OF FUNC. EVALS.:      727
 NPARAMETR:  9.7328E-01  2.7551E-01  1.9137E-01  1.0398E+00  2.3275E-01  9.7110E-01  1.3698E+00  8.3638E-01  1.3806E+00  5.8028E-01
             2.2983E+00
 PARAMETER:  7.2915E-02 -1.1891E+00 -1.5535E+00  1.3908E-01 -1.3578E+00  7.0671E-02  4.1463E-01 -7.8670E-02  4.2255E-01 -4.4425E-01
             9.3215E-01
 GRADIENT:  -2.4703E+00  1.1638E+00  6.8439E+00 -5.7336E+00 -7.0761E+00  1.5518E+00 -1.2311E+00  3.6324E+00 -4.0723E-01  7.1770E+00
             9.3802E+00

0ITERATION NO.:   30    OBJECTIVE VALUE:  -2804.78403015509        NO. OF FUNC. EVALS.: 175
 CUMULATIVE NO. OF FUNC. EVALS.:      902
 NPARAMETR:  9.7421E-01  2.7657E-01  1.9185E-01  1.0472E+00  2.3422E-01  9.6811E-01  1.4012E+00  8.3259E-01  1.3848E+00  5.2553E-01
             2.2884E+00
 PARAMETER:  7.3871E-02 -1.1853E+00 -1.5511E+00  1.4611E-01 -1.3515E+00  6.7590E-02  4.3733E-01 -8.3211E-02  4.2553E-01 -5.4335E-01
             9.2783E-01
 GRADIENT:   2.8637E-01 -1.8178E-01  3.8333E-01 -1.0173E-03 -6.7082E-01  9.2751E-02  2.8829E-02  2.7917E-02 -2.7426E-02 -9.1716E-02
             6.4248E-02

0ITERATION NO.:   31    OBJECTIVE VALUE:  -2804.78403015509        NO. OF FUNC. EVALS.:  25
 CUMULATIVE NO. OF FUNC. EVALS.:      927
 NPARAMETR:  9.7421E-01  2.7657E-01  1.9185E-01  1.0472E+00  2.3422E-01  9.6811E-01  1.4012E+00  8.3259E-01  1.3848E+00  5.2553E-01
             2.2884E+00
 PARAMETER:  7.3871E-02 -1.1853E+00 -1.5511E+00  1.4611E-01 -1.3515E+00  6.7590E-02  4.3733E-01 -8.3211E-02  4.2553E-01 -5.4335E-01
             9.2783E-01
 GRADIENT:   1.4815E-01 -1.1579E+00  5.0209E-02  5.9961E-02  2.0001E+00  8.5409E-02  1.0497E-04  1.5104E-02 -1.5591E-01 -1.1554E-01
             1.1426E-01
 Elapsed estimation  time in seconds:    15.17
 Elapsed postprocess time in seconds:     0.00
 Elapsed finaloutput time in seconds:     0.00
Done with nonmem execution
Starting NMTRAN
  
 WARNINGS AND ERRORS (IF ANY) FOR PROBLEM    1
             
 (WARNING  2) NM-TRAN INFERS THAT THE DATA ARE POPULATION.
Building NONMEM Executable
Starting nonmem execution ...
License Registered to: University of Minnesota
Expiration Date:    14 APR 2022
Current Date:       30 SEP 2021
Days until program expires : 199


 First Order Conditional Estimation with Interaction
 MONITORING OF SEARCH:


0ITERATION NO.:    0    OBJECTIVE VALUE:  -911.586814098259        NO. OF FUNC. EVALS.:  13
 CUMULATIVE NO. OF FUNC. EVALS.:       13
 NPARAMETR:  1.0000E+00  1.0000E+00  1.0000E+00  1.0000E+00  1.0000E+00  1.0000E+00  1.0000E+00  1.0000E+00  1.0000E+00  1.0000E+00
             1.0000E+00
 PARAMETER:  1.0000E-01  1.0000E-01  1.0000E-01  1.0000E-01  1.0000E-01  1.0000E-01  1.0000E-01  1.0000E-01  1.0000E-01  1.0000E-01
             1.0000E-01
 GRADIENT:   5.4466E+02  1.8065E+02  3.1290E+02  2.6326E+01  2.7080E+02  1.1072E+01 -2.2435E+02 -2.6689E+02 -6.9909E+01 -1.9386E+02
            -4.9319E+03

0ITERATION NO.:    5    OBJECTIVE VALUE:  -2577.92266436900        NO. OF FUNC. EVALS.:  70
 CUMULATIVE NO. OF FUNC. EVALS.:       83
 NPARAMETR:  9.5172E-01  1.0025E+00  7.8429E-01  1.1299E+00  8.3186E-01  8.6870E-01  1.1001E+00  8.8814E-01  1.0239E+00  9.1549E-01
             3.7884E+00
 PARAMETER:  5.0513E-02  1.0247E-01 -1.4297E-01  2.2217E-01 -8.4096E-02 -4.0757E-02  1.9538E-01 -1.8621E-02  1.2361E-01  1.1700E-02
             1.4319E+00
 GRADIENT:   3.1212E+01  5.7246E+01 -1.1561E+01  5.9470E+01 -3.6603E+01 -1.8783E+01  1.4580E+01  1.4060E+01  1.5058E+01  1.9340E+01
             6.3870E+02

0ITERATION NO.:   10    OBJECTIVE VALUE:  -2596.18033288061        NO. OF FUNC. EVALS.:  98
 CUMULATIVE NO. OF FUNC. EVALS.:      181
 NPARAMETR:  9.2421E-01  5.9322E-01  3.9051E-01  1.4262E+00  4.3477E-01  1.0477E+00  1.4261E+00  3.5765E-01  1.0659E+00  5.2493E-01
             3.5500E+00
 PARAMETER:  2.1187E-02 -4.2219E-01 -8.4031E-01  4.5502E-01 -7.3293E-01  1.4664E-01  4.5498E-01 -9.2821E-01  1.6381E-01 -5.4449E-01
             1.3669E+00
 GRADIENT:  -4.2295E+01  1.1726E+02 -8.6888E+01  2.3280E+02 -5.7401E+00  3.1868E+01  9.4486E+00  4.1095E+00 -1.8749E+01  5.6026E+00
             5.6907E+02

0ITERATION NO.:   15    OBJECTIVE VALUE:  -2742.27206205751        NO. OF FUNC. EVALS.: 178
 CUMULATIVE NO. OF FUNC. EVALS.:      359
 NPARAMETR:  8.9148E-01  5.1848E-01  4.7206E-01  1.3391E+00  4.6314E-01  9.4560E-01  1.1734E+00  1.1190E-02  1.2672E+00  7.2126E-01
             2.4499E+00
 PARAMETER: -1.4876E-02 -5.5685E-01 -6.5065E-01  3.9203E-01 -6.6973E-01  4.4068E-02  2.5989E-01 -4.3928E+00  3.3684E-01 -2.2675E-01
             9.9605E-01
 GRADIENT:  -9.0266E+01  1.3486E+01  5.4952E+01  1.0700E+02 -4.9727E+00 -7.3658E+00 -1.6325E+01  3.5311E-03  4.3503E+01 -4.6712E+00
             7.2317E+00

0ITERATION NO.:   20    OBJECTIVE VALUE:  -2819.08756352316        NO. OF FUNC. EVALS.: 175
 CUMULATIVE NO. OF FUNC. EVALS.:      534
 NPARAMETR:  9.3239E-01  2.2798E-01  1.6203E-01  1.1136E+00  2.0382E-01  1.0071E+00  1.7841E+00  1.0000E-02  1.6876E+00  7.5315E-01
             2.0907E+00
 PARAMETER:  2.9996E-02 -1.3785E+00 -1.7199E+00  2.0761E-01 -1.4905E+00  1.0709E-01  6.7891E-01 -1.9473E+01  6.2332E-01 -1.8349E-01
             8.3750E-01
 GRADIENT:   2.7357E+01 -6.2232E+00  2.2754E+01  3.8152E+01  1.8563E+01  1.4704E+01  3.4289E+01  0.0000E+00  3.8867E+01  1.4032E+01
            -5.8412E+01

0ITERATION NO.:   25    OBJECTIVE VALUE:  -2829.47426002374        NO. OF FUNC. EVALS.: 175
 CUMULATIVE NO. OF FUNC. EVALS.:      709
 NPARAMETR:  9.2331E-01  2.1868E-01  1.4873E-01  1.0247E+00  1.9116E-01  9.6230E-01  1.5133E+00  1.0000E-02  1.4908E+00  7.1005E-01
             2.1566E+00
 PARAMETER:  2.0214E-02 -1.4201E+00 -1.8056E+00  1.2442E-01 -1.5546E+00  6.1574E-02  5.1432E-01 -2.2338E+01  4.9934E-01 -2.4243E-01
             8.6851E-01
 GRADIENT:   1.5082E-01 -2.0951E-01  6.9308E-01  3.3322E-01 -6.4501E-01 -5.5576E-02 -4.1476E-02  0.0000E+00 -2.8377E-01 -4.8341E-02
            -1.0162E+00

0ITERATION NO.:   26    OBJECTIVE VALUE:  -2829.47426002374        NO. OF FUNC. EVALS.:  22
 CUMULATIVE NO. OF FUNC. EVALS.:      731
 NPARAMETR:  9.2331E-01  2.1868E-01  1.4873E-01  1.0247E+00  1.9116E-01  9.6230E-01  1.5133E+00  1.0000E-02  1.4908E+00  7.1005E-01
             2.1566E+00
 PARAMETER:  2.0214E-02 -1.4201E+00 -1.8056E+00  1.2442E-01 -1.5546E+00  6.1574E-02  5.1432E-01 -2.2338E+01  4.9934E-01 -2.4243E-01
             8.6851E-01
 GRADIENT:   1.5082E-01 -2.0951E-01  6.9308E-01  3.3322E-01 -6.4501E-01 -5.5576E-02 -4.1476E-02  0.0000E+00 -2.8377E-01 -4.8341E-02
            -1.0162E+00
 Elapsed estimation  time in seconds:    12.02
 Elapsed postprocess time in seconds:     0.00
 Elapsed finaloutput time in seconds:     0.00
Done with nonmem execution
Starting NMTRAN
  
 WARNINGS AND ERRORS (IF ANY) FOR PROBLEM    1
             
 (WARNING  2) NM-TRAN INFERS THAT THE DATA ARE POPULATION.
Building NONMEM Executable
Starting nonmem execution ...
License Registered to: University of Minnesota
Expiration Date:    14 APR 2022
Current Date:       30 SEP 2021
Days until program expires : 199


 First Order Conditional Estimation with Interaction
 MONITORING OF SEARCH:


0ITERATION NO.:    0    OBJECTIVE VALUE:  -1175.21772248098        NO. OF FUNC. EVALS.:  13
 CUMULATIVE NO. OF FUNC. EVALS.:       13
 NPARAMETR:  1.0000E+00  1.0000E+00  1.0000E+00  1.0000E+00  1.0000E+00  1.0000E+00  1.0000E+00  1.0000E+00  1.0000E+00  1.0000E+00
             1.0000E+00
 PARAMETER:  1.0000E-01  1.0000E-01  1.0000E-01  1.0000E-01  1.0000E-01  1.0000E-01  1.0000E-01  1.0000E-01  1.0000E-01  1.0000E-01
             1.0000E-01
 GRADIENT:   4.9286E+02  3.2116E+02  2.9379E+02  3.3470E+01  3.0270E+02  1.9108E+01 -2.5534E+02 -2.8333E+02 -6.4224E+01 -1.7282E+02
            -4.3963E+03

0ITERATION NO.:    5    OBJECTIVE VALUE:  -2658.29181025334        NO. OF FUNC. EVALS.:  72
 CUMULATIVE NO. OF FUNC. EVALS.:       85
 NPARAMETR:  9.5748E-01  5.8108E-01  6.6143E-01  1.3136E+00  5.7386E-01  8.6855E-01  8.9954E-01  9.2144E-01  1.0696E+00  6.5892E-01
             3.4807E+00
 PARAMETER:  5.6552E-02 -4.4287E-01 -3.1335E-01  3.7277E-01 -4.5537E-01 -4.0933E-02 -5.8691E-03  1.8186E-02  1.6729E-01 -3.1716E-01
             1.3472E+00
 GRADIENT:  -3.6589E+01  1.6951E+01  3.7368E+01  1.2160E+02 -2.3830E+00 -4.6173E+01 -3.8472E+00  1.7864E+01  2.7108E+01  4.7821E+00
             5.8613E+02

0ITERATION NO.:   10    OBJECTIVE VALUE:  -2675.45109022752        NO. OF FUNC. EVALS.: 161
 CUMULATIVE NO. OF FUNC. EVALS.:      246
 NPARAMETR:  9.7177E-01  5.0880E-01  5.1078E-01  1.3394E+00  4.7864E-01  8.8503E-01  1.0384E+00  6.5951E-01  9.5241E-01  3.9053E-01
             3.4186E+00
 PARAMETER:  7.1366E-02 -5.7570E-01 -5.7182E-01  3.9223E-01 -6.3681E-01 -2.2135E-02  1.3772E-01 -3.1625E-01  5.1235E-02 -8.4024E-01
             1.3292E+00
 GRADIENT:  -2.7556E+01  2.4755E+01  3.3615E+01  1.4312E+02 -3.9131E+01 -4.2745E+01 -2.6466E+01  4.3431E+00 -1.5301E+01 -1.1824E+01
             5.4847E+02

0ITERATION NO.:   15    OBJECTIVE VALUE:  -2813.58613352785        NO. OF FUNC. EVALS.: 180
 CUMULATIVE NO. OF FUNC. EVALS.:      426
 NPARAMETR:  1.0007E+00  4.0319E-01  3.8580E-01  1.3901E+00  3.8059E-01  9.3343E-01  1.0380E+00  2.0914E-01  1.0823E+00  6.2891E-01
             2.4054E+00
 PARAMETER:  1.0065E-01 -8.0834E-01 -8.5243E-01  4.2935E-01 -8.6603E-01  3.1116E-02  1.3726E-01 -1.4647E+00  1.7907E-01 -3.6378E-01
             9.7774E-01
 GRADIENT:   9.1714E+01  1.4857E+01  7.1330E+01  2.3567E+02 -2.6308E+01 -3.2396E+01 -3.5725E+01 -3.0010E-01 -3.4533E+01 -1.2653E+01
             8.8452E+01

0ITERATION NO.:   20    OBJECTIVE VALUE:  -2870.75560730760        NO. OF FUNC. EVALS.: 176
 CUMULATIVE NO. OF FUNC. EVALS.:      602
 NPARAMETR:  9.8450E-01  2.9136E-01  2.4168E-01  1.1872E+00  2.6857E-01  1.0328E+00  1.3497E+00  3.5680E-02  1.1645E+00  6.4452E-01
             2.2556E+00
 PARAMETER:  8.4380E-02 -1.1332E+00 -1.3201E+00  2.7158E-01 -1.2147E+00  1.3223E-01  3.9988E-01 -3.2332E+00  2.5228E-01 -3.3925E-01
             9.1340E-01
 GRADIENT:   4.6895E+01  1.0373E+01  1.8738E+01  6.5713E+01 -1.5330E+01  8.3104E+00 -1.0265E+01 -6.7060E-02 -2.2412E+01  1.1226E+00
             8.9065E+01

0ITERATION NO.:   25    OBJECTIVE VALUE:  -2882.16393822641        NO. OF FUNC. EVALS.: 175
 CUMULATIVE NO. OF FUNC. EVALS.:      777
 NPARAMETR:  9.6072E-01  2.4269E-01  1.8676E-01  1.0717E+00  2.2572E-01  1.0072E+00  1.5039E+00  1.0000E-02  1.3337E+00  6.6349E-01
             2.1067E+00
 PARAMETER:  5.9928E-02 -1.3160E+00 -1.5779E+00  1.6923E-01 -1.3885E+00  1.0719E-01  5.0803E-01 -4.6807E+00  3.8798E-01 -3.1024E-01
             8.4511E-01
 GRADIENT:   8.4584E-01 -1.1116E+00 -2.0826E-02  2.2169E+00  4.8584E-01 -5.8424E-02 -1.0747E-01  0.0000E+00 -8.9812E-01  2.2173E-01
            -2.1092E-01

0ITERATION NO.:   28    OBJECTIVE VALUE:  -2882.17545896286        NO. OF FUNC. EVALS.:  92
 CUMULATIVE NO. OF FUNC. EVALS.:      869
 NPARAMETR:  9.6031E-01  2.4254E-01  1.8622E-01  1.0688E+00  2.2527E-01  1.0074E+00  1.5046E+00  1.0000E-02  1.3386E+00  6.6299E-01
             2.1064E+00
 PARAMETER:  5.9505E-02 -1.3166E+00 -1.5808E+00  1.6656E-01 -1.3904E+00  1.0737E-01  5.0854E-01 -4.7001E+00  3.9160E-01 -3.1099E-01
             8.4499E-01
 GRADIENT:  -3.6319E-03 -9.7803E-02  5.1605E-02 -6.0856E-02  4.6082E-02  1.8303E-02 -3.5979E-03  0.0000E+00 -7.2607E-03 -2.7741E-02
            -1.1384E-01
 Elapsed estimation  time in seconds:    13.80
 Elapsed postprocess time in seconds:     0.00
 Elapsed finaloutput time in seconds:     0.00
Done with nonmem execution
