Starting NMTRAN
  
 WARNINGS AND ERRORS (IF ANY) FOR PROBLEM    1
             
 (WARNING  2) NM-TRAN INFERS THAT THE DATA ARE POPULATION.
Building NONMEM Executable
Starting nonmem execution ...
License Registered to: University of Minnesota
Expiration Date:    14 APR 2022
Current Date:       30 SEP 2021
Days until program expires : 199


 First Order Conditional Estimation with Interaction
 MONITORING OF SEARCH:


0ITERATION NO.:    0    OBJECTIVE VALUE:  -3913.44364609820        NO. OF FUNC. EVALS.:  13
 CUMULATIVE NO. OF FUNC. EVALS.:       13
 NPARAMETR:  1.0000E+00  1.0000E+00  1.0000E+00  1.0000E+00  1.0000E+00  1.0000E+00  1.0000E+00  1.0000E+00  1.0000E+00  1.0000E+00
             1.0000E+00
 PARAMETER:  1.0000E-01  1.0000E-01  1.0000E-01  1.0000E-01  1.0000E-01  1.0000E-01  1.0000E-01  1.0000E-01  1.0000E-01  1.0000E-01
             1.0000E-01
 GRADIENT:   4.4022E+02  7.0626E+01  3.7099E+01  7.5334E+01 -1.2545E+00  5.3731E+01  2.1429E+01 -6.3565E+00  7.1677E+00 -8.3969E+00
             9.5619E+01

0ITERATION NO.:    5    OBJECTIVE VALUE:  -3918.92927153929        NO. OF FUNC. EVALS.: 162
 CUMULATIVE NO. OF FUNC. EVALS.:      175
 NPARAMETR:  1.0141E+00  1.0967E+00  9.6249E-01  9.6524E-01  1.0960E+00  9.7211E-01  8.5970E-01  1.0906E+00  1.0326E+00  1.1527E+00
             9.6461E-01
 PARAMETER:  1.1398E-01  1.9229E-01  6.1773E-02  6.4621E-02  1.9169E-01  7.1712E-02 -5.1170E-02  1.8677E-01  1.3204E-01  2.4209E-01
             6.3974E-02
 GRADIENT:   2.2442E+01  2.1502E+01 -3.7489E+01  3.8657E+00  6.2358E+00 -7.1740E+00  5.9962E+00 -1.5750E+00 -3.5146E-01  1.0634E+00
             2.0312E+01

0ITERATION NO.:   10    OBJECTIVE VALUE:  -3920.12958840171        NO. OF FUNC. EVALS.: 184
 CUMULATIVE NO. OF FUNC. EVALS.:      359
 NPARAMETR:  1.0042E+00  1.1120E+00  1.0232E+00  9.5001E-01  1.1281E+00  9.7832E-01  7.6660E-01  1.1906E+00  1.0536E+00  1.1995E+00
             9.5457E-01
 PARAMETER:  1.0417E-01  2.0616E-01  1.2291E-01  4.8718E-02  2.2052E-01  7.8086E-02 -1.6579E-01  2.7443E-01  1.5220E-01  2.8187E-01
             5.3502E-02
 GRADIENT:  -6.4638E-01  4.9557E+00 -9.3439E+00 -6.1723E+00  2.8306E+00 -4.4539E+00 -4.2271E+00  1.7906E+00  1.1165E+00  5.9010E+00
            -2.3490E+00

0ITERATION NO.:   15    OBJECTIVE VALUE:  -3920.66586905829        NO. OF FUNC. EVALS.: 178
 CUMULATIVE NO. OF FUNC. EVALS.:      537
 NPARAMETR:  1.0043E+00  1.0855E+00  1.0305E+00  9.6759E-01  1.1055E+00  9.8926E-01  8.2537E-01  1.1627E+00  1.0336E+00  1.1442E+00
             9.5430E-01
 PARAMETER:  1.0429E-01  1.8200E-01  1.3006E-01  6.7052E-02  2.0029E-01  8.9200E-02 -9.1922E-02  2.5074E-01  1.3306E-01  2.3468E-01
             5.3227E-02
 GRADIENT:  -2.7014E-01  2.1140E-01  2.9040E-02  1.3296E-01 -2.2965E-01  1.0338E-02  1.0097E-02 -5.4035E-02 -6.0670E-02 -2.6043E-02
            -1.3341E-01

0ITERATION NO.:   16    OBJECTIVE VALUE:  -3920.66586905829        NO. OF FUNC. EVALS.:  22
 CUMULATIVE NO. OF FUNC. EVALS.:      559
 NPARAMETR:  1.0043E+00  1.0855E+00  1.0305E+00  9.6759E-01  1.1055E+00  9.8926E-01  8.2537E-01  1.1627E+00  1.0336E+00  1.1442E+00
             9.5430E-01
 PARAMETER:  1.0429E-01  1.8200E-01  1.3006E-01  6.7052E-02  2.0029E-01  8.9200E-02 -9.1922E-02  2.5074E-01  1.3306E-01  2.3468E-01
             5.3227E-02
 GRADIENT:  -2.7014E-01  2.1140E-01  2.9040E-02  1.3296E-01 -2.2965E-01  1.0338E-02  1.0097E-02 -5.4035E-02 -6.0670E-02 -2.6043E-02
            -1.3341E-01
 Elapsed estimation  time in seconds:     9.66
 Elapsed postprocess time in seconds:     0.00
 Elapsed finaloutput time in seconds:     0.00
Done with nonmem execution
Starting NMTRAN
  
 WARNINGS AND ERRORS (IF ANY) FOR PROBLEM    1
             
 (WARNING  2) NM-TRAN INFERS THAT THE DATA ARE POPULATION.
Building NONMEM Executable
Starting nonmem execution ...
License Registered to: University of Minnesota
Expiration Date:    14 APR 2022
Current Date:       30 SEP 2021
Days until program expires : 199


 First Order Conditional Estimation with Interaction
 MONITORING OF SEARCH:


0ITERATION NO.:    0    OBJECTIVE VALUE:  -3836.39535866380        NO. OF FUNC. EVALS.:  13
 CUMULATIVE NO. OF FUNC. EVALS.:       13
 NPARAMETR:  1.0000E+00  1.0000E+00  1.0000E+00  1.0000E+00  1.0000E+00  1.0000E+00  1.0000E+00  1.0000E+00  1.0000E+00  1.0000E+00
             1.0000E+00
 PARAMETER:  1.0000E-01  1.0000E-01  1.0000E-01  1.0000E-01  1.0000E-01  1.0000E-01  1.0000E-01  1.0000E-01  1.0000E-01  1.0000E-01
             1.0000E-01
 GRADIENT:   4.7159E+02  6.7640E+01 -2.9615E+00  3.7825E+01 -2.0360E+01  3.9893E+01  3.4838E+01  2.3841E+01  4.0056E+01 -1.0288E+00
            -8.4620E+01

0ITERATION NO.:    5    OBJECTIVE VALUE:  -3847.95303593729        NO. OF FUNC. EVALS.: 160
 CUMULATIVE NO. OF FUNC. EVALS.:      173
 NPARAMETR:  9.7499E-01  1.1141E+00  1.1965E+00  9.6201E-01  1.1945E+00  9.7000E-01  7.7788E-01  8.2064E-01  7.7078E-01  1.0565E+00
             1.0567E+00
 PARAMETER:  7.4673E-02  2.0807E-01  2.7943E-01  6.1268E-02  2.7770E-01  6.9538E-02 -1.5118E-01 -9.7673E-02 -1.6035E-01  1.5492E-01
             1.5519E-01
 GRADIENT:  -2.1736E+00 -1.6300E+01  4.3796E+01 -2.5973E+01  1.1808E+01 -6.2917E+00 -3.8160E+00 -1.0301E+00 -3.6516E+01 -1.7803E+01
            -2.5753E+00

0ITERATION NO.:   10    OBJECTIVE VALUE:  -3852.97111075221        NO. OF FUNC. EVALS.: 178
 CUMULATIVE NO. OF FUNC. EVALS.:      351
 NPARAMETR:  9.8193E-01  1.0795E+00  1.0242E+00  9.8267E-01  1.1106E+00  9.6176E-01  4.5994E-01  4.7357E-01  9.9401E-01  1.1040E+00
             1.0440E+00
 PARAMETER:  8.1768E-02  1.7653E-01  1.2392E-01  8.2520E-02  2.0494E-01  6.1012E-02 -6.7667E-01 -6.4746E-01  9.3993E-02  1.9898E-01
             1.4308E-01
 GRADIENT:   1.5049E+01 -5.4953E+00  9.3698E+00  5.8469E+00  1.6950E+01 -9.8527E+00 -8.4137E+00 -2.9346E+00  9.3724E+00 -2.1855E+01
            -4.4142E+01

0ITERATION NO.:   15    OBJECTIVE VALUE:  -3855.91704665818        NO. OF FUNC. EVALS.: 179
 CUMULATIVE NO. OF FUNC. EVALS.:      530
 NPARAMETR:  9.7556E-01  1.0697E+00  1.0295E+00  9.9100E-01  1.0922E+00  9.8283E-01  5.9748E-01  5.4959E-01  9.1620E-01  1.1454E+00
             1.0614E+00
 PARAMETER:  7.5254E-02  1.6736E-01  1.2910E-01  9.0954E-02  1.8822E-01  8.2678E-02 -4.1504E-01 -4.9858E-01  1.2476E-02  2.3576E-01
             1.5957E-01
 GRADIENT:  -6.5491E-01  1.2561E+00  5.5714E+00  3.2139E+00 -2.0718E+00 -9.7696E-01 -2.9124E+00 -2.0086E-01 -3.6198E+00  1.8345E+00
             5.8641E+00

0ITERATION NO.:   19    OBJECTIVE VALUE:  -3856.07053173312        NO. OF FUNC. EVALS.: 127
 CUMULATIVE NO. OF FUNC. EVALS.:      657
 NPARAMETR:  9.7578E-01  1.0683E+00  1.0266E+00  9.9066E-01  1.0917E+00  9.8542E-01  6.4349E-01  5.5201E-01  9.1826E-01  1.1272E+00
             1.0578E+00
 PARAMETER:  7.5480E-02  1.6609E-01  1.2620E-01  9.0616E-02  1.8774E-01  8.5316E-02 -3.4085E-01 -4.9419E-01  1.4724E-02  2.1975E-01
             1.5615E-01
 GRADIENT:   6.6482E-03  5.4696E-02  2.3374E-01 -5.6583E-02  1.8185E-02  2.3746E-02  2.7926E-02 -3.2527E-02  6.3243E-02  3.4748E-02
            -3.6150E-02
 Elapsed estimation  time in seconds:    10.28
 Elapsed postprocess time in seconds:     0.00
 Elapsed finaloutput time in seconds:     0.01
Done with nonmem execution
Starting NMTRAN
  
 WARNINGS AND ERRORS (IF ANY) FOR PROBLEM    1
             
 (WARNING  2) NM-TRAN INFERS THAT THE DATA ARE POPULATION.
Building NONMEM Executable
Starting nonmem execution ...
License Registered to: University of Minnesota
Expiration Date:    14 APR 2022
Current Date:       30 SEP 2021
Days until program expires : 199


 First Order Conditional Estimation with Interaction
 MONITORING OF SEARCH:


0ITERATION NO.:    0    OBJECTIVE VALUE:  -3825.74939808363        NO. OF FUNC. EVALS.:  13
 CUMULATIVE NO. OF FUNC. EVALS.:       13
 NPARAMETR:  1.0000E+00  1.0000E+00  1.0000E+00  1.0000E+00  1.0000E+00  1.0000E+00  1.0000E+00  1.0000E+00  1.0000E+00  1.0000E+00
             1.0000E+00
 PARAMETER:  1.0000E-01  1.0000E-01  1.0000E-01  1.0000E-01  1.0000E-01  1.0000E-01  1.0000E-01  1.0000E-01  1.0000E-01  1.0000E-01
             1.0000E-01
 GRADIENT:   4.2870E+02  1.4901E+01  1.3680E+01  5.0112E+01  6.0933E+01  7.2762E+01  9.9432E-01  2.0639E+00 -1.3228E+01  1.0439E+01
            -1.5545E+02

0ITERATION NO.:    5    OBJECTIVE VALUE:  -3834.78580706195        NO. OF FUNC. EVALS.: 162
 CUMULATIVE NO. OF FUNC. EVALS.:      175
 NPARAMETR:  1.0191E+00  1.0716E+00  1.0028E+00  9.9645E-01  1.0290E+00  1.0056E+00  9.9929E-01  9.8441E-01  1.0735E+00  9.7904E-01
             1.0788E+00
 PARAMETER:  1.1892E-01  1.6917E-01  1.0275E-01  9.6447E-02  1.2860E-01  1.0555E-01  9.9292E-02  8.4288E-02  1.7089E-01  7.8821E-02
             1.7581E-01
 GRADIENT:   2.6220E+00 -5.6702E+00 -5.6988E+00 -1.1025E+01  4.0197E+00  5.4936E-01  1.8031E+00  2.3092E-01 -1.7102E+00 -1.5692E+00
             8.0899E+00

0ITERATION NO.:   10    OBJECTIVE VALUE:  -3834.84920894576        NO. OF FUNC. EVALS.: 182
 CUMULATIVE NO. OF FUNC. EVALS.:      357
 NPARAMETR:  1.0204E+00  1.0771E+00  1.0209E+00  9.9800E-01  1.0349E+00  1.0051E+00  9.7835E-01  9.8976E-01  1.0869E+00  9.9287E-01
             1.0772E+00
 PARAMETER:  1.2016E-01  1.7431E-01  1.2070E-01  9.8002E-02  1.3433E-01  1.0508E-01  7.8111E-02  8.9711E-02  1.8335E-01  9.2845E-02
             1.7436E-01
 GRADIENT:   5.3886E+00 -4.4332E+00  5.2045E+00 -4.5357E+00 -1.4356E-01  3.5918E-01 -4.5215E-01 -1.3632E+00  2.1620E+00 -3.3405E-02
             4.1907E+00

0ITERATION NO.:   15    OBJECTIVE VALUE:  -3834.89500483778        NO. OF FUNC. EVALS.: 178
 CUMULATIVE NO. OF FUNC. EVALS.:      535
 NPARAMETR:  1.0179E+00  1.0784E+00  1.0139E+00  1.0009E+00  1.0330E+00  1.0042E+00  9.8106E-01  9.9750E-01  1.0785E+00  9.9358E-01
             1.0749E+00
 PARAMETER:  1.1773E-01  1.7545E-01  1.1384E-01  1.0085E-01  1.3251E-01  1.0422E-01  8.0880E-02  9.7496E-02  1.7559E-01  9.3557E-02
             1.7223E-01
 GRADIENT:  -2.1695E-03  6.8787E-03 -1.8993E-02  9.8633E-03  6.1347E-03 -1.8600E-03 -8.9792E-04 -1.9536E-03 -3.3299E-03  1.2419E-04
            -9.2368E-04

0ITERATION NO.:   16    OBJECTIVE VALUE:  -3834.89500483778        NO. OF FUNC. EVALS.:  22
 CUMULATIVE NO. OF FUNC. EVALS.:      557
 NPARAMETR:  1.0179E+00  1.0784E+00  1.0139E+00  1.0009E+00  1.0330E+00  1.0042E+00  9.8106E-01  9.9750E-01  1.0785E+00  9.9358E-01
             1.0749E+00
 PARAMETER:  1.1773E-01  1.7545E-01  1.1384E-01  1.0085E-01  1.3251E-01  1.0422E-01  8.0880E-02  9.7496E-02  1.7559E-01  9.3557E-02
             1.7223E-01
 GRADIENT:  -2.1695E-03  6.8787E-03 -1.8993E-02  9.8633E-03  6.1347E-03 -1.8600E-03 -8.9792E-04 -1.9536E-03 -3.3299E-03  1.2419E-04
            -9.2368E-04
 Elapsed estimation  time in seconds:     9.78
 Elapsed postprocess time in seconds:     0.00
 Elapsed finaloutput time in seconds:     0.00
Done with nonmem execution
Starting NMTRAN
  
 WARNINGS AND ERRORS (IF ANY) FOR PROBLEM    1
             
 (WARNING  2) NM-TRAN INFERS THAT THE DATA ARE POPULATION.
Building NONMEM Executable
Starting nonmem execution ...
License Registered to: University of Minnesota
Expiration Date:    14 APR 2022
Current Date:       30 SEP 2021
Days until program expires : 199


 First Order Conditional Estimation with Interaction
 MONITORING OF SEARCH:


0ITERATION NO.:    0    OBJECTIVE VALUE:  -3746.60102458728        NO. OF FUNC. EVALS.:  13
 CUMULATIVE NO. OF FUNC. EVALS.:       13
 NPARAMETR:  1.0000E+00  1.0000E+00  1.0000E+00  1.0000E+00  1.0000E+00  1.0000E+00  1.0000E+00  1.0000E+00  1.0000E+00  1.0000E+00
             1.0000E+00
 PARAMETER:  1.0000E-01  1.0000E-01  1.0000E-01  1.0000E-01  1.0000E-01  1.0000E-01  1.0000E-01  1.0000E-01  1.0000E-01  1.0000E-01
             1.0000E-01
 GRADIENT:   5.0186E+02  6.6042E+01 -1.4655E+01  1.3026E+02  1.8189E+02  3.1669E+01  2.7992E+01 -1.7204E+01 -1.1932E+01 -2.8789E+01
            -1.8125E+02

0ITERATION NO.:    5    OBJECTIVE VALUE:  -3760.80990088669        NO. OF FUNC. EVALS.: 119
 CUMULATIVE NO. OF FUNC. EVALS.:      132
 NPARAMETR:  9.9016E-01  9.4171E-01  9.3616E-01  1.0255E+00  8.7838E-01  9.8244E-01  9.3046E-01  1.0271E+00  1.0337E+00  1.0208E+00
             1.1142E+00
 PARAMETER:  9.0112E-02  3.9947E-02  3.4035E-02  1.2520E-01 -2.9673E-02  8.2281E-02  2.7923E-02  1.2676E-01  1.3314E-01  1.2061E-01
             2.0815E-01
 GRADIENT:   2.3966E+01 -6.1686E+00 -9.0151E+00  1.1180E+01  3.6513E+00 -3.4222E+01  1.5550E+01 -1.0884E+00 -6.5137E+00 -7.5016E+00
             6.5886E+01

0ITERATION NO.:   10    OBJECTIVE VALUE:  -3764.38379036331        NO. OF FUNC. EVALS.: 176
 CUMULATIVE NO. OF FUNC. EVALS.:      308
 NPARAMETR:  9.9254E-01  1.0030E+00  9.9531E-01  9.9077E-01  9.1412E-01  1.1059E+00  6.2773E-01  1.1065E+00  1.1108E+00  1.1964E+00
             1.0959E+00
 PARAMETER:  9.2513E-02  1.0297E-01  9.5300E-02  9.0731E-02  1.0207E-02  2.0067E-01 -3.6565E-01  2.0123E-01  2.0505E-01  2.7935E-01
             1.9156E-01
 GRADIENT:   2.3954E+01  1.8507E+01  1.6974E+01 -1.1672E+00 -2.4689E+01  1.4931E+01 -4.4459E+00  3.8302E-01  2.4034E+00  6.3821E+00
             2.3357E+01

0ITERATION NO.:   15    OBJECTIVE VALUE:  -3765.95897437983        NO. OF FUNC. EVALS.: 178
 CUMULATIVE NO. OF FUNC. EVALS.:      486
 NPARAMETR:  9.7872E-01  9.8078E-01  9.6683E-01  1.0018E+00  9.1040E-01  1.0617E+00  7.3136E-01  1.0786E+00  1.0840E+00  1.1285E+00
             1.0803E+00
 PARAMETER:  7.8488E-02  8.0596E-02  6.6266E-02  1.0179E-01  6.1341E-03  1.5987E-01 -2.1285E-01  1.7567E-01  1.8062E-01  2.2093E-01
             1.7720E-01
 GRADIENT:  -1.4001E+00  3.0277E-01  1.7146E-01  6.7274E-01  3.7602E-01 -6.4277E-01  8.9955E-02 -1.8437E-01  3.7288E-01 -5.9143E-01
            -5.3577E-01

0ITERATION NO.:   17    OBJECTIVE VALUE:  -3765.96336532791        NO. OF FUNC. EVALS.:  57
 CUMULATIVE NO. OF FUNC. EVALS.:      543
 NPARAMETR:  9.7937E-01  9.8053E-01  9.6629E-01  1.0015E+00  9.0991E-01  1.0633E+00  7.2858E-01  1.0800E+00  1.0832E+00  1.1317E+00
             1.0805E+00
 PARAMETER:  7.9152E-02  8.0342E-02  6.5706E-02  1.0148E-01  5.5944E-03  1.6142E-01 -2.1666E-01  1.7696E-01  1.7991E-01  2.2372E-01
             1.7743E-01
 GRADIENT:  -9.1520E-02 -9.3800E-02  6.9401E-02 -4.4342E-02 -1.0142E-01 -1.1263E-02 -2.2292E-02  2.6440E-03  5.8197E-02 -3.1966E-02
            -3.2148E-03
 Elapsed estimation  time in seconds:     8.66
 Elapsed postprocess time in seconds:     0.00
 Elapsed finaloutput time in seconds:     0.01
Done with nonmem execution
Starting NMTRAN
  
 WARNINGS AND ERRORS (IF ANY) FOR PROBLEM    1
             
 (WARNING  2) NM-TRAN INFERS THAT THE DATA ARE POPULATION.
Building NONMEM Executable
Starting nonmem execution ...
License Registered to: University of Minnesota
Expiration Date:    14 APR 2022
Current Date:       30 SEP 2021
Days until program expires : 199


 First Order Conditional Estimation with Interaction
 MONITORING OF SEARCH:


0ITERATION NO.:    0    OBJECTIVE VALUE:  -3759.72489157705        NO. OF FUNC. EVALS.:  13
 CUMULATIVE NO. OF FUNC. EVALS.:       13
 NPARAMETR:  1.0000E+00  1.0000E+00  1.0000E+00  1.0000E+00  1.0000E+00  1.0000E+00  1.0000E+00  1.0000E+00  1.0000E+00  1.0000E+00
             1.0000E+00
 PARAMETER:  1.0000E-01  1.0000E-01  1.0000E-01  1.0000E-01  1.0000E-01  1.0000E-01  1.0000E-01  1.0000E-01  1.0000E-01  1.0000E-01
             1.0000E-01
 GRADIENT:   5.3494E+02  4.4270E+01  6.1567E+01  8.1467E+01  5.0147E+01  4.0471E+01 -9.4936E+00 -6.7491E+00  3.8276E+01  1.6973E+01
            -1.2516E+02

0ITERATION NO.:    5    OBJECTIVE VALUE:  -3770.92366982369        NO. OF FUNC. EVALS.: 119
 CUMULATIVE NO. OF FUNC. EVALS.:      132
 NPARAMETR:  9.4137E-01  9.7613E-01  8.7553E-01  1.0252E+00  9.3690E-01  8.7169E-01  1.0382E+00  9.9286E-01  9.0804E-01  9.4407E-01
             1.0592E+00
 PARAMETER:  3.9584E-02  7.5837E-02 -3.2921E-02  1.2492E-01  3.4817E-02 -3.7325E-02  1.3745E-01  9.2834E-02  3.5307E-03  4.2450E-02
             1.5754E-01
 GRADIENT:   3.7299E+00  3.5732E+00 -2.8878E+01  1.2835E+01 -6.8771E+00 -3.1685E+01 -1.3934E+01  9.6079E+00  7.3365E+00  1.0253E+01
             9.1859E+00

0ITERATION NO.:   10    OBJECTIVE VALUE:  -3773.54032444386        NO. OF FUNC. EVALS.: 177
 CUMULATIVE NO. OF FUNC. EVALS.:      309
 NPARAMETR:  9.4153E-01  9.6244E-01  8.6367E-01  1.0288E+00  9.2477E-01  9.0571E-01  1.2310E+00  9.5489E-01  8.5679E-01  8.3417E-01
             1.0533E+00
 PARAMETER:  3.9748E-02  6.1715E-02 -4.6560E-02  1.2841E-01  2.1795E-02  9.5983E-04  3.0786E-01  5.3845E-02 -5.4565E-02 -8.1321E-02
             1.5197E-01
 GRADIENT:   4.4075E+00  1.0551E+01 -3.3724E+01  9.0263E+00  3.1318E+00 -1.5129E+01  5.3899E+00  6.9880E+00 -4.1995E+00  2.8718E+00
            -2.6933E+00

0ITERATION NO.:   15    OBJECTIVE VALUE:  -3774.86062341867        NO. OF FUNC. EVALS.: 179
 CUMULATIVE NO. OF FUNC. EVALS.:      488
 NPARAMETR:  9.3997E-01  9.6791E-01  9.0048E-01  1.0207E+00  9.4142E-01  9.3969E-01  1.1874E+00  8.9325E-01  8.6991E-01  8.4262E-01
             1.0581E+00
 PARAMETER:  3.8095E-02  6.7380E-02 -4.8286E-03  1.2048E-01  3.9635E-02  3.7796E-02  2.7177E-01 -1.2893E-02 -3.9360E-02 -7.1234E-02
             1.5649E-01
 GRADIENT:   5.6161E-02 -1.8450E-01 -4.6059E-01  3.3796E-02  7.2072E-01 -5.3943E-02 -6.5976E-03 -5.1157E-02 -7.5877E-02  1.1878E-01
            -1.8999E-01

0ITERATION NO.:   17    OBJECTIVE VALUE:  -3774.86099936662        NO. OF FUNC. EVALS.:  57
 CUMULATIVE NO. OF FUNC. EVALS.:      545
 NPARAMETR:  9.3996E-01  9.6740E-01  9.0052E-01  1.0210E+00  9.4068E-01  9.3983E-01  1.1881E+00  8.9364E-01  8.7018E-01  8.4097E-01
             1.0582E+00
 PARAMETER:  3.8078E-02  6.6856E-02 -4.7797E-03  1.2077E-01  3.8849E-02  3.7940E-02  2.7239E-01 -1.2449E-02 -3.9050E-02 -7.3197E-02
             1.5654E-01
 GRADIENT:   1.5248E-02  5.2942E-05  5.2564E-02 -3.9525E-03 -3.6935E-02  3.4069E-03 -4.7873E-03 -1.9563E-02  1.4757E-02 -2.0805E-02
            -1.1139E-02
 Elapsed estimation  time in seconds:     8.52
 Elapsed postprocess time in seconds:     0.00
 Elapsed finaloutput time in seconds:     0.00
Done with nonmem execution
Starting NMTRAN
  
 WARNINGS AND ERRORS (IF ANY) FOR PROBLEM    1
             
 (WARNING  2) NM-TRAN INFERS THAT THE DATA ARE POPULATION.
Building NONMEM Executable
Starting nonmem execution ...
License Registered to: University of Minnesota
Expiration Date:    14 APR 2022
Current Date:       30 SEP 2021
Days until program expires : 199


 First Order Conditional Estimation with Interaction
 MONITORING OF SEARCH:


0ITERATION NO.:    0    OBJECTIVE VALUE:  -3880.38619285188        NO. OF FUNC. EVALS.:  13
 CUMULATIVE NO. OF FUNC. EVALS.:       13
 NPARAMETR:  1.0000E+00  1.0000E+00  1.0000E+00  1.0000E+00  1.0000E+00  1.0000E+00  1.0000E+00  1.0000E+00  1.0000E+00  1.0000E+00
             1.0000E+00
 PARAMETER:  1.0000E-01  1.0000E-01  1.0000E-01  1.0000E-01  1.0000E-01  1.0000E-01  1.0000E-01  1.0000E-01  1.0000E-01  1.0000E-01
             1.0000E-01
 GRADIENT:   4.5412E+02  5.8299E+01 -8.8473E+01  8.4868E+01  2.0057E+02  6.2956E+01 -2.9779E+00  3.8620E+00  2.0759E+01 -1.1514E+01
            -4.1093E+01

0ITERATION NO.:    5    OBJECTIVE VALUE:  -3884.89512108030        NO. OF FUNC. EVALS.: 160
 CUMULATIVE NO. OF FUNC. EVALS.:      173
 NPARAMETR:  1.0417E+00  9.6575E-01  1.1333E+00  1.0530E+00  8.6062E-01  9.6784E-01  1.0415E+00  9.9027E-01  9.4783E-01  1.0261E+00
             1.0314E+00
 PARAMETER:  1.4081E-01  6.5151E-02  2.2509E-01  1.5164E-01 -5.0101E-02  6.7309E-02  1.4063E-01  9.0225E-02  4.6415E-02  1.2579E-01
             1.3092E-01
 GRADIENT:   1.0295E+02  4.9551E+01  5.9046E+01  1.0936E+01 -1.1332E+02 -3.2471E+00 -6.6883E+00 -8.6518E-01  6.3495E+00  7.0497E+00
             2.6091E+01

0ITERATION NO.:   10    OBJECTIVE VALUE:  -3885.51284131793        NO. OF FUNC. EVALS.: 179
 CUMULATIVE NO. OF FUNC. EVALS.:      352
 NPARAMETR:  1.0321E+00  9.5900E-01  1.1227E+00  1.0528E+00  8.5496E-01  9.3612E-01  1.1686E+00  1.0231E+00  9.4847E-01  9.6734E-01
             1.0370E+00
 PARAMETER:  1.3164E-01  5.8138E-02  2.1573E-01  1.5143E-01 -5.6698E-02  3.3985E-02  2.5580E-01  1.2284E-01  4.7091E-02  6.6796E-02
             1.3631E-01
 GRADIENT:   8.6198E+01  5.0448E+01  5.4995E+01  7.5851E-01 -1.1535E+02 -1.5375E+01  8.5496E+00  2.7575E+00  7.9869E+00  2.0876E+00
             4.3692E+01

0ITERATION NO.:   15    OBJECTIVE VALUE:  -3892.96748773010        NO. OF FUNC. EVALS.: 176
 CUMULATIVE NO. OF FUNC. EVALS.:      528
 NPARAMETR:  9.9759E-01  9.3302E-01  1.0494E+00  1.0478E+00  8.8709E-01  9.6521E-01  1.1147E+00  9.0011E-01  9.3619E-01  9.4249E-01
             1.0171E+00
 PARAMETER:  9.7589E-02  3.0666E-02  1.4823E-01  1.4669E-01 -1.9808E-02  6.4593E-02  2.0860E-01 -5.2345E-03  3.4062E-02  4.0775E-02
             1.1692E-01
 GRADIENT:  -2.3446E-01 -1.3014E-01  1.7746E+00  5.0040E-01 -1.4055E+00 -3.5285E-01 -2.5966E-02  1.2190E-01 -4.5345E-01 -4.5556E-01
             1.7707E-01

0ITERATION NO.:   18    OBJECTIVE VALUE:  -3892.97296983874        NO. OF FUNC. EVALS.:  92
 CUMULATIVE NO. OF FUNC. EVALS.:      620
 NPARAMETR:  9.9768E-01  9.3353E-01  1.0458E+00  1.0471E+00  8.8700E-01  9.6608E-01  1.1139E+00  8.9252E-01  9.3854E-01  9.4464E-01
             1.0171E+00
 PARAMETER:  9.7675E-02  3.1214E-02  1.4473E-01  1.4604E-01 -1.9907E-02  6.5492E-02  2.0783E-01 -1.3710E-02  3.6570E-02  4.3047E-02
             1.1696E-01
 GRADIENT:  -1.6775E-02  1.7954E-02 -2.2297E-02 -1.1922E-02  3.0933E-03  5.3603E-04 -1.1851E-03  1.4663E-02  7.5686E-03 -1.5462E-03
            -8.8265E-03
 Elapsed estimation  time in seconds:     9.73
 Elapsed postprocess time in seconds:     0.00
 Elapsed finaloutput time in seconds:     0.00
Done with nonmem execution
Starting NMTRAN
  
 WARNINGS AND ERRORS (IF ANY) FOR PROBLEM    1
             
 (WARNING  2) NM-TRAN INFERS THAT THE DATA ARE POPULATION.
Building NONMEM Executable
Starting nonmem execution ...
License Registered to: University of Minnesota
Expiration Date:    14 APR 2022
Current Date:       30 SEP 2021
Days until program expires : 199


 First Order Conditional Estimation with Interaction
 MONITORING OF SEARCH:


0ITERATION NO.:    0    OBJECTIVE VALUE:  -3464.07462938614        NO. OF FUNC. EVALS.:  13
 CUMULATIVE NO. OF FUNC. EVALS.:       13
 NPARAMETR:  1.0000E+00  1.0000E+00  1.0000E+00  1.0000E+00  1.0000E+00  1.0000E+00  1.0000E+00  1.0000E+00  1.0000E+00  1.0000E+00
             1.0000E+00
 PARAMETER:  1.0000E-01  1.0000E-01  1.0000E-01  1.0000E-01  1.0000E-01  1.0000E-01  1.0000E-01  1.0000E-01  1.0000E-01  1.0000E-01
             1.0000E-01
 GRADIENT:   5.0590E+02  5.8028E+01  1.1316E+02  1.6348E+02  1.3711E+02  1.6381E+01 -4.8117E+01 -4.5198E+02 -9.3725E+01 -2.4212E+01
            -1.1385E+02

0ITERATION NO.:    5    OBJECTIVE VALUE:  -3525.66595867066        NO. OF FUNC. EVALS.:  77
 CUMULATIVE NO. OF FUNC. EVALS.:       90
 NPARAMETR:  9.0168E-01  9.8193E-01  9.7665E-01  9.6564E-01  9.6555E-01  9.9474E-01  1.0233E+00  1.1658E+00  9.9764E-01  1.0040E+00
             1.0199E+00
 PARAMETER: -3.4912E-03  8.1767E-02  7.6370E-02  6.5035E-02  6.4948E-02  9.4724E-02  1.2300E-01  2.5337E-01  9.7633E-02  1.0402E-01
             1.1974E-01
 GRADIENT:   2.5571E+02  3.5715E+01  7.9875E+01  8.8338E+01  8.7008E+01  1.6129E+01 -4.1727E+01 -3.5014E+02 -4.5171E+01 -1.5649E+01
            -4.8374E+01

0ITERATION NO.:   10    OBJECTIVE VALUE:  -3531.44977183282        NO. OF FUNC. EVALS.: 139
 CUMULATIVE NO. OF FUNC. EVALS.:      229
 NPARAMETR:  9.0157E-01  9.8311E-01  9.7687E-01  9.6524E-01  9.6638E-01  1.0126E+00  1.0230E+00  1.1671E+00  1.0938E+00  1.0042E+00
             1.0202E+00
 PARAMETER: -3.6192E-03  8.2969E-02  7.6600E-02  6.4627E-02  6.5802E-02  1.1256E-01  1.2276E-01  2.5448E-01  1.8962E-01  1.0415E-01
             1.1996E-01
 GRADIENT:   2.6253E+02  3.3718E+01  7.9724E+01  8.8172E+01  8.6603E+01  3.5411E+01 -4.2375E+01 -3.2774E+02 -2.5203E+01 -1.4149E+01
            -4.3683E+01

0ITERATION NO.:   15    OBJECTIVE VALUE:  -3533.39300004667        NO. OF FUNC. EVALS.: 159
 CUMULATIVE NO. OF FUNC. EVALS.:      388
 NPARAMETR:  9.0157E-01  9.8262E-01  9.7736E-01  9.6573E-01  9.6638E-01  1.2548E+00  1.0237E+00  1.1686E+00  1.0960E+00  1.0047E+00
             1.0196E+00
 PARAMETER: -3.6190E-03  8.2469E-02  7.7100E-02  6.5127E-02  6.5802E-02  3.2695E-01  1.2338E-01  2.5577E-01  1.9167E-01  1.0468E-01
             1.1936E-01
 GRADIENT:   1.4780E+05 -7.4005E+04  1.5002E+02 -7.3977E+04 -1.4788E+05 -4.5208E+04  1.1982E+05 -2.9352E+04  7.7096E+04 -7.9543E+01
            -9.5460E+01
 Elapsed estimation  time in seconds:     6.79
 Elapsed postprocess time in seconds:     0.00
 Elapsed finaloutput time in seconds:     0.00
Done with nonmem execution
Starting NMTRAN
  
 WARNINGS AND ERRORS (IF ANY) FOR PROBLEM    1
             
 (WARNING  2) NM-TRAN INFERS THAT THE DATA ARE POPULATION.
Building NONMEM Executable
Starting nonmem execution ...
License Registered to: University of Minnesota
Expiration Date:    14 APR 2022
Current Date:       30 SEP 2021
Days until program expires : 199


 First Order Conditional Estimation with Interaction
 MONITORING OF SEARCH:


0ITERATION NO.:    0    OBJECTIVE VALUE:  -3827.45193034709        NO. OF FUNC. EVALS.:  13
 CUMULATIVE NO. OF FUNC. EVALS.:       13
 NPARAMETR:  1.0000E+00  1.0000E+00  1.0000E+00  1.0000E+00  1.0000E+00  1.0000E+00  1.0000E+00  1.0000E+00  1.0000E+00  1.0000E+00
             1.0000E+00
 PARAMETER:  1.0000E-01  1.0000E-01  1.0000E-01  1.0000E-01  1.0000E-01  1.0000E-01  1.0000E-01  1.0000E-01  1.0000E-01  1.0000E-01
             1.0000E-01
 GRADIENT:   4.9715E+02  2.3892E+01  2.1439E+01  1.5802E+02  9.8340E+01  3.6451E+01  1.1996E+01 -7.2611E-01  1.3479E+01  3.1359E+01
            -9.1159E+01

0ITERATION NO.:    5    OBJECTIVE VALUE:  -3835.36948606789        NO. OF FUNC. EVALS.: 160
 CUMULATIVE NO. OF FUNC. EVALS.:      173
 NPARAMETR:  9.7867E-01  1.0646E+00  9.8589E-01  9.3577E-01  1.0093E+00  1.0281E+00  9.6388E-01  9.8228E-01  9.8867E-01  8.8632E-01
             1.0450E+00
 PARAMETER:  7.8444E-02  1.6264E-01  8.5793E-02  3.3615E-02  1.0922E-01  1.2769E-01  6.3217E-02  8.2117E-02  8.8608E-02 -2.0677E-02
             1.4400E-01
 GRADIENT:  -1.3472E+00 -1.5778E+01  4.7883E+00 -2.1071E+01  1.0375E+01  2.7510E+00 -1.5855E+00 -1.2112E+00 -1.5207E+00  1.2357E+00
            -7.7607E-01

0ITERATION NO.:   10    OBJECTIVE VALUE:  -3835.59898980619        NO. OF FUNC. EVALS.: 181
 CUMULATIVE NO. OF FUNC. EVALS.:      354
 NPARAMETR:  9.7801E-01  1.0492E+00  9.7020E-01  9.5161E-01  9.8657E-01  1.0279E+00  9.7313E-01  9.6311E-01  9.9191E-01  8.4884E-01
             1.0438E+00
 PARAMETER:  7.7768E-02  1.4802E-01  6.9744E-02  5.0398E-02  8.6477E-02  1.2752E-01  7.2762E-02  6.2411E-02  9.1873E-02 -6.3880E-02
             1.4289E-01
 GRADIENT:  -2.7437E+00 -6.6402E+00  5.1997E+00 -6.6600E+00  1.4302E+00  2.6633E+00 -1.6819E+00 -3.8336E-01 -7.7063E-02 -3.6527E+00
            -2.6608E+00

0ITERATION NO.:   15    OBJECTIVE VALUE:  -3835.70327278499        NO. OF FUNC. EVALS.: 178
 CUMULATIVE NO. OF FUNC. EVALS.:      532
 NPARAMETR:  9.7933E-01  1.0513E+00  9.5804E-01  9.5476E-01  9.8248E-01  1.0210E+00  9.7470E-01  9.4615E-01  9.9308E-01  8.6712E-01
             1.0452E+00
 PARAMETER:  7.9111E-02  1.5000E-01  5.7134E-02  5.3706E-02  8.2330E-02  1.2081E-01  7.4370E-02  4.4650E-02  9.3053E-02 -4.2574E-02
             1.4420E-01
 GRADIENT:   5.3670E-03 -1.1214E-02  3.3955E-02  2.7398E-02 -1.1939E-02 -2.5601E-03 -6.3350E-03  1.7108E-03  6.0801E-03 -3.5641E-03
             1.2498E-02

0ITERATION NO.:   16    OBJECTIVE VALUE:  -3835.70327278499        NO. OF FUNC. EVALS.:  22
 CUMULATIVE NO. OF FUNC. EVALS.:      554
 NPARAMETR:  9.7933E-01  1.0513E+00  9.5804E-01  9.5476E-01  9.8248E-01  1.0210E+00  9.7470E-01  9.4615E-01  9.9308E-01  8.6712E-01
             1.0452E+00
 PARAMETER:  7.9111E-02  1.5000E-01  5.7134E-02  5.3706E-02  8.2330E-02  1.2081E-01  7.4370E-02  4.4650E-02  9.3053E-02 -4.2574E-02
             1.4420E-01
 GRADIENT:   5.3670E-03 -1.1214E-02  3.3955E-02  2.7398E-02 -1.1939E-02 -2.5601E-03 -6.3350E-03  1.7108E-03  6.0801E-03 -3.5641E-03
             1.2498E-02
 Elapsed estimation  time in seconds:     9.01
 Elapsed postprocess time in seconds:     0.00
 Elapsed finaloutput time in seconds:     0.00
Done with nonmem execution
Starting NMTRAN
  
 WARNINGS AND ERRORS (IF ANY) FOR PROBLEM    1
             
 (WARNING  2) NM-TRAN INFERS THAT THE DATA ARE POPULATION.
Building NONMEM Executable
Starting nonmem execution ...
License Registered to: University of Minnesota
Expiration Date:    14 APR 2022
Current Date:       30 SEP 2021
Days until program expires : 199


 First Order Conditional Estimation with Interaction
 MONITORING OF SEARCH:


0ITERATION NO.:    0    OBJECTIVE VALUE:  -3798.53808365271        NO. OF FUNC. EVALS.:  13
 CUMULATIVE NO. OF FUNC. EVALS.:       13
 NPARAMETR:  1.0000E+00  1.0000E+00  1.0000E+00  1.0000E+00  1.0000E+00  1.0000E+00  1.0000E+00  1.0000E+00  1.0000E+00  1.0000E+00
             1.0000E+00
 PARAMETER:  1.0000E-01  1.0000E-01  1.0000E-01  1.0000E-01  1.0000E-01  1.0000E-01  1.0000E-01  1.0000E-01  1.0000E-01  1.0000E-01
             1.0000E-01
 GRADIENT:   5.3659E+02 -2.3446E+00 -7.0391E+00  9.0799E+01  8.0430E+01  2.0897E+01  2.3358E+01  3.5708E+00 -2.4845E+01  1.1397E+01
            -1.2459E+01

0ITERATION NO.:    5    OBJECTIVE VALUE:  -3805.21253284550        NO. OF FUNC. EVALS.:  77
 CUMULATIVE NO. OF FUNC. EVALS.:       90
 NPARAMETR:  9.2819E-01  9.8930E-01  9.7420E-01  9.9927E-01  9.6900E-01  9.5363E-01  9.4768E-01  9.7653E-01  1.0339E+00  9.7315E-01
             1.0046E+00
 PARAMETER:  2.5481E-02  8.9244E-02  7.3865E-02  9.9273E-02  6.8505E-02  5.2518E-02  4.6261E-02  7.6249E-02  1.3335E-01  7.2779E-02
             1.0464E-01
 GRADIENT:   3.6671E+02 -1.6435E+00 -5.4899E+00  7.4986E+01  5.8806E+01  1.7464E+01  1.4979E+01  5.2274E+00 -1.3422E+01  6.9586E+00
            -4.7321E-01

0ITERATION NO.:   10    OBJECTIVE VALUE:  -3810.96548352141        NO. OF FUNC. EVALS.: 179
 CUMULATIVE NO. OF FUNC. EVALS.:      269
 NPARAMETR:  9.2988E-01  1.2181E+00  1.0300E+00  9.3962E-01  1.0924E+00  1.0378E+00  7.7925E-01  9.8178E-01  1.1967E+00  1.1070E+00
             1.0188E+00
 PARAMETER:  2.7304E-02  2.9727E-01  1.2959E-01  3.7718E-02  1.8841E-01  1.3715E-01 -1.4942E-01  8.1611E-02  2.7956E-01  2.0161E-01
             1.1861E-01
 GRADIENT:  -2.5664E+00  8.9444E+01 -1.4760E+01  5.5268E+01 -2.5345E+01  1.8425E+01  4.9767E+00 -3.1617E+00  4.8884E+00 -2.8126E+00
             1.6366E+01

0ITERATION NO.:   15    OBJECTIVE VALUE:  -3814.91956543174        NO. OF FUNC. EVALS.: 179
 CUMULATIVE NO. OF FUNC. EVALS.:      448
 NPARAMETR:  9.3026E-01  1.1750E+00  1.0810E+00  9.1643E-01  1.1121E+00  9.8786E-01  7.1933E-01  1.0977E+00  1.1655E+00  1.1267E+00
             1.0081E+00
 PARAMETER:  2.7705E-02  2.6130E-01  1.7793E-01  1.2728E-02  2.0625E-01  8.7790E-02 -2.2944E-01  1.9320E-01  2.5318E-01  2.1931E-01
             1.0807E-01
 GRADIENT:  -1.8386E+00 -3.8645E-01  1.5296E-01  8.2791E-01  5.6866E-01  4.1451E-02  7.0239E-02 -2.8496E-02 -4.3589E-01  6.8713E-03
             4.1123E-01

0ITERATION NO.:   17    OBJECTIVE VALUE:  -3814.92282022291        NO. OF FUNC. EVALS.:  57
 CUMULATIVE NO. OF FUNC. EVALS.:      505
 NPARAMETR:  9.3096E-01  1.1760E+00  1.0804E+00  9.1536E-01  1.1123E+00  9.8774E-01  7.1761E-01  1.0975E+00  1.1681E+00  1.1276E+00
             1.0080E+00
 PARAMETER:  2.8464E-02  2.6208E-01  1.7729E-01  1.1561E-02  2.0641E-01  8.7669E-02 -2.3183E-01  1.9303E-01  2.5534E-01  2.2008E-01
             1.0793E-01
 GRADIENT:  -1.1307E-01 -1.8881E-01 -1.8536E-03 -1.3940E-02  1.1751E-01 -3.1445E-03  3.9641E-02 -1.7559E-02 -1.5827E-02 -4.1992E-03
             2.6616E-02
 Elapsed estimation  time in seconds:     7.79
 Elapsed postprocess time in seconds:     0.00
 Elapsed finaloutput time in seconds:     0.00
Done with nonmem execution
Starting NMTRAN
  
 WARNINGS AND ERRORS (IF ANY) FOR PROBLEM    1
             
 (WARNING  2) NM-TRAN INFERS THAT THE DATA ARE POPULATION.
Building NONMEM Executable
Starting nonmem execution ...
License Registered to: University of Minnesota
Expiration Date:    14 APR 2022
Current Date:       30 SEP 2021
Days until program expires : 199


 First Order Conditional Estimation with Interaction
 MONITORING OF SEARCH:


0ITERATION NO.:    0    OBJECTIVE VALUE:  -3836.23625335407        NO. OF FUNC. EVALS.:  13
 CUMULATIVE NO. OF FUNC. EVALS.:       13
 NPARAMETR:  1.0000E+00  1.0000E+00  1.0000E+00  1.0000E+00  1.0000E+00  1.0000E+00  1.0000E+00  1.0000E+00  1.0000E+00  1.0000E+00
             1.0000E+00
 PARAMETER:  1.0000E-01  1.0000E-01  1.0000E-01  1.0000E-01  1.0000E-01  1.0000E-01  1.0000E-01  1.0000E-01  1.0000E-01  1.0000E-01
             1.0000E-01
 GRADIENT:   4.7957E+02  6.1786E+01  1.1644E+01  1.1752E+02  5.0686E+01  3.1948E+01  2.4081E+01 -6.8757E-01  4.8576E+00  2.7326E+01
            -2.5637E+01

0ITERATION NO.:    5    OBJECTIVE VALUE:  -3840.12830662890        NO. OF FUNC. EVALS.: 161
 CUMULATIVE NO. OF FUNC. EVALS.:      174
 NPARAMETR:  9.7886E-01  1.0295E+00  1.0154E+00  9.7235E-01  1.0203E+00  1.0716E+00  9.1712E-01  1.0047E+00  1.0168E+00  9.1653E-01
             1.0101E+00
 PARAMETER:  7.8635E-02  1.2908E-01  1.1526E-01  7.1959E-02  1.2010E-01  1.6916E-01  1.3487E-02  1.0470E-01  1.1667E-01  1.2844E-02
             1.1007E-01
 GRADIENT:  -3.3043E+00 -5.8085E+00  5.6803E+00 -7.4057E+00 -1.3476E+00  4.4342E+00  5.1583E+00 -3.5574E+00 -1.0444E+00  1.2184E+00
            -9.9023E+00

0ITERATION NO.:   10    OBJECTIVE VALUE:  -3840.32763122881        NO. OF FUNC. EVALS.: 177
 CUMULATIVE NO. OF FUNC. EVALS.:      351
 NPARAMETR:  9.8286E-01  1.0372E+00  1.0151E+00  9.8194E-01  1.0271E+00  1.0585E+00  8.5604E-01  1.0508E+00  1.0228E+00  9.3155E-01
             1.0118E+00
 PARAMETER:  8.2711E-02  1.3656E-01  1.1497E-01  8.1774E-02  1.2674E-01  1.5684E-01 -5.5436E-02  1.4957E-01  1.2255E-01  2.9095E-02
             1.1176E-01
 GRADIENT:   4.4917E+00  6.8200E-01 -1.4233E+00  1.6804E+01  3.8804E+00 -4.6453E-01 -1.3122E+00 -6.7296E-02  3.4964E-01  2.3507E-01
            -7.0148E+00

0ITERATION NO.:   15    OBJECTIVE VALUE:  -3840.44377787935        NO. OF FUNC. EVALS.: 167
 CUMULATIVE NO. OF FUNC. EVALS.:      518
 NPARAMETR:  9.8062E-01  1.0447E+00  1.0215E+00  9.6995E-01  1.0331E+00  1.0595E+00  8.6307E-01  1.0596E+00  1.0230E+00  9.3165E-01
             1.0152E+00
 PARAMETER:  8.0431E-02  1.4371E-01  1.2127E-01  6.9491E-02  1.3253E-01  1.5777E-01 -4.7254E-02  1.5785E-01  1.2273E-01  2.9205E-02
             1.1506E-01
 GRADIENT:  -3.8673E-02 -1.4909E-01  4.6275E-02  3.8813E-01  2.1096E-01 -7.5094E-02 -1.3250E-02 -1.5097E-02 -8.9292E-02 -2.8768E-02
            -8.8333E-02
 Elapsed estimation  time in seconds:     8.06
 Elapsed postprocess time in seconds:     0.00
 Elapsed finaloutput time in seconds:     0.00
Done with nonmem execution
