Starting NMTRAN
  
 WARNINGS AND ERRORS (IF ANY) FOR PROBLEM    1
             
 (WARNING  2) NM-TRAN INFERS THAT THE DATA ARE POPULATION.
Building NONMEM Executable
Starting nonmem execution ...
License Registered to: University of Minnesota
Expiration Date:    14 APR 2022
Current Date:       30 SEP 2021
Days until program expires : 199


 First Order Conditional Estimation with Interaction
 MONITORING OF SEARCH:


0ITERATION NO.:    0    OBJECTIVE VALUE:  -3821.86967049508        NO. OF FUNC. EVALS.:  13
 CUMULATIVE NO. OF FUNC. EVALS.:       13
 NPARAMETR:  1.0000E+00  1.0000E+00  1.0000E+00  1.0000E+00  1.0000E+00  1.0000E+00  1.0000E+00  1.0000E+00  1.0000E+00  1.0000E+00
             1.0000E+00
 PARAMETER:  1.0000E-01  1.0000E-01  1.0000E-01  1.0000E-01  1.0000E-01  1.0000E-01  1.0000E-01  1.0000E-01  1.0000E-01  1.0000E-01
             1.0000E-01
 GRADIENT:   4.5174E+02  5.5896E+01  1.1463E+02  1.1304E+02  1.5357E+01  5.4298E+01  9.5414E+00 -3.2609E+01  1.4998E+01 -2.3691E+00
            -5.0174E+01

0ITERATION NO.:    5    OBJECTIVE VALUE:  -3826.81433348489        NO. OF FUNC. EVALS.: 159
 CUMULATIVE NO. OF FUNC. EVALS.:      172
 NPARAMETR:  1.0142E+00  1.0775E+00  8.0836E-01  9.4117E-01  1.0380E+00  9.7175E-01  9.5833E-01  1.1784E+00  9.7787E-01  1.0924E+00
             1.0153E+00
 PARAMETER:  1.1411E-01  1.7462E-01 -1.1274E-01  3.9366E-02  1.3733E-01  7.1343E-02  5.7438E-02  2.6416E-01  7.7623E-02  1.8837E-01
             1.1523E-01
 GRADIENT:   3.0836E+01  2.8007E+00 -8.0889E+01 -2.8065E+01  1.2556E+01 -4.9016E+00  6.0365E+00  3.6302E+00 -4.6834E+00 -3.9317E+00
            -5.4291E+00

0ITERATION NO.:   10    OBJECTIVE VALUE:  -3828.10348826368        NO. OF FUNC. EVALS.: 176
 CUMULATIVE NO. OF FUNC. EVALS.:      348
 NPARAMETR:  9.9356E-01  1.2000E+00  8.7967E-01  8.9826E-01  1.1437E+00  9.6838E-01  8.7109E-01  1.4158E+00  9.9653E-01  1.2206E+00
             1.0261E+00
 PARAMETER:  9.3539E-02  2.8235E-01 -2.8203E-02 -7.2910E-03  2.3429E-01  6.7870E-02 -3.8011E-02  4.4771E-01  9.6526E-02  2.9937E-01
             1.2580E-01
 GRADIENT:  -1.8521E+01  3.6012E+01 -4.4044E+01  6.5521E+00 -2.0348E+00 -6.2303E+00 -6.4018E-02  1.3523E+01 -1.2409E+00  3.6334E+00
             1.0571E+01

0ITERATION NO.:   15    OBJECTIVE VALUE:  -3832.20664151147        NO. OF FUNC. EVALS.: 177
 CUMULATIVE NO. OF FUNC. EVALS.:      525
 NPARAMETR:  1.0037E+00  1.0895E+00  9.1466E-01  9.4945E-01  1.0667E+00  9.8316E-01  9.0649E-01  1.1935E+00  9.8979E-01  1.1131E+00
             1.0202E+00
 PARAMETER:  1.0365E-01  1.8570E-01  1.0796E-02  4.8125E-02  1.6460E-01  8.3017E-02  1.8230E-03  2.7688E-01  8.9742E-02  2.0713E-01
             1.1999E-01
 GRADIENT:   5.6295E+00 -1.4757E-01 -3.3923E+00  2.0608E-01  1.9467E+00  1.4124E-01 -5.6087E-01 -1.1608E+00 -3.1072E-01 -1.0356E+00
             2.1730E+00

0ITERATION NO.:   18    OBJECTIVE VALUE:  -3832.23866093410        NO. OF FUNC. EVALS.:  92
 CUMULATIVE NO. OF FUNC. EVALS.:      617
 NPARAMETR:  1.0011E+00  1.0929E+00  9.2305E-01  9.4759E-01  1.0707E+00  9.8281E-01  9.0915E-01  1.2171E+00  9.9061E-01  1.1189E+00
             1.0188E+00
 PARAMETER:  1.0113E-01  1.8884E-01  1.9932E-02  4.6164E-02  1.6833E-01  8.2663E-02  4.7580E-03  2.9650E-01  9.0563E-02  2.1237E-01
             1.1858E-01
 GRADIENT:  -1.7703E-01 -3.0068E-01 -3.4769E-02 -2.5475E-01 -1.3018E-01 -6.6561E-03  1.4000E-02  1.5167E-02  9.2862E-02 -1.0293E-01
            -5.7391E-02
 Elapsed estimation  time in seconds:    10.13
 Elapsed postprocess time in seconds:     0.00
 Elapsed finaloutput time in seconds:     0.01
Done with nonmem execution
Starting NMTRAN
  
 WARNINGS AND ERRORS (IF ANY) FOR PROBLEM    1
             
 (WARNING  2) NM-TRAN INFERS THAT THE DATA ARE POPULATION.
Building NONMEM Executable
Starting nonmem execution ...
License Registered to: University of Minnesota
Expiration Date:    14 APR 2022
Current Date:       30 SEP 2021
Days until program expires : 199


 First Order Conditional Estimation with Interaction
 MONITORING OF SEARCH:


0ITERATION NO.:    0    OBJECTIVE VALUE:  -3752.52067720967        NO. OF FUNC. EVALS.:  13
 CUMULATIVE NO. OF FUNC. EVALS.:       13
 NPARAMETR:  1.0000E+00  1.0000E+00  1.0000E+00  1.0000E+00  1.0000E+00  1.0000E+00  1.0000E+00  1.0000E+00  1.0000E+00  1.0000E+00
             1.0000E+00
 PARAMETER:  1.0000E-01  1.0000E-01  1.0000E-01  1.0000E-01  1.0000E-01  1.0000E-01  1.0000E-01  1.0000E-01  1.0000E-01  1.0000E-01
             1.0000E-01
 GRADIENT:   4.6577E+02  5.8922E+01 -1.2984E+01  7.0972E+01 -1.5135E+01  3.6401E+01  2.2083E+01  6.1440E+00 -1.3139E+00 -2.9622E+00
            -1.8590E+02

0ITERATION NO.:    5    OBJECTIVE VALUE:  -3775.38154640427        NO. OF FUNC. EVALS.: 159
 CUMULATIVE NO. OF FUNC. EVALS.:      172
 NPARAMETR:  9.7882E-01  1.1874E+00  1.2430E+00  9.2202E-01  1.2510E+00  9.9782E-01  8.6105E-01  9.3762E-01  1.0094E+00  1.0716E+00
             1.1041E+00
 PARAMETER:  7.8597E-02  2.7175E-01  3.1755E-01  1.8811E-02  3.2396E-01  9.7819E-02 -4.9602E-02  3.5588E-02  1.0937E-01  1.6912E-01
             1.9901E-01
 GRADIENT:   1.1774E+00 -6.0339E+00  1.2527E+01  1.0804E+01  4.4644E+00  2.0817E-01  1.9023E+01 -4.4068E+00 -2.5674E+00 -2.6731E+01
             2.7349E+00

0ITERATION NO.:   10    OBJECTIVE VALUE:  -3780.63802590287        NO. OF FUNC. EVALS.: 180
 CUMULATIVE NO. OF FUNC. EVALS.:      352
 NPARAMETR:  9.8275E-01  1.2934E+00  1.2408E+00  8.8053E-01  1.3128E+00  9.9758E-01  6.3697E-01  9.7460E-01  1.0627E+00  1.2344E+00
             1.1096E+00
 PARAMETER:  8.2596E-02  3.5727E-01  3.1576E-01 -2.7232E-02  3.7216E-01  9.7579E-02 -3.5104E-01  7.4273E-02  1.6079E-01  3.1055E-01
             2.0403E-01
 GRADIENT:   9.5166E+00  5.1233E+01  1.2257E+01  3.9597E+01 -1.4536E+01 -7.7626E-03  1.3491E+00 -4.9962E+00 -1.1365E+00 -6.9767E+00
             5.3402E+00

0ITERATION NO.:   15    OBJECTIVE VALUE:  -3782.23022924990        NO. OF FUNC. EVALS.: 175
 CUMULATIVE NO. OF FUNC. EVALS.:      527
 NPARAMETR:  9.7822E-01  1.2895E+00  1.2239E+00  8.5626E-01  1.3323E+00  9.9911E-01  5.9513E-01  1.1596E+00  1.0799E+00  1.2800E+00
             1.0997E+00
 PARAMETER:  7.7983E-02  3.5423E-01  3.0200E-01 -5.5179E-02  3.8688E-01  9.9105E-02 -4.1897E-01  2.4810E-01  1.7685E-01  3.4688E-01
             1.9504E-01
 GRADIENT:  -3.6500E-01 -1.8034E+00 -4.5760E-01 -5.7473E-01  1.4635E+00  5.7591E-01  5.3359E-01 -8.4918E-01  2.2384E-01  2.9392E-01
            -1.5032E-01

0ITERATION NO.:   18    OBJECTIVE VALUE:  -3782.24706421057        NO. OF FUNC. EVALS.:  92
 CUMULATIVE NO. OF FUNC. EVALS.:      619
 NPARAMETR:  9.7838E-01  1.2917E+00  1.2295E+00  8.5551E-01  1.3340E+00  9.9765E-01  5.8899E-01  1.1957E+00  1.0804E+00  1.2809E+00
             1.0990E+00
 PARAMETER:  7.8145E-02  3.5595E-01  3.0659E-01 -5.6056E-02  3.8816E-01  9.7645E-02 -4.2935E-01  2.7874E-01  1.7735E-01  3.4759E-01
             1.9441E-01
 GRADIENT:  -1.5191E-02 -7.2759E-02 -3.0604E-02  6.2202E-03  2.4916E-02 -1.3868E-02  6.3107E-02  1.5676E-02  1.9777E-02 -9.8536E-03
            -4.1911E-02
 Elapsed estimation  time in seconds:     9.92
 Elapsed postprocess time in seconds:     0.00
 Elapsed finaloutput time in seconds:     0.00
Done with nonmem execution
Starting NMTRAN
  
 WARNINGS AND ERRORS (IF ANY) FOR PROBLEM    1
             
 (WARNING  2) NM-TRAN INFERS THAT THE DATA ARE POPULATION.
Building NONMEM Executable
Starting nonmem execution ...
License Registered to: University of Minnesota
Expiration Date:    14 APR 2022
Current Date:       30 SEP 2021
Days until program expires : 199


 First Order Conditional Estimation with Interaction
 MONITORING OF SEARCH:


0ITERATION NO.:    0    OBJECTIVE VALUE:  -3937.79164296382        NO. OF FUNC. EVALS.:  13
 CUMULATIVE NO. OF FUNC. EVALS.:       13
 NPARAMETR:  1.0000E+00  1.0000E+00  1.0000E+00  1.0000E+00  1.0000E+00  1.0000E+00  1.0000E+00  1.0000E+00  1.0000E+00  1.0000E+00
             1.0000E+00
 PARAMETER:  1.0000E-01  1.0000E-01  1.0000E-01  1.0000E-01  1.0000E-01  1.0000E-01  1.0000E-01  1.0000E-01  1.0000E-01  1.0000E-01
             1.0000E-01
 GRADIENT:   4.2024E+02 -3.8192E+01  4.6425E+01  6.7343E+01  4.2326E+01  6.7896E+01 -1.1665E+01  1.4643E+01  4.0208E+00  2.8834E+01
             2.0749E+01

0ITERATION NO.:    5    OBJECTIVE VALUE:  -3942.62867924212        NO. OF FUNC. EVALS.: 180
 CUMULATIVE NO. OF FUNC. EVALS.:      193
 NPARAMETR:  1.0514E+00  1.2493E+00  9.8397E-01  9.7541E-01  1.0879E+00  1.0258E+00  1.0902E+00  9.2131E-01  1.0507E+00  9.1006E-01
             9.8399E-01
 PARAMETER:  1.5012E-01  3.2256E-01  8.3840E-02  7.5106E-02  1.8423E-01  1.2551E-01  1.8638E-01  1.8041E-02  1.4942E-01  5.7504E-03
             8.3860E-02
 GRADIENT:   6.5450E+01  1.0599E+02 -5.3364E+00  6.9348E+01 -2.1362E+01  2.1217E+00  3.6059E+00  1.8094E-01 -3.9328E+00 -7.3273E+00
            -2.4023E+01

0ITERATION NO.:   10    OBJECTIVE VALUE:  -3943.34010475018        NO. OF FUNC. EVALS.: 177
 CUMULATIVE NO. OF FUNC. EVALS.:      370
 NPARAMETR:  1.0475E+00  1.1535E+00  9.3551E-01  1.0168E+00  1.0063E+00  1.0235E+00  1.1688E+00  7.6409E-01  1.0391E+00  7.8272E-01
             9.8048E-01
 PARAMETER:  1.4641E-01  2.4279E-01  3.3341E-02  1.1665E-01  1.0632E-01  1.2323E-01  2.5595E-01 -1.6907E-01  1.3838E-01 -1.4498E-01
             8.0289E-02
 GRADIENT:   5.7871E+01  8.9643E+01  1.0711E+00  6.3685E+01 -2.4447E+01  1.6404E+00  4.2946E+00 -5.6799E+00 -7.8048E+00 -1.4527E+01
            -2.9288E+01

0ITERATION NO.:   15    OBJECTIVE VALUE:  -3948.94142881445        NO. OF FUNC. EVALS.: 180
 CUMULATIVE NO. OF FUNC. EVALS.:      550
 NPARAMETR:  1.0197E+00  1.1143E+00  9.5891E-01  9.7774E-01  1.0376E+00  1.0155E+00  1.0784E+00  8.4364E-01  1.0508E+00  8.8715E-01
             9.9222E-01
 PARAMETER:  1.1953E-01  2.0822E-01  5.8046E-02  7.7486E-02  1.3687E-01  1.1543E-01  1.7547E-01 -7.0027E-02  1.4952E-01 -1.9736E-02
             9.2188E-02
 GRADIENT:  -2.1403E-01  3.2219E-01  3.6396E-01 -1.3063E-01 -3.2515E-01  9.0737E-03 -4.4593E-02 -3.8592E-02 -6.4718E-02 -1.5650E-02
             3.4053E-01

0ITERATION NO.:   19    OBJECTIVE VALUE:  -3948.94381388963        NO. OF FUNC. EVALS.: 126
 CUMULATIVE NO. OF FUNC. EVALS.:      676
 NPARAMETR:  1.0211E+00  1.1133E+00  9.5811E-01  9.7811E-01  1.0368E+00  1.0166E+00  1.0797E+00  8.4295E-01  1.0511E+00  8.8632E-01
             9.9200E-01
 PARAMETER:  1.2086E-01  2.0732E-01  5.7207E-02  7.7867E-02  1.3611E-01  1.1642E-01  1.7667E-01 -7.0845E-02  1.4987E-01 -2.0672E-02
             9.1968E-02
 GRADIENT:   2.7101E+00  5.1075E-02  6.0337E-02 -1.7987E-01 -1.5074E-01  4.1464E-01  3.7725E-02  4.6751E-03  3.1132E-02  1.9474E-02
            -5.3083E-03
 Elapsed estimation  time in seconds:    10.67
 Elapsed postprocess time in seconds:     0.00
 Elapsed finaloutput time in seconds:     0.00
Done with nonmem execution
Starting NMTRAN
  
 WARNINGS AND ERRORS (IF ANY) FOR PROBLEM    1
             
 (WARNING  2) NM-TRAN INFERS THAT THE DATA ARE POPULATION.
Building NONMEM Executable
Starting nonmem execution ...
License Registered to: University of Minnesota
Expiration Date:    14 APR 2022
Current Date:       30 SEP 2021
Days until program expires : 199


 First Order Conditional Estimation with Interaction
 MONITORING OF SEARCH:


0ITERATION NO.:    0    OBJECTIVE VALUE:  -3734.94703425688        NO. OF FUNC. EVALS.:  13
 CUMULATIVE NO. OF FUNC. EVALS.:       13
 NPARAMETR:  1.0000E+00  1.0000E+00  1.0000E+00  1.0000E+00  1.0000E+00  1.0000E+00  1.0000E+00  1.0000E+00  1.0000E+00  1.0000E+00
             1.0000E+00
 PARAMETER:  1.0000E-01  1.0000E-01  1.0000E-01  1.0000E-01  1.0000E-01  1.0000E-01  1.0000E-01  1.0000E-01  1.0000E-01  1.0000E-01
             1.0000E-01
 GRADIENT:   5.0288E+02  2.3925E+01 -5.6384E+01  1.6172E+02  1.4664E+02  2.7335E+01  7.8745E+00 -1.1864E+01 -2.5184E+01 -1.7030E+01
            -1.8793E+02

0ITERATION NO.:    5    OBJECTIVE VALUE:  -3748.21183830391        NO. OF FUNC. EVALS.: 159
 CUMULATIVE NO. OF FUNC. EVALS.:      172
 NPARAMETR:  1.0064E+00  1.1385E+00  1.1701E+00  9.1358E-01  1.0412E+00  1.2078E+00  9.5324E-01  1.0858E+00  1.2159E+00  1.1361E+00
             1.1198E+00
 PARAMETER:  1.0641E-01  2.2967E-01  2.5712E-01  9.6170E-03  1.4037E-01  2.8879E-01  5.2114E-02  1.8235E-01  2.9549E-01  2.2758E-01
             2.1316E-01
 GRADIENT:   4.3994E+01  2.4786E+01  3.2384E+01 -1.1889E+01 -2.9242E+01  4.0428E+01  1.0849E+01 -1.6024E+01  2.1471E+01  1.0002E+00
             6.4821E+01

0ITERATION NO.:   10    OBJECTIVE VALUE:  -3752.93986679900        NO. OF FUNC. EVALS.: 183
 CUMULATIVE NO. OF FUNC. EVALS.:      355             RESET HESSIAN, TYPE I
 NPARAMETR:  9.7917E-01  1.1627E+00  1.2390E+00  8.9387E-01  1.1169E+00  1.0756E+00  7.9213E-01  1.4248E+00  1.1174E+00  1.1749E+00
             1.1312E+00
 PARAMETER:  7.8950E-02  2.5071E-01  3.1428E-01 -1.2199E-02  2.1054E-01  1.7289E-01 -1.3303E-01  4.5400E-01  2.1096E-01  2.6115E-01
             2.2332E-01
 GRADIENT:   3.5875E+02  1.8758E+02  2.2548E+01  3.9531E+01  9.6715E+01  8.7767E+01  4.0499E-01  1.1285E+00  1.4702E+01  1.1842E+01
             8.6284E+01

0ITERATION NO.:   15    OBJECTIVE VALUE:  -3753.26706029688        NO. OF FUNC. EVALS.: 179
 CUMULATIVE NO. OF FUNC. EVALS.:      534
 NPARAMETR:  9.7912E-01  1.1538E+00  1.2390E+00  8.9385E-01  1.0999E+00  1.0765E+00  8.5283E-01  1.4248E+00  1.1130E+00  1.1608E+00
             1.1313E+00
 PARAMETER:  7.8898E-02  2.4308E-01  3.1428E-01 -1.2220E-02  1.9522E-01  1.7373E-01 -5.9196E-02  4.5400E-01  2.0704E-01  2.4912E-01
             2.2336E-01
 GRADIENT:   1.6794E+00 -1.4805E+00  1.1199E+01 -3.5896E+01  2.7733E+00  1.0548E-01  2.8112E-01 -1.4725E+00  1.3720E-01  1.5936E-01
             8.6604E+01

0ITERATION NO.:   20    OBJECTIVE VALUE:  -3755.32806744884        NO. OF FUNC. EVALS.: 135
 CUMULATIVE NO. OF FUNC. EVALS.:      669
 NPARAMETR:  9.7922E-01  1.1447E+00  1.1994E+00  8.9430E-01  1.0904E+00  1.0681E+00  8.4969E-01  1.4367E+00  1.1141E+00  1.1550E+00
             1.0814E+00
 PARAMETER:  7.9000E-02  2.3510E-01  2.8185E-01 -1.1709E-02  1.8654E-01  1.6589E-01 -6.2889E-02  4.6233E-01  2.0804E-01  2.4413E-01
             1.7830E-01
 GRADIENT:   3.9290E+02  1.8450E+02  1.1761E+01  3.4715E+01  8.3801E+01  8.8870E+01  3.3280E+00  6.1378E+00  1.5961E+01  1.1198E+01
            -5.1433E-01

0ITERATION NO.:   25    OBJECTIVE VALUE:  -3755.40884828316        NO. OF FUNC. EVALS.: 176
 CUMULATIVE NO. OF FUNC. EVALS.:      845
 NPARAMETR:  9.7922E-01  1.1473E+00  1.1844E+00  8.9430E-01  1.0825E+00  1.0780E+00  8.4969E-01  1.3789E+00  1.1141E+00  1.1622E+00
             1.0842E+00
 PARAMETER:  7.8998E-02  2.3738E-01  2.6921E-01 -1.1709E-02  1.7925E-01  1.7507E-01 -6.2889E-02  4.2132E-01  2.0803E-01  2.5036E-01
             1.8081E-01
 GRADIENT:   2.6732E+00  7.4443E-01 -1.8492E-01 -3.7694E+01 -2.6001E-01  5.5887E-01 -1.3877E+00 -1.4675E-01 -2.2641E+00  8.2708E-02
             2.8930E-01

0ITERATION NO.:   30    OBJECTIVE VALUE:  -3756.24573441680        NO. OF FUNC. EVALS.: 159
 CUMULATIVE NO. OF FUNC. EVALS.:     1004
 NPARAMETR:  9.7864E-01  1.1187E+00  1.1826E+00  9.2867E-01  1.0623E+00  1.0797E+00  8.7453E-01  1.3749E+00  1.0987E+00  1.1430E+00
             1.0822E+00
 PARAMETER:  7.8413E-02  2.1218E-01  2.6768E-01  2.6000E-02  1.6047E-01  1.7669E-01 -3.4063E-02  4.1841E-01  1.9412E-01  2.3366E-01
             1.7897E-01
 GRADIENT:   1.5759E+00  1.6102E+00 -2.2987E+00 -4.3136E+00 -8.8174E-03  1.2078E+00 -4.1555E-01  1.1347E-01 -1.0199E+00  5.1617E-01
            -1.3283E-01

0ITERATION NO.:   35    OBJECTIVE VALUE:  -3756.27352917416        NO. OF FUNC. EVALS.: 177
 CUMULATIVE NO. OF FUNC. EVALS.:     1181
 NPARAMETR:  9.7861E-01  1.1122E+00  1.1883E+00  9.3412E-01  1.0589E+00  1.0781E+00  8.8196E-01  1.3743E+00  1.0988E+00  1.1355E+00
             1.0828E+00
 PARAMETER:  7.8379E-02  2.0637E-01  2.7255E-01  3.1848E-02  1.5726E-01  1.7518E-01 -2.5608E-02  4.1796E-01  1.9423E-01  2.2703E-01
             1.7957E-01
 GRADIENT:   1.5074E+00 -1.8968E-01 -4.8655E-01 -5.0962E-01 -4.6812E-01  6.0236E-01 -4.2287E-02 -3.9363E-01 -1.3962E-02  8.3229E-02
             1.9224E+00

0ITERATION NO.:   38    OBJECTIVE VALUE:  -3756.27627046150        NO. OF FUNC. EVALS.:  94
 CUMULATIVE NO. OF FUNC. EVALS.:     1275
 NPARAMETR:  9.7910E-01  1.1124E+00  1.1897E+00  9.3439E-01  1.0592E+00  1.0781E+00  8.8240E-01  1.3801E+00  1.0991E+00  1.1352E+00
             1.0818E+00
 PARAMETER:  7.8879E-02  2.0651E-01  2.7367E-01  3.2135E-02  1.5753E-01  1.7516E-01 -2.5112E-02  4.2214E-01  1.9445E-01  2.2680E-01
             1.7866E-01
 GRADIENT:   2.4736E+00  1.9298E-01 -5.9185E-01 -9.2631E-02 -6.0466E-01  5.9178E-01 -3.5871E-02 -1.5855E-01  1.5498E-01  5.5969E-02
             1.3564E-01
 Elapsed estimation  time in seconds:    21.17
 Elapsed postprocess time in seconds:     0.00
 Elapsed finaloutput time in seconds:     0.00
Done with nonmem execution
Starting NMTRAN
  
 WARNINGS AND ERRORS (IF ANY) FOR PROBLEM    1
             
 (WARNING  2) NM-TRAN INFERS THAT THE DATA ARE POPULATION.
Building NONMEM Executable
Starting nonmem execution ...
License Registered to: University of Minnesota
Expiration Date:    14 APR 2022
Current Date:       30 SEP 2021
Days until program expires : 199


 First Order Conditional Estimation with Interaction
 MONITORING OF SEARCH:


0ITERATION NO.:    0    OBJECTIVE VALUE:  -3810.79156420764        NO. OF FUNC. EVALS.:  13
 CUMULATIVE NO. OF FUNC. EVALS.:       13
 NPARAMETR:  1.0000E+00  1.0000E+00  1.0000E+00  1.0000E+00  1.0000E+00  1.0000E+00  1.0000E+00  1.0000E+00  1.0000E+00  1.0000E+00
             1.0000E+00
 PARAMETER:  1.0000E-01  1.0000E-01  1.0000E-01  1.0000E-01  1.0000E-01  1.0000E-01  1.0000E-01  1.0000E-01  1.0000E-01  1.0000E-01
             1.0000E-01
 GRADIENT:   5.2258E+02  2.4698E+01  7.5822E+01  6.6364E+01  3.9498E+01  3.8215E+01  9.2511E+00 -1.4175E+01  8.9720E+00  3.1304E+00
            -4.6880E+00

0ITERATION NO.:    5    OBJECTIVE VALUE:  -3816.77721857529        NO. OF FUNC. EVALS.: 120
 CUMULATIVE NO. OF FUNC. EVALS.:      133
 NPARAMETR:  9.4054E-01  9.9259E-01  8.5563E-01  1.0219E+00  9.4182E-01  8.7538E-01  9.7988E-01  1.0296E+00  9.9124E-01  9.9176E-01
             9.8792E-01
 PARAMETER:  3.8701E-02  9.2559E-02 -5.5914E-02  1.2166E-01  4.0060E-02 -3.3102E-02  7.9677E-02  1.2919E-01  9.1199E-02  9.1727E-02
             8.7843E-02
 GRADIENT:  -5.8078E+00  3.6218E+00 -2.9542E+01  1.7045E+00 -9.8706E+00 -3.4300E+01  2.4129E+00 -4.2766E+00 -2.2106E+00 -2.3882E+00
            -9.9880E+00

0ITERATION NO.:   10    OBJECTIVE VALUE:  -3817.89720330031        NO. OF FUNC. EVALS.: 177
 CUMULATIVE NO. OF FUNC. EVALS.:      310
 NPARAMETR:  9.4449E-01  1.1338E+00  9.2231E-01  9.4518E-01  1.0920E+00  9.1190E-01  8.7177E-01  1.3816E+00  1.0167E+00  1.1653E+00
             9.8584E-01
 PARAMETER:  4.2885E-02  2.2561E-01  1.9128E-02  4.3620E-02  1.8799E-01  7.7702E-03 -3.7232E-02  4.2321E-01  1.1652E-01  2.5298E-01
             8.5743E-02
 GRADIENT:   5.5778E+00  1.1240E+01 -2.8019E+01 -8.3159E+00  1.4942E+01 -1.6378E+01 -1.1744E+00  9.3719E+00 -1.0854E+00  5.0138E+00
            -5.7823E+00

0ITERATION NO.:   15    OBJECTIVE VALUE:  -3820.37516234026        NO. OF FUNC. EVALS.: 176
 CUMULATIVE NO. OF FUNC. EVALS.:      486
 NPARAMETR:  9.4254E-01  1.0643E+00  9.3527E-01  9.8542E-01  1.0250E+00  9.5056E-01  9.2417E-01  1.1906E+00  1.0030E+00  1.0720E+00
             9.9087E-01
 PARAMETER:  4.0823E-02  1.6227E-01  3.3076E-02  8.5316E-02  1.2471E-01  4.9296E-02  2.1139E-02  2.7446E-01  1.0301E-01  1.6953E-01
             9.0827E-02
 GRADIENT:   3.9361E-01  1.2480E+00 -1.0354E-02  4.6676E-01 -1.0731E+00  7.2240E-01  8.1453E-01 -3.6407E-01 -7.9881E-01  1.5957E-01
            -6.3933E-01

0ITERATION NO.:   18    OBJECTIVE VALUE:  -3820.38278872353        NO. OF FUNC. EVALS.:  92
 CUMULATIVE NO. OF FUNC. EVALS.:      578
 NPARAMETR:  9.4240E-01  1.0654E+00  9.3626E-01  9.8428E-01  1.0273E+00  9.4887E-01  9.1559E-01  1.1976E+00  1.0074E+00  1.0743E+00
             9.9106E-01
 PARAMETER:  4.0677E-02  1.6338E-01  3.4133E-02  8.4155E-02  1.2690E-01  4.7515E-02  1.1816E-02  2.8034E-01  1.0735E-01  1.7166E-01
             9.1016E-02
 GRADIENT:   1.7896E-02 -2.4468E-02 -1.3525E-01 -1.0399E-01  6.3184E-02  2.4370E-02  7.2295E-03 -1.2455E-02  2.1052E-02 -2.1205E-02
             8.2525E-02
 Elapsed estimation  time in seconds:     8.70
 Elapsed postprocess time in seconds:     0.00
 Elapsed finaloutput time in seconds:     0.00
Done with nonmem execution
Starting NMTRAN
  
 WARNINGS AND ERRORS (IF ANY) FOR PROBLEM    1
             
 (WARNING  2) NM-TRAN INFERS THAT THE DATA ARE POPULATION.
Building NONMEM Executable
Starting nonmem execution ...
License Registered to: University of Minnesota
Expiration Date:    14 APR 2022
Current Date:       30 SEP 2021
Days until program expires : 199


 First Order Conditional Estimation with Interaction
 MONITORING OF SEARCH:


0ITERATION NO.:    0    OBJECTIVE VALUE:  -3831.35271965207        NO. OF FUNC. EVALS.:  13
 CUMULATIVE NO. OF FUNC. EVALS.:       13
 NPARAMETR:  1.0000E+00  1.0000E+00  1.0000E+00  1.0000E+00  1.0000E+00  1.0000E+00  1.0000E+00  1.0000E+00  1.0000E+00  1.0000E+00
             1.0000E+00
 PARAMETER:  1.0000E-01  1.0000E-01  1.0000E-01  1.0000E-01  1.0000E-01  1.0000E-01  1.0000E-01  1.0000E-01  1.0000E-01  1.0000E-01
             1.0000E-01
 GRADIENT:   4.5418E+02  4.6218E+01 -1.0174E+02  9.6592E+01  2.1113E+02  5.7639E+01  6.2259E-01 -3.2955E+00 -1.0515E+01 -6.7508E+00
            -1.1534E+02

0ITERATION NO.:    5    OBJECTIVE VALUE:  -3841.69258621201        NO. OF FUNC. EVALS.: 119
 CUMULATIVE NO. OF FUNC. EVALS.:      132
 NPARAMETR:  1.0129E+00  9.3743E-01  1.0734E+00  1.0654E+00  8.5979E-01  9.1078E-01  1.0125E+00  9.8388E-01  1.0334E+00  9.4674E-01
             1.0841E+00
 PARAMETER:  1.1280E-01  3.5391E-02  1.7083E-01  1.6332E-01 -5.1066E-02  6.5410E-03  1.1243E-01  8.3751E-02  1.3284E-01  4.5272E-02
             1.8077E-01
 GRADIENT:   3.8408E+01  4.9845E+00  1.4617E+01  3.5142E+01 -5.9046E+01 -3.1822E+01 -6.9427E+00  2.0123E+00  1.8074E+00  3.2076E+00
             5.8483E+01

0ITERATION NO.:   10    OBJECTIVE VALUE:  -3843.54350608147        NO. OF FUNC. EVALS.: 178
 CUMULATIVE NO. OF FUNC. EVALS.:      310
 NPARAMETR:  1.0149E+00  9.6993E-01  1.1914E+00  1.0557E+00  9.0903E-01  9.5448E-01  1.0587E+00  1.1214E+00  1.0247E+00  1.0138E+00
             1.0724E+00
 PARAMETER:  1.1482E-01  6.9470E-02  2.7513E-01  1.5422E-01  4.6230E-03  5.3407E-02  1.5708E-01  2.1455E-01  1.2438E-01  1.1368E-01
             1.6987E-01
 GRADIENT:   4.0355E+01  8.3950E+00  2.5343E+01  3.8170E+01 -5.1455E+01 -1.1727E+01  3.3548E+00  1.8127E+00  2.1767E+00  1.1125E+01
             3.9863E+01

0ITERATION NO.:   15    OBJECTIVE VALUE:  -3846.63812081690        NO. OF FUNC. EVALS.: 179
 CUMULATIVE NO. OF FUNC. EVALS.:      489
 NPARAMETR:  9.9810E-01  9.8185E-01  1.1246E+00  1.0237E+00  9.2684E-01  9.7844E-01  1.0418E+00  9.9512E-01  1.0404E+00  9.7064E-01
             1.0530E+00
 PARAMETER:  9.8096E-02  8.1681E-02  2.1746E-01  1.2339E-01  2.4025E-02  7.8201E-02  1.4094E-01  9.5108E-02  1.3961E-01  7.0199E-02
             1.5164E-01
 GRADIENT:  -1.1535E-01 -9.1099E-01  1.3589E+00  2.1770E+00 -3.5769E+00 -1.2648E+00 -7.2477E-01 -9.2246E-01  7.0136E-01  1.1638E-01
            -8.2791E-01

0ITERATION NO.:   20    OBJECTIVE VALUE:  -3846.67264363652        NO. OF FUNC. EVALS.: 161
 CUMULATIVE NO. OF FUNC. EVALS.:      650
 NPARAMETR:  9.9883E-01  9.8823E-01  1.1357E+00  1.0201E+00  9.3536E-01  9.8198E-01  1.0424E+00  1.0261E+00  1.0372E+00  9.7533E-01
             1.0532E+00
 PARAMETER:  9.8828E-02  8.8156E-02  2.2721E-01  1.1985E-01  3.3172E-02  8.1815E-02  1.4152E-01  1.2573E-01  1.3649E-01  7.5023E-02
             1.5182E-01
 GRADIENT:   1.5422E+00  3.9251E-03 -1.0485E-01 -8.0323E-02  4.5816E-02  1.4838E-01  5.2003E-02  4.2946E-02  1.1805E-02  2.3271E-02
             8.1322E-02
 Elapsed estimation  time in seconds:    10.47
 Elapsed postprocess time in seconds:     0.00
 Elapsed finaloutput time in seconds:     0.00
Done with nonmem execution
Starting NMTRAN
  
 WARNINGS AND ERRORS (IF ANY) FOR PROBLEM    1
             
 (WARNING  2) NM-TRAN INFERS THAT THE DATA ARE POPULATION.
Building NONMEM Executable
Starting nonmem execution ...
License Registered to: University of Minnesota
Expiration Date:    14 APR 2022
Current Date:       30 SEP 2021
Days until program expires : 199


 First Order Conditional Estimation with Interaction
 MONITORING OF SEARCH:


0ITERATION NO.:    0    OBJECTIVE VALUE:  -3033.58826613854        NO. OF FUNC. EVALS.:  13
 CUMULATIVE NO. OF FUNC. EVALS.:       13
 NPARAMETR:  1.0000E+00  1.0000E+00  1.0000E+00  1.0000E+00  1.0000E+00  1.0000E+00  1.0000E+00  1.0000E+00  1.0000E+00  1.0000E+00
             1.0000E+00
 PARAMETER:  1.0000E-01  1.0000E-01  1.0000E-01  1.0000E-01  1.0000E-01  1.0000E-01  1.0000E-01  1.0000E-01  1.0000E-01  1.0000E-01
             1.0000E-01
 GRADIENT:   4.9078E+02  4.7119E+01  2.1435E+02  1.0253E+02  1.5971E+02  1.0527E+01 -7.5220E+01 -9.4291E+02 -2.2877E+02 -3.3954E+01
            -3.0746E+02

0ITERATION NO.:    5    OBJECTIVE VALUE:  -3437.78673786235        NO. OF FUNC. EVALS.: 116
 CUMULATIVE NO. OF FUNC. EVALS.:      129
 NPARAMETR:  7.1176E-01  9.0847E-01  7.4866E-01  9.3848E-01  8.5979E-01  1.0657E+00  1.1951E+00  4.2439E+00  1.1793E+00  1.0801E+00
             1.0387E+00
 PARAMETER: -2.4001E-01  4.0085E-03 -1.8947E-01  3.6507E-02 -5.1069E-02  1.6366E-01  2.7826E-01  1.5455E+00  2.6491E-01  1.7704E-01
             1.3792E-01
 GRADIENT:  -6.1803E+02 -5.6944E+01 -1.8012E+01 -9.7862E+01 -9.6601E+01 -2.1666E+02 -4.2253E+01  3.5923E+01  5.0502E+01 -4.5441E+01
            -1.7542E+01

0ITERATION NO.:   10    OBJECTIVE VALUE:  -3485.75179834736        NO. OF FUNC. EVALS.: 140
 CUMULATIVE NO. OF FUNC. EVALS.:      269
 NPARAMETR:  7.1808E-01  9.4150E-01  7.8723E-01  9.1512E-01  9.1174E-01  1.3556E+00  1.2086E+00  4.3407E+00  1.1090E+00  1.5092E+00
             1.0592E+00
 PARAMETER: -2.3118E-01  3.9714E-02 -1.3924E-01  1.1304E-02  7.6006E-03  4.0422E-01  2.8947E-01  1.5680E+00  2.0346E-01  5.1158E-01
             1.5755E-01
 GRADIENT:   5.6996E+02 -1.0928E+01 -7.1557E+00 -2.7271E+01  8.4592E+00  5.4413E+02  1.2553E+01  1.2712E+02  5.8353E+01  2.0490E+02
             2.8820E+01

0ITERATION NO.:   15    OBJECTIVE VALUE:  -3609.26262046666        NO. OF FUNC. EVALS.: 148
 CUMULATIVE NO. OF FUNC. EVALS.:      417
 NPARAMETR:  9.3665E-01  9.4150E-01  7.8723E-01  9.1548E-01  9.1174E-01  1.2265E+00  1.2086E+00  4.3396E+00  1.1090E+00  1.5120E+00
             1.0599E+00
 PARAMETER:  3.4552E-02  3.9716E-02 -1.3924E-01  1.1688E-02  7.6016E-03  3.0417E-01  2.8947E-01  1.5678E+00  2.0345E-01  5.1340E-01
             1.5814E-01
 GRADIENT:  -6.8831E+01 -1.1511E+02 -2.1032E+01 -1.0358E+02 -6.6275E+01  3.4916E+01  1.6319E+01  8.1270E+01  4.7663E+01  3.3190E+01
             4.6962E+01

0ITERATION NO.:   18    OBJECTIVE VALUE:  -3609.52195086410        NO. OF FUNC. EVALS.: 114
 CUMULATIVE NO. OF FUNC. EVALS.:      531
 NPARAMETR:  9.3665E-01  9.4150E-01  7.8723E-01  9.1548E-01  9.1174E-01  1.2192E+00  1.2086E+00  4.3395E+00  1.1090E+00  1.5120E+00
             1.0583E+00
 PARAMETER:  3.4552E-02  3.9716E-02 -1.3923E-01  1.1688E-02  7.5995E-03  2.9816E-01  2.8948E-01  1.5678E+00  2.0345E-01  5.1340E-01
             1.5663E-01
 GRADIENT:  -7.1159E+01 -9.6067E+01 -1.3406E+01 -1.1068E+02 -5.0102E+01 -1.0760E+04 -2.4280E+01  3.8340E+01  4.5888E+01  1.5993E+01
            -2.0509E+04
 Elapsed estimation  time in seconds:    11.51
 Elapsed postprocess time in seconds:     0.00
 Elapsed finaloutput time in seconds:     0.01
Done with nonmem execution
Starting NMTRAN
  
 WARNINGS AND ERRORS (IF ANY) FOR PROBLEM    1
             
 (WARNING  2) NM-TRAN INFERS THAT THE DATA ARE POPULATION.
Building NONMEM Executable
Starting nonmem execution ...
License Registered to: University of Minnesota
Expiration Date:    14 APR 2022
Current Date:       30 SEP 2021
Days until program expires : 199


 First Order Conditional Estimation with Interaction
 MONITORING OF SEARCH:


0ITERATION NO.:    0    OBJECTIVE VALUE:  -3811.52466184836        NO. OF FUNC. EVALS.:  13
 CUMULATIVE NO. OF FUNC. EVALS.:       13
 NPARAMETR:  1.0000E+00  1.0000E+00  1.0000E+00  1.0000E+00  1.0000E+00  1.0000E+00  1.0000E+00  1.0000E+00  1.0000E+00  1.0000E+00
             1.0000E+00
 PARAMETER:  1.0000E-01  1.0000E-01  1.0000E-01  1.0000E-01  1.0000E-01  1.0000E-01  1.0000E-01  1.0000E-01  1.0000E-01  1.0000E-01
             1.0000E-01
 GRADIENT:   4.8333E+02  1.0524E+01  9.1237E+01  1.5217E+02  1.0387E+02  3.9323E+01  7.5007E+00 -3.6541E+01 -1.9977E-01  2.9754E+01
            -8.2754E+01

0ITERATION NO.:    5    OBJECTIVE VALUE:  -3824.12317354709        NO. OF FUNC. EVALS.: 119
 CUMULATIVE NO. OF FUNC. EVALS.:      132
 NPARAMETR:  9.8747E-01  1.0247E+00  8.6467E-01  9.8042E-01  9.2586E-01  9.6211E-01  9.8657E-01  1.0515E+00  1.0112E+00  9.3374E-01
             1.0632E+00
 PARAMETER:  8.7386E-02  1.2440E-01 -4.5412E-02  8.0221E-02  2.2968E-02  6.1370E-02  8.6478E-02  1.5018E-01  1.1118E-01  3.1447E-02
             1.6132E-01
 GRADIENT:   5.3584E+00  4.4249E+00  9.0308E+00  1.1457E+01 -1.9112E+01 -2.1513E+01  3.9088E+00 -6.0238E+00 -6.3796E+00  1.5211E+01
             5.9653E+01

0ITERATION NO.:   10    OBJECTIVE VALUE:  -3826.30583303510        NO. OF FUNC. EVALS.: 179
 CUMULATIVE NO. OF FUNC. EVALS.:      311
 NPARAMETR:  9.8712E-01  1.0478E+00  8.9901E-01  9.6224E-01  9.6247E-01  1.0430E+00  1.0018E+00  1.2145E+00  1.0465E+00  8.2029E-01
             1.0479E+00
 PARAMETER:  8.7031E-02  1.4667E-01 -6.4645E-03  6.1504E-02  6.1752E-02  1.4207E-01  1.0179E-01  2.9435E-01  1.4542E-01 -9.8094E-02
             1.4675E-01
 GRADIENT:   4.4353E+00  1.1560E-01  3.7723E+00  3.5929E+00  1.0215E+00  1.1162E+01  2.0496E-01  2.5239E+00  1.7514E+00 -6.0902E+00
             3.5013E+01

0ITERATION NO.:   15    OBJECTIVE VALUE:  -3827.01807997685        NO. OF FUNC. EVALS.: 178
 CUMULATIVE NO. OF FUNC. EVALS.:      489
 NPARAMETR:  9.8485E-01  1.0453E+00  8.8304E-01  9.6170E-01  9.5671E-01  1.0132E+00  9.8586E-01  1.1789E+00  1.0438E+00  8.6332E-01
             1.0292E+00
 PARAMETER:  8.4735E-02  1.4433E-01 -2.4388E-02  6.0943E-02  5.5744E-02  1.1316E-01  8.5756E-02  2.6455E-01  1.4288E-01 -4.6973E-02
             1.2881E-01
 GRADIENT:  -4.9369E-02  3.8591E-02 -1.0651E-02  1.0309E-01 -1.4171E-02 -6.9038E-02 -1.7267E-02 -2.8329E-02  2.2883E-03 -1.7145E-02
            -2.1780E-01

0ITERATION NO.:   16    OBJECTIVE VALUE:  -3827.01807997685        NO. OF FUNC. EVALS.:  22
 CUMULATIVE NO. OF FUNC. EVALS.:      511
 NPARAMETR:  9.8485E-01  1.0453E+00  8.8304E-01  9.6170E-01  9.5671E-01  1.0132E+00  9.8586E-01  1.1789E+00  1.0438E+00  8.6332E-01
             1.0292E+00
 PARAMETER:  8.4735E-02  1.4433E-01 -2.4388E-02  6.0943E-02  5.5744E-02  1.1316E-01  8.5756E-02  2.6455E-01  1.4288E-01 -4.6973E-02
             1.2881E-01
 GRADIENT:  -4.9369E-02  3.8591E-02 -1.0651E-02  1.0309E-01 -1.4171E-02 -6.9038E-02 -1.7267E-02 -2.8329E-02  2.2883E-03 -1.7145E-02
            -2.1780E-01
 Elapsed estimation  time in seconds:     8.41
 Elapsed postprocess time in seconds:     0.00
 Elapsed finaloutput time in seconds:     0.00
Done with nonmem execution
Starting NMTRAN
  
 WARNINGS AND ERRORS (IF ANY) FOR PROBLEM    1
             
 (WARNING  2) NM-TRAN INFERS THAT THE DATA ARE POPULATION.
Building NONMEM Executable
Starting nonmem execution ...
License Registered to: University of Minnesota
Expiration Date:    14 APR 2022
Current Date:       30 SEP 2021
Days until program expires : 199


 First Order Conditional Estimation with Interaction
 MONITORING OF SEARCH:


0ITERATION NO.:    0    OBJECTIVE VALUE:  -3731.61796494794        NO. OF FUNC. EVALS.:  13
 CUMULATIVE NO. OF FUNC. EVALS.:       13
 NPARAMETR:  1.0000E+00  1.0000E+00  1.0000E+00  1.0000E+00  1.0000E+00  1.0000E+00  1.0000E+00  1.0000E+00  1.0000E+00  1.0000E+00
             1.0000E+00
 PARAMETER:  1.0000E-01  1.0000E-01  1.0000E-01  1.0000E-01  1.0000E-01  1.0000E-01  1.0000E-01  1.0000E-01  1.0000E-01  1.0000E-01
             1.0000E-01
 GRADIENT:   5.2828E+02  6.1745E-02  2.0223E+01  7.6985E+01  6.3960E+01  1.8479E+01  7.5002E+00 -1.4593E+01 -2.3557E+01  1.2180E+01
            -1.1700E+02

0ITERATION NO.:    5    OBJECTIVE VALUE:  -3744.35760671671        NO. OF FUNC. EVALS.: 140
 CUMULATIVE NO. OF FUNC. EVALS.:      153
 NPARAMETR:  9.3420E-01  1.0926E+00  9.8975E-01  9.8135E-01  1.0174E+00  1.0214E+00  9.7982E-01  1.0239E+00  1.0745E+00  9.7975E-01
             1.0500E+00
 PARAMETER:  3.1934E-02  1.8854E-01  8.9695E-02  8.1171E-02  1.1730E-01  1.2114E-01  7.9615E-02  1.2358E-01  1.7187E-01  7.9543E-02
             1.4875E-01
 GRADIENT:  -1.6418E-01  1.6896E+01 -2.2671E+00  1.7258E+01 -2.3650E+01  9.5590E+00  6.9685E+00 -9.0322E+00 -1.1253E+01 -4.5219E+00
            -1.1045E+01

0ITERATION NO.:   10    OBJECTIVE VALUE:  -3747.44247351513        NO. OF FUNC. EVALS.: 178
 CUMULATIVE NO. OF FUNC. EVALS.:      331
 NPARAMETR:  9.3193E-01  1.1744E+00  1.1078E+00  9.4359E-01  1.1449E+00  1.0259E+00  8.3564E-01  1.3496E+00  1.1110E+00  1.0793E+00
             1.0442E+00
 PARAMETER:  2.9499E-02  2.6073E-01  2.0241E-01  4.1941E-02  2.3530E-01  1.2561E-01 -7.9554E-02  3.9980E-01  2.0522E-01  1.7633E-01
             1.4324E-01
 GRADIENT:  -5.5038E+00  1.4816E+00  2.0604E+00  2.8565E+01  2.2718E+01  1.1050E+01 -3.3775E+00 -5.1346E+00 -2.6679E+00 -2.1320E+00
            -1.5269E+01

0ITERATION NO.:   15    OBJECTIVE VALUE:  -3748.21664297261        NO. OF FUNC. EVALS.: 166
 CUMULATIVE NO. OF FUNC. EVALS.:      497
 NPARAMETR:  9.3476E-01  1.1776E+00  1.1025E+00  9.2587E-01  1.1320E+00  9.9662E-01  8.5637E-01  1.4015E+00  1.1214E+00  1.0831E+00
             1.0498E+00
 PARAMETER:  3.2539E-02  2.6352E-01  1.9758E-01  2.2975E-02  2.2401E-01  9.6615E-02 -5.5047E-02  4.3757E-01  2.1455E-01  1.7982E-01
             1.4856E-01
 GRADIENT:   7.9503E-01  3.9489E-02  6.6246E-01  3.9105E-01 -5.6300E-01  4.0620E-02 -5.5302E-02 -4.6464E-02 -3.2754E-02  4.3520E-02
            -1.5768E-01
 Elapsed estimation  time in seconds:     8.99
 Elapsed postprocess time in seconds:     0.00
 Elapsed finaloutput time in seconds:     0.01
Done with nonmem execution
Starting NMTRAN
  
 WARNINGS AND ERRORS (IF ANY) FOR PROBLEM    1
             
 (WARNING  2) NM-TRAN INFERS THAT THE DATA ARE POPULATION.
Building NONMEM Executable
Starting nonmem execution ...
License Registered to: University of Minnesota
Expiration Date:    14 APR 2022
Current Date:       30 SEP 2021
Days until program expires : 199


 First Order Conditional Estimation with Interaction
 MONITORING OF SEARCH:


0ITERATION NO.:    0    OBJECTIVE VALUE:  -3816.98869847872        NO. OF FUNC. EVALS.:  13
 CUMULATIVE NO. OF FUNC. EVALS.:       13
 NPARAMETR:  1.0000E+00  1.0000E+00  1.0000E+00  1.0000E+00  1.0000E+00  1.0000E+00  1.0000E+00  1.0000E+00  1.0000E+00  1.0000E+00
             1.0000E+00
 PARAMETER:  1.0000E-01  1.0000E-01  1.0000E-01  1.0000E-01  1.0000E-01  1.0000E-01  1.0000E-01  1.0000E-01  1.0000E-01  1.0000E-01
             1.0000E-01
 GRADIENT:   4.8130E+02  8.8143E+01 -1.0546E+01  9.4788E+01  3.4087E+01  2.2409E+01  1.6942E+01  3.8539E+00 -9.3411E+00  1.9991E+01
            -2.8914E+01

0ITERATION NO.:    5    OBJECTIVE VALUE:  -3821.00973152444        NO. OF FUNC. EVALS.: 161
 CUMULATIVE NO. OF FUNC. EVALS.:      174
 NPARAMETR:  9.7928E-01  1.0070E+00  1.0444E+00  9.9007E-01  1.0318E+00  1.0958E+00  9.5731E-01  9.9034E-01  1.0533E+00  9.4424E-01
             1.0113E+00
 PARAMETER:  7.9061E-02  1.0702E-01  1.4343E-01  9.0025E-02  1.3133E-01  1.9147E-01  5.6370E-02  9.0293E-02  1.5195E-01  4.2623E-02
             1.1127E-01
 GRADIENT:  -1.5720E+00 -7.4038E+00 -1.6845E+00 -4.8678E+00  5.1648E+00  3.7583E+00  4.0945E+00 -8.0990E-01 -2.2829E+00  1.8175E+00
            -1.0288E+01

0ITERATION NO.:   10    OBJECTIVE VALUE:  -3821.15297877724        NO. OF FUNC. EVALS.: 180
 CUMULATIVE NO. OF FUNC. EVALS.:      354
 NPARAMETR:  9.8045E-01  1.0197E+00  1.0462E+00  9.8724E-01  1.0321E+00  1.0844E+00  9.1263E-01  1.0004E+00  1.0640E+00  9.4172E-01
             1.0169E+00
 PARAMETER:  8.0259E-02  1.1948E-01  1.4519E-01  8.7162E-02  1.3162E-01  1.8103E-01  8.5718E-03  1.0041E-01  1.6204E-01  3.9950E-02
             1.1672E-01
 GRADIENT:   4.7396E-01  5.3033E+00 -2.6749E-01 -3.1179E+00 -6.7041E+00 -3.8731E-01 -8.1469E-01 -4.2205E-03  6.2503E-02 -1.5135E+00
            -1.4761E+00

0ITERATION NO.:   15    OBJECTIVE VALUE:  -3821.18503785820        NO. OF FUNC. EVALS.: 179
 CUMULATIVE NO. OF FUNC. EVALS.:      533
 NPARAMETR:  9.8021E-01  1.0190E+00  1.0526E+00  9.8854E-01  1.0381E+00  1.0854E+00  9.1647E-01  1.0089E+00  1.0622E+00  9.4916E-01
             1.0174E+00
 PARAMETER:  8.0014E-02  1.1879E-01  1.5127E-01  8.8478E-02  1.3744E-01  1.8198E-01  1.2779E-02  1.0882E-01  1.6036E-01  4.7824E-02
             1.1727E-01
 GRADIENT:  -1.2141E-04  1.3911E-02 -1.4898E-03  8.6895E-03 -8.5401E-03 -7.1556E-04 -3.0879E-03  6.7839E-05 -1.5571E-03 -5.4132E-03
            -4.0423E-03

0ITERATION NO.:   16    OBJECTIVE VALUE:  -3821.18503785820        NO. OF FUNC. EVALS.:  22
 CUMULATIVE NO. OF FUNC. EVALS.:      555
 NPARAMETR:  9.8021E-01  1.0190E+00  1.0526E+00  9.8854E-01  1.0381E+00  1.0854E+00  9.1647E-01  1.0089E+00  1.0622E+00  9.4916E-01
             1.0174E+00
 PARAMETER:  8.0014E-02  1.1879E-01  1.5127E-01  8.8478E-02  1.3744E-01  1.8198E-01  1.2779E-02  1.0882E-01  1.6036E-01  4.7824E-02
             1.1727E-01
 GRADIENT:  -1.2141E-04  1.3911E-02 -1.4898E-03  8.6895E-03 -8.5401E-03 -7.1556E-04 -3.0879E-03  6.7839E-05 -1.5571E-03 -5.4132E-03
            -4.0423E-03
 Elapsed estimation  time in seconds:     8.94
 Elapsed postprocess time in seconds:     0.00
 Elapsed finaloutput time in seconds:     0.00
Done with nonmem execution
