Starting NMTRAN
  
 WARNINGS AND ERRORS (IF ANY) FOR PROBLEM    1
             
 (WARNING  2) NM-TRAN INFERS THAT THE DATA ARE POPULATION.
Building NONMEM Executable
Starting nonmem execution ...
License Registered to: University of Minnesota
Expiration Date:    14 APR 2022
Current Date:       30 SEP 2021
Days until program expires : 199


 First Order Conditional Estimation with Interaction
 MONITORING OF SEARCH:


0ITERATION NO.:    0    OBJECTIVE VALUE:  -3829.87543385500        NO. OF FUNC. EVALS.:  13
 CUMULATIVE NO. OF FUNC. EVALS.:       13
 NPARAMETR:  1.0000E+00  1.0000E+00  1.0000E+00  1.0000E+00  1.0000E+00  1.0000E+00  1.0000E+00  1.0000E+00  1.0000E+00  1.0000E+00
             1.0000E+00
 PARAMETER:  1.0000E-01  1.0000E-01  1.0000E-01  1.0000E-01  1.0000E-01  1.0000E-01  1.0000E-01  1.0000E-01  1.0000E-01  1.0000E-01
             1.0000E-01
 GRADIENT:   4.6536E+02  9.5341E+01  8.3517E+01  1.0445E+02 -6.6484E+00  4.5247E+01  1.9979E+00 -2.0541E+01  1.1951E+01 -7.2480E+00
             8.4933E+00

0ITERATION NO.:    5    OBJECTIVE VALUE:  -3834.36111108180        NO. OF FUNC. EVALS.: 161
 CUMULATIVE NO. OF FUNC. EVALS.:      174
 NPARAMETR:  9.9536E-01  9.9973E-01  9.2132E-01  9.8928E-01  1.0147E+00  1.0072E+00  1.0122E+00  1.0484E+00  9.9566E-01  1.0403E+00
             9.9690E-01
 PARAMETER:  9.5347E-02  9.9734E-02  1.8055E-02  8.9223E-02  1.1456E-01  1.0717E-01  1.1214E-01  1.4730E-01  9.5648E-02  1.3947E-01
             9.6892E-02
 GRADIENT:   1.0553E+00  4.1508E-01 -5.8333E-01 -3.8845E+00 -4.3292E+00 -7.8725E-02 -5.4698E-01 -4.6997E+00  4.0014E-01 -3.1998E+00
             7.9274E+00

0ITERATION NO.:   10    OBJECTIVE VALUE:  -3834.57983488088        NO. OF FUNC. EVALS.: 181
 CUMULATIVE NO. OF FUNC. EVALS.:      355
 NPARAMETR:  9.9360E-01  1.0296E+00  9.5772E-01  9.7646E-01  1.0488E+00  1.0046E+00  1.0082E+00  1.1434E+00  9.9093E-01  1.0678E+00
             9.8864E-01
 PARAMETER:  9.3582E-02  1.2918E-01  5.6798E-02  7.6179E-02  1.4767E-01  1.0463E-01  1.0815E-01  2.3399E-01  9.0889E-02  1.6560E-01
             8.8572E-02
 GRADIENT:  -2.7302E+00  4.4761E+00  6.0859E+00 -2.0268E+00 -4.6690E+00 -1.1678E+00 -1.8665E-01 -8.1570E-01 -5.7449E-01 -1.3798E+00
            -9.0245E+00

0ITERATION NO.:   15    OBJECTIVE VALUE:  -3834.65198017975        NO. OF FUNC. EVALS.: 180
 CUMULATIVE NO. OF FUNC. EVALS.:      535            RESET HESSIAN, TYPE II
 NPARAMETR:  9.9564E-01  1.0214E+00  9.4513E-01  9.8044E-01  1.0436E+00  1.0079E+00  1.0076E+00  1.1331E+00  9.9294E-01  1.0709E+00
             9.9263E-01
 PARAMETER:  9.5634E-02  1.2117E-01  4.3564E-02  8.0243E-02  1.4267E-01  1.0790E-01  1.0759E-01  2.2493E-01  9.2915E-02  1.6847E-01
             9.2605E-02
 GRADIENT:   4.6226E+02  9.9758E+01  6.7674E+00  9.6425E+01  7.2497E+01  5.3533E+01  7.7729E+00  2.0242E+00  8.5743E+00  9.5117E+00
             1.8936E+00

0ITERATION NO.:   17    OBJECTIVE VALUE:  -3834.65198017975        NO. OF FUNC. EVALS.:  55
 CUMULATIVE NO. OF FUNC. EVALS.:      590
 NPARAMETR:  9.9564E-01  1.0214E+00  9.4513E-01  9.8044E-01  1.0436E+00  1.0079E+00  1.0076E+00  1.1331E+00  9.9294E-01  1.0709E+00
             9.9263E-01
 PARAMETER:  9.5634E-02  1.2117E-01  4.3564E-02  8.0243E-02  1.4267E-01  1.0790E-01  1.0759E-01  2.2493E-01  9.2915E-02  1.6847E-01
             9.2605E-02
 GRADIENT:   1.7155E+00 -2.2313E-01 -3.8625E-01  6.6583E-02  4.3450E-01  1.6512E-01 -2.3690E-02  9.6567E-02  1.6767E-02  4.3353E-03
             9.3715E-02
 Elapsed estimation  time in seconds:     9.68
 Elapsed postprocess time in seconds:     0.00
 Elapsed finaloutput time in seconds:     0.01
Done with nonmem execution
Starting NMTRAN
  
 WARNINGS AND ERRORS (IF ANY) FOR PROBLEM    1
             
 (WARNING  2) NM-TRAN INFERS THAT THE DATA ARE POPULATION.
Building NONMEM Executable
Starting nonmem execution ...
License Registered to: University of Minnesota
Expiration Date:    14 APR 2022
Current Date:       30 SEP 2021
Days until program expires : 199


 First Order Conditional Estimation with Interaction
 MONITORING OF SEARCH:


0ITERATION NO.:    0    OBJECTIVE VALUE:  -3760.86443875489        NO. OF FUNC. EVALS.:  13
 CUMULATIVE NO. OF FUNC. EVALS.:       13
 NPARAMETR:  1.0000E+00  1.0000E+00  1.0000E+00  1.0000E+00  1.0000E+00  1.0000E+00  1.0000E+00  1.0000E+00  1.0000E+00  1.0000E+00
             1.0000E+00
 PARAMETER:  1.0000E-01  1.0000E-01  1.0000E-01  1.0000E-01  1.0000E-01  1.0000E-01  1.0000E-01  1.0000E-01  1.0000E-01  1.0000E-01
             1.0000E-01
 GRADIENT:   4.6018E+02  8.4099E+01 -3.1137E+01  2.4477E+01 -7.9190E+00 -2.6587E+01  2.0692E+01  1.3940E+01 -2.7647E+01  6.2216E+00
            -6.9626E+01

0ITERATION NO.:    5    OBJECTIVE VALUE:  -3770.60224454321        NO. OF FUNC. EVALS.: 121
 CUMULATIVE NO. OF FUNC. EVALS.:      134
 NPARAMETR:  9.8269E-01  9.7089E-01  1.0283E+00  1.0569E+00  1.0268E+00  1.0575E+00  9.5712E-01  9.6370E-01  1.0583E+00  9.8434E-01
             1.0532E+00
 PARAMETER:  8.2542E-02  7.0458E-02  1.2791E-01  1.5538E-01  1.2647E-01  1.5586E-01  5.6175E-02  6.3023E-02  1.5663E-01  8.4220E-02
             1.5187E-01
 GRADIENT:   6.2558E+00 -1.9913E+01 -3.1792E+01  2.7388E+01  8.6049E+00 -4.8913E+01  1.0427E+01  1.1876E+01 -1.2681E+01 -8.2117E-01
             3.9585E+01

0ITERATION NO.:   10    OBJECTIVE VALUE:  -3774.11768063028        NO. OF FUNC. EVALS.: 176
 CUMULATIVE NO. OF FUNC. EVALS.:      310
 NPARAMETR:  9.8797E-01  1.0990E+00  1.1452E+00  9.7960E-01  1.1326E+00  1.3150E+00  7.7606E-01  8.1843E-01  1.2031E+00  1.1665E+00
             1.0058E+00
 PARAMETER:  8.7897E-02  1.9442E-01  2.3556E-01  7.9388E-02  2.2454E-01  3.7383E-01 -1.5353E-01 -1.0037E-01  2.8492E-01  2.5404E-01
             1.0580E-01
 GRADIENT:   1.2008E+01  2.8151E+01  1.6122E+01  2.8549E+00 -1.7212E+01  4.0060E+01  3.6700E-02 -1.6566E+00  7.0595E+00  1.0419E+01
            -7.7393E+01

0ITERATION NO.:   15    OBJECTIVE VALUE:  -3778.60755342973        NO. OF FUNC. EVALS.: 179
 CUMULATIVE NO. OF FUNC. EVALS.:      489
 NPARAMETR:  9.7977E-01  1.0551E+00  1.1057E+00  9.9919E-01  1.1044E+00  1.1776E+00  7.9372E-01  7.9326E-01  1.1558E+00  1.0933E+00
             1.0404E+00
 PARAMETER:  7.9561E-02  1.5367E-01  2.0047E-01  9.9186E-02  1.9934E-01  2.6352E-01 -1.3102E-01 -1.3160E-01  2.4476E-01  1.8917E-01
             1.3965E-01
 GRADIENT:   8.0856E-01  2.2137E-02 -1.7972E-01  7.8329E-01  5.7732E-01 -4.4385E-01 -1.7308E-01  3.7528E-01  5.1082E-01  2.1490E-02
             3.7283E-01

0ITERATION NO.:   20    OBJECTIVE VALUE:  -3778.61433999355        NO. OF FUNC. EVALS.: 182
 CUMULATIVE NO. OF FUNC. EVALS.:      671             RESET HESSIAN, TYPE I
 NPARAMETR:  9.8010E-01  1.0540E+00  1.1041E+00  9.9926E-01  1.1026E+00  1.1819E+00  7.9627E-01  7.8202E-01  1.1535E+00  1.0930E+00
             1.0406E+00
 PARAMETER:  7.9901E-02  1.5256E-01  1.9904E-01  9.9256E-02  1.9770E-01  2.6714E-01 -1.2782E-01 -1.4587E-01  2.4279E-01  1.8897E-01
             1.3980E-01
 GRADIENT:   3.8519E+02  1.0706E+02  1.2017E+01  7.9445E+01  8.5996E+01  1.3782E+02  4.9527E+00  5.2797E-01  2.2452E+01  9.4277E+00
             2.6774E+00

0ITERATION NO.:   25    OBJECTIVE VALUE:  -3778.61436396688        NO. OF FUNC. EVALS.: 187
 CUMULATIVE NO. OF FUNC. EVALS.:      858
 NPARAMETR:  9.8010E-01  1.0539E+00  1.1041E+00  9.9928E-01  1.1026E+00  1.1819E+00  7.9628E-01  7.8151E-01  1.1535E+00  1.0930E+00
             1.0406E+00
 PARAMETER:  7.9902E-02  1.5253E-01  1.9901E-01  9.9276E-02  1.9766E-01  2.6714E-01 -1.2781E-01 -1.4652E-01  2.4280E-01  1.8896E-01
             1.3979E-01
 GRADIENT:   1.3621E+00 -2.4619E-02 -8.2582E-02 -8.9735E-02 -7.3513E-02  1.0259E+00  2.4269E-02  2.4765E-02  7.0230E-02  5.6922E-02
             1.0634E-01

0ITERATION NO.:   26    OBJECTIVE VALUE:  -3778.61436396688        NO. OF FUNC. EVALS.:  24
 CUMULATIVE NO. OF FUNC. EVALS.:      882
 NPARAMETR:  9.8010E-01  1.0539E+00  1.1041E+00  9.9928E-01  1.1026E+00  1.1819E+00  7.9628E-01  7.8151E-01  1.1535E+00  1.0930E+00
             1.0406E+00
 PARAMETER:  7.9902E-02  1.5253E-01  1.9901E-01  9.9276E-02  1.9766E-01  2.6714E-01 -1.2781E-01 -1.4652E-01  2.4280E-01  1.8896E-01
             1.3979E-01
 GRADIENT:  -4.7704E-04 -7.1699E-02 -8.4892E-02 -2.9207E-02  1.1926E-01 -1.8114E-04  1.7707E-02  1.3675E-02  1.2891E-02  3.4857E-02
             1.0747E-01
 Elapsed estimation  time in seconds:    14.40
 Elapsed postprocess time in seconds:     0.00
 Elapsed finaloutput time in seconds:     0.00
Done with nonmem execution
Starting NMTRAN
  
 WARNINGS AND ERRORS (IF ANY) FOR PROBLEM    1
             
 (WARNING  2) NM-TRAN INFERS THAT THE DATA ARE POPULATION.
Building NONMEM Executable
Starting nonmem execution ...
License Registered to: University of Minnesota
Expiration Date:    14 APR 2022
Current Date:       30 SEP 2021
Days until program expires : 199


 First Order Conditional Estimation with Interaction
 MONITORING OF SEARCH:


0ITERATION NO.:    0    OBJECTIVE VALUE:  -3886.46194376879        NO. OF FUNC. EVALS.:  13
 CUMULATIVE NO. OF FUNC. EVALS.:       13
 NPARAMETR:  1.0000E+00  1.0000E+00  1.0000E+00  1.0000E+00  1.0000E+00  1.0000E+00  1.0000E+00  1.0000E+00  1.0000E+00  1.0000E+00
             1.0000E+00
 PARAMETER:  1.0000E-01  1.0000E-01  1.0000E-01  1.0000E-01  1.0000E-01  1.0000E-01  1.0000E-01  1.0000E-01  1.0000E-01  1.0000E-01
             1.0000E-01
 GRADIENT:   4.1204E+02 -2.5898E+01  2.4293E+01  4.2126E+01  4.2430E+01  9.2773E+00 -2.6442E+01  1.1073E+01 -3.1994E+01  2.0598E+01
             5.5581E+01

0ITERATION NO.:    5    OBJECTIVE VALUE:  -3894.83409876245        NO. OF FUNC. EVALS.: 183
 CUMULATIVE NO. OF FUNC. EVALS.:      196
 NPARAMETR:  1.0647E+00  1.2464E+00  1.0148E+00  9.9314E-01  1.1081E+00  1.4104E+00  1.2391E+00  9.4739E-01  1.2588E+00  9.1899E-01
             9.5285E-01
 PARAMETER:  1.6272E-01  3.2023E-01  1.1471E-01  9.3115E-02  2.0266E-01  4.4385E-01  3.1441E-01  4.5961E-02  3.3014E-01  1.5517E-02
             5.1698E-02
 GRADIENT:   4.8319E+01  8.3409E+01 -1.2243E+01  6.4441E+01 -7.7866E-01  6.1294E+01  6.8769E+00 -6.6700E+00  2.3537E+01 -3.7000E+00
            -5.3737E+01

0ITERATION NO.:   10    OBJECTIVE VALUE:  -3895.58646988193        NO. OF FUNC. EVALS.: 176
 CUMULATIVE NO. OF FUNC. EVALS.:      372
 NPARAMETR:  1.0614E+00  1.2039E+00  9.9445E-01  1.0006E+00  1.0654E+00  1.3503E+00  1.2938E+00  9.3969E-01  1.2334E+00  7.2544E-01
             9.5633E-01
 PARAMETER:  1.5955E-01  2.8554E-01  9.4436E-02  1.0057E-01  1.6333E-01  4.0033E-01  3.5760E-01  3.7799E-02  3.0980E-01 -2.2098E-01
             5.5349E-02
 GRADIENT:   4.8043E+01  8.2389E+01 -1.1683E+01  4.9922E+01 -2.0221E+00  4.7032E+01  2.2819E+00 -6.6616E+00  1.9248E+01 -2.7987E+01
            -4.7990E+01

0ITERATION NO.:   15    OBJECTIVE VALUE:  -3907.43376411299        NO. OF FUNC. EVALS.: 176
 CUMULATIVE NO. OF FUNC. EVALS.:      548
 NPARAMETR:  1.0224E+00  1.1351E+00  1.0244E+00  9.7575E-01  1.0769E+00  1.1836E+00  1.1953E+00  9.9305E-01  1.1300E+00  9.0482E-01
             9.7400E-01
 PARAMETER:  1.2215E-01  2.2672E-01  1.2409E-01  7.5453E-02  1.7410E-01  2.6858E-01  2.7841E-01  9.3026E-02  2.2220E-01 -1.7582E-05
             7.3656E-02
 GRADIENT:  -4.7109E-01  1.5856E+00 -2.2352E-02  7.0333E-01 -1.5800E+00 -9.3148E-01 -7.9446E-01 -5.8267E-02 -1.2986E-01 -2.7600E-01
            -4.4243E-01

0ITERATION NO.:   19    OBJECTIVE VALUE:  -3907.45894241620        NO. OF FUNC. EVALS.: 131
 CUMULATIVE NO. OF FUNC. EVALS.:      679
 NPARAMETR:  1.0246E+00  1.1350E+00  1.0261E+00  9.7464E-01  1.0789E+00  1.1947E+00  1.2009E+00  9.9620E-01  1.1302E+00  9.0591E-01
             9.7415E-01
 PARAMETER:  1.2427E-01  2.2661E-01  1.2574E-01  7.4318E-02  1.7596E-01  2.7787E-01  2.8310E-01  9.6198E-02  2.2242E-01  1.1872E-03
             7.3809E-02
 GRADIENT:   8.5420E-03 -1.0865E-01  5.5223E-02  1.0623E-02  1.5043E-02 -1.3246E-02 -4.5777E-03 -6.4526E-03  1.0495E-02  3.6406E-02
            -1.5139E-02
 Elapsed estimation  time in seconds:    11.10
 Elapsed postprocess time in seconds:     0.00
 Elapsed finaloutput time in seconds:     0.00
Done with nonmem execution
Starting NMTRAN
  
 WARNINGS AND ERRORS (IF ANY) FOR PROBLEM    1
             
 (WARNING  2) NM-TRAN INFERS THAT THE DATA ARE POPULATION.
Building NONMEM Executable
Starting nonmem execution ...
License Registered to: University of Minnesota
Expiration Date:    14 APR 2022
Current Date:       30 SEP 2021
Days until program expires : 199


 First Order Conditional Estimation with Interaction
 MONITORING OF SEARCH:


0ITERATION NO.:    0    OBJECTIVE VALUE:  -3670.53772045718        NO. OF FUNC. EVALS.:  13
 CUMULATIVE NO. OF FUNC. EVALS.:       13
 NPARAMETR:  1.0000E+00  1.0000E+00  1.0000E+00  1.0000E+00  1.0000E+00  1.0000E+00  1.0000E+00  1.0000E+00  1.0000E+00  1.0000E+00
             1.0000E+00
 PARAMETER:  1.0000E-01  1.0000E-01  1.0000E-01  1.0000E-01  1.0000E-01  1.0000E-01  1.0000E-01  1.0000E-01  1.0000E-01  1.0000E-01
             1.0000E-01
 GRADIENT:   5.0453E+02  7.2688E+01 -8.3529E+01  1.2151E+02  1.4059E+02 -1.9395E+01 -3.5541E+01 -1.1672E+01 -8.8049E+01 -2.5230E+01
            -1.2631E+02

0ITERATION NO.:    5    OBJECTIVE VALUE:  -3679.04711758483        NO. OF FUNC. EVALS.:  76
 CUMULATIVE NO. OF FUNC. EVALS.:       89
 NPARAMETR:  9.8408E-01  8.5825E-01  1.0475E+00  1.0627E+00  8.4857E-01  1.0259E+00  1.2254E+00  1.0468E+00  1.4459E+00  1.0376E+00
             9.8296E-01
 PARAMETER:  8.3952E-02 -5.2859E-02  1.4638E-01  1.6084E-01 -6.4208E-02  1.2559E-01  3.0324E-01  1.4574E-01  4.6871E-01  1.3687E-01
             8.2817E-02
 GRADIENT:   4.8500E+02  3.1128E+00  3.7461E+01  2.1386E+02 -3.5612E+01  1.6702E+01  3.1713E+01 -4.8037E+00  1.2655E+02  1.1802E+01
            -1.5005E+02

0ITERATION NO.:   10    OBJECTIVE VALUE:  -3694.39900504459        NO. OF FUNC. EVALS.: 179
 CUMULATIVE NO. OF FUNC. EVALS.:      268
 NPARAMETR:  1.0129E+00  1.0127E+00  1.2479E+00  1.0085E+00  9.6336E-01  1.1774E+00  1.3011E+00  1.1821E+00  1.5083E+00  1.0936E+00
             1.0853E+00
 PARAMETER:  1.1282E-01  1.1265E-01  3.2149E-01  1.0849E-01  6.2674E-02  2.6328E-01  3.6322E-01  2.6725E-01  5.1100E-01  1.8945E-01
             1.8183E-01
 GRADIENT:   5.8929E+01  1.5110E+01  5.1252E+01  1.5004E+01 -7.9560E+01 -5.6160E+00  1.5024E+01 -1.2729E+01  5.0816E+01  7.7240E+00
             7.1412E+01

0ITERATION NO.:   15    OBJECTIVE VALUE:  -3705.81379134357        NO. OF FUNC. EVALS.: 181
 CUMULATIVE NO. OF FUNC. EVALS.:      449
 NPARAMETR:  9.7798E-01  1.0132E+00  1.2184E+00  9.9374E-01  1.0145E+00  1.1877E+00  1.2414E+00  1.3173E+00  1.2463E+00  1.0420E+00
             1.0394E+00
 PARAMETER:  7.7733E-02  1.1311E-01  2.9757E-01  9.3719E-02  1.1440E-01  2.7203E-01  3.1622E-01  3.7559E-01  3.2018E-01  1.4111E-01
             1.3869E-01
 GRADIENT:   2.9193E+00 -6.7365E-01  2.9810E+00  6.3312E+00 -6.0064E+00  2.6288E-01 -1.3588E+00 -1.4440E+00 -1.4161E+00 -5.7937E-01
            -1.6334E+01

0ITERATION NO.:   20    OBJECTIVE VALUE:  -3705.96595712924        NO. OF FUNC. EVALS.: 163
 CUMULATIVE NO. OF FUNC. EVALS.:      612
 NPARAMETR:  9.7724E-01  1.0232E+00  1.2201E+00  9.8407E-01  1.0257E+00  1.1916E+00  1.2508E+00  1.3357E+00  1.2540E+00  1.0496E+00
             1.0475E+00
 PARAMETER:  7.6973E-02  1.2295E-01  2.9897E-01  8.3945E-02  1.2537E-01  2.7531E-01  3.2379E-01  3.8948E-01  3.2632E-01  1.4845E-01
             1.4640E-01
 GRADIENT:   1.6203E+00 -1.5855E-01 -3.0512E-01  1.6060E-01  1.6874E-01  1.5947E+00  2.3117E-01  1.2075E-01  3.3857E-01  9.3455E-02
             9.3036E-02
 Elapsed estimation  time in seconds:    10.12
 Elapsed postprocess time in seconds:     0.00
 Elapsed finaloutput time in seconds:     0.00
Done with nonmem execution
Starting NMTRAN
  
 WARNINGS AND ERRORS (IF ANY) FOR PROBLEM    1
             
 (WARNING  2) NM-TRAN INFERS THAT THE DATA ARE POPULATION.
Building NONMEM Executable
Starting nonmem execution ...
License Registered to: University of Minnesota
Expiration Date:    14 APR 2022
Current Date:       30 SEP 2021
Days until program expires : 199


 First Order Conditional Estimation with Interaction
 MONITORING OF SEARCH:


0ITERATION NO.:    0    OBJECTIVE VALUE:  -3701.94772701882        NO. OF FUNC. EVALS.:  13
 CUMULATIVE NO. OF FUNC. EVALS.:       13
 NPARAMETR:  1.0000E+00  1.0000E+00  1.0000E+00  1.0000E+00  1.0000E+00  1.0000E+00  1.0000E+00  1.0000E+00  1.0000E+00  1.0000E+00
             1.0000E+00
 PARAMETER:  1.0000E-01  1.0000E-01  1.0000E-01  1.0000E-01  1.0000E-01  1.0000E-01  1.0000E-01  1.0000E-01  1.0000E-01  1.0000E-01
             1.0000E-01
 GRADIENT:   5.0896E+02  5.5933E+01  2.8843E+01  2.1998E+01  4.7712E+01 -5.5868E+01 -5.4844E+01 -4.7581E+00 -1.1343E+02 -4.4374E+00
             6.9420E+01

0ITERATION NO.:    5    OBJECTIVE VALUE:  -3725.01125285170        NO. OF FUNC. EVALS.: 117
 CUMULATIVE NO. OF FUNC. EVALS.:      130
 NPARAMETR:  9.6831E-01  9.1274E-01  8.2859E-01  1.1915E+00  9.1369E-01  1.1984E+00  1.2310E+00  1.0058E+00  1.4565E+00  1.0011E+00
             9.5684E-01
 PARAMETER:  6.7792E-02  8.6946E-03 -8.8030E-02  2.7522E-01  9.7353E-03  2.8096E-01  3.0783E-01  1.0575E-01  4.7603E-01  1.0115E-01
             5.5882E-02
 GRADIENT:   3.4395E+01 -1.8018E-01 -8.5725E+01  1.1354E+02  5.8369E+01 -4.6216E+00  3.1502E+00  2.1230E+00  2.0505E+01  6.5140E-01
             7.8791E+00

0ITERATION NO.:   10    OBJECTIVE VALUE:  -3731.01671029009        NO. OF FUNC. EVALS.: 177
 CUMULATIVE NO. OF FUNC. EVALS.:      307
 NPARAMETR:  9.7578E-01  1.0077E+00  9.2907E-01  1.1206E+00  9.9385E-01  1.2997E+00  1.3377E+00  1.0159E+00  1.4592E+00  1.0088E+00
             9.6527E-01
 PARAMETER:  7.5477E-02  1.0771E-01  2.6433E-02  2.1389E-01  9.3834E-02  3.6213E-01  3.9092E-01  1.1579E-01  4.7790E-01  1.0875E-01
             6.4648E-02
 GRADIENT:   3.9445E+01  2.2031E+01 -3.5095E+01  8.8019E+01  3.9137E+01  2.5775E+01  1.2275E+01 -3.1130E+00  2.6607E+01  1.3814E+00
             1.4912E+01

0ITERATION NO.:   15    OBJECTIVE VALUE:  -3739.44872153322        NO. OF FUNC. EVALS.: 178
 CUMULATIVE NO. OF FUNC. EVALS.:      485
 NPARAMETR:  9.5018E-01  9.9083E-01  9.6555E-01  1.0249E+00  9.8371E-01  1.2096E+00  1.3064E+00  1.0809E+00  1.3283E+00  9.7986E-01
             9.5683E-01
 PARAMETER:  4.8901E-02  9.0791E-02  6.4940E-02  1.2464E-01  8.3575E-02  2.9029E-01  3.6731E-01  1.7783E-01  3.8388E-01  7.9656E-02
             5.5873E-02
 GRADIENT:   5.1926E+00 -2.6987E+00 -6.7435E-03 -5.1972E+00 -3.4839E+00 -1.8081E-02  1.3395E+00  1.4893E-01  5.7551E+00  1.4636E-01
            -1.5777E+00

0ITERATION NO.:   17    OBJECTIVE VALUE:  -3739.53529325092        NO. OF FUNC. EVALS.:  57
 CUMULATIVE NO. OF FUNC. EVALS.:      542
 NPARAMETR:  9.4702E-01  9.9861E-01  9.7160E-01  1.0270E+00  9.9198E-01  1.2105E+00  1.3101E+00  1.0872E+00  1.3015E+00  9.7775E-01
             9.5813E-01
 PARAMETER:  4.5566E-02  9.8605E-02  7.1193E-02  1.2660E-01  9.1951E-02  2.9102E-01  3.7009E-01  1.8364E-01  3.6350E-01  7.7502E-02
             5.7224E-02
 GRADIENT:   1.0239E-01 -8.1872E-02 -4.3659E-01  3.1299E-01  3.6859E-01  2.9338E-01  1.3053E-01 -1.2680E-01 -8.0716E-02 -7.3878E-02
            -6.2968E-02
 Elapsed estimation  time in seconds:     8.63
 Elapsed postprocess time in seconds:     0.00
 Elapsed finaloutput time in seconds:     0.00
Done with nonmem execution
Starting NMTRAN
  
 WARNINGS AND ERRORS (IF ANY) FOR PROBLEM    1
             
 (WARNING  2) NM-TRAN INFERS THAT THE DATA ARE POPULATION.
Building NONMEM Executable
Starting nonmem execution ...
License Registered to: University of Minnesota
Expiration Date:    14 APR 2022
Current Date:       30 SEP 2021
Days until program expires : 199


 First Order Conditional Estimation with Interaction
 MONITORING OF SEARCH:


0ITERATION NO.:    0    OBJECTIVE VALUE:  -3598.20234780365        NO. OF FUNC. EVALS.:  13
 CUMULATIVE NO. OF FUNC. EVALS.:       13
 NPARAMETR:  1.0000E+00  1.0000E+00  1.0000E+00  1.0000E+00  1.0000E+00  1.0000E+00  1.0000E+00  1.0000E+00  1.0000E+00  1.0000E+00
             1.0000E+00
 PARAMETER:  1.0000E-01  1.0000E-01  1.0000E-01  1.0000E-01  1.0000E-01  1.0000E-01  1.0000E-01  1.0000E-01  1.0000E-01  1.0000E-01
             1.0000E-01
 GRADIENT:   4.2069E+02  2.4889E+01 -1.2489E+02  7.6898E+01  1.9990E+02 -8.0407E+01 -2.0264E+02 -1.4443E+01 -1.4792E+02 -6.2563E+01
            -1.8292E+01

0ITERATION NO.:    5    OBJECTIVE VALUE:  -3704.61974734146        NO. OF FUNC. EVALS.: 136
 CUMULATIVE NO. OF FUNC. EVALS.:      149
 NPARAMETR:  1.0887E+00  1.1424E+00  1.0510E+00  9.5760E-01  1.0291E+00  1.5613E+00  1.7059E+00  1.0435E+00  1.2620E+00  1.1939E+00
             9.6996E-01
 PARAMETER:  1.8498E-01  2.3309E-01  1.4969E-01  5.6677E-02  1.2864E-01  5.4549E-01  6.3407E-01  1.4257E-01  3.3271E-01  2.7722E-01
             6.9501E-02
 GRADIENT:   7.1964E+01  4.6383E+01 -1.0287E+02 -1.2174E+01  5.4965E+01  4.7368E+01 -1.2159E+01 -1.0489E+01 -3.2130E+01 -7.9012E+00
            -6.4395E+01

0ITERATION NO.:   10    OBJECTIVE VALUE:  -3710.49584435224        NO. OF FUNC. EVALS.: 180
 CUMULATIVE NO. OF FUNC. EVALS.:      329
 NPARAMETR:  1.1286E+00  1.1702E+00  1.2052E+00  9.4804E-01  1.1062E+00  1.4838E+00  1.7897E+00  1.2152E+00  1.2368E+00  1.3089E+00
             9.8604E-01
 PARAMETER:  2.2097E-01  2.5719E-01  2.8666E-01  4.6639E-02  2.0097E-01  4.9463E-01  6.8205E-01  2.9488E-01  3.1250E-01  3.6916E-01
             8.5943E-02
 GRADIENT:   1.1754E+02  3.3587E+01 -5.0293E+01 -2.7099E+00  5.0787E+01  2.1157E+01 -4.2386E+00 -2.3129E+00 -2.3293E+01  5.7824E+00
            -2.8613E+01

0ITERATION NO.:   15    OBJECTIVE VALUE:  -3725.36231336722        NO. OF FUNC. EVALS.: 178
 CUMULATIVE NO. OF FUNC. EVALS.:      507
 NPARAMETR:  1.0199E+00  1.0395E+00  1.3111E+00  1.0011E+00  1.0295E+00  1.3740E+00  1.8041E+00  1.2706E+00  1.3231E+00  1.1730E+00
             9.9350E-01
 PARAMETER:  1.1966E-01  1.3876E-01  3.7088E-01  1.0106E-01  1.2904E-01  4.1771E-01  6.9006E-01  3.3947E-01  3.7999E-01  2.5959E-01
             9.3477E-02
 GRADIENT:   1.0484E+01  5.9208E-01 -2.3467E+00  3.0384E+00  7.6493E+00  4.8382E+00  1.6677E+00 -1.9544E+00 -2.8169E+00 -2.5477E+00
            -2.0516E+00

0ITERATION NO.:   20    OBJECTIVE VALUE:  -3725.46803465401        NO. OF FUNC. EVALS.: 166
 CUMULATIVE NO. OF FUNC. EVALS.:      673
 NPARAMETR:  1.0129E+00  1.0377E+00  1.3157E+00  9.9931E-01  1.0235E+00  1.3780E+00  1.8080E+00  1.2966E+00  1.3394E+00  1.1836E+00
             9.9352E-01
 PARAMETER:  1.1286E-01  1.3705E-01  3.7433E-01  9.9309E-02  1.2324E-01  4.2062E-01  6.9224E-01  3.5974E-01  3.9220E-01  2.6854E-01
             9.3500E-02
 GRADIENT:   1.2464E-02  3.4861E-01 -2.2902E-02 -4.6966E-02 -3.9085E-01 -9.0697E-02 -7.8090E-03 -6.9100E-02  4.2793E-01  8.7309E-02
            -5.9966E-02
 Elapsed estimation  time in seconds:    13.82
 Elapsed postprocess time in seconds:     0.00
 Elapsed finaloutput time in seconds:     0.01
Done with nonmem execution
Starting NMTRAN
  
 WARNINGS AND ERRORS (IF ANY) FOR PROBLEM    1
             
 (WARNING  2) NM-TRAN INFERS THAT THE DATA ARE POPULATION.
Building NONMEM Executable
Starting nonmem execution ...
License Registered to: University of Minnesota
Expiration Date:    14 APR 2022
Current Date:       30 SEP 2021
Days until program expires : 199


 First Order Conditional Estimation with Interaction
 MONITORING OF SEARCH:


0ITERATION NO.:    0    OBJECTIVE VALUE:  -3595.57327301842        NO. OF FUNC. EVALS.:  13
 CUMULATIVE NO. OF FUNC. EVALS.:       13
 NPARAMETR:  1.0000E+00  1.0000E+00  1.0000E+00  1.0000E+00  1.0000E+00  1.0000E+00  1.0000E+00  1.0000E+00  1.0000E+00  1.0000E+00
             1.0000E+00
 PARAMETER:  1.0000E-01  1.0000E-01  1.0000E-01  1.0000E-01  1.0000E-01  1.0000E-01  1.0000E-01  1.0000E-01  1.0000E-01  1.0000E-01
             1.0000E-01
 GRADIENT:   5.1317E+02  1.0247E+02 -4.2895E+01  1.6514E+02  1.3537E+02 -4.9497E+01 -7.7727E+01 -2.4209E+01 -1.8299E+02 -2.4711E+01
            -9.5748E+01

0ITERATION NO.:    5    OBJECTIVE VALUE:  -3638.33120982137        NO. OF FUNC. EVALS.: 119
 CUMULATIVE NO. OF FUNC. EVALS.:      132
 NPARAMETR:  9.7471E-01  9.9885E-01  9.9245E-01  9.8076E-01  9.4713E-01  1.1128E+00  1.1206E+00  1.0411E+00  1.1838E+00  1.0216E+00
             1.1216E+00
 PARAMETER:  7.4388E-02  9.8853E-02  9.2425E-02  8.0575E-02  4.5681E-02  2.0686E-01  2.1388E-01  1.4030E-01  2.6871E-01  1.2136E-01
             2.1473E-01
 GRADIENT:  -2.3768E+01  2.3788E+01 -2.6949E+01  9.6297E+00 -8.8335E+00 -6.0339E+01 -4.9112E+01 -1.0310E+01 -1.0144E+02 -1.1041E+01
             1.4814E+02

0ITERATION NO.:   10    OBJECTIVE VALUE:  -3655.91980902791        NO. OF FUNC. EVALS.: 141
 CUMULATIVE NO. OF FUNC. EVALS.:      273
 NPARAMETR:  9.9264E-01  1.1177E+00  1.2856E+00  8.3073E-01  1.1990E+00  1.2033E+00  1.4583E+00  1.2481E+00  1.5085E+00  1.0265E+00
             1.0979E+00
 PARAMETER:  9.2612E-02  2.1128E-01  3.5124E-01 -8.5456E-02  2.8145E-01  2.8503E-01  4.7729E-01  3.2160E-01  5.1113E-01  1.2617E-01
             1.9338E-01
 GRADIENT:   4.1580E+02  1.5254E+02  1.6448E+01  2.4878E+01  1.9917E+02  1.5698E+02  7.9272E+01 -1.6999E+01  7.2102E+01 -7.8228E+00
             9.8061E+01

0ITERATION NO.:   15    OBJECTIVE VALUE:  -3663.01510924551        NO. OF FUNC. EVALS.: 139
 CUMULATIVE NO. OF FUNC. EVALS.:      412
 NPARAMETR:  9.8989E-01  1.1303E+00  1.2759E+00  8.5718E-01  1.1632E+00  1.2720E+00  1.4660E+00  1.3559E+00  1.5383E+00  1.0514E+00
             1.0742E+00
 PARAMETER:  8.9835E-02  2.2245E-01  3.4366E-01 -5.4104E-02  2.5122E-01  3.4061E-01  4.8256E-01  4.0448E-01  5.3065E-01  1.5017E-01
             1.7154E-01
 GRADIENT:   4.2924E+02  1.9496E+02  2.4241E+01  4.9483E+01  1.5907E+02  2.2696E+02  8.4812E+01 -8.2081E+00  9.0207E+01  5.1244E+00
             6.3796E+01

0ITERATION NO.:   20    OBJECTIVE VALUE:  -3665.80078013102        NO. OF FUNC. EVALS.: 102
 CUMULATIVE NO. OF FUNC. EVALS.:      514
 NPARAMETR:  9.9040E-01  1.1255E+00  1.2490E+00  8.7204E-01  1.1439E+00  1.2726E+00  1.4708E+00  1.4314E+00  1.5286E+00  1.0409E+00
             1.0622E+00
 PARAMETER:  9.0352E-02  2.1820E-01  3.2230E-01 -3.6924E-02  2.3447E-01  3.4110E-01  4.8583E-01  4.5869E-01  5.2436E-01  1.4011E-01
             1.6033E-01
 GRADIENT:   4.9971E+00  8.1286E+00  1.8790E+00 -2.7528E+01  5.0357E+01  1.8635E+00  2.2203E+00 -8.6357E+00  3.7680E+00 -3.7929E-01
             4.7815E+01

0ITERATION NO.:   21    OBJECTIVE VALUE:  -3665.80078013102        NO. OF FUNC. EVALS.:  26
 CUMULATIVE NO. OF FUNC. EVALS.:      540
 NPARAMETR:  9.9040E-01  1.1255E+00  1.2490E+00  8.7204E-01  1.1439E+00  1.2726E+00  1.4708E+00  1.4314E+00  1.5286E+00  1.0409E+00
             1.0622E+00
 PARAMETER:  9.0352E-02  2.1820E-01  3.2230E-01 -3.6924E-02  2.3447E-01  3.4110E-01  4.8583E-01  4.5869E-01  5.2436E-01  1.4011E-01
             1.6033E-01
 GRADIENT:  -1.0784E+05  2.3684E+01  3.2161E+04  1.0780E+05 -4.5925E+04 -6.2183E-01 -1.8156E+04  2.5824E+04  1.1340E+04 -8.5075E+04
            -1.4154E+05
 Elapsed estimation  time in seconds:     9.97
 Elapsed postprocess time in seconds:     0.00
 Elapsed finaloutput time in seconds:     0.00
Done with nonmem execution
Starting NMTRAN
  
 WARNINGS AND ERRORS (IF ANY) FOR PROBLEM    1
             
 (WARNING  2) NM-TRAN INFERS THAT THE DATA ARE POPULATION.
Building NONMEM Executable
Starting nonmem execution ...
License Registered to: University of Minnesota
Expiration Date:    14 APR 2022
Current Date:       30 SEP 2021
Days until program expires : 199


 First Order Conditional Estimation with Interaction
 MONITORING OF SEARCH:


0ITERATION NO.:    0    OBJECTIVE VALUE:  -3499.15406577141        NO. OF FUNC. EVALS.:  13
 CUMULATIVE NO. OF FUNC. EVALS.:       13
 NPARAMETR:  1.0000E+00  1.0000E+00  1.0000E+00  1.0000E+00  1.0000E+00  1.0000E+00  1.0000E+00  1.0000E+00  1.0000E+00  1.0000E+00
             1.0000E+00
 PARAMETER:  1.0000E-01  1.0000E-01  1.0000E-01  1.0000E-01  1.0000E-01  1.0000E-01  1.0000E-01  1.0000E-01  1.0000E-01  1.0000E-01
             1.0000E-01
 GRADIENT:   4.2359E+02 -7.5184E+00  5.2005E+01  7.8354E+01  1.4410E+02 -2.1569E+02 -1.4560E+02 -3.7339E+01 -2.2430E+02 -1.7034E+01
            -2.1815E+01

0ITERATION NO.:    5    OBJECTIVE VALUE:  -3628.95905929729        NO. OF FUNC. EVALS.: 163
 CUMULATIVE NO. OF FUNC. EVALS.:      176
 NPARAMETR:  8.5190E-01  1.0679E+00  8.8964E-01  9.6738E-01  9.1777E-01  1.3277E+00  1.4726E+00  1.1112E+00  1.6310E+00  1.0300E+00
             9.9967E-01
 PARAMETER: -6.0282E-02  1.6572E-01 -1.6942E-02  6.6836E-02  1.4195E-02  3.8341E-01  4.8700E-01  2.0545E-01  5.8919E-01  1.2960E-01
             9.9667E-02
 GRADIENT:  -2.1325E+02  1.2955E+01 -8.9554E+00 -1.1057E+01 -5.6765E+01 -1.2878E+02 -2.5626E+01 -1.3584E+01  1.1959E+01  1.4202E+01
             1.6459E+01

0ITERATION NO.:   10    OBJECTIVE VALUE:  -3645.60485194818        NO. OF FUNC. EVALS.: 179
 CUMULATIVE NO. OF FUNC. EVALS.:      355
 NPARAMETR:  8.6219E-01  1.1489E+00  1.0088E+00  8.7557E-01  1.0524E+00  1.3270E+00  1.8996E+00  1.5222E+00  1.5676E+00  8.4108E-01
             1.0041E+00
 PARAMETER: -4.8278E-02  2.3882E-01  1.0876E-01 -3.2878E-02  1.5110E-01  3.8296E-01  7.4164E-01  5.2017E-01  5.4954E-01 -7.3063E-02
             1.0410E-01
 GRADIENT:  -1.9843E+02 -6.9388E+00 -1.1805E+00 -3.3391E+01 -2.8493E+01 -1.2379E+02  1.1242E+01  4.9011E+00  2.3275E+01  4.9335E+00
             1.5168E+01

0ITERATION NO.:   15    OBJECTIVE VALUE:  -3672.90803865633        NO. OF FUNC. EVALS.: 176
 CUMULATIVE NO. OF FUNC. EVALS.:      531
 NPARAMETR:  9.8983E-01  1.1447E+00  1.0324E+00  9.2939E-01  1.0617E+00  1.5366E+00  1.8428E+00  1.4976E+00  1.3939E+00  8.2421E-01
             9.9646E-01
 PARAMETER:  8.9783E-02  2.3517E-01  1.3190E-01  2.6776E-02  1.5989E-01  5.2958E-01  7.1127E-01  5.0389E-01  4.3212E-01 -9.3327E-02
             9.6454E-02
 GRADIENT:  -1.7971E+01 -3.3648E+00  8.1988E-01  9.6829E+00  1.2735E+00 -1.2216E+01 -1.5456E+00 -1.5902E+00 -3.7822E+00  1.4799E+00
            -5.7606E+00

0ITERATION NO.:   20    OBJECTIVE VALUE:  -3674.08405744261        NO. OF FUNC. EVALS.: 139
 CUMULATIVE NO. OF FUNC. EVALS.:      670
 NPARAMETR:  1.0100E+00  1.1557E+00  1.0323E+00  9.1101E-01  1.0680E+00  1.6395E+00  1.8433E+00  1.5180E+00  1.4116E+00  8.1716E-01
             1.0003E+00
 PARAMETER:  1.0993E-01  2.4474E-01  1.3179E-01  6.7982E-03  1.6583E-01  5.9438E-01  7.1158E-01  5.1741E-01  4.4474E-01 -1.0192E-01
             1.0028E-01
 GRADIENT:   4.9564E+02  2.4174E+02  7.7070E+00  8.0816E+01  7.9225E+01  7.2207E+02  2.7009E+02  6.6406E+00  6.5413E+01  3.3323E+00
             2.8252E+00

0ITERATION NO.:   25    OBJECTIVE VALUE:  -3674.11070228815        NO. OF FUNC. EVALS.: 163
 CUMULATIVE NO. OF FUNC. EVALS.:      833
 NPARAMETR:  1.0105E+00  1.1626E+00  1.0333E+00  9.1554E-01  1.0693E+00  1.6339E+00  1.8574E+00  1.5172E+00  1.4147E+00  8.1660E-01
             9.9982E-01
 PARAMETER:  1.1041E-01  2.5065E-01  1.3277E-01  1.1756E-02  1.6699E-01  5.9095E-01  7.1916E-01  5.1685E-01  4.4689E-01 -1.0261E-01
             9.9823E-02
 GRADIENT:   1.8043E+00  5.8069E-01 -3.2117E-01  1.6289E+00 -6.8642E-01  1.6716E+01  1.0422E+00 -1.7120E-01  3.6540E-01 -1.7998E-01
            -2.9874E-01

0ITERATION NO.:   30    OBJECTIVE VALUE:  -3674.11456925597        NO. OF FUNC. EVALS.: 168
 CUMULATIVE NO. OF FUNC. EVALS.:     1001
 NPARAMETR:  1.0108E+00  1.1619E+00  1.0341E+00  9.1362E-01  1.0705E+00  1.6366E+00  1.8588E+00  1.5197E+00  1.4143E+00  8.1791E-01
             9.9994E-01
 PARAMETER:  1.1073E-01  2.5006E-01  1.3353E-01  9.6553E-03  1.6817E-01  5.9261E-01  7.1990E-01  5.1849E-01  4.4667E-01 -1.0101E-01
             9.9944E-02
 GRADIENT:  -5.1130E-04 -3.8980E-01 -2.0817E-01  2.1161E-01 -1.0781E-01 -8.2787E-04 -3.3123E-02 -9.6389E-02  6.4486E-02 -4.6481E-02
            -9.5764E-02
 Elapsed estimation  time in seconds:    20.02
 Elapsed postprocess time in seconds:     0.00
 Elapsed finaloutput time in seconds:     0.00
Done with nonmem execution
Starting NMTRAN
  
 WARNINGS AND ERRORS (IF ANY) FOR PROBLEM    1
             
 (WARNING  2) NM-TRAN INFERS THAT THE DATA ARE POPULATION.
Building NONMEM Executable
Starting nonmem execution ...
License Registered to: University of Minnesota
Expiration Date:    14 APR 2022
Current Date:       30 SEP 2021
Days until program expires : 199


 First Order Conditional Estimation with Interaction
 MONITORING OF SEARCH:


0ITERATION NO.:    0    OBJECTIVE VALUE:  -3325.31053926510        NO. OF FUNC. EVALS.:  13
 CUMULATIVE NO. OF FUNC. EVALS.:       13
 NPARAMETR:  1.0000E+00  1.0000E+00  1.0000E+00  1.0000E+00  1.0000E+00  1.0000E+00  1.0000E+00  1.0000E+00  1.0000E+00  1.0000E+00
             1.0000E+00
 PARAMETER:  1.0000E-01  1.0000E-01  1.0000E-01  1.0000E-01  1.0000E-01  1.0000E-01  1.0000E-01  1.0000E-01  1.0000E-01  1.0000E-01
             1.0000E-01
 GRADIENT:   4.3407E+02 -1.5492E+01  9.7320E-01 -4.7977E+01  1.3820E+02 -2.7604E+02 -1.8096E+02 -5.0785E+01 -3.3526E+02 -6.6347E+01
            -6.7495E+01

0ITERATION NO.:    5    OBJECTIVE VALUE:  -3497.90244380428        NO. OF FUNC. EVALS.: 158
 CUMULATIVE NO. OF FUNC. EVALS.:      171
 NPARAMETR:  9.9362E-01  1.1129E+00  9.8955E-01  9.2344E-01  1.0815E+00  1.0967E+00  1.8021E+00  1.3670E+00  1.7074E+00  1.2764E+00
             9.5545E-01
 PARAMETER:  9.3602E-02  2.0698E-01  8.9499E-02  2.0348E-02  1.7839E-01  1.9233E-01  6.8894E-01  4.1262E-01  6.3494E-01  3.4405E-01
             5.4428E-02
 GRADIENT:   3.8354E+01 -3.3115E+01 -5.5345E+01 -3.8615E+01  1.0139E+01 -2.7274E+02  5.3923E-01 -2.8359E+01 -6.5104E+00  3.0369E+01
            -1.2566E+02

0ITERATION NO.:   10    OBJECTIVE VALUE:  -3532.53751495794        NO. OF FUNC. EVALS.: 178
 CUMULATIVE NO. OF FUNC. EVALS.:      349
 NPARAMETR:  9.5193E-01  1.5023E+00  1.1616E+00  6.8482E-01  1.5766E+00  1.2116E+00  2.5305E+00  2.5182E+00  1.4504E+00  1.4244E+00
             1.0048E+00
 PARAMETER:  5.0733E-02  5.0699E-01  2.4980E-01 -2.7860E-01  5.5526E-01  2.9193E-01  1.0284E+00  1.0236E+00  4.7181E-01  4.5374E-01
             1.0477E-01
 GRADIENT:  -3.3886E+01 -1.6457E+01 -6.0550E+00 -3.3771E+01  7.3136E+01 -1.8671E+02  5.2784E+01  2.3652E+01  3.2652E+01 -1.0086E+00
            -6.4566E+01

0ITERATION NO.:   15    OBJECTIVE VALUE:  -3580.91585689565        NO. OF FUNC. EVALS.: 179
 CUMULATIVE NO. OF FUNC. EVALS.:      528
 NPARAMETR:  9.7818E-01  1.4099E+00  1.1616E+00  8.0512E-01  1.3475E+00  1.6272E+00  2.2406E+00  1.8557E+00  1.1238E+00  1.3260E+00
             1.0285E+00
 PARAMETER:  7.7943E-02  4.4350E-01  2.4976E-01 -1.1676E-01  3.9822E-01  5.8688E-01  9.0674E-01  7.1825E-01  2.1671E-01  3.8219E-01
             1.2808E-01
 GRADIENT:   4.5995E+00 -5.2256E+00 -5.2914E-01  5.1435E+00  5.2908E+00 -4.4021E+00  2.6331E+00 -3.3842E+00 -5.5835E+00  3.5678E+00
            -2.3081E+00

0ITERATION NO.:   20    OBJECTIVE VALUE:  -3581.52181389161        NO. OF FUNC. EVALS.: 177
 CUMULATIVE NO. OF FUNC. EVALS.:      705            RESET HESSIAN, TYPE II
 NPARAMETR:  9.7427E-01  1.4339E+00  1.1681E+00  8.0065E-01  1.3448E+00  1.6911E+00  2.2144E+00  1.9077E+00  1.1787E+00  1.3048E+00
             1.0286E+00
 PARAMETER:  7.3932E-02  4.6041E-01  2.5542E-01 -1.2234E-01  3.9627E-01  6.2537E-01  8.9497E-01  7.4588E-01  2.6438E-01  3.6609E-01
             1.2819E-01
 GRADIENT:   3.6037E+02  4.9352E+02  9.1000E+00  6.6523E+01  1.5409E+02  6.0344E+02  5.0162E+02  9.4245E+00  1.7499E+01  2.4017E+01
             2.5951E+00

0ITERATION NO.:   22    OBJECTIVE VALUE:  -3581.52181389161        NO. OF FUNC. EVALS.:  60
 CUMULATIVE NO. OF FUNC. EVALS.:      765
 NPARAMETR:  9.7427E-01  1.4339E+00  1.1681E+00  8.0065E-01  1.3448E+00  1.6911E+00  2.2144E+00  1.9077E+00  1.1787E+00  1.3048E+00
             1.0286E+00
 PARAMETER:  7.3932E-02  4.6041E-01  2.5542E-01 -1.2234E-01  3.9627E-01  6.2537E-01  8.9497E-01  7.4588E-01  2.6438E-01  3.6609E-01
             1.2819E-01
 GRADIENT:   1.9427E-02  1.6872E-01  1.4012E-02 -4.9954E-02  1.0179E-01 -3.6245E-01  4.8656E-02  7.5846E-02  1.5871E-01 -2.5984E-02
             2.8922E-01
 Elapsed estimation  time in seconds:    17.00
 Elapsed postprocess time in seconds:     0.00
 Elapsed finaloutput time in seconds:     0.00
Done with nonmem execution
Starting NMTRAN
  
 WARNINGS AND ERRORS (IF ANY) FOR PROBLEM    1
             
 (WARNING  2) NM-TRAN INFERS THAT THE DATA ARE POPULATION.
Building NONMEM Executable
Starting nonmem execution ...
License Registered to: University of Minnesota
Expiration Date:    14 APR 2022
Current Date:       30 SEP 2021
Days until program expires : 199


 First Order Conditional Estimation with Interaction
 MONITORING OF SEARCH:


0ITERATION NO.:    0    OBJECTIVE VALUE:  -3430.24662443017        NO. OF FUNC. EVALS.:  13
 CUMULATIVE NO. OF FUNC. EVALS.:       13
 NPARAMETR:  1.0000E+00  1.0000E+00  1.0000E+00  1.0000E+00  1.0000E+00  1.0000E+00  1.0000E+00  1.0000E+00  1.0000E+00  1.0000E+00
             1.0000E+00
 PARAMETER:  1.0000E-01  1.0000E-01  1.0000E-01  1.0000E-01  1.0000E-01  1.0000E-01  1.0000E-01  1.0000E-01  1.0000E-01  1.0000E-01
             1.0000E-01
 GRADIENT:   3.4693E+02  4.3010E+01 -6.8506E+01 -6.3800E+01  1.3662E+02 -2.5724E+02 -1.6968E+02 -2.3145E+01 -3.5911E+02 -5.2597E+01
             5.2940E+00

0ITERATION NO.:    5    OBJECTIVE VALUE:  -3661.18317226853        NO. OF FUNC. EVALS.: 158
 CUMULATIVE NO. OF FUNC. EVALS.:      171
 NPARAMETR:  1.0841E+00  1.0465E+00  1.1327E+00  1.0720E+00  9.7821E-01  2.0408E+00  1.7712E+00  1.1021E+00  1.9742E+00  1.1618E+00
             9.8078E-01
 PARAMETER:  1.8073E-01  1.4548E-01  2.2463E-01  1.6954E-01  7.7969E-02  8.1332E-01  6.7163E-01  1.9718E-01  7.8017E-01  2.5001E-01
             8.0588E-02
 GRADIENT:   2.7430E+01  4.9700E+00  8.5685E-02  1.5273E+01 -6.7788E+01  8.7420E+01 -1.4150E+01 -1.4435E+01  4.6745E+01  2.3939E+01
             3.1932E+00

0ITERATION NO.:   10    OBJECTIVE VALUE:  -3667.25201700438        NO. OF FUNC. EVALS.: 179
 CUMULATIVE NO. OF FUNC. EVALS.:      350
 NPARAMETR:  1.1607E+00  1.2325E+00  1.4885E+00  9.6229E-01  1.1583E+00  1.8423E+00  2.5589E+00  1.6160E+00  1.8489E+00  1.0929E+00
             1.0263E+00
 PARAMETER:  2.4906E-01  3.0903E-01  4.9778E-01  6.1557E-02  2.4695E-01  7.1100E-01  1.0396E+00  5.7992E-01  7.1461E-01  1.8887E-01
             1.2596E-01
 GRADIENT:   8.1129E+01  2.2085E+01  3.0176E+01 -9.1969E+00 -7.1154E+01  3.8667E+01  4.9280E+01  6.2290E+00  5.6863E+01  1.9847E+01
             7.5259E+01

0ITERATION NO.:   15    OBJECTIVE VALUE:  -3686.54715882792        NO. OF FUNC. EVALS.: 182
 CUMULATIVE NO. OF FUNC. EVALS.:      532
 NPARAMETR:  1.0795E+00  1.2026E+00  1.3540E+00  9.6770E-01  1.1836E+00  1.7673E+00  2.1587E+00  1.5053E+00  1.6250E+00  1.0314E+00
             9.8893E-01
 PARAMETER:  1.7653E-01  2.8449E-01  4.0308E-01  6.7170E-02  2.6857E-01  6.6948E-01  8.6951E-01  5.0901E-01  5.8553E-01  1.3092E-01
             8.8866E-02
 GRADIENT:   3.1285E+01  1.2349E+01  2.2467E+00 -9.6484E-01 -1.1472E+01  3.4520E+01  6.2888E+00  1.2742E+00  2.0340E+01  1.0847E+01
            -4.5237E-01

0ITERATION NO.:   20    OBJECTIVE VALUE:  -3687.33144890615        NO. OF FUNC. EVALS.: 171
 CUMULATIVE NO. OF FUNC. EVALS.:      703
 NPARAMETR:  1.0626E+00  1.1984E+00  1.3536E+00  9.6768E-01  1.1834E+00  1.7147E+00  2.1554E+00  1.5048E+00  1.6150E+00  1.0228E+00
             9.8883E-01
 PARAMETER:  1.6069E-01  2.8097E-01  4.0280E-01  6.7148E-02  2.6841E-01  6.3927E-01  8.6799E-01  5.0865E-01  5.7935E-01  1.2259E-01
             8.8767E-02
 GRADIENT:   2.0033E+01  1.1258E+01  1.9622E+00 -1.6567E+00 -1.0157E+01  2.2601E+01  5.6863E+00  1.1486E+00  1.8763E+01  9.5666E+00
            -9.6012E-01

0ITERATION NO.:   25    OBJECTIVE VALUE:  -3687.55813277536        NO. OF FUNC. EVALS.: 176
 CUMULATIVE NO. OF FUNC. EVALS.:      879             RESET HESSIAN, TYPE I
 NPARAMETR:  1.0398E+00  1.1992E+00  1.3550E+00  9.6753E-01  1.1843E+00  1.7085E+00  2.1600E+00  1.5026E+00  1.6150E+00  1.0146E+00
             9.8909E-01
 PARAMETER:  1.3900E-01  2.8164E-01  4.0379E-01  6.6989E-02  2.6912E-01  6.3564E-01  8.7009E-01  5.0721E-01  5.7936E-01  1.1450E-01
             8.9033E-02
 GRADIENT:   6.3027E+02  2.8143E+02  2.6905E+01  8.8171E+01  1.1356E+02  8.3276E+02  4.3087E+02  8.3372E+00  1.1555E+02  1.3336E+01
             9.8012E-01

0ITERATION NO.:   27    OBJECTIVE VALUE:  -3687.55813277536        NO. OF FUNC. EVALS.:  65
 CUMULATIVE NO. OF FUNC. EVALS.:      944
 NPARAMETR:  1.0398E+00  1.1992E+00  1.3550E+00  9.6753E-01  1.1843E+00  1.7085E+00  2.1600E+00  1.5026E+00  1.6150E+00  1.0146E+00
             9.8909E-01
 PARAMETER:  1.3900E-01  2.8164E-01  4.0379E-01  6.6989E-02  2.6912E-01  6.3564E-01  8.7009E-01  5.0721E-01  5.7936E-01  1.1450E-01
             8.9033E-02
 GRADIENT:   3.4376E+04  9.5643E+00 -1.2716E+02  4.7777E+04 -1.7624E+01  9.0940E-02 -2.2108E+00 -9.3435E+03 -1.1426E+01 -4.1731E+04
            -4.7795E+04
 Elapsed estimation  time in seconds:    19.33
 Elapsed postprocess time in seconds:     0.00
 Elapsed finaloutput time in seconds:     0.01
Done with nonmem execution
