Starting NMTRAN
  
 WARNINGS AND ERRORS (IF ANY) FOR PROBLEM    1
             
 (WARNING  2) NM-TRAN INFERS THAT THE DATA ARE POPULATION.
Building NONMEM Executable
Starting nonmem execution ...
License Registered to: University of Minnesota
Expiration Date:    14 APR 2022
Current Date:       30 SEP 2021
Days until program expires : 199


 First Order Conditional Estimation with Interaction
 MONITORING OF SEARCH:


0ITERATION NO.:    0    OBJECTIVE VALUE:   1546.03917730316        NO. OF FUNC. EVALS.:   9
 CUMULATIVE NO. OF FUNC. EVALS.:        9
 NPARAMETR:  1.0000E+00  1.0000E+00  1.0000E+00  1.0000E+00  1.0000E+00  1.0000E+00  1.0000E+00
 PARAMETER:  1.0000E-01  1.0000E-01  1.0000E-01  1.0000E-01  1.0000E-01  1.0000E-01  1.0000E-01
 GRADIENT:   4.7936E+02  2.4161E+02 -1.7036E+03  5.2652E+01  1.1200E+02 -1.6854E+03 -9.3625E+03

0ITERATION NO.:    5    OBJECTIVE VALUE:  -2386.89060642359        NO. OF FUNC. EVALS.:  53
 CUMULATIVE NO. OF FUNC. EVALS.:       62
 NPARAMETR:  9.2164E-01  1.1198E+00  3.7401E+00  9.4038E-01  7.2802E-01  3.1344E+00  4.3806E+00
 PARAMETER:  1.8399E-02  2.1315E-01  1.4191E+00  3.8533E-02 -2.1743E-01  1.2424E+00  1.5772E+00
 GRADIENT:  -2.4124E+02  4.4381E+01  9.8711E+01 -3.0130E+01  3.9191E+01  9.1714E+01  6.9523E+02

0ITERATION NO.:   10    OBJECTIVE VALUE:  -2575.28536156234        NO. OF FUNC. EVALS.:  52
 CUMULATIVE NO. OF FUNC. EVALS.:      114
 NPARAMETR:  9.9792E-01  1.0714E+00  3.3429E+00  8.9065E-01  6.4057E-01  1.9689E+00  2.8456E+00
 PARAMETER:  9.7916E-02  1.6892E-01  1.3068E+00 -1.5799E-02 -3.4539E-01  7.7749E-01  1.1458E+00
 GRADIENT:   3.7474E+01  5.5561E+00  2.1212E+02 -2.7904E+01 -5.7308E+00 -1.2739E+01 -6.9873E+01

0ITERATION NO.:   15    OBJECTIVE VALUE:  -2611.58854410172        NO. OF FUNC. EVALS.:  64
 CUMULATIVE NO. OF FUNC. EVALS.:      178
 NPARAMETR:  9.8194E-01  1.0621E+00  2.2223E+00  9.5270E-01  6.4482E-01  1.5930E+00  2.9291E+00
 PARAMETER:  8.1777E-02  1.6022E-01  8.9852E-01  5.1547E-02 -3.3879E-01  5.6560E-01  1.1747E+00
 GRADIENT:  -4.6301E+01 -5.9171E+01 -2.5392E+01 -5.7130E+00 -6.1003E+00 -7.0548E+00 -2.2296E+01

0ITERATION NO.:   18    OBJECTIVE VALUE:  -2613.31511116115        NO. OF FUNC. EVALS.:  61
 CUMULATIVE NO. OF FUNC. EVALS.:      239
 NPARAMETR:  1.0019E+00  1.0775E+00  2.3172E+00  9.6613E-01  6.5583E-01  1.6401E+00  2.9586E+00
 PARAMETER:  1.0191E-01  1.7460E-01  9.4035E-01  6.5540E-02 -3.2186E-01  5.9478E-01  1.1847E+00
 GRADIENT:  -1.7167E+00 -3.3097E+00  2.2223E-01  1.3740E-01  1.5376E-02 -3.3316E-01  8.8813E-01
 Elapsed estimation  time in seconds:     1.87
 Elapsed postprocess time in seconds:     0.00
 Elapsed finaloutput time in seconds:     0.00
Done with nonmem execution
Starting NMTRAN
  
 WARNINGS AND ERRORS (IF ANY) FOR PROBLEM    1
             
 (WARNING  2) NM-TRAN INFERS THAT THE DATA ARE POPULATION.
Building NONMEM Executable
Starting nonmem execution ...
License Registered to: University of Minnesota
Expiration Date:    14 APR 2022
Current Date:       30 SEP 2021
Days until program expires : 199


 First Order Conditional Estimation with Interaction
 MONITORING OF SEARCH:


0ITERATION NO.:    0    OBJECTIVE VALUE:   1501.02800568377        NO. OF FUNC. EVALS.:   9
 CUMULATIVE NO. OF FUNC. EVALS.:        9
 NPARAMETR:  1.0000E+00  1.0000E+00  1.0000E+00  1.0000E+00  1.0000E+00  1.0000E+00  1.0000E+00
 PARAMETER:  1.0000E-01  1.0000E-01  1.0000E-01  1.0000E-01  1.0000E-01  1.0000E-01  1.0000E-01
 GRADIENT:   5.1073E+02  2.3273E+02 -1.6263E+03 -2.2349E+01  6.7193E+01 -1.7194E+03 -9.1028E+03

0ITERATION NO.:    5    OBJECTIVE VALUE:  -2340.67247499871        NO. OF FUNC. EVALS.:  51
 CUMULATIVE NO. OF FUNC. EVALS.:       60
 NPARAMETR:  8.4874E-01  1.0476E+00  5.0946E+00  1.0818E+00  7.7463E-01  3.8618E+00  3.8168E+00
 PARAMETER: -6.4005E-02  1.4655E-01  1.7282E+00  1.7865E-01 -1.5537E-01  1.4511E+00  1.4394E+00
 GRADIENT:  -2.5421E+02 -1.4073E+02  1.3146E+02 -4.2543E+01 -5.7647E+00  9.2918E+01  5.3542E+02

0ITERATION NO.:   10    OBJECTIVE VALUE:  -2515.64557340759        NO. OF FUNC. EVALS.:  53
 CUMULATIVE NO. OF FUNC. EVALS.:      113
 NPARAMETR:  1.0287E+00  1.1144E+00  2.6789E+00  1.3197E+00  8.4934E-01  2.2325E+00  2.8707E+00
 PARAMETER:  1.2828E-01  2.0830E-01  1.0854E+00  3.7742E-01 -6.3297E-02  9.0314E-01  1.1546E+00
 GRADIENT:   1.2615E+02  1.5976E+02  9.2868E+01  6.6940E+01  1.9756E+01  4.7736E+01 -2.7071E+01

0ITERATION NO.:   15    OBJECTIVE VALUE:  -2531.86731355063        NO. OF FUNC. EVALS.:  51
 CUMULATIVE NO. OF FUNC. EVALS.:      164
 NPARAMETR:  9.6503E-01  1.0583E+00  2.1323E+00  1.1306E+00  7.9085E-01  1.8014E+00  2.9084E+00
 PARAMETER:  6.4408E-02  1.5669E-01  8.5722E-01  2.2277E-01 -1.3465E-01  6.8856E-01  1.1676E+00
 GRADIENT:   2.8764E+01  1.9004E+00 -2.9479E+00  1.6422E+01  2.8609E+00  2.7796E+00  1.8005E-01

0ITERATION NO.:   20    OBJECTIVE VALUE:  -2533.63049880391        NO. OF FUNC. EVALS.: 108
 CUMULATIVE NO. OF FUNC. EVALS.:      272
 NPARAMETR:  9.7708E-01  1.0789E+00  2.2678E+00  1.1138E+00  7.8697E-01  1.8284E+00  2.9372E+00
 PARAMETER:  7.6811E-02  1.7592E-01  9.1883E-01  2.0775E-01 -1.3957E-01  7.0346E-01  1.1775E+00
 GRADIENT:   1.4292E+00 -1.3332E+00  5.9561E-01 -2.4860E-01 -1.8809E-02 -2.9048E-01 -2.0533E-01
 Elapsed estimation  time in seconds:     2.32
 Elapsed postprocess time in seconds:     0.00
 Elapsed finaloutput time in seconds:     0.00
Done with nonmem execution
Starting NMTRAN
  
 WARNINGS AND ERRORS (IF ANY) FOR PROBLEM    1
             
 (WARNING  2) NM-TRAN INFERS THAT THE DATA ARE POPULATION.
Building NONMEM Executable
Starting nonmem execution ...
License Registered to: University of Minnesota
Expiration Date:    14 APR 2022
Current Date:       30 SEP 2021
Days until program expires : 199


 First Order Conditional Estimation with Interaction
 MONITORING OF SEARCH:


0ITERATION NO.:    0    OBJECTIVE VALUE:   2297.91729271682        NO. OF FUNC. EVALS.:   9
 CUMULATIVE NO. OF FUNC. EVALS.:        9
 NPARAMETR:  1.0000E+00  1.0000E+00  1.0000E+00  1.0000E+00  1.0000E+00  1.0000E+00  1.0000E+00
 PARAMETER:  1.0000E-01  1.0000E-01  1.0000E-01  1.0000E-01  1.0000E-01  1.0000E-01  1.0000E-01
 GRADIENT:   4.1701E+02  1.1134E+02 -1.7170E+03  1.5309E+01  7.0225E+01 -1.7718E+03 -1.0770E+04

0ITERATION NO.:    5    OBJECTIVE VALUE:  -2317.31461378181        NO. OF FUNC. EVALS.:  51
 CUMULATIVE NO. OF FUNC. EVALS.:       60
 NPARAMETR:  8.7422E-01  1.0906E+00  5.9375E+00  1.0019E+00  7.3414E-01  3.9901E+00  3.9800E+00
 PARAMETER: -3.4423E-02  1.8673E-01  1.8813E+00  1.0193E-01 -2.0906E-01  1.4838E+00  1.4813E+00
 GRADIENT:  -3.0706E+02 -1.9062E+02  1.3645E+02 -5.4239E+01 -1.0487E+01  7.3937E+01  4.9865E+02

0ITERATION NO.:   10    OBJECTIVE VALUE:  -2487.23333018635        NO. OF FUNC. EVALS.:  57
 CUMULATIVE NO. OF FUNC. EVALS.:      117
 NPARAMETR:  1.0892E+00  1.2101E+00  3.0736E+00  1.0459E+00  7.8160E-01  2.3945E+00  3.2375E+00
 PARAMETER:  1.8549E-01  2.9072E-01  1.2229E+00  1.4483E-01 -1.4641E-01  9.7317E-01  1.2748E+00
 GRADIENT:   2.0454E+02  2.6228E+02  1.0778E+02 -2.7173E+00  1.8297E+00  5.3720E+01  7.3783E+01

0ITERATION NO.:   15    OBJECTIVE VALUE:  -2518.15762714423        NO. OF FUNC. EVALS.:  51
 CUMULATIVE NO. OF FUNC. EVALS.:      168
 NPARAMETR:  9.9761E-01  1.1189E+00  2.2753E+00  1.0591E+00  7.7655E-01  1.7527E+00  3.0926E+00
 PARAMETER:  9.7607E-02  2.1233E-01  9.2212E-01  1.5744E-01 -1.5290E-01  6.6118E-01  1.2290E+00
 GRADIENT:   1.7913E+01  2.3301E+01  1.2063E+01  1.3434E+01  7.8495E+00  5.0139E+00 -1.9921E+01

0ITERATION NO.:   19    OBJECTIVE VALUE:  -2519.38854420066        NO. OF FUNC. EVALS.:  86
 CUMULATIVE NO. OF FUNC. EVALS.:      254
 NPARAMETR:  1.0112E+00  1.1365E+00  2.3365E+00  1.0395E+00  7.6059E-01  1.7530E+00  3.1548E+00
 PARAMETER:  1.1110E-01  2.2794E-01  9.4864E-01  1.3871E-01 -1.7367E-01  6.6134E-01  1.2489E+00
 GRADIENT:   6.2281E-01 -1.9005E+00 -1.1115E-01 -3.2040E-02 -9.5141E-02  8.2549E-01  9.4017E-01
 Elapsed estimation  time in seconds:     1.95
 Elapsed postprocess time in seconds:     0.00
 Elapsed finaloutput time in seconds:     0.00
Done with nonmem execution
Starting NMTRAN
  
 WARNINGS AND ERRORS (IF ANY) FOR PROBLEM    1
             
 (WARNING  2) NM-TRAN INFERS THAT THE DATA ARE POPULATION.
Building NONMEM Executable
Starting nonmem execution ...
License Registered to: University of Minnesota
Expiration Date:    14 APR 2022
Current Date:       30 SEP 2021
Days until program expires : 199


 First Order Conditional Estimation with Interaction
 MONITORING OF SEARCH:


0ITERATION NO.:    0    OBJECTIVE VALUE:   1155.43801483376        NO. OF FUNC. EVALS.:   9
 CUMULATIVE NO. OF FUNC. EVALS.:        9
 NPARAMETR:  1.0000E+00  1.0000E+00  1.0000E+00  1.0000E+00  1.0000E+00  1.0000E+00  1.0000E+00
 PARAMETER:  1.0000E-01  1.0000E-01  1.0000E-01  1.0000E-01  1.0000E-01  1.0000E-01  1.0000E-01
 GRADIENT:   5.2276E+02  2.2726E+02 -1.4843E+03 -1.5621E+01  3.7116E+01 -1.4838E+03 -8.6344E+03

0ITERATION NO.:    5    OBJECTIVE VALUE:  -2354.86189838169        NO. OF FUNC. EVALS.:  51
 CUMULATIVE NO. OF FUNC. EVALS.:       60
 NPARAMETR:  8.9016E-01  9.6470E-01  8.3367E+00  1.1411E+00  8.8189E-01  5.4918E+00  2.8942E+00
 PARAMETER: -1.6358E-02  6.4065E-02  2.2207E+00  2.3200E-01 -2.5683E-02  1.8033E+00  1.1627E+00
 GRADIENT:  -9.6627E+01 -2.7506E+02  1.6882E+02  1.7058E+01 -5.5124E+01  2.5580E+02  8.2606E+01

0ITERATION NO.:   10    OBJECTIVE VALUE:  -2413.52426708669        NO. OF FUNC. EVALS.: 121
 CUMULATIVE NO. OF FUNC. EVALS.:      181
 NPARAMETR:  9.9449E-01  1.1309E+00  5.5365E+00  9.8760E-01  9.1922E-01  4.3434E+00  3.1634E+00
 PARAMETER:  9.4478E-02  2.2305E-01  1.8114E+00  8.7520E-02  1.5767E-02  1.5687E+00  1.2516E+00
 GRADIENT:   3.2005E+01  8.0544E+01  9.8920E+01 -3.9748E+01 -6.5117E+00  4.7401E+01  2.1674E+02

0ITERATION NO.:   15    OBJECTIVE VALUE:  -2546.87727140692        NO. OF FUNC. EVALS.: 116
 CUMULATIVE NO. OF FUNC. EVALS.:      297
 NPARAMETR:  9.6252E-01  1.0974E+00  2.0169E+00  1.0990E+00  9.4009E-01  1.7839E+00  2.8613E+00
 PARAMETER:  6.1802E-02  1.9296E-01  8.0158E-01  1.9440E-01  3.8225E-02  6.7880E-01  1.1513E+00
 GRADIENT:  -1.7082E+01  3.8821E+01 -2.0235E+01  3.5618E+00  3.1783E+00 -6.5489E+00 -3.5554E-01

0ITERATION NO.:   19    OBJECTIVE VALUE:  -2547.72179499725        NO. OF FUNC. EVALS.:  83
 CUMULATIVE NO. OF FUNC. EVALS.:      380
 NPARAMETR:  9.7177E-01  1.0804E+00  2.0868E+00  1.0878E+00  9.3057E-01  1.8339E+00  2.8583E+00
 PARAMETER:  7.1363E-02  1.7738E-01  8.3562E-01  1.8414E-01  2.8046E-02  7.0646E-01  1.1502E+00
 GRADIENT:  -3.8327E-02 -1.2323E-01 -3.8521E-02  1.4949E-02  1.0773E-01  3.0479E-02  1.0326E-01
 Elapsed estimation  time in seconds:     3.12
 Elapsed postprocess time in seconds:     0.00
 Elapsed finaloutput time in seconds:     0.00
Done with nonmem execution
Starting NMTRAN
  
 WARNINGS AND ERRORS (IF ANY) FOR PROBLEM    1
             
 (WARNING  2) NM-TRAN INFERS THAT THE DATA ARE POPULATION.
Building NONMEM Executable
Starting nonmem execution ...
License Registered to: University of Minnesota
Expiration Date:    14 APR 2022
Current Date:       30 SEP 2021
Days until program expires : 199


 First Order Conditional Estimation with Interaction
 MONITORING OF SEARCH:


0ITERATION NO.:    0    OBJECTIVE VALUE:   387.934279483051        NO. OF FUNC. EVALS.:   9
 CUMULATIVE NO. OF FUNC. EVALS.:        9
 NPARAMETR:  1.0000E+00  1.0000E+00  1.0000E+00  1.0000E+00  1.0000E+00  1.0000E+00  1.0000E+00
 PARAMETER:  1.0000E-01  1.0000E-01  1.0000E-01  1.0000E-01  1.0000E-01  1.0000E-01  1.0000E-01
 GRADIENT:   5.5863E+02  1.9575E+02 -1.5838E+03 -5.7471E+01 -9.2372E+00 -1.4407E+03 -6.9601E+03

0ITERATION NO.:    5    OBJECTIVE VALUE:  -2399.96933630890        NO. OF FUNC. EVALS.:  54
 CUMULATIVE NO. OF FUNC. EVALS.:       63
 NPARAMETR:  9.7004E-01  1.0157E+00  8.3713E+00  1.4014E+00  1.1491E+00  4.5115E+00  2.3562E+00
 PARAMETER:  6.9585E-02  1.1559E-01  2.2248E+00  4.3749E-01  2.3896E-01  1.6066E+00  9.5706E-01
 GRADIENT:   1.0900E+02 -4.3713E+01  2.3836E+02  8.7063E+01  3.0145E+01  2.0465E+02 -2.2290E+02

0ITERATION NO.:   10    OBJECTIVE VALUE:  -2465.06686483583        NO. OF FUNC. EVALS.: 121
 CUMULATIVE NO. OF FUNC. EVALS.:      184
 NPARAMETR:  9.0058E-01  1.1079E+00  5.7577E+00  1.1384E+00  1.0649E+00  4.2729E+00  2.6430E+00
 PARAMETER: -4.7170E-03  2.0244E-01  1.8505E+00  2.2966E-01  1.6288E-01  1.5523E+00  1.0719E+00
 GRADIENT:  -6.8392E+01  3.3767E+01  1.0423E+02 -1.6921E+01 -1.2110E+00  5.7484E+01  4.8243E+01

0ITERATION NO.:   15    OBJECTIVE VALUE:  -2611.87324300877        NO. OF FUNC. EVALS.: 117
 CUMULATIVE NO. OF FUNC. EVALS.:      301
 NPARAMETR:  9.4117E-01  1.0732E+00  2.1775E+00  1.1854E+00  1.0466E+00  1.5398E+00  2.5843E+00
 PARAMETER:  3.9374E-02  1.7062E-01  8.7820E-01  2.7007E-01  1.4557E-01  5.3168E-01  1.0494E+00
 GRADIENT:   8.5807E+00 -1.4847E+01 -2.9046E+00  2.1656E+00 -1.7976E+00  2.2049E+00 -1.6251E+01

0ITERATION NO.:   18    OBJECTIVE VALUE:  -2612.03458119393        NO. OF FUNC. EVALS.:  60
 CUMULATIVE NO. OF FUNC. EVALS.:      361
 NPARAMETR:  9.3623E-01  1.0819E+00  2.1850E+00  1.1786E+00  1.0508E+00  1.5265E+00  2.6026E+00
 PARAMETER:  3.4104E-02  1.7876E-01  8.8163E-01  2.6437E-01  1.4956E-01  5.2298E-01  1.0565E+00
 GRADIENT:  -1.2887E-01  2.6974E-01 -2.5146E-01  1.5527E-02  9.6537E-02  3.7744E-01 -3.7554E-01
 Elapsed estimation  time in seconds:     3.01
 Elapsed postprocess time in seconds:     0.00
 Elapsed finaloutput time in seconds:     0.00
Done with nonmem execution
Starting NMTRAN
  
 WARNINGS AND ERRORS (IF ANY) FOR PROBLEM    1
             
 (WARNING  2) NM-TRAN INFERS THAT THE DATA ARE POPULATION.
Building NONMEM Executable
Starting nonmem execution ...
License Registered to: University of Minnesota
Expiration Date:    14 APR 2022
Current Date:       30 SEP 2021
Days until program expires : 199


 First Order Conditional Estimation with Interaction
 MONITORING OF SEARCH:


0ITERATION NO.:    0    OBJECTIVE VALUE:   1285.83827658085        NO. OF FUNC. EVALS.:   9
 CUMULATIVE NO. OF FUNC. EVALS.:        9
 NPARAMETR:  1.0000E+00  1.0000E+00  1.0000E+00  1.0000E+00  1.0000E+00  1.0000E+00  1.0000E+00
 PARAMETER:  1.0000E-01  1.0000E-01  1.0000E-01  1.0000E-01  1.0000E-01  1.0000E-01  1.0000E-01
 GRADIENT:   4.5334E+02  1.6503E+02 -1.4451E+03 -7.2395E+01 -8.1457E+01 -1.3421E+03 -8.9198E+03

0ITERATION NO.:    5    OBJECTIVE VALUE:  -2209.72459655414        NO. OF FUNC. EVALS.:  67
 CUMULATIVE NO. OF FUNC. EVALS.:       76
 NPARAMETR:  6.8958E-01  8.6523E-01  8.3098E+00  1.4278E+00  1.3095E+00  5.3422E+00  2.8288E+00
 PARAMETER: -2.7167E-01 -4.4760E-02  2.2174E+00  4.5613E-01  3.6961E-01  1.7756E+00  1.1398E+00
 GRADIENT:  -3.9551E+02 -3.1685E+02  9.9261E+01 -1.0652E+02 -5.9403E+01  3.4941E+01 -2.6941E+01

0ITERATION NO.:   10    OBJECTIVE VALUE:  -2359.99341128613        NO. OF FUNC. EVALS.: 119
 CUMULATIVE NO. OF FUNC. EVALS.:      195
 NPARAMETR:  9.8790E-01  1.0553E+00  4.9178E+00  1.1834E+00  1.1473E+00  4.8349E+00  3.2488E+00
 PARAMETER:  8.7824E-02  1.5381E-01  1.6929E+00  2.6838E-01  2.3742E-01  1.6759E+00  1.2783E+00
 GRADIENT:  -3.1970E+01 -1.0276E+02  7.3277E+01 -3.0056E+01 -3.1210E+01  9.7218E+01  2.4870E+02

0ITERATION NO.:   15    OBJECTIVE VALUE:  -2509.52993686499        NO. OF FUNC. EVALS.: 115
 CUMULATIVE NO. OF FUNC. EVALS.:      310
 NPARAMETR:  9.8912E-01  1.1435E+00  1.8802E+00  1.3089E+00  1.2373E+00  1.6009E+00  2.9026E+00
 PARAMETER:  8.9063E-02  2.3405E-01  7.3138E-01  3.6921E-01  3.1292E-01  5.7054E-01  1.1656E+00
 GRADIENT:  -1.6935E+01  4.2438E+01 -6.0006E+01  7.8325E+00  3.1128E+00 -1.3253E+01 -4.4205E+00

0ITERATION NO.:   20    OBJECTIVE VALUE:  -2513.05707762731        NO. OF FUNC. EVALS.: 107
 CUMULATIVE NO. OF FUNC. EVALS.:      417
 NPARAMETR:  1.0020E+00  1.1128E+00  2.0466E+00  1.2800E+00  1.2247E+00  1.6779E+00  2.9021E+00
 PARAMETER:  1.0205E-01  2.0691E-01  8.1618E-01  3.4684E-01  3.0268E-01  6.1756E-01  1.1654E+00
 GRADIENT:  -1.0179E+00  4.4323E-01  2.5148E-01 -3.3915E-01  4.4823E-01  6.6939E-02  2.1930E-01
 Elapsed estimation  time in seconds:     3.48
 Elapsed postprocess time in seconds:     0.00
 Elapsed finaloutput time in seconds:     0.01
Done with nonmem execution
Starting NMTRAN
  
 WARNINGS AND ERRORS (IF ANY) FOR PROBLEM    1
             
 (WARNING  2) NM-TRAN INFERS THAT THE DATA ARE POPULATION.
Building NONMEM Executable
Starting nonmem execution ...
License Registered to: University of Minnesota
Expiration Date:    14 APR 2022
Current Date:       30 SEP 2021
Days until program expires : 199


 First Order Conditional Estimation with Interaction
 MONITORING OF SEARCH:


0ITERATION NO.:    0    OBJECTIVE VALUE:   1559.20322053526        NO. OF FUNC. EVALS.:   9
 CUMULATIVE NO. OF FUNC. EVALS.:        9
 NPARAMETR:  1.0000E+00  1.0000E+00  1.0000E+00  1.0000E+00  1.0000E+00  1.0000E+00  1.0000E+00
 PARAMETER:  1.0000E-01  1.0000E-01  1.0000E-01  1.0000E-01  1.0000E-01  1.0000E-01  1.0000E-01
 GRADIENT:   5.1814E+02  2.6692E+02 -1.4607E+03 -7.7586E+01 -1.0157E+01 -1.4357E+03 -9.3765E+03

0ITERATION NO.:    5    OBJECTIVE VALUE:  -2231.86678184502        NO. OF FUNC. EVALS.:  51
 CUMULATIVE NO. OF FUNC. EVALS.:       60
 NPARAMETR:  7.8750E-01  9.2725E-01  9.0394E+00  1.4459E+00  1.0643E+00  5.6907E+00  2.9841E+00
 PARAMETER: -1.3889E-01  2.4471E-02  2.3016E+00  4.6876E-01  1.6231E-01  1.8388E+00  1.1933E+00
 GRADIENT:  -1.6607E+02 -2.3615E+02  1.6727E+02  4.8160E+01 -3.9670E+01  2.5792E+02  7.2228E+01

0ITERATION NO.:   10    OBJECTIVE VALUE:  -2305.23089437876        NO. OF FUNC. EVALS.: 122
 CUMULATIVE NO. OF FUNC. EVALS.:      182
 NPARAMETR:  9.7716E-01  1.0364E+00  6.1204E+00  1.1878E+00  1.0446E+00  5.3362E+00  3.2398E+00
 PARAMETER:  7.6891E-02  1.3571E-01  1.9116E+00  2.7209E-01  1.4363E-01  1.7745E+00  1.2755E+00
 GRADIENT:  -2.3637E+01 -8.0559E+01  7.3636E+01 -2.4442E+01 -1.4298E+01  7.9213E+01  2.0684E+02

0ITERATION NO.:   15    OBJECTIVE VALUE:  -2457.73889742391        NO. OF FUNC. EVALS.: 118
 CUMULATIVE NO. OF FUNC. EVALS.:      300
 NPARAMETR:  9.7006E-01  1.0622E+00  2.1499E+00  1.2844E+00  1.1654E+00  1.9407E+00  2.9125E+00
 PARAMETER:  6.9601E-02  1.6035E-01  8.6540E-01  3.5032E-01  2.5304E-01  7.6307E-01  1.1690E+00
 GRADIENT:  -2.1129E+01 -1.1521E+01  2.0026E+01  4.6847E+00  2.7099E+01  1.5787E+01 -3.5550E+01

0ITERATION NO.:   19    OBJECTIVE VALUE:  -2460.56975035557        NO. OF FUNC. EVALS.:  83
 CUMULATIVE NO. OF FUNC. EVALS.:      383
 NPARAMETR:  9.8667E-01  1.0697E+00  2.0581E+00  1.2633E+00  1.0706E+00  1.7982E+00  2.9685E+00
 PARAMETER:  8.6582E-02  1.6738E-01  8.2180E-01  3.3369E-01  1.6820E-01  6.8677E-01  1.1881E+00
 GRADIENT:   1.5377E-01 -4.7062E-01  3.3249E-01 -2.1829E-01 -2.7044E-01  3.5620E-01  1.6523E+00
 Elapsed estimation  time in seconds:     5.39
 Elapsed postprocess time in seconds:     0.00
 Elapsed finaloutput time in seconds:     0.00
Done with nonmem execution
Starting NMTRAN
  
 WARNINGS AND ERRORS (IF ANY) FOR PROBLEM    1
             
 (WARNING  2) NM-TRAN INFERS THAT THE DATA ARE POPULATION.
Building NONMEM Executable
Starting nonmem execution ...
License Registered to: University of Minnesota
Expiration Date:    14 APR 2022
Current Date:       30 SEP 2021
Days until program expires : 199


 First Order Conditional Estimation with Interaction
 MONITORING OF SEARCH:


0ITERATION NO.:    0    OBJECTIVE VALUE:   1724.13253848322        NO. OF FUNC. EVALS.:   9
 CUMULATIVE NO. OF FUNC. EVALS.:        9
 NPARAMETR:  1.0000E+00  1.0000E+00  1.0000E+00  1.0000E+00  1.0000E+00  1.0000E+00  1.0000E+00
 PARAMETER:  1.0000E-01  1.0000E-01  1.0000E-01  1.0000E-01  1.0000E-01  1.0000E-01  1.0000E-01
 GRADIENT:   4.9044E+02  1.7536E+02 -1.5013E+03 -2.0239E+02 -1.3341E+02 -1.2848E+03 -9.5985E+03

0ITERATION NO.:    5    OBJECTIVE VALUE:  -2129.84649753298        NO. OF FUNC. EVALS.:  52
 CUMULATIVE NO. OF FUNC. EVALS.:       61
 NPARAMETR:  6.5593E-01  8.3167E-01  7.1193E+00  1.8566E+00  1.6394E+00  4.2775E+00  3.1167E+00
 PARAMETER: -3.2170E-01 -8.4321E-02  2.0628E+00  7.1873E-01  5.9434E-01  1.5534E+00  1.2368E+00
 GRADIENT:  -1.2574E+02 -2.0516E+02  1.9180E+02  9.7036E+01  3.4556E+01  1.1100E+02  1.3186E+02

0ITERATION NO.:   10    OBJECTIVE VALUE:  -2254.70714436666        NO. OF FUNC. EVALS.: 124
 CUMULATIVE NO. OF FUNC. EVALS.:      185
 NPARAMETR:  8.4902E-01  1.0380E+00  4.6960E+00  1.6469E+00  1.2985E+00  4.1747E+00  3.3091E+00
 PARAMETER: -6.3670E-02  1.3731E-01  1.6467E+00  5.9892E-01  3.6124E-01  1.5291E+00  1.2967E+00
 GRADIENT:  -1.1951E+02 -9.5269E+01  9.0565E+01  1.1005E+01 -2.0797E+01  9.0940E+01  2.2326E+02

0ITERATION NO.:   15    OBJECTIVE VALUE:  -2413.17094677579        NO. OF FUNC. EVALS.: 115
 CUMULATIVE NO. OF FUNC. EVALS.:      300
 NPARAMETR:  1.0102E+00  1.1755E+00  2.0575E+00  1.5755E+00  1.5316E+00  1.4115E+00  2.9715E+00
 PARAMETER:  1.1016E-01  2.6173E-01  8.2150E-01  5.5454E-01  5.2630E-01  4.4467E-01  1.1891E+00
 GRADIENT:   2.7383E+01  5.7294E+01 -1.8421E+01  1.2496E+01  4.1375E+01  8.9337E-01 -2.6715E+01

0ITERATION NO.:   20    OBJECTIVE VALUE:  -2419.02284170569        NO. OF FUNC. EVALS.: 106
 CUMULATIVE NO. OF FUNC. EVALS.:      406
 NPARAMETR:  9.7964E-01  1.1057E+00  2.0932E+00  1.5174E+00  1.3367E+00  1.3991E+00  3.0036E+00
 PARAMETER:  7.9426E-02  2.0048E-01  8.3869E-01  5.1702E-01  3.9018E-01  4.3583E-01  1.1998E+00
 GRADIENT:  -1.8848E-01  2.3140E-02  8.4525E-02 -8.1889E-02  1.2401E-02  8.7565E-02 -2.7063E-01
 Elapsed estimation  time in seconds:     3.84
 Elapsed postprocess time in seconds:     0.00
 Elapsed finaloutput time in seconds:     0.00
Done with nonmem execution
Starting NMTRAN
  
 WARNINGS AND ERRORS (IF ANY) FOR PROBLEM    1
             
 (WARNING  2) NM-TRAN INFERS THAT THE DATA ARE POPULATION.
Building NONMEM Executable
Starting nonmem execution ...
License Registered to: University of Minnesota
Expiration Date:    14 APR 2022
Current Date:       30 SEP 2021
Days until program expires : 199


 First Order Conditional Estimation with Interaction
 MONITORING OF SEARCH:


0ITERATION NO.:    0    OBJECTIVE VALUE:   74.3860027860573        NO. OF FUNC. EVALS.:   9
 CUMULATIVE NO. OF FUNC. EVALS.:        9
 NPARAMETR:  1.0000E+00  1.0000E+00  1.0000E+00  1.0000E+00  1.0000E+00  1.0000E+00  1.0000E+00
 PARAMETER:  1.0000E-01  1.0000E-01  1.0000E-01  1.0000E-01  1.0000E-01  1.0000E-01  1.0000E-01
 GRADIENT:   5.0581E+02  8.6231E+01 -1.5644E+03 -2.3395E+02 -1.8098E+02 -1.4886E+03 -5.9974E+03

0ITERATION NO.:    5    OBJECTIVE VALUE:  -2468.14529584683        NO. OF FUNC. EVALS.:  55
 CUMULATIVE NO. OF FUNC. EVALS.:       64
 NPARAMETR:  9.8969E-01  1.2122E+00  6.2303E+00  1.9764E+00  1.6642E+00  3.9997E+00  2.4458E+00
 PARAMETER:  8.9641E-02  2.9248E-01  1.9294E+00  7.8126E-01  6.0937E-01  1.4862E+00  9.9437E-01
 GRADIENT:   8.1886E+01  1.9627E+02  2.1657E+02  1.7693E+02  1.0472E+02  1.5660E+02  3.4563E+01

0ITERATION NO.:   10    OBJECTIVE VALUE:  -2521.14786758444        NO. OF FUNC. EVALS.: 122
 CUMULATIVE NO. OF FUNC. EVALS.:      186
 NPARAMETR:  8.5638E-01  1.0821E+00  4.2398E+00  1.3805E+00  1.4246E+00  3.4391E+00  2.5070E+00
 PARAMETER: -5.5045E-02  1.7887E-01  1.5445E+00  4.2242E-01  4.5388E-01  1.3352E+00  1.0191E+00
 GRADIENT:  -1.2111E+02 -5.5465E+01  1.1065E+02 -7.2879E+01 -3.9291E+00  5.6431E+01  8.2581E+01

0ITERATION NO.:   15    OBJECTIVE VALUE:  -2619.74467676055        NO. OF FUNC. EVALS.: 116
 CUMULATIVE NO. OF FUNC. EVALS.:      302
 NPARAMETR:  9.5032E-01  1.1322E+00  2.1818E+00  1.5805E+00  1.4249E+00  1.7522E+00  2.4270E+00
 PARAMETER:  4.9040E-02  2.2416E-01  8.8016E-01  5.5775E-01  4.5407E-01  6.6087E-01  9.8664E-01
 GRADIENT:   3.6298E-01 -1.2115E+00  1.1010E-01  1.8616E-02 -1.2576E+00  8.1468E-01 -1.6080E-01

0ITERATION NO.:   16    OBJECTIVE VALUE:  -2619.74467676055        NO. OF FUNC. EVALS.:  14
 CUMULATIVE NO. OF FUNC. EVALS.:      316
 NPARAMETR:  9.5032E-01  1.1322E+00  2.1818E+00  1.5805E+00  1.4249E+00  1.7522E+00  2.4270E+00
 PARAMETER:  4.9040E-02  2.2416E-01  8.8016E-01  5.5775E-01  4.5407E-01  6.6087E-01  9.8664E-01
 GRADIENT:   3.6298E-01 -1.2115E+00  1.1010E-01  1.8616E-02 -1.2576E+00  8.1468E-01 -1.6080E-01
 Elapsed estimation  time in seconds:     2.46
 Elapsed postprocess time in seconds:     0.00
 Elapsed finaloutput time in seconds:     0.00
Done with nonmem execution
Starting NMTRAN
  
 WARNINGS AND ERRORS (IF ANY) FOR PROBLEM    1
             
 (WARNING  2) NM-TRAN INFERS THAT THE DATA ARE POPULATION.
Building NONMEM Executable
Starting nonmem execution ...
License Registered to: University of Minnesota
Expiration Date:    14 APR 2022
Current Date:       30 SEP 2021
Days until program expires : 199


 First Order Conditional Estimation with Interaction
 MONITORING OF SEARCH:


0ITERATION NO.:    0    OBJECTIVE VALUE:   919.971281887407        NO. OF FUNC. EVALS.:   9
 CUMULATIVE NO. OF FUNC. EVALS.:        9
 NPARAMETR:  1.0000E+00  1.0000E+00  1.0000E+00  1.0000E+00  1.0000E+00  1.0000E+00  1.0000E+00
 PARAMETER:  1.0000E-01  1.0000E-01  1.0000E-01  1.0000E-01  1.0000E-01  1.0000E-01  1.0000E-01
 GRADIENT:   3.7593E+02  1.0260E+02 -1.6625E+03 -1.9601E+02 -2.3064E+02 -1.6796E+03 -7.6079E+03

0ITERATION NO.:    5    OBJECTIVE VALUE:  -2392.11026319391        NO. OF FUNC. EVALS.:  69
 CUMULATIVE NO. OF FUNC. EVALS.:       78
 NPARAMETR:  1.0614E+00  1.2204E+00  7.1815E+00  1.9740E+00  1.9128E+00  4.4663E+00  2.6294E+00
 PARAMETER:  1.5957E-01  2.9919E-01  2.0715E+00  7.8005E-01  7.4854E-01  1.5966E+00  1.0668E+00
 GRADIENT:   1.5645E+01  3.7648E+01  1.1054E+02  8.0032E+01  6.5383E+01  1.6746E+01 -4.7773E+01

0ITERATION NO.:   10    OBJECTIVE VALUE:  -2442.62820232440        NO. OF FUNC. EVALS.: 123
 CUMULATIVE NO. OF FUNC. EVALS.:      201
 NPARAMETR:  9.5715E-01  1.1479E+00  4.9439E+00  1.4739E+00  1.7764E+00  4.2002E+00  2.8143E+00
 PARAMETER:  5.6201E-02  2.3789E-01  1.6982E+00  4.8789E-01  6.7461E-01  1.5351E+00  1.1347E+00
 GRADIENT:  -7.9485E+01  2.0021E-01  8.2100E+01 -1.7802E+01  4.8056E+01  7.5636E+01  1.1692E+02

0ITERATION NO.:   15    OBJECTIVE VALUE:  -2549.81586536864        NO. OF FUNC. EVALS.: 117
 CUMULATIVE NO. OF FUNC. EVALS.:      318
 NPARAMETR:  1.0360E+00  1.1559E+00  2.3206E+00  1.5271E+00  1.4621E+00  1.6673E+00  2.7376E+00
 PARAMETER:  1.3533E-01  2.4485E-01  9.4182E-01  5.2338E-01  4.7985E-01  6.1122E-01  1.1071E+00
 GRADIENT:   1.1044E+00  6.1203E+00  3.1930E+00  3.4826E+00 -3.2102E+00 -1.1838E+00  6.3237E+00

0ITERATION NO.:   17    OBJECTIVE VALUE:  -2549.88391190699        NO. OF FUNC. EVALS.:  37
 CUMULATIVE NO. OF FUNC. EVALS.:      355
 NPARAMETR:  1.0349E+00  1.1486E+00  2.3102E+00  1.5130E+00  1.4743E+00  1.6707E+00  2.7310E+00
 PARAMETER:  1.3429E-01  2.3854E-01  9.3731E-01  5.1408E-01  4.8821E-01  6.1326E-01  1.1047E+00
 GRADIENT:   2.5758E-01  9.5483E-03  3.1199E-01 -1.2216E-01  1.3053E-02 -6.9231E-01  1.1426E+00
 Elapsed estimation  time in seconds:     3.00
 Elapsed postprocess time in seconds:     0.00
 Elapsed finaloutput time in seconds:     0.00
Done with nonmem execution
